<testsuites id="" name="" tests="325" failures="315" skipped="0" errors="0" time="1516.6617099999999">
<testsuite name="accessibility.spec.ts" timestamp="2025-09-28T10:07:22.421Z" hostname="chromium" tests="10" failures="9" skipped="0" time="150.09" errors="0">
<testcase name="Accessibility › should have proper heading hierarchy" classname="accessibility.spec.ts" time="30.71">
<failure message="accessibility.spec.ts:9:3 should have proper heading hierarchy" type="FAILURE">
<![CDATA[  [chromium] › accessibility.spec.ts:9:3 › Accessibility › should have proper heading hierarchy ────

    Test timeout of 30000ms exceeded.

    Error: page.click: Test timeout of 30000ms exceeded.
    Call log:
      - waiting for locator('button:has-text("Components")')


      14 |     
      15 |     // Navigate to components page and check h2
    > 16 |     await page.click('button:has-text("Components")');
         |                ^
      17 |     const h2s = page.locator('h2');
      18 |     await expect(h2s).toHaveCount(2); // Button Components, Card Components
      19 |     
        at /Users/peterhanssens/consulting/Leptos/tailwind-rs/demos/leptos-demo/tests/accessibility.spec.ts:16:16

    attachment #1: screenshot (image/png) ──────────────────────────────────────────────────────────
    ../test-results/accessibility-Accessibilit-2480b-ve-proper-heading-hierarchy-chromium/test-failed-1.png
    ────────────────────────────────────────────────────────────────────────────────────────────────

    attachment #2: video (video/webm) ──────────────────────────────────────────────────────────────
    ../test-results/accessibility-Accessibilit-2480b-ve-proper-heading-hierarchy-chromium/video.webm
    ────────────────────────────────────────────────────────────────────────────────────────────────

    Error Context: ../test-results/accessibility-Accessibilit-2480b-ve-proper-heading-hierarchy-chromium/error-context.md
]]>
</failure>
<system-out>
<![CDATA[
[[ATTACHMENT|test-results/accessibility-Accessibilit-2480b-ve-proper-heading-hierarchy-chromium/test-failed-1.png]]

[[ATTACHMENT|test-results/accessibility-Accessibilit-2480b-ve-proper-heading-hierarchy-chromium/video.webm]]

[[ATTACHMENT|test-results/accessibility-Accessibilit-2480b-ve-proper-heading-hierarchy-chromium/error-context.md]]
]]>
</system-out>
</testcase>
<testcase name="Accessibility › should have proper button labels" classname="accessibility.spec.ts" time="6.773">
<failure message="accessibility.spec.ts:26:3 should have proper button labels" type="FAILURE">
<![CDATA[  [chromium] › accessibility.spec.ts:26:3 › Accessibility › should have proper button labels ───────

    Error: expect(locator).toBeVisible() failed

    Locator:  locator('button:has-text("Home")')
    Expected: visible
    Received: <element(s) not found>
    Timeout:  5000ms

    Call log:
      - Expect "toBeVisible" with timeout 5000ms
      - waiting for locator('button:has-text("Home")')


      27 |     // Check navigation buttons have accessible text
      28 |     const homeButton = page.locator('button:has-text("Home")');
    > 29 |     await expect(homeButton).toBeVisible();
         |                              ^
      30 |     
      31 |     const componentsButton = page.locator('button:has-text("Components")');
      32 |     await expect(componentsButton).toBeVisible();
        at /Users/peterhanssens/consulting/Leptos/tailwind-rs/demos/leptos-demo/tests/accessibility.spec.ts:29:30

    attachment #1: screenshot (image/png) ──────────────────────────────────────────────────────────
    ../test-results/accessibility-Accessibility-should-have-proper-button-labels-chromium/test-failed-1.png
    ────────────────────────────────────────────────────────────────────────────────────────────────

    attachment #2: video (video/webm) ──────────────────────────────────────────────────────────────
    ../test-results/accessibility-Accessibility-should-have-proper-button-labels-chromium/video.webm
    ────────────────────────────────────────────────────────────────────────────────────────────────

    Error Context: ../test-results/accessibility-Accessibility-should-have-proper-button-labels-chromium/error-context.md
]]>
</failure>
<system-out>
<![CDATA[
[[ATTACHMENT|test-results/accessibility-Accessibility-should-have-proper-button-labels-chromium/test-failed-1.png]]

[[ATTACHMENT|test-results/accessibility-Accessibility-should-have-proper-button-labels-chromium/video.webm]]

[[ATTACHMENT|test-results/accessibility-Accessibility-should-have-proper-button-labels-chromium/error-context.md]]
]]>
</system-out>
</testcase>
<testcase name="Accessibility › should have proper form labels" classname="accessibility.spec.ts" time="30.517">
<failure message="accessibility.spec.ts:42:3 should have proper form labels" type="FAILURE">
<![CDATA[  [chromium] › accessibility.spec.ts:42:3 › Accessibility › should have proper form labels ─────────

    Test timeout of 30000ms exceeded.

    Error: page.click: Test timeout of 30000ms exceeded.
    Call log:
      - waiting for locator('button:has-text("Dynamic")')


      41 |
      42 |   test('should have proper form labels', async ({ page }) => {
    > 43 |     await page.click('button:has-text("Dynamic")');
         |                ^
      44 |     
      45 |     // Check input has proper label
      46 |     const label = page.locator('label:has-text("CSS Classes")');
        at /Users/peterhanssens/consulting/Leptos/tailwind-rs/demos/leptos-demo/tests/accessibility.spec.ts:43:16

    attachment #1: screenshot (image/png) ──────────────────────────────────────────────────────────
    ../test-results/accessibility-Accessibility-should-have-proper-form-labels-chromium/test-failed-1.png
    ────────────────────────────────────────────────────────────────────────────────────────────────

    attachment #2: video (video/webm) ──────────────────────────────────────────────────────────────
    ../test-results/accessibility-Accessibility-should-have-proper-form-labels-chromium/video.webm
    ────────────────────────────────────────────────────────────────────────────────────────────────

    Error Context: ../test-results/accessibility-Accessibility-should-have-proper-form-labels-chromium/error-context.md
]]>
</failure>
<system-out>
<![CDATA[
[[ATTACHMENT|test-results/accessibility-Accessibility-should-have-proper-form-labels-chromium/test-failed-1.png]]

[[ATTACHMENT|test-results/accessibility-Accessibility-should-have-proper-form-labels-chromium/video.webm]]

[[ATTACHMENT|test-results/accessibility-Accessibility-should-have-proper-form-labels-chromium/error-context.md]]
]]>
</system-out>
</testcase>
<testcase name="Accessibility › should support keyboard navigation" classname="accessibility.spec.ts" time="6.821">
<failure message="accessibility.spec.ts:53:3 should support keyboard navigation" type="FAILURE">
<![CDATA[  [chromium] › accessibility.spec.ts:53:3 › Accessibility › should support keyboard navigation ─────

    Error: expect(locator).toBeVisible() failed

    Locator:  locator(':focus')
    Expected: visible
    Received: <element(s) not found>
    Timeout:  5000ms

    Call log:
      - Expect "toBeVisible" with timeout 5000ms
      - waiting for locator(':focus')


      59 |     // Check that focus is visible
      60 |     const focusedElement = page.locator(':focus');
    > 61 |     await expect(focusedElement).toBeVisible();
         |                                  ^
      62 |   });
      63 |
      64 |   test('should have proper color contrast', async ({ page }) => {
        at /Users/peterhanssens/consulting/Leptos/tailwind-rs/demos/leptos-demo/tests/accessibility.spec.ts:61:34

    attachment #1: screenshot (image/png) ──────────────────────────────────────────────────────────
    ../test-results/accessibility-Accessibilit-575e3-support-keyboard-navigation-chromium/test-failed-1.png
    ────────────────────────────────────────────────────────────────────────────────────────────────

    attachment #2: video (video/webm) ──────────────────────────────────────────────────────────────
    ../test-results/accessibility-Accessibilit-575e3-support-keyboard-navigation-chromium/video.webm
    ────────────────────────────────────────────────────────────────────────────────────────────────

    Error Context: ../test-results/accessibility-Accessibilit-575e3-support-keyboard-navigation-chromium/error-context.md
]]>
</failure>
<system-out>
<![CDATA[
[[ATTACHMENT|test-results/accessibility-Accessibilit-575e3-support-keyboard-navigation-chromium/test-failed-1.png]]

[[ATTACHMENT|test-results/accessibility-Accessibilit-575e3-support-keyboard-navigation-chromium/video.webm]]

[[ATTACHMENT|test-results/accessibility-Accessibilit-575e3-support-keyboard-navigation-chromium/error-context.md]]
]]>
</system-out>
</testcase>
<testcase name="Accessibility › should have proper color contrast" classname="accessibility.spec.ts" time="6.81">
<failure message="accessibility.spec.ts:64:3 should have proper color contrast" type="FAILURE">
<![CDATA[  [chromium] › accessibility.spec.ts:64:3 › Accessibility › should have proper color contrast ──────

    Error: expect(locator).toBeVisible() failed

    Locator:  locator('button:has-text("Get Started")')
    Expected: visible
    Received: <element(s) not found>
    Timeout:  5000ms

    Call log:
      - Expect "toBeVisible" with timeout 5000ms
      - waiting for locator('button:has-text("Get Started")')


      69 |     // Check button contrast
      70 |     const primaryButton = page.locator('button:has-text("Get Started")');
    > 71 |     await expect(primaryButton).toBeVisible();
         |                                 ^
      72 |     await expect(primaryButton).toHaveClass(/bg-blue-500.*text-white/);
      73 |   });
      74 |
        at /Users/peterhanssens/consulting/Leptos/tailwind-rs/demos/leptos-demo/tests/accessibility.spec.ts:71:33

    attachment #1: screenshot (image/png) ──────────────────────────────────────────────────────────
    ../test-results/accessibility-Accessibilit-b49e1--have-proper-color-contrast-chromium/test-failed-1.png
    ────────────────────────────────────────────────────────────────────────────────────────────────

    attachment #2: video (video/webm) ──────────────────────────────────────────────────────────────
    ../test-results/accessibility-Accessibilit-b49e1--have-proper-color-contrast-chromium/video.webm
    ────────────────────────────────────────────────────────────────────────────────────────────────

    Error Context: ../test-results/accessibility-Accessibilit-b49e1--have-proper-color-contrast-chromium/error-context.md
]]>
</failure>
<system-out>
<![CDATA[
[[ATTACHMENT|test-results/accessibility-Accessibilit-b49e1--have-proper-color-contrast-chromium/test-failed-1.png]]

[[ATTACHMENT|test-results/accessibility-Accessibilit-b49e1--have-proper-color-contrast-chromium/video.webm]]

[[ATTACHMENT|test-results/accessibility-Accessibilit-b49e1--have-proper-color-contrast-chromium/error-context.md]]
]]>
</system-out>
</testcase>
<testcase name="Accessibility › should support dark mode accessibility" classname="accessibility.spec.ts" time="31.058">
<failure message="accessibility.spec.ts:75:3 should support dark mode accessibility" type="FAILURE">
<![CDATA[  [chromium] › accessibility.spec.ts:75:3 › Accessibility › should support dark mode accessibility ─

    Test timeout of 30000ms exceeded.

    Error: page.click: Test timeout of 30000ms exceeded.
    Call log:
      - waiting for locator('button:has-text("☀️")')


      75 |   test('should support dark mode accessibility', async ({ page }) => {
      76 |     // Toggle to dark mode
    > 77 |     await page.click('button:has-text("☀️")');
         |                ^
      78 |     
      79 |     // Check that text remains readable
      80 |     const title = page.locator('h1:has-text("Tailwind-RS Demo")');
        at /Users/peterhanssens/consulting/Leptos/tailwind-rs/demos/leptos-demo/tests/accessibility.spec.ts:77:16

    attachment #1: screenshot (image/png) ──────────────────────────────────────────────────────────
    ../test-results/accessibility-Accessibilit-563a8-ort-dark-mode-accessibility-chromium/test-failed-1.png
    ────────────────────────────────────────────────────────────────────────────────────────────────

    attachment #2: video (video/webm) ──────────────────────────────────────────────────────────────
    ../test-results/accessibility-Accessibilit-563a8-ort-dark-mode-accessibility-chromium/video.webm
    ────────────────────────────────────────────────────────────────────────────────────────────────

    Error Context: ../test-results/accessibility-Accessibilit-563a8-ort-dark-mode-accessibility-chromium/error-context.md
]]>
</failure>
<system-out>
<![CDATA[
[[ATTACHMENT|test-results/accessibility-Accessibilit-563a8-ort-dark-mode-accessibility-chromium/test-failed-1.png]]

[[ATTACHMENT|test-results/accessibility-Accessibilit-563a8-ort-dark-mode-accessibility-chromium/video.webm]]

[[ATTACHMENT|test-results/accessibility-Accessibilit-563a8-ort-dark-mode-accessibility-chromium/error-context.md]]
]]>
</system-out>
</testcase>
<testcase name="Accessibility › should have proper focus indicators" classname="accessibility.spec.ts" time="30.668">
<failure message="accessibility.spec.ts:88:3 should have proper focus indicators" type="FAILURE">
<![CDATA[  [chromium] › accessibility.spec.ts:88:3 › Accessibility › should have proper focus indicators ────

    Test timeout of 30000ms exceeded.

    Error: locator.focus: Test timeout of 30000ms exceeded.
    Call log:
      - waiting for locator('button:has-text("Home")')


      89 |     // Focus on a button
      90 |     const homeButton = page.locator('button:has-text("Home")');
    > 91 |     await homeButton.focus();
         |                      ^
      92 |     
      93 |     // Check that focus is visible
      94 |     await expect(homeButton).toBeFocused();
        at /Users/peterhanssens/consulting/Leptos/tailwind-rs/demos/leptos-demo/tests/accessibility.spec.ts:91:22

    attachment #1: screenshot (image/png) ──────────────────────────────────────────────────────────
    ../test-results/accessibility-Accessibilit-0b746-ave-proper-focus-indicators-chromium/test-failed-1.png
    ────────────────────────────────────────────────────────────────────────────────────────────────

    attachment #2: video (video/webm) ──────────────────────────────────────────────────────────────
    ../test-results/accessibility-Accessibilit-0b746-ave-proper-focus-indicators-chromium/video.webm
    ────────────────────────────────────────────────────────────────────────────────────────────────

    Error Context: ../test-results/accessibility-Accessibilit-0b746-ave-proper-focus-indicators-chromium/error-context.md
]]>
</failure>
<system-out>
<![CDATA[
[[ATTACHMENT|test-results/accessibility-Accessibilit-0b746-ave-proper-focus-indicators-chromium/test-failed-1.png]]

[[ATTACHMENT|test-results/accessibility-Accessibilit-0b746-ave-proper-focus-indicators-chromium/video.webm]]

[[ATTACHMENT|test-results/accessibility-Accessibilit-0b746-ave-proper-focus-indicators-chromium/error-context.md]]
]]>
</system-out>
</testcase>
<testcase name="Accessibility › should have proper ARIA attributes" classname="accessibility.spec.ts" time="0.674">
</testcase>
<testcase name="Accessibility › should handle screen reader navigation" classname="accessibility.spec.ts" time="5.608">
<failure message="accessibility.spec.ts:110:3 should handle screen reader navigation" type="FAILURE">
<![CDATA[  [chromium] › accessibility.spec.ts:110:3 › Accessibility › should handle screen reader navigation 

    Error: expect(locator).toBeVisible() failed

    Locator:  locator('main')
    Expected: visible
    Received: <element(s) not found>
    Timeout:  5000ms

    Call log:
      - Expect "toBeVisible" with timeout 5000ms
      - waiting for locator('main')


      116 |     // Check that main content is properly marked
      117 |     const main = page.locator('main');
    > 118 |     await expect(main).toBeVisible();
          |                        ^
      119 |   });
      120 |
      121 |   test('should support reduced motion preferences', async ({ page }) => {
        at /Users/peterhanssens/consulting/Leptos/tailwind-rs/demos/leptos-demo/tests/accessibility.spec.ts:118:24

    attachment #1: screenshot (image/png) ──────────────────────────────────────────────────────────
    ../test-results/accessibility-Accessibilit-bbee1-le-screen-reader-navigation-chromium/test-failed-1.png
    ────────────────────────────────────────────────────────────────────────────────────────────────

    attachment #2: video (video/webm) ──────────────────────────────────────────────────────────────
    ../test-results/accessibility-Accessibilit-bbee1-le-screen-reader-navigation-chromium/video.webm
    ────────────────────────────────────────────────────────────────────────────────────────────────

    Error Context: ../test-results/accessibility-Accessibilit-bbee1-le-screen-reader-navigation-chromium/error-context.md
]]>
</failure>
<system-out>
<![CDATA[
[[ATTACHMENT|test-results/accessibility-Accessibilit-bbee1-le-screen-reader-navigation-chromium/test-failed-1.png]]

[[ATTACHMENT|test-results/accessibility-Accessibilit-bbee1-le-screen-reader-navigation-chromium/video.webm]]

[[ATTACHMENT|test-results/accessibility-Accessibilit-bbee1-le-screen-reader-navigation-chromium/error-context.md]]
]]>
</system-out>
</testcase>
<testcase name="Accessibility › should support reduced motion preferences" classname="accessibility.spec.ts" time="0.451">
<failure message="accessibility.spec.ts:121:3 should support reduced motion preferences" type="FAILURE">
<![CDATA[  [chromium] › accessibility.spec.ts:121:3 › Accessibility › should support reduced motion preferences 

    Error: expect(received).toBeGreaterThan(expected)

    Expected: > 0
    Received:   0

      125 |     
      126 |     // Elements should still be functional even with reduced motion
    > 127 |     expect(animatedCount).toBeGreaterThan(0);
          |                           ^
      128 |   });
      129 | });
      130 |
        at /Users/peterhanssens/consulting/Leptos/tailwind-rs/demos/leptos-demo/tests/accessibility.spec.ts:127:27

    attachment #1: screenshot (image/png) ──────────────────────────────────────────────────────────
    ../test-results/accessibility-Accessibilit-8d4d5--reduced-motion-preferences-chromium/test-failed-1.png
    ────────────────────────────────────────────────────────────────────────────────────────────────

    attachment #2: video (video/webm) ──────────────────────────────────────────────────────────────
    ../test-results/accessibility-Accessibilit-8d4d5--reduced-motion-preferences-chromium/video.webm
    ────────────────────────────────────────────────────────────────────────────────────────────────

    Error Context: ../test-results/accessibility-Accessibilit-8d4d5--reduced-motion-preferences-chromium/error-context.md
]]>
</failure>
<system-out>
<![CDATA[
[[ATTACHMENT|test-results/accessibility-Accessibilit-8d4d5--reduced-motion-preferences-chromium/test-failed-1.png]]

[[ATTACHMENT|test-results/accessibility-Accessibilit-8d4d5--reduced-motion-preferences-chromium/video.webm]]

[[ATTACHMENT|test-results/accessibility-Accessibilit-8d4d5--reduced-motion-preferences-chromium/error-context.md]]
]]>
</system-out>
</testcase>
</testsuite>
<testsuite name="components-page.spec.ts" timestamp="2025-09-28T10:07:22.421Z" hostname="chromium" tests="6" failures="6" skipped="0" time="183.772" errors="0">
<testcase name="Components Page › should display button components section" classname="components-page.spec.ts" time="30.48">
<failure message="components-page.spec.ts:10:3 should display button components section" type="FAILURE">
<![CDATA[  [chromium] › components-page.spec.ts:10:3 › Components Page › should display button components section 

    Test timeout of 30000ms exceeded while running "beforeEach" hook.

      2 |
      3 | test.describe('Components Page', () => {
    > 4 |   test.beforeEach(async ({ page }) => {
        |        ^
      5 |     await page.goto('/');
      6 |     await page.waitForSelector('[data-testid="app"]', { timeout: 10000 });
      7 |     await page.click('button:has-text("Components")');
        at /Users/peterhanssens/consulting/Leptos/tailwind-rs/demos/leptos-demo/tests/components-page.spec.ts:4:8

    Error: page.click: Test timeout of 30000ms exceeded.
    Call log:
      - waiting for locator('button:has-text("Components")')


       5 |     await page.goto('/');
       6 |     await page.waitForSelector('[data-testid="app"]', { timeout: 10000 });
    >  7 |     await page.click('button:has-text("Components")');
         |                ^
       8 |   });
       9 |
      10 |   test('should display button components section', async ({ page }) => {
        at /Users/peterhanssens/consulting/Leptos/tailwind-rs/demos/leptos-demo/tests/components-page.spec.ts:7:16

    attachment #1: screenshot (image/png) ──────────────────────────────────────────────────────────
    ../test-results/components-page-Components-d078f-y-button-components-section-chromium/test-failed-1.png
    ────────────────────────────────────────────────────────────────────────────────────────────────

    attachment #2: video (video/webm) ──────────────────────────────────────────────────────────────
    ../test-results/components-page-Components-d078f-y-button-components-section-chromium/video.webm
    ────────────────────────────────────────────────────────────────────────────────────────────────

    Error Context: ../test-results/components-page-Components-d078f-y-button-components-section-chromium/error-context.md
]]>
</failure>
<system-out>
<![CDATA[
[[ATTACHMENT|test-results/components-page-Components-d078f-y-button-components-section-chromium/test-failed-1.png]]

[[ATTACHMENT|test-results/components-page-Components-d078f-y-button-components-section-chromium/video.webm]]

[[ATTACHMENT|test-results/components-page-Components-d078f-y-button-components-section-chromium/error-context.md]]
]]>
</system-out>
</testcase>
<testcase name="Components Page › should display button size variants" classname="components-page.spec.ts" time="31.049">
<failure message="components-page.spec.ts:40:3 should display button size variants" type="FAILURE">
<![CDATA[  [chromium] › components-page.spec.ts:40:3 › Components Page › should display button size variants 

    Test timeout of 30000ms exceeded while running "beforeEach" hook.

      2 |
      3 | test.describe('Components Page', () => {
    > 4 |   test.beforeEach(async ({ page }) => {
        |        ^
      5 |     await page.goto('/');
      6 |     await page.waitForSelector('[data-testid="app"]', { timeout: 10000 });
      7 |     await page.click('button:has-text("Components")');
        at /Users/peterhanssens/consulting/Leptos/tailwind-rs/demos/leptos-demo/tests/components-page.spec.ts:4:8

    Error: page.click: Test timeout of 30000ms exceeded.
    Call log:
      - waiting for locator('button:has-text("Components")')


       5 |     await page.goto('/');
       6 |     await page.waitForSelector('[data-testid="app"]', { timeout: 10000 });
    >  7 |     await page.click('button:has-text("Components")');
         |                ^
       8 |   });
       9 |
      10 |   test('should display button components section', async ({ page }) => {
        at /Users/peterhanssens/consulting/Leptos/tailwind-rs/demos/leptos-demo/tests/components-page.spec.ts:7:16

    attachment #1: screenshot (image/png) ──────────────────────────────────────────────────────────
    ../test-results/components-page-Components-c04b6-isplay-button-size-variants-chromium/test-failed-1.png
    ────────────────────────────────────────────────────────────────────────────────────────────────

    attachment #2: video (video/webm) ──────────────────────────────────────────────────────────────
    ../test-results/components-page-Components-c04b6-isplay-button-size-variants-chromium/video.webm
    ────────────────────────────────────────────────────────────────────────────────────────────────

    Error Context: ../test-results/components-page-Components-c04b6-isplay-button-size-variants-chromium/error-context.md
]]>
</failure>
<system-out>
<![CDATA[
[[ATTACHMENT|test-results/components-page-Components-c04b6-isplay-button-size-variants-chromium/test-failed-1.png]]

[[ATTACHMENT|test-results/components-page-Components-c04b6-isplay-button-size-variants-chromium/video.webm]]

[[ATTACHMENT|test-results/components-page-Components-c04b6-isplay-button-size-variants-chromium/error-context.md]]
]]>
</system-out>
</testcase>
<testcase name="Components Page › should display card components section" classname="components-page.spec.ts" time="30.563">
<failure message="components-page.spec.ts:52:3 should display card components section" type="FAILURE">
<![CDATA[  [chromium] › components-page.spec.ts:52:3 › Components Page › should display card components section 

    Test timeout of 30000ms exceeded while running "beforeEach" hook.

      2 |
      3 | test.describe('Components Page', () => {
    > 4 |   test.beforeEach(async ({ page }) => {
        |        ^
      5 |     await page.goto('/');
      6 |     await page.waitForSelector('[data-testid="app"]', { timeout: 10000 });
      7 |     await page.click('button:has-text("Components")');
        at /Users/peterhanssens/consulting/Leptos/tailwind-rs/demos/leptos-demo/tests/components-page.spec.ts:4:8

    Error: page.click: Test timeout of 30000ms exceeded.
    Call log:
      - waiting for locator('button:has-text("Components")')


       5 |     await page.goto('/');
       6 |     await page.waitForSelector('[data-testid="app"]', { timeout: 10000 });
    >  7 |     await page.click('button:has-text("Components")');
         |                ^
       8 |   });
       9 |
      10 |   test('should display button components section', async ({ page }) => {
        at /Users/peterhanssens/consulting/Leptos/tailwind-rs/demos/leptos-demo/tests/components-page.spec.ts:7:16

    attachment #1: screenshot (image/png) ──────────────────────────────────────────────────────────
    ../test-results/components-page-Components-93c7a-lay-card-components-section-chromium/test-failed-1.png
    ────────────────────────────────────────────────────────────────────────────────────────────────

    attachment #2: video (video/webm) ──────────────────────────────────────────────────────────────
    ../test-results/components-page-Components-93c7a-lay-card-components-section-chromium/video.webm
    ────────────────────────────────────────────────────────────────────────────────────────────────

    Error Context: ../test-results/components-page-Components-93c7a-lay-card-components-section-chromium/error-context.md
]]>
</failure>
<system-out>
<![CDATA[
[[ATTACHMENT|test-results/components-page-Components-93c7a-lay-card-components-section-chromium/test-failed-1.png]]

[[ATTACHMENT|test-results/components-page-Components-93c7a-lay-card-components-section-chromium/video.webm]]

[[ATTACHMENT|test-results/components-page-Components-93c7a-lay-card-components-section-chromium/error-context.md]]
]]>
</system-out>
</testcase>
<testcase name="Components Page › should have interactive elements" classname="components-page.spec.ts" time="30.844">
<failure message="components-page.spec.ts:79:3 should have interactive elements" type="FAILURE">
<![CDATA[  [chromium] › components-page.spec.ts:79:3 › Components Page › should have interactive elements ───

    Test timeout of 30000ms exceeded while running "beforeEach" hook.

      2 |
      3 | test.describe('Components Page', () => {
    > 4 |   test.beforeEach(async ({ page }) => {
        |        ^
      5 |     await page.goto('/');
      6 |     await page.waitForSelector('[data-testid="app"]', { timeout: 10000 });
      7 |     await page.click('button:has-text("Components")');
        at /Users/peterhanssens/consulting/Leptos/tailwind-rs/demos/leptos-demo/tests/components-page.spec.ts:4:8

    Error: page.click: Test timeout of 30000ms exceeded.
    Call log:
      - waiting for locator('button:has-text("Components")')


       5 |     await page.goto('/');
       6 |     await page.waitForSelector('[data-testid="app"]', { timeout: 10000 });
    >  7 |     await page.click('button:has-text("Components")');
         |                ^
       8 |   });
       9 |
      10 |   test('should display button components section', async ({ page }) => {
        at /Users/peterhanssens/consulting/Leptos/tailwind-rs/demos/leptos-demo/tests/components-page.spec.ts:7:16

    attachment #1: screenshot (image/png) ──────────────────────────────────────────────────────────
    ../test-results/components-page-Components-5f748-d-have-interactive-elements-chromium/test-failed-1.png
    ────────────────────────────────────────────────────────────────────────────────────────────────

    attachment #2: video (video/webm) ──────────────────────────────────────────────────────────────
    ../test-results/components-page-Components-5f748-d-have-interactive-elements-chromium/video.webm
    ────────────────────────────────────────────────────────────────────────────────────────────────

    Error Context: ../test-results/components-page-Components-5f748-d-have-interactive-elements-chromium/error-context.md
]]>
</failure>
<system-out>
<![CDATA[
[[ATTACHMENT|test-results/components-page-Components-5f748-d-have-interactive-elements-chromium/test-failed-1.png]]

[[ATTACHMENT|test-results/components-page-Components-5f748-d-have-interactive-elements-chromium/video.webm]]

[[ATTACHMENT|test-results/components-page-Components-5f748-d-have-interactive-elements-chromium/error-context.md]]
]]>
</system-out>
</testcase>
<testcase name="Components Page › should support dark mode" classname="components-page.spec.ts" time="30.477">
<failure message="components-page.spec.ts:88:3 should support dark mode" type="FAILURE">
<![CDATA[  [chromium] › components-page.spec.ts:88:3 › Components Page › should support dark mode ───────────

    Test timeout of 30000ms exceeded while running "beforeEach" hook.

      2 |
      3 | test.describe('Components Page', () => {
    > 4 |   test.beforeEach(async ({ page }) => {
        |        ^
      5 |     await page.goto('/');
      6 |     await page.waitForSelector('[data-testid="app"]', { timeout: 10000 });
      7 |     await page.click('button:has-text("Components")');
        at /Users/peterhanssens/consulting/Leptos/tailwind-rs/demos/leptos-demo/tests/components-page.spec.ts:4:8

    Error: page.click: Test timeout of 30000ms exceeded.
    Call log:
      - waiting for locator('button:has-text("Components")')


       5 |     await page.goto('/');
       6 |     await page.waitForSelector('[data-testid="app"]', { timeout: 10000 });
    >  7 |     await page.click('button:has-text("Components")');
         |                ^
       8 |   });
       9 |
      10 |   test('should display button components section', async ({ page }) => {
        at /Users/peterhanssens/consulting/Leptos/tailwind-rs/demos/leptos-demo/tests/components-page.spec.ts:7:16

    attachment #1: screenshot (image/png) ──────────────────────────────────────────────────────────
    ../test-results/components-page-Components-Page-should-support-dark-mode-chromium/test-failed-1.png
    ────────────────────────────────────────────────────────────────────────────────────────────────

    attachment #2: video (video/webm) ──────────────────────────────────────────────────────────────
    ../test-results/components-page-Components-Page-should-support-dark-mode-chromium/video.webm
    ────────────────────────────────────────────────────────────────────────────────────────────────

    Error Context: ../test-results/components-page-Components-Page-should-support-dark-mode-chromium/error-context.md
]]>
</failure>
<system-out>
<![CDATA[
[[ATTACHMENT|test-results/components-page-Components-Page-should-support-dark-mode-chromium/test-failed-1.png]]

[[ATTACHMENT|test-results/components-page-Components-Page-should-support-dark-mode-chromium/video.webm]]

[[ATTACHMENT|test-results/components-page-Components-Page-should-support-dark-mode-chromium/error-context.md]]
]]>
</system-out>
</testcase>
<testcase name="Components Page › should be responsive" classname="components-page.spec.ts" time="30.359">
<failure message="components-page.spec.ts:101:3 should be responsive" type="FAILURE">
<![CDATA[  [chromium] › components-page.spec.ts:101:3 › Components Page › should be responsive ──────────────

    Test timeout of 30000ms exceeded while running "beforeEach" hook.

      2 |
      3 | test.describe('Components Page', () => {
    > 4 |   test.beforeEach(async ({ page }) => {
        |        ^
      5 |     await page.goto('/');
      6 |     await page.waitForSelector('[data-testid="app"]', { timeout: 10000 });
      7 |     await page.click('button:has-text("Components")');
        at /Users/peterhanssens/consulting/Leptos/tailwind-rs/demos/leptos-demo/tests/components-page.spec.ts:4:8

    Error: page.click: Test timeout of 30000ms exceeded.
    Call log:
      - waiting for locator('button:has-text("Components")')


       5 |     await page.goto('/');
       6 |     await page.waitForSelector('[data-testid="app"]', { timeout: 10000 });
    >  7 |     await page.click('button:has-text("Components")');
         |                ^
       8 |   });
       9 |
      10 |   test('should display button components section', async ({ page }) => {
        at /Users/peterhanssens/consulting/Leptos/tailwind-rs/demos/leptos-demo/tests/components-page.spec.ts:7:16

    attachment #1: screenshot (image/png) ──────────────────────────────────────────────────────────
    ../test-results/components-page-Components-Page-should-be-responsive-chromium/test-failed-1.png
    ────────────────────────────────────────────────────────────────────────────────────────────────

    attachment #2: video (video/webm) ──────────────────────────────────────────────────────────────
    ../test-results/components-page-Components-Page-should-be-responsive-chromium/video.webm
    ────────────────────────────────────────────────────────────────────────────────────────────────

    Error Context: ../test-results/components-page-Components-Page-should-be-responsive-chromium/error-context.md
]]>
</failure>
<system-out>
<![CDATA[
[[ATTACHMENT|test-results/components-page-Components-Page-should-be-responsive-chromium/test-failed-1.png]]

[[ATTACHMENT|test-results/components-page-Components-Page-should-be-responsive-chromium/video.webm]]

[[ATTACHMENT|test-results/components-page-Components-Page-should-be-responsive-chromium/error-context.md]]
]]>
</system-out>
</testcase>
</testsuite>
<testsuite name="dynamic-page.spec.ts" timestamp="2025-09-28T10:07:22.421Z" hostname="chromium" tests="10" failures="10" skipped="0" time="306.823" errors="0">
<testcase name="Dynamic Page › should display dynamic class generation interface" classname="dynamic-page.spec.ts" time="30.884">
<failure message="dynamic-page.spec.ts:10:3 should display dynamic class generation interface" type="FAILURE">
<![CDATA[  [chromium] › dynamic-page.spec.ts:10:3 › Dynamic Page › should display dynamic class generation interface 

    Test timeout of 30000ms exceeded while running "beforeEach" hook.

      2 |
      3 | test.describe('Dynamic Page', () => {
    > 4 |   test.beforeEach(async ({ page }) => {
        |        ^
      5 |     await page.goto('/');
      6 |     await page.waitForSelector('[data-testid="app"]', { timeout: 10000 });
      7 |     await page.click('button:has-text("Dynamic")');
        at /Users/peterhanssens/consulting/Leptos/tailwind-rs/demos/leptos-demo/tests/dynamic-page.spec.ts:4:8

    Error: page.click: Test timeout of 30000ms exceeded.
    Call log:
      - waiting for locator('button:has-text("Dynamic")')


       5 |     await page.goto('/');
       6 |     await page.waitForSelector('[data-testid="app"]', { timeout: 10000 });
    >  7 |     await page.click('button:has-text("Dynamic")');
         |                ^
       8 |   });
       9 |
      10 |   test('should display dynamic class generation interface', async ({ page }) => {
        at /Users/peterhanssens/consulting/Leptos/tailwind-rs/demos/leptos-demo/tests/dynamic-page.spec.ts:7:16

    attachment #1: screenshot (image/png) ──────────────────────────────────────────────────────────
    ../test-results/dynamic-page-Dynamic-Page--5bc2b--class-generation-interface-chromium/test-failed-1.png
    ────────────────────────────────────────────────────────────────────────────────────────────────

    attachment #2: video (video/webm) ──────────────────────────────────────────────────────────────
    ../test-results/dynamic-page-Dynamic-Page--5bc2b--class-generation-interface-chromium/video.webm
    ────────────────────────────────────────────────────────────────────────────────────────────────

    Error Context: ../test-results/dynamic-page-Dynamic-Page--5bc2b--class-generation-interface-chromium/error-context.md
]]>
</failure>
<system-out>
<![CDATA[
[[ATTACHMENT|test-results/dynamic-page-Dynamic-Page--5bc2b--class-generation-interface-chromium/test-failed-1.png]]

[[ATTACHMENT|test-results/dynamic-page-Dynamic-Page--5bc2b--class-generation-interface-chromium/video.webm]]

[[ATTACHMENT|test-results/dynamic-page-Dynamic-Page--5bc2b--class-generation-interface-chromium/error-context.md]]
]]>
</system-out>
</testcase>
<testcase name="Dynamic Page › should update preview when classes change" classname="dynamic-page.spec.ts" time="30.537">
<failure message="dynamic-page.spec.ts:25:3 should update preview when classes change" type="FAILURE">
<![CDATA[  [chromium] › dynamic-page.spec.ts:25:3 › Dynamic Page › should update preview when classes change 

    Test timeout of 30000ms exceeded while running "beforeEach" hook.

      2 |
      3 | test.describe('Dynamic Page', () => {
    > 4 |   test.beforeEach(async ({ page }) => {
        |        ^
      5 |     await page.goto('/');
      6 |     await page.waitForSelector('[data-testid="app"]', { timeout: 10000 });
      7 |     await page.click('button:has-text("Dynamic")');
        at /Users/peterhanssens/consulting/Leptos/tailwind-rs/demos/leptos-demo/tests/dynamic-page.spec.ts:4:8

    Error: page.click: Test timeout of 30000ms exceeded.
    Call log:
      - waiting for locator('button:has-text("Dynamic")')


       5 |     await page.goto('/');
       6 |     await page.waitForSelector('[data-testid="app"]', { timeout: 10000 });
    >  7 |     await page.click('button:has-text("Dynamic")');
         |                ^
       8 |   });
       9 |
      10 |   test('should display dynamic class generation interface', async ({ page }) => {
        at /Users/peterhanssens/consulting/Leptos/tailwind-rs/demos/leptos-demo/tests/dynamic-page.spec.ts:7:16

    attachment #1: screenshot (image/png) ──────────────────────────────────────────────────────────
    ../test-results/dynamic-page-Dynamic-Page--bf6ee-preview-when-classes-change-chromium/test-failed-1.png
    ────────────────────────────────────────────────────────────────────────────────────────────────

    attachment #2: video (video/webm) ──────────────────────────────────────────────────────────────
    ../test-results/dynamic-page-Dynamic-Page--bf6ee-preview-when-classes-change-chromium/video.webm
    ────────────────────────────────────────────────────────────────────────────────────────────────

    Error Context: ../test-results/dynamic-page-Dynamic-Page--bf6ee-preview-when-classes-change-chromium/error-context.md
]]>
</failure>
<system-out>
<![CDATA[
[[ATTACHMENT|test-results/dynamic-page-Dynamic-Page--bf6ee-preview-when-classes-change-chromium/test-failed-1.png]]

[[ATTACHMENT|test-results/dynamic-page-Dynamic-Page--bf6ee-preview-when-classes-change-chromium/video.webm]]

[[ATTACHMENT|test-results/dynamic-page-Dynamic-Page--bf6ee-preview-when-classes-change-chromium/error-context.md]]
]]>
</system-out>
</testcase>
<testcase name="Dynamic Page › should display preset style buttons" classname="dynamic-page.spec.ts" time="30.865">
<failure message="dynamic-page.spec.ts:39:3 should display preset style buttons" type="FAILURE">
<![CDATA[  [chromium] › dynamic-page.spec.ts:39:3 › Dynamic Page › should display preset style buttons ──────

    Test timeout of 30000ms exceeded while running "beforeEach" hook.

      2 |
      3 | test.describe('Dynamic Page', () => {
    > 4 |   test.beforeEach(async ({ page }) => {
        |        ^
      5 |     await page.goto('/');
      6 |     await page.waitForSelector('[data-testid="app"]', { timeout: 10000 });
      7 |     await page.click('button:has-text("Dynamic")');
        at /Users/peterhanssens/consulting/Leptos/tailwind-rs/demos/leptos-demo/tests/dynamic-page.spec.ts:4:8

    Error: page.click: Test timeout of 30000ms exceeded.
    Call log:
      - waiting for locator('button:has-text("Dynamic")')


       5 |     await page.goto('/');
       6 |     await page.waitForSelector('[data-testid="app"]', { timeout: 10000 });
    >  7 |     await page.click('button:has-text("Dynamic")');
         |                ^
       8 |   });
       9 |
      10 |   test('should display dynamic class generation interface', async ({ page }) => {
        at /Users/peterhanssens/consulting/Leptos/tailwind-rs/demos/leptos-demo/tests/dynamic-page.spec.ts:7:16

    attachment #1: screenshot (image/png) ──────────────────────────────────────────────────────────
    ../test-results/dynamic-page-Dynamic-Page--c2bf5-isplay-preset-style-buttons-chromium/test-failed-1.png
    ────────────────────────────────────────────────────────────────────────────────────────────────

    attachment #2: video (video/webm) ──────────────────────────────────────────────────────────────
    ../test-results/dynamic-page-Dynamic-Page--c2bf5-isplay-preset-style-buttons-chromium/video.webm
    ────────────────────────────────────────────────────────────────────────────────────────────────

    Error Context: ../test-results/dynamic-page-Dynamic-Page--c2bf5-isplay-preset-style-buttons-chromium/error-context.md
]]>
</failure>
<system-out>
<![CDATA[
[[ATTACHMENT|test-results/dynamic-page-Dynamic-Page--c2bf5-isplay-preset-style-buttons-chromium/test-failed-1.png]]

[[ATTACHMENT|test-results/dynamic-page-Dynamic-Page--c2bf5-isplay-preset-style-buttons-chromium/video.webm]]

[[ATTACHMENT|test-results/dynamic-page-Dynamic-Page--c2bf5-isplay-preset-style-buttons-chromium/error-context.md]]
]]>
</system-out>
</testcase>
<testcase name="Dynamic Page › should apply preset styles when clicked" classname="dynamic-page.spec.ts" time="30.519">
<failure message="dynamic-page.spec.ts:48:3 should apply preset styles when clicked" type="FAILURE">
<![CDATA[  [chromium] › dynamic-page.spec.ts:48:3 › Dynamic Page › should apply preset styles when clicked ──

    Test timeout of 30000ms exceeded while running "beforeEach" hook.

      2 |
      3 | test.describe('Dynamic Page', () => {
    > 4 |   test.beforeEach(async ({ page }) => {
        |        ^
      5 |     await page.goto('/');
      6 |     await page.waitForSelector('[data-testid="app"]', { timeout: 10000 });
      7 |     await page.click('button:has-text("Dynamic")');
        at /Users/peterhanssens/consulting/Leptos/tailwind-rs/demos/leptos-demo/tests/dynamic-page.spec.ts:4:8

    Error: page.click: Test timeout of 30000ms exceeded.
    Call log:
      - waiting for locator('button:has-text("Dynamic")')


       5 |     await page.goto('/');
       6 |     await page.waitForSelector('[data-testid="app"]', { timeout: 10000 });
    >  7 |     await page.click('button:has-text("Dynamic")');
         |                ^
       8 |   });
       9 |
      10 |   test('should display dynamic class generation interface', async ({ page }) => {
        at /Users/peterhanssens/consulting/Leptos/tailwind-rs/demos/leptos-demo/tests/dynamic-page.spec.ts:7:16

    attachment #1: screenshot (image/png) ──────────────────────────────────────────────────────────
    ../test-results/dynamic-page-Dynamic-Page--71c3d--preset-styles-when-clicked-chromium/test-failed-1.png
    ────────────────────────────────────────────────────────────────────────────────────────────────

    attachment #2: video (video/webm) ──────────────────────────────────────────────────────────────
    ../test-results/dynamic-page-Dynamic-Page--71c3d--preset-styles-when-clicked-chromium/video.webm
    ────────────────────────────────────────────────────────────────────────────────────────────────

    Error Context: ../test-results/dynamic-page-Dynamic-Page--71c3d--preset-styles-when-clicked-chromium/error-context.md
]]>
</failure>
<system-out>
<![CDATA[
[[ATTACHMENT|test-results/dynamic-page-Dynamic-Page--71c3d--preset-styles-when-clicked-chromium/test-failed-1.png]]

[[ATTACHMENT|test-results/dynamic-page-Dynamic-Page--71c3d--preset-styles-when-clicked-chromium/video.webm]]

[[ATTACHMENT|test-results/dynamic-page-Dynamic-Page--71c3d--preset-styles-when-clicked-chromium/error-context.md]]
]]>
</system-out>
</testcase>
<testcase name="Dynamic Page › should display generated classes" classname="dynamic-page.spec.ts" time="30.338">
<failure message="dynamic-page.spec.ts:62:3 should display generated classes" type="FAILURE">
<![CDATA[  [chromium] › dynamic-page.spec.ts:62:3 › Dynamic Page › should display generated classes ─────────

    Test timeout of 30000ms exceeded while running "beforeEach" hook.

      2 |
      3 | test.describe('Dynamic Page', () => {
    > 4 |   test.beforeEach(async ({ page }) => {
        |        ^
      5 |     await page.goto('/');
      6 |     await page.waitForSelector('[data-testid="app"]', { timeout: 10000 });
      7 |     await page.click('button:has-text("Dynamic")');
        at /Users/peterhanssens/consulting/Leptos/tailwind-rs/demos/leptos-demo/tests/dynamic-page.spec.ts:4:8

    Error: page.click: Test timeout of 30000ms exceeded.
    Call log:
      - waiting for locator('button:has-text("Dynamic")')


       5 |     await page.goto('/');
       6 |     await page.waitForSelector('[data-testid="app"]', { timeout: 10000 });
    >  7 |     await page.click('button:has-text("Dynamic")');
         |                ^
       8 |   });
       9 |
      10 |   test('should display dynamic class generation interface', async ({ page }) => {
        at /Users/peterhanssens/consulting/Leptos/tailwind-rs/demos/leptos-demo/tests/dynamic-page.spec.ts:7:16

    attachment #1: screenshot (image/png) ──────────────────────────────────────────────────────────
    ../test-results/dynamic-page-Dynamic-Page-should-display-generated-classes-chromium/test-failed-1.png
    ────────────────────────────────────────────────────────────────────────────────────────────────

    attachment #2: video (video/webm) ──────────────────────────────────────────────────────────────
    ../test-results/dynamic-page-Dynamic-Page-should-display-generated-classes-chromium/video.webm
    ────────────────────────────────────────────────────────────────────────────────────────────────

    Error Context: ../test-results/dynamic-page-Dynamic-Page-should-display-generated-classes-chromium/error-context.md
]]>
</failure>
<system-out>
<![CDATA[
[[ATTACHMENT|test-results/dynamic-page-Dynamic-Page-should-display-generated-classes-chromium/test-failed-1.png]]

[[ATTACHMENT|test-results/dynamic-page-Dynamic-Page-should-display-generated-classes-chromium/video.webm]]

[[ATTACHMENT|test-results/dynamic-page-Dynamic-Page-should-display-generated-classes-chromium/error-context.md]]
]]>
</system-out>
</testcase>
<testcase name="Dynamic Page › should update generated classes display" classname="dynamic-page.spec.ts" time="30.87">
<failure message="dynamic-page.spec.ts:71:3 should update generated classes display" type="FAILURE">
<![CDATA[  [chromium] › dynamic-page.spec.ts:71:3 › Dynamic Page › should update generated classes display ──

    Test timeout of 30000ms exceeded while running "beforeEach" hook.

      2 |
      3 | test.describe('Dynamic Page', () => {
    > 4 |   test.beforeEach(async ({ page }) => {
        |        ^
      5 |     await page.goto('/');
      6 |     await page.waitForSelector('[data-testid="app"]', { timeout: 10000 });
      7 |     await page.click('button:has-text("Dynamic")');
        at /Users/peterhanssens/consulting/Leptos/tailwind-rs/demos/leptos-demo/tests/dynamic-page.spec.ts:4:8

    Error: page.click: Test timeout of 30000ms exceeded.
    Call log:
      - waiting for locator('button:has-text("Dynamic")')


       5 |     await page.goto('/');
       6 |     await page.waitForSelector('[data-testid="app"]', { timeout: 10000 });
    >  7 |     await page.click('button:has-text("Dynamic")');
         |                ^
       8 |   });
       9 |
      10 |   test('should display dynamic class generation interface', async ({ page }) => {
        at /Users/peterhanssens/consulting/Leptos/tailwind-rs/demos/leptos-demo/tests/dynamic-page.spec.ts:7:16

    attachment #1: screenshot (image/png) ──────────────────────────────────────────────────────────
    ../test-results/dynamic-page-Dynamic-Page--ca632-e-generated-classes-display-chromium/test-failed-1.png
    ────────────────────────────────────────────────────────────────────────────────────────────────

    attachment #2: video (video/webm) ──────────────────────────────────────────────────────────────
    ../test-results/dynamic-page-Dynamic-Page--ca632-e-generated-classes-display-chromium/video.webm
    ────────────────────────────────────────────────────────────────────────────────────────────────

    Error Context: ../test-results/dynamic-page-Dynamic-Page--ca632-e-generated-classes-display-chromium/error-context.md
]]>
</failure>
<system-out>
<![CDATA[
[[ATTACHMENT|test-results/dynamic-page-Dynamic-Page--ca632-e-generated-classes-display-chromium/test-failed-1.png]]

[[ATTACHMENT|test-results/dynamic-page-Dynamic-Page--ca632-e-generated-classes-display-chromium/video.webm]]

[[ATTACHMENT|test-results/dynamic-page-Dynamic-Page--ca632-e-generated-classes-display-chromium/error-context.md]]
]]>
</system-out>
</testcase>
<testcase name="Dynamic Page › should handle invalid classes gracefully" classname="dynamic-page.spec.ts" time="30.536">
<failure message="dynamic-page.spec.ts:83:3 should handle invalid classes gracefully" type="FAILURE">
<![CDATA[  [chromium] › dynamic-page.spec.ts:83:3 › Dynamic Page › should handle invalid classes gracefully ─

    Test timeout of 30000ms exceeded while running "beforeEach" hook.

      2 |
      3 | test.describe('Dynamic Page', () => {
    > 4 |   test.beforeEach(async ({ page }) => {
        |        ^
      5 |     await page.goto('/');
      6 |     await page.waitForSelector('[data-testid="app"]', { timeout: 10000 });
      7 |     await page.click('button:has-text("Dynamic")');
        at /Users/peterhanssens/consulting/Leptos/tailwind-rs/demos/leptos-demo/tests/dynamic-page.spec.ts:4:8

    Error: page.click: Test timeout of 30000ms exceeded.
    Call log:
      - waiting for locator('button:has-text("Dynamic")')


       5 |     await page.goto('/');
       6 |     await page.waitForSelector('[data-testid="app"]', { timeout: 10000 });
    >  7 |     await page.click('button:has-text("Dynamic")');
         |                ^
       8 |   });
       9 |
      10 |   test('should display dynamic class generation interface', async ({ page }) => {
        at /Users/peterhanssens/consulting/Leptos/tailwind-rs/demos/leptos-demo/tests/dynamic-page.spec.ts:7:16

    attachment #1: screenshot (image/png) ──────────────────────────────────────────────────────────
    ../test-results/dynamic-page-Dynamic-Page--b3e52--invalid-classes-gracefully-chromium/test-failed-1.png
    ────────────────────────────────────────────────────────────────────────────────────────────────

    attachment #2: video (video/webm) ──────────────────────────────────────────────────────────────
    ../test-results/dynamic-page-Dynamic-Page--b3e52--invalid-classes-gracefully-chromium/video.webm
    ────────────────────────────────────────────────────────────────────────────────────────────────

    Error Context: ../test-results/dynamic-page-Dynamic-Page--b3e52--invalid-classes-gracefully-chromium/error-context.md
]]>
</failure>
<system-out>
<![CDATA[
[[ATTACHMENT|test-results/dynamic-page-Dynamic-Page--b3e52--invalid-classes-gracefully-chromium/test-failed-1.png]]

[[ATTACHMENT|test-results/dynamic-page-Dynamic-Page--b3e52--invalid-classes-gracefully-chromium/video.webm]]

[[ATTACHMENT|test-results/dynamic-page-Dynamic-Page--b3e52--invalid-classes-gracefully-chromium/error-context.md]]
]]>
</system-out>
</testcase>
<testcase name="Dynamic Page › should support dark mode" classname="dynamic-page.spec.ts" time="31.245">
<failure message="dynamic-page.spec.ts:96:3 should support dark mode" type="FAILURE">
<![CDATA[  [chromium] › dynamic-page.spec.ts:96:3 › Dynamic Page › should support dark mode ─────────────────

    Test timeout of 30000ms exceeded while running "beforeEach" hook.

      2 |
      3 | test.describe('Dynamic Page', () => {
    > 4 |   test.beforeEach(async ({ page }) => {
        |        ^
      5 |     await page.goto('/');
      6 |     await page.waitForSelector('[data-testid="app"]', { timeout: 10000 });
      7 |     await page.click('button:has-text("Dynamic")');
        at /Users/peterhanssens/consulting/Leptos/tailwind-rs/demos/leptos-demo/tests/dynamic-page.spec.ts:4:8

    Error: page.click: Test timeout of 30000ms exceeded.
    Call log:
      - waiting for locator('button:has-text("Dynamic")')


       5 |     await page.goto('/');
       6 |     await page.waitForSelector('[data-testid="app"]', { timeout: 10000 });
    >  7 |     await page.click('button:has-text("Dynamic")');
         |                ^
       8 |   });
       9 |
      10 |   test('should display dynamic class generation interface', async ({ page }) => {
        at /Users/peterhanssens/consulting/Leptos/tailwind-rs/demos/leptos-demo/tests/dynamic-page.spec.ts:7:16

    attachment #1: screenshot (image/png) ──────────────────────────────────────────────────────────
    ../test-results/dynamic-page-Dynamic-Page-should-support-dark-mode-chromium/test-failed-1.png
    ────────────────────────────────────────────────────────────────────────────────────────────────

    attachment #2: video (video/webm) ──────────────────────────────────────────────────────────────
    ../test-results/dynamic-page-Dynamic-Page-should-support-dark-mode-chromium/video.webm
    ────────────────────────────────────────────────────────────────────────────────────────────────

    Error Context: ../test-results/dynamic-page-Dynamic-Page-should-support-dark-mode-chromium/error-context.md
]]>
</failure>
<system-out>
<![CDATA[
[[ATTACHMENT|test-results/dynamic-page-Dynamic-Page-should-support-dark-mode-chromium/test-failed-1.png]]

[[ATTACHMENT|test-results/dynamic-page-Dynamic-Page-should-support-dark-mode-chromium/video.webm]]

[[ATTACHMENT|test-results/dynamic-page-Dynamic-Page-should-support-dark-mode-chromium/error-context.md]]
]]>
</system-out>
</testcase>
<testcase name="Dynamic Page › should be responsive" classname="dynamic-page.spec.ts" time="30.838">
<failure message="dynamic-page.spec.ts:110:3 should be responsive" type="FAILURE">
<![CDATA[  [chromium] › dynamic-page.spec.ts:110:3 › Dynamic Page › should be responsive ────────────────────

    Test timeout of 30000ms exceeded while running "beforeEach" hook.

      2 |
      3 | test.describe('Dynamic Page', () => {
    > 4 |   test.beforeEach(async ({ page }) => {
        |        ^
      5 |     await page.goto('/');
      6 |     await page.waitForSelector('[data-testid="app"]', { timeout: 10000 });
      7 |     await page.click('button:has-text("Dynamic")');
        at /Users/peterhanssens/consulting/Leptos/tailwind-rs/demos/leptos-demo/tests/dynamic-page.spec.ts:4:8

    Error: page.click: Test timeout of 30000ms exceeded.
    Call log:
      - waiting for locator('button:has-text("Dynamic")')


       5 |     await page.goto('/');
       6 |     await page.waitForSelector('[data-testid="app"]', { timeout: 10000 });
    >  7 |     await page.click('button:has-text("Dynamic")');
         |                ^
       8 |   });
       9 |
      10 |   test('should display dynamic class generation interface', async ({ page }) => {
        at /Users/peterhanssens/consulting/Leptos/tailwind-rs/demos/leptos-demo/tests/dynamic-page.spec.ts:7:16

    attachment #1: screenshot (image/png) ──────────────────────────────────────────────────────────
    ../test-results/dynamic-page-Dynamic-Page-should-be-responsive-chromium/test-failed-1.png
    ────────────────────────────────────────────────────────────────────────────────────────────────

    attachment #2: video (video/webm) ──────────────────────────────────────────────────────────────
    ../test-results/dynamic-page-Dynamic-Page-should-be-responsive-chromium/video.webm
    ────────────────────────────────────────────────────────────────────────────────────────────────

    Error Context: ../test-results/dynamic-page-Dynamic-Page-should-be-responsive-chromium/error-context.md
]]>
</failure>
<system-out>
<![CDATA[
[[ATTACHMENT|test-results/dynamic-page-Dynamic-Page-should-be-responsive-chromium/test-failed-1.png]]

[[ATTACHMENT|test-results/dynamic-page-Dynamic-Page-should-be-responsive-chromium/video.webm]]

[[ATTACHMENT|test-results/dynamic-page-Dynamic-Page-should-be-responsive-chromium/error-context.md]]
]]>
</system-out>
</testcase>
<testcase name="Dynamic Page › should maintain state across navigation" classname="dynamic-page.spec.ts" time="30.191">
<failure message="dynamic-page.spec.ts:128:3 should maintain state across navigation" type="FAILURE">
<![CDATA[  [chromium] › dynamic-page.spec.ts:128:3 › Dynamic Page › should maintain state across navigation ─

    Test timeout of 30000ms exceeded while running "beforeEach" hook.

      2 |
      3 | test.describe('Dynamic Page', () => {
    > 4 |   test.beforeEach(async ({ page }) => {
        |        ^
      5 |     await page.goto('/');
      6 |     await page.waitForSelector('[data-testid="app"]', { timeout: 10000 });
      7 |     await page.click('button:has-text("Dynamic")');
        at /Users/peterhanssens/consulting/Leptos/tailwind-rs/demos/leptos-demo/tests/dynamic-page.spec.ts:4:8

    Error: page.click: Test timeout of 30000ms exceeded.
    Call log:
      - waiting for locator('button:has-text("Dynamic")')


       5 |     await page.goto('/');
       6 |     await page.waitForSelector('[data-testid="app"]', { timeout: 10000 });
    >  7 |     await page.click('button:has-text("Dynamic")');
         |                ^
       8 |   });
       9 |
      10 |   test('should display dynamic class generation interface', async ({ page }) => {
        at /Users/peterhanssens/consulting/Leptos/tailwind-rs/demos/leptos-demo/tests/dynamic-page.spec.ts:7:16

    attachment #1: screenshot (image/png) ──────────────────────────────────────────────────────────
    ../test-results/dynamic-page-Dynamic-Page--f75e5-ain-state-across-navigation-chromium/test-failed-1.png
    ────────────────────────────────────────────────────────────────────────────────────────────────

    attachment #2: video (video/webm) ──────────────────────────────────────────────────────────────
    ../test-results/dynamic-page-Dynamic-Page--f75e5-ain-state-across-navigation-chromium/video.webm
    ────────────────────────────────────────────────────────────────────────────────────────────────

    Error Context: ../test-results/dynamic-page-Dynamic-Page--f75e5-ain-state-across-navigation-chromium/error-context.md
]]>
</failure>
<system-out>
<![CDATA[
[[ATTACHMENT|test-results/dynamic-page-Dynamic-Page--f75e5-ain-state-across-navigation-chromium/test-failed-1.png]]

[[ATTACHMENT|test-results/dynamic-page-Dynamic-Page--f75e5-ain-state-across-navigation-chromium/video.webm]]

[[ATTACHMENT|test-results/dynamic-page-Dynamic-Page--f75e5-ain-state-across-navigation-chromium/error-context.md]]
]]>
</system-out>
</testcase>
</testsuite>
<testsuite name="e2e-workflow.spec.ts" timestamp="2025-09-28T10:07:22.421Z" hostname="chromium" tests="8" failures="8" skipped="0" time="196.171" errors="0">
<testcase name="End-to-End Workflow › should complete full user journey" classname="e2e-workflow.spec.ts" time="5.688">
<failure message="e2e-workflow.spec.ts:9:3 should complete full user journey" type="FAILURE">
<![CDATA[  [chromium] › e2e-workflow.spec.ts:9:3 › End-to-End Workflow › should complete full user journey ──

    Error: expect(locator).toBeVisible() failed

    Locator:  locator('p:has-text("Experience the power of Rust-native Tailwind CSS")')
    Expected: visible
    Received: <element(s) not found>
    Timeout:  5000ms

    Call log:
      - Expect "toBeVisible" with timeout 5000ms
      - waiting for locator('p:has-text("Experience the power of Rust-native Tailwind CSS")')


      10 |     // 1. User lands on home page
      11 |     await expect(page.locator('h1:has-text("Tailwind-RS Demo")')).toBeVisible();
    > 12 |     await expect(page.locator('p:has-text("Experience the power of Rust-native Tailwind CSS")')).toBeVisible();
         |                                                                                                  ^
      13 |     
      14 |     // 2. User explores feature cards
      15 |     const featureCards = page.locator('.bg-white.dark\\:bg-gray-800.rounded-lg.shadow-md');
        at /Users/peterhanssens/consulting/Leptos/tailwind-rs/demos/leptos-demo/tests/e2e-workflow.spec.ts:12:98

    attachment #1: screenshot (image/png) ──────────────────────────────────────────────────────────
    ../test-results/e2e-workflow-End-to-End-Wo-ececa--complete-full-user-journey-chromium/test-failed-1.png
    ────────────────────────────────────────────────────────────────────────────────────────────────

    attachment #2: video (video/webm) ──────────────────────────────────────────────────────────────
    ../test-results/e2e-workflow-End-to-End-Wo-ececa--complete-full-user-journey-chromium/video.webm
    ────────────────────────────────────────────────────────────────────────────────────────────────

    Error Context: ../test-results/e2e-workflow-End-to-End-Wo-ececa--complete-full-user-journey-chromium/error-context.md
]]>
</failure>
<system-out>
<![CDATA[
[[ATTACHMENT|test-results/e2e-workflow-End-to-End-Wo-ececa--complete-full-user-journey-chromium/test-failed-1.png]]

[[ATTACHMENT|test-results/e2e-workflow-End-to-End-Wo-ececa--complete-full-user-journey-chromium/video.webm]]

[[ATTACHMENT|test-results/e2e-workflow-End-to-End-Wo-ececa--complete-full-user-journey-chromium/error-context.md]]
]]>
</system-out>
</testcase>
<testcase name="End-to-End Workflow › should handle theme switching throughout journey" classname="e2e-workflow.spec.ts" time="5.657">
<failure message="e2e-workflow.spec.ts:70:3 should handle theme switching throughout journey" type="FAILURE">
<![CDATA[  [chromium] › e2e-workflow.spec.ts:70:3 › End-to-End Workflow › should handle theme switching throughout journey 

    Error: expect(locator).toBeVisible() failed

    Locator:  locator('button:has-text("☀️")')
    Expected: visible
    Received: <element(s) not found>
    Timeout:  5000ms

    Call log:
      - Expect "toBeVisible" with timeout 5000ms
      - waiting for locator('button:has-text("☀️")')


      70 |   test('should handle theme switching throughout journey', async ({ page }) => {
      71 |     // Start in light mode
    > 72 |     await expect(page.locator('button:has-text("☀️")')).toBeVisible();
         |                                                         ^
      73 |     
      74 |     // Navigate to components page
      75 |     await page.click('button:has-text("Components")');
        at /Users/peterhanssens/consulting/Leptos/tailwind-rs/demos/leptos-demo/tests/e2e-workflow.spec.ts:72:57

    attachment #1: screenshot (image/png) ──────────────────────────────────────────────────────────
    ../test-results/e2e-workflow-End-to-End-Wo-463a5-witching-throughout-journey-chromium/test-failed-1.png
    ────────────────────────────────────────────────────────────────────────────────────────────────

    attachment #2: video (video/webm) ──────────────────────────────────────────────────────────────
    ../test-results/e2e-workflow-End-to-End-Wo-463a5-witching-throughout-journey-chromium/video.webm
    ────────────────────────────────────────────────────────────────────────────────────────────────

    Error Context: ../test-results/e2e-workflow-End-to-End-Wo-463a5-witching-throughout-journey-chromium/error-context.md
]]>
</failure>
<system-out>
<![CDATA[
[[ATTACHMENT|test-results/e2e-workflow-End-to-End-Wo-463a5-witching-throughout-journey-chromium/test-failed-1.png]]

[[ATTACHMENT|test-results/e2e-workflow-End-to-End-Wo-463a5-witching-throughout-journey-chromium/video.webm]]

[[ATTACHMENT|test-results/e2e-workflow-End-to-End-Wo-463a5-witching-throughout-journey-chromium/error-context.md]]
]]>
</system-out>
</testcase>
<testcase name="End-to-End Workflow › should maintain state across navigation" classname="e2e-workflow.spec.ts" time="30.852">
<failure message="e2e-workflow.spec.ts:95:3 should maintain state across navigation" type="FAILURE">
<![CDATA[  [chromium] › e2e-workflow.spec.ts:95:3 › End-to-End Workflow › should maintain state across navigation 

    Test timeout of 30000ms exceeded.

    Error: page.click: Test timeout of 30000ms exceeded.
    Call log:
      - waiting for locator('button:has-text("Dynamic")')


       95 |   test('should maintain state across navigation', async ({ page }) => {
       96 |     // Navigate to dynamic page
    >  97 |     await page.click('button:has-text("Dynamic")');
          |                ^
       98 |     await expect(page.locator('h2:has-text("Dynamic Class Generation")')).toBeVisible();
       99 |     
      100 |     // Set custom classes
        at /Users/peterhanssens/consulting/Leptos/tailwind-rs/demos/leptos-demo/tests/e2e-workflow.spec.ts:97:16

    attachment #1: screenshot (image/png) ──────────────────────────────────────────────────────────
    ../test-results/e2e-workflow-End-to-End-Wo-362bf-ain-state-across-navigation-chromium/test-failed-1.png
    ────────────────────────────────────────────────────────────────────────────────────────────────

    attachment #2: video (video/webm) ──────────────────────────────────────────────────────────────
    ../test-results/e2e-workflow-End-to-End-Wo-362bf-ain-state-across-navigation-chromium/video.webm
    ────────────────────────────────────────────────────────────────────────────────────────────────

    Error Context: ../test-results/e2e-workflow-End-to-End-Wo-362bf-ain-state-across-navigation-chromium/error-context.md
]]>
</failure>
<system-out>
<![CDATA[
[[ATTACHMENT|test-results/e2e-workflow-End-to-End-Wo-362bf-ain-state-across-navigation-chromium/test-failed-1.png]]

[[ATTACHMENT|test-results/e2e-workflow-End-to-End-Wo-362bf-ain-state-across-navigation-chromium/video.webm]]

[[ATTACHMENT|test-results/e2e-workflow-End-to-End-Wo-362bf-ain-state-across-navigation-chromium/error-context.md]]
]]>
</system-out>
</testcase>
<testcase name="End-to-End Workflow › should handle rapid navigation" classname="e2e-workflow.spec.ts" time="30.783">
<failure message="e2e-workflow.spec.ts:116:3 should handle rapid navigation" type="FAILURE">
<![CDATA[  [chromium] › e2e-workflow.spec.ts:116:3 › End-to-End Workflow › should handle rapid navigation ───

    Test timeout of 30000ms exceeded.

    Error: page.click: Test timeout of 30000ms exceeded.
    Call log:
      - waiting for locator('button:has-text("Home")')


      120 |     for (let i = 0; i < 3; i++) {
      121 |       for (const pageName of pages) {
    > 122 |         await page.click(`button:has-text("${pageName}")`);
          |                    ^
      123 |         await page.waitForTimeout(100); // Small delay
      124 |       }
      125 |     }
        at /Users/peterhanssens/consulting/Leptos/tailwind-rs/demos/leptos-demo/tests/e2e-workflow.spec.ts:122:20

    attachment #1: screenshot (image/png) ──────────────────────────────────────────────────────────
    ../test-results/e2e-workflow-End-to-End-Wo-88445-uld-handle-rapid-navigation-chromium/test-failed-1.png
    ────────────────────────────────────────────────────────────────────────────────────────────────

    attachment #2: video (video/webm) ──────────────────────────────────────────────────────────────
    ../test-results/e2e-workflow-End-to-End-Wo-88445-uld-handle-rapid-navigation-chromium/video.webm
    ────────────────────────────────────────────────────────────────────────────────────────────────

    Error Context: ../test-results/e2e-workflow-End-to-End-Wo-88445-uld-handle-rapid-navigation-chromium/error-context.md
]]>
</failure>
<system-out>
<![CDATA[
[[ATTACHMENT|test-results/e2e-workflow-End-to-End-Wo-88445-uld-handle-rapid-navigation-chromium/test-failed-1.png]]

[[ATTACHMENT|test-results/e2e-workflow-End-to-End-Wo-88445-uld-handle-rapid-navigation-chromium/video.webm]]

[[ATTACHMENT|test-results/e2e-workflow-End-to-End-Wo-88445-uld-handle-rapid-navigation-chromium/error-context.md]]
]]>
</system-out>
</testcase>
<testcase name="End-to-End Workflow › should handle concurrent user interactions" classname="e2e-workflow.spec.ts" time="31.292">
<failure message="e2e-workflow.spec.ts:132:3 should handle concurrent user interactions" type="FAILURE">
<![CDATA[  [chromium] › e2e-workflow.spec.ts:132:3 › End-to-End Workflow › should handle concurrent user interactions 

    Test timeout of 30000ms exceeded.

    Error: page.click: Test timeout of 30000ms exceeded.
    Call log:
      - waiting for locator('button:has-text("Components")')


      133 |     // Start multiple interactions simultaneously
      134 |     const interactions = [
    > 135 |       page.click('button:has-text("Components")'),
          |            ^
      136 |       page.click('button:has-text("☀️")'),
      137 |     ];
      138 |     
        at /Users/peterhanssens/consulting/Leptos/tailwind-rs/demos/leptos-demo/tests/e2e-workflow.spec.ts:135:12

    attachment #1: screenshot (image/png) ──────────────────────────────────────────────────────────
    ../test-results/e2e-workflow-End-to-End-Wo-98ce4-oncurrent-user-interactions-chromium/test-failed-1.png
    ────────────────────────────────────────────────────────────────────────────────────────────────

    attachment #2: video (video/webm) ──────────────────────────────────────────────────────────────
    ../test-results/e2e-workflow-End-to-End-Wo-98ce4-oncurrent-user-interactions-chromium/video.webm
    ────────────────────────────────────────────────────────────────────────────────────────────────

    Error Context: ../test-results/e2e-workflow-End-to-End-Wo-98ce4-oncurrent-user-interactions-chromium/error-context.md
]]>
</failure>
<system-out>
<![CDATA[
[[ATTACHMENT|test-results/e2e-workflow-End-to-End-Wo-98ce4-oncurrent-user-interactions-chromium/test-failed-1.png]]

[[ATTACHMENT|test-results/e2e-workflow-End-to-End-Wo-98ce4-oncurrent-user-interactions-chromium/video.webm]]

[[ATTACHMENT|test-results/e2e-workflow-End-to-End-Wo-98ce4-oncurrent-user-interactions-chromium/error-context.md]]
]]>
</system-out>
</testcase>
<testcase name="End-to-End Workflow › should handle form interactions" classname="e2e-workflow.spec.ts" time="30.91">
<failure message="e2e-workflow.spec.ts:146:3 should handle form interactions" type="FAILURE">
<![CDATA[  [chromium] › e2e-workflow.spec.ts:146:3 › End-to-End Workflow › should handle form interactions ──

    Test timeout of 30000ms exceeded.

    Error: page.click: Test timeout of 30000ms exceeded.
    Call log:
      - waiting for locator('button:has-text("Dynamic")')


      146 |   test('should handle form interactions', async ({ page }) => {
      147 |     // Navigate to dynamic page
    > 148 |     await page.click('button:has-text("Dynamic")');
          |                ^
      149 |     await expect(page.locator('h2:has-text("Dynamic Class Generation")')).toBeVisible();
      150 |     
      151 |     const inputField = page.locator('input[placeholder*="Enter Tailwind classes"]');
        at /Users/peterhanssens/consulting/Leptos/tailwind-rs/demos/leptos-demo/tests/e2e-workflow.spec.ts:148:16

    attachment #1: screenshot (image/png) ──────────────────────────────────────────────────────────
    ../test-results/e2e-workflow-End-to-End-Wo-be43e-ld-handle-form-interactions-chromium/test-failed-1.png
    ────────────────────────────────────────────────────────────────────────────────────────────────

    attachment #2: video (video/webm) ──────────────────────────────────────────────────────────────
    ../test-results/e2e-workflow-End-to-End-Wo-be43e-ld-handle-form-interactions-chromium/video.webm
    ────────────────────────────────────────────────────────────────────────────────────────────────

    Error Context: ../test-results/e2e-workflow-End-to-End-Wo-be43e-ld-handle-form-interactions-chromium/error-context.md
]]>
</failure>
<system-out>
<![CDATA[
[[ATTACHMENT|test-results/e2e-workflow-End-to-End-Wo-be43e-ld-handle-form-interactions-chromium/test-failed-1.png]]

[[ATTACHMENT|test-results/e2e-workflow-End-to-End-Wo-be43e-ld-handle-form-interactions-chromium/video.webm]]

[[ATTACHMENT|test-results/e2e-workflow-End-to-End-Wo-be43e-ld-handle-form-interactions-chromium/error-context.md]]
]]>
</system-out>
</testcase>
<testcase name="End-to-End Workflow › should handle error scenarios gracefully" classname="e2e-workflow.spec.ts" time="30.204">
<failure message="e2e-workflow.spec.ts:170:3 should handle error scenarios gracefully" type="FAILURE">
<![CDATA[  [chromium] › e2e-workflow.spec.ts:170:3 › End-to-End Workflow › should handle error scenarios gracefully 

    Test timeout of 30000ms exceeded.

    Error: page.click: Test timeout of 30000ms exceeded.
    Call log:
      - waiting for locator('button:has-text("Dynamic")')


      170 |   test('should handle error scenarios gracefully', async ({ page }) => {
      171 |     // Navigate to dynamic page
    > 172 |     await page.click('button:has-text("Dynamic")');
          |                ^
      173 |     await expect(page.locator('h2:has-text("Dynamic Class Generation")')).toBeVisible();
      174 |     
      175 |     const inputField = page.locator('input[placeholder*="Enter Tailwind classes"]');
        at /Users/peterhanssens/consulting/Leptos/tailwind-rs/demos/leptos-demo/tests/e2e-workflow.spec.ts:172:16

    attachment #1: screenshot (image/png) ──────────────────────────────────────────────────────────
    ../test-results/e2e-workflow-End-to-End-Wo-6b0a6--error-scenarios-gracefully-chromium/test-failed-1.png
    ────────────────────────────────────────────────────────────────────────────────────────────────

    attachment #2: video (video/webm) ──────────────────────────────────────────────────────────────
    ../test-results/e2e-workflow-End-to-End-Wo-6b0a6--error-scenarios-gracefully-chromium/video.webm
    ────────────────────────────────────────────────────────────────────────────────────────────────

    Error Context: ../test-results/e2e-workflow-End-to-End-Wo-6b0a6--error-scenarios-gracefully-chromium/error-context.md
]]>
</failure>
<system-out>
<![CDATA[
[[ATTACHMENT|test-results/e2e-workflow-End-to-End-Wo-6b0a6--error-scenarios-gracefully-chromium/test-failed-1.png]]

[[ATTACHMENT|test-results/e2e-workflow-End-to-End-Wo-6b0a6--error-scenarios-gracefully-chromium/video.webm]]

[[ATTACHMENT|test-results/e2e-workflow-End-to-End-Wo-6b0a6--error-scenarios-gracefully-chromium/error-context.md]]
]]>
</system-out>
</testcase>
<testcase name="End-to-End Workflow › should handle responsive design changes" classname="e2e-workflow.spec.ts" time="30.785">
<failure message="e2e-workflow.spec.ts:198:3 should handle responsive design changes" type="FAILURE">
<![CDATA[  [chromium] › e2e-workflow.spec.ts:198:3 › End-to-End Workflow › should handle responsive design changes 

    Test timeout of 30000ms exceeded.

    Error: page.click: Test timeout of 30000ms exceeded.
    Call log:
      - waiting for locator('button:has-text("Components")')


      202 |     
      203 |     // Navigate to components page on mobile
    > 204 |     await page.click('button:has-text("Components")');
          |                ^
      205 |     await expect(page.locator('h2:has-text("Button Components")')).toBeVisible();
      206 |     
      207 |     // Test tablet viewport
        at /Users/peterhanssens/consulting/Leptos/tailwind-rs/demos/leptos-demo/tests/e2e-workflow.spec.ts:204:16

    attachment #1: screenshot (image/png) ──────────────────────────────────────────────────────────
    ../test-results/e2e-workflow-End-to-End-Wo-0f2a9-e-responsive-design-changes-chromium/test-failed-1.png
    ────────────────────────────────────────────────────────────────────────────────────────────────

    attachment #2: video (video/webm) ──────────────────────────────────────────────────────────────
    ../test-results/e2e-workflow-End-to-End-Wo-0f2a9-e-responsive-design-changes-chromium/video.webm
    ────────────────────────────────────────────────────────────────────────────────────────────────

    Error Context: ../test-results/e2e-workflow-End-to-End-Wo-0f2a9-e-responsive-design-changes-chromium/error-context.md
]]>
</failure>
<system-out>
<![CDATA[
[[ATTACHMENT|test-results/e2e-workflow-End-to-End-Wo-0f2a9-e-responsive-design-changes-chromium/test-failed-1.png]]

[[ATTACHMENT|test-results/e2e-workflow-End-to-End-Wo-0f2a9-e-responsive-design-changes-chromium/video.webm]]

[[ATTACHMENT|test-results/e2e-workflow-End-to-End-Wo-0f2a9-e-responsive-design-changes-chromium/error-context.md]]
]]>
</system-out>
</testcase>
</testsuite>
<testsuite name="home-page.spec.ts" timestamp="2025-09-28T10:07:22.421Z" hostname="chromium" tests="5" failures="5" skipped="0" time="53.369" errors="0">
<testcase name="Home Page › should display hero section" classname="home-page.spec.ts" time="5.629">
<failure message="home-page.spec.ts:9:3 should display hero section" type="FAILURE">
<![CDATA[  [chromium] › home-page.spec.ts:9:3 › Home Page › should display hero section ─────────────────────

    Error: expect(locator).toBeVisible() failed

    Locator:  locator('h1:has-text("Tailwind-RS Demo - Actually Using Core Models!")')
    Expected: visible
    Received: <element(s) not found>
    Timeout:  5000ms

    Call log:
      - Expect "toBeVisible" with timeout 5000ms
      - waiting for locator('h1:has-text("Tailwind-RS Demo - Actually Using Core Models!")')


      10 |     // Check main title
      11 |     const title = page.locator('h1:has-text("Tailwind-RS Demo - Actually Using Core Models!")');
    > 12 |     await expect(title).toBeVisible();
         |                         ^
      13 |     await expect(title).toHaveClass(/text-4xl/);
      14 |
      15 |     // Check that the demo shows the dynamic class preview
        at /Users/peterhanssens/consulting/Leptos/tailwind-rs/demos/leptos-demo/tests/home-page.spec.ts:12:25

    attachment #1: screenshot (image/png) ──────────────────────────────────────────────────────────
    ../test-results/home-page-Home-Page-should-display-hero-section-chromium/test-failed-1.png
    ────────────────────────────────────────────────────────────────────────────────────────────────

    attachment #2: video (video/webm) ──────────────────────────────────────────────────────────────
    ../test-results/home-page-Home-Page-should-display-hero-section-chromium/video.webm
    ────────────────────────────────────────────────────────────────────────────────────────────────

    Error Context: ../test-results/home-page-Home-Page-should-display-hero-section-chromium/error-context.md
]]>
</failure>
<system-out>
<![CDATA[
[[ATTACHMENT|test-results/home-page-Home-Page-should-display-hero-section-chromium/test-failed-1.png]]

[[ATTACHMENT|test-results/home-page-Home-Page-should-display-hero-section-chromium/video.webm]]

[[ATTACHMENT|test-results/home-page-Home-Page-should-display-hero-section-chromium/error-context.md]]
]]>
</system-out>
</testcase>
<testcase name="Home Page › should have dynamic class input" classname="home-page.spec.ts" time="5.801">
<failure message="home-page.spec.ts:20:3 should have dynamic class input" type="FAILURE">
<![CDATA[  [chromium] › home-page.spec.ts:20:3 › Home Page › should have dynamic class input ────────────────

    Error: expect(locator).toBeVisible() failed

    Locator:  locator('input[placeholder="Enter Tailwind classes"]')
    Expected: visible
    Received: <element(s) not found>
    Timeout:  5000ms

    Call log:
      - Expect "toBeVisible" with timeout 5000ms
      - waiting for locator('input[placeholder="Enter Tailwind classes"]')


      21 |     // Check input field exists
      22 |     const inputField = page.locator('input[placeholder="Enter Tailwind classes"]');
    > 23 |     await expect(inputField).toBeVisible();
         |                              ^
      24 |
      25 |     // Check input has proper styling
      26 |     await expect(inputField).toHaveClass(/border.*border-gray-300/);
        at /Users/peterhanssens/consulting/Leptos/tailwind-rs/demos/leptos-demo/tests/home-page.spec.ts:23:30

    attachment #1: screenshot (image/png) ──────────────────────────────────────────────────────────
    ../test-results/home-page-Home-Page-should-have-dynamic-class-input-chromium/test-failed-1.png
    ────────────────────────────────────────────────────────────────────────────────────────────────

    attachment #2: video (video/webm) ──────────────────────────────────────────────────────────────
    ../test-results/home-page-Home-Page-should-have-dynamic-class-input-chromium/video.webm
    ────────────────────────────────────────────────────────────────────────────────────────────────

    Error Context: ../test-results/home-page-Home-Page-should-have-dynamic-class-input-chromium/error-context.md
]]>
</failure>
<system-out>
<![CDATA[
[[ATTACHMENT|test-results/home-page-Home-Page-should-have-dynamic-class-input-chromium/test-failed-1.png]]

[[ATTACHMENT|test-results/home-page-Home-Page-should-have-dynamic-class-input-chromium/video.webm]]

[[ATTACHMENT|test-results/home-page-Home-Page-should-have-dynamic-class-input-chromium/error-context.md]]
]]>
</system-out>
</testcase>
<testcase name="Home Page › should display demo sections" classname="home-page.spec.ts" time="5.503">
<failure message="home-page.spec.ts:33:3 should display demo sections" type="FAILURE">
<![CDATA[  [chromium] › home-page.spec.ts:33:3 › Home Page › should display demo sections ───────────────────

    Error: expect(locator).toBeVisible() failed

    Locator:  locator('h2:has-text("Dynamic Class Preview")')
    Expected: visible
    Received: <element(s) not found>
    Timeout:  5000ms

    Call log:
      - Expect "toBeVisible" with timeout 5000ms
      - waiting for locator('h2:has-text("Dynamic Class Preview")')


      34 |     // Check for the dynamic class preview section
      35 |     const previewSection = page.locator('h2:has-text("Dynamic Class Preview")');
    > 36 |     await expect(previewSection).toBeVisible();
         |                                  ^
      37 |
      38 |     // Check for the generated CSS section
      39 |     const cssSection = page.locator('h2:has-text("Generated CSS (from Tailwind-RS Core)")');
        at /Users/peterhanssens/consulting/Leptos/tailwind-rs/demos/leptos-demo/tests/home-page.spec.ts:36:34

    attachment #1: screenshot (image/png) ──────────────────────────────────────────────────────────
    ../test-results/home-page-Home-Page-should-display-demo-sections-chromium/test-failed-1.png
    ────────────────────────────────────────────────────────────────────────────────────────────────

    attachment #2: video (video/webm) ──────────────────────────────────────────────────────────────
    ../test-results/home-page-Home-Page-should-display-demo-sections-chromium/video.webm
    ────────────────────────────────────────────────────────────────────────────────────────────────

    Error Context: ../test-results/home-page-Home-Page-should-display-demo-sections-chromium/error-context.md
]]>
</failure>
<system-out>
<![CDATA[
[[ATTACHMENT|test-results/home-page-Home-Page-should-display-demo-sections-chromium/test-failed-1.png]]

[[ATTACHMENT|test-results/home-page-Home-Page-should-display-demo-sections-chromium/video.webm]]

[[ATTACHMENT|test-results/home-page-Home-Page-should-display-demo-sections-chromium/error-context.md]]
]]>
</system-out>
</testcase>
<testcase name="Home Page › should have responsive layout" classname="home-page.spec.ts" time="5.572">
<failure message="home-page.spec.ts:53:3 should have responsive layout" type="FAILURE">
<![CDATA[  [chromium] › home-page.spec.ts:53:3 › Home Page › should have responsive layout ──────────────────

    Error: expect(locator).toBeVisible() failed

    Locator:  locator('.container.mx-auto.px-4.py-8')
    Expected: visible
    Received: <element(s) not found>
    Timeout:  5000ms

    Call log:
      - Expect "toBeVisible" with timeout 5000ms
      - waiting for locator('.container.mx-auto.px-4.py-8')


      54 |     // Check that the main container has responsive classes
      55 |     const container = page.locator('.container.mx-auto.px-4.py-8');
    > 56 |     await expect(container).toBeVisible();
         |                             ^
      57 |
      58 |     // Test mobile viewport
      59 |     await page.setViewportSize({ width: 375, height: 667 });
        at /Users/peterhanssens/consulting/Leptos/tailwind-rs/demos/leptos-demo/tests/home-page.spec.ts:56:29

    attachment #1: screenshot (image/png) ──────────────────────────────────────────────────────────
    ../test-results/home-page-Home-Page-should-have-responsive-layout-chromium/test-failed-1.png
    ────────────────────────────────────────────────────────────────────────────────────────────────

    attachment #2: video (video/webm) ──────────────────────────────────────────────────────────────
    ../test-results/home-page-Home-Page-should-have-responsive-layout-chromium/video.webm
    ────────────────────────────────────────────────────────────────────────────────────────────────

    Error Context: ../test-results/home-page-Home-Page-should-have-responsive-layout-chromium/error-context.md
]]>
</failure>
<system-out>
<![CDATA[
[[ATTACHMENT|test-results/home-page-Home-Page-should-have-responsive-layout-chromium/test-failed-1.png]]

[[ATTACHMENT|test-results/home-page-Home-Page-should-have-responsive-layout-chromium/video.webm]]

[[ATTACHMENT|test-results/home-page-Home-Page-should-have-responsive-layout-chromium/error-context.md]]
]]>
</system-out>
</testcase>
<testcase name="Home Page › should demonstrate dynamic class functionality" classname="home-page.spec.ts" time="30.864">
<failure message="home-page.spec.ts:67:3 should demonstrate dynamic class functionality" type="FAILURE">
<![CDATA[  [chromium] › home-page.spec.ts:67:3 › Home Page › should demonstrate dynamic class functionality ─

    Test timeout of 30000ms exceeded.

    Error: locator.getAttribute: Test timeout of 30000ms exceeded.
    Call log:
      - waiting for locator('div.w-full.h-32.rounded-lg.border-2.border-dashed')


      68 |     // Get initial preview area classes - use more specific selector
      69 |     const previewArea = page.locator('div.w-full.h-32.rounded-lg.border-2.border-dashed');
    > 70 |     const initialClass = await previewArea.getAttribute('class');
         |                                            ^
      71 |
      72 |     // Type new classes into the input
      73 |     const inputField = page.locator('input[placeholder="Enter Tailwind classes"]');
        at /Users/peterhanssens/consulting/Leptos/tailwind-rs/demos/leptos-demo/tests/home-page.spec.ts:70:44

    attachment #1: screenshot (image/png) ──────────────────────────────────────────────────────────
    ../test-results/home-page-Home-Page-should-2b34a-dynamic-class-functionality-chromium/test-failed-1.png
    ────────────────────────────────────────────────────────────────────────────────────────────────

    attachment #2: video (video/webm) ──────────────────────────────────────────────────────────────
    ../test-results/home-page-Home-Page-should-2b34a-dynamic-class-functionality-chromium/video.webm
    ────────────────────────────────────────────────────────────────────────────────────────────────

    Error Context: ../test-results/home-page-Home-Page-should-2b34a-dynamic-class-functionality-chromium/error-context.md
]]>
</failure>
<system-out>
<![CDATA[
[[ATTACHMENT|test-results/home-page-Home-Page-should-2b34a-dynamic-class-functionality-chromium/test-failed-1.png]]

[[ATTACHMENT|test-results/home-page-Home-Page-should-2b34a-dynamic-class-functionality-chromium/video.webm]]

[[ATTACHMENT|test-results/home-page-Home-Page-should-2b34a-dynamic-class-functionality-chromium/error-context.md]]
]]>
</system-out>
</testcase>
</testsuite>
<testsuite name="navigation.spec.ts" timestamp="2025-09-28T10:07:22.421Z" hostname="chromium" tests="5" failures="5" skipped="0" time="53.287" errors="0">
<testcase name="Navigation › should display the header with logo and navigation" classname="navigation.spec.ts" time="5.785">
<failure message="navigation.spec.ts:10:3 should display the header with logo and navigation" type="FAILURE">
<![CDATA[  [chromium] › navigation.spec.ts:10:3 › Navigation › should display the header with logo and navigation 

    Error: expect(locator).toBeVisible() failed

    Locator:  locator('header')
    Expected: visible
    Received: <element(s) not found>
    Timeout:  5000ms

    Call log:
      - Expect "toBeVisible" with timeout 5000ms
      - waiting for locator('header')


      11 |     // Check header is visible
      12 |     const header = page.locator('header');
    > 13 |     await expect(header).toBeVisible();
         |                          ^
      14 |     
      15 |     // Check logo
      16 |     const logo = header.locator('h1');
        at /Users/peterhanssens/consulting/Leptos/tailwind-rs/demos/leptos-demo/tests/navigation.spec.ts:13:26

    attachment #1: screenshot (image/png) ──────────────────────────────────────────────────────────
    ../test-results/navigation-Navigation-shou-9cb86-er-with-logo-and-navigation-chromium/test-failed-1.png
    ────────────────────────────────────────────────────────────────────────────────────────────────

    attachment #2: video (video/webm) ──────────────────────────────────────────────────────────────
    ../test-results/navigation-Navigation-shou-9cb86-er-with-logo-and-navigation-chromium/video.webm
    ────────────────────────────────────────────────────────────────────────────────────────────────

    Error Context: ../test-results/navigation-Navigation-shou-9cb86-er-with-logo-and-navigation-chromium/error-context.md
]]>
</failure>
<system-out>
<![CDATA[
[[ATTACHMENT|test-results/navigation-Navigation-shou-9cb86-er-with-logo-and-navigation-chromium/test-failed-1.png]]

[[ATTACHMENT|test-results/navigation-Navigation-shou-9cb86-er-with-logo-and-navigation-chromium/video.webm]]

[[ATTACHMENT|test-results/navigation-Navigation-shou-9cb86-er-with-logo-and-navigation-chromium/error-context.md]]
]]>
</system-out>
</testcase>
<testcase name="Navigation › should navigate between pages" classname="navigation.spec.ts" time="30.667">
<failure message="navigation.spec.ts:29:3 should navigate between pages" type="FAILURE">
<![CDATA[  [chromium] › navigation.spec.ts:29:3 › Navigation › should navigate between pages ────────────────

    Test timeout of 30000ms exceeded.

    Error: page.click: Test timeout of 30000ms exceeded.
    Call log:
      - waiting for locator('button:has-text("Components")')


      32 |     
      33 |     // Navigate to Components page
    > 34 |     await page.click('button:has-text("Components")');
         |                ^
      35 |     await expect(page.locator('h2:has-text("Button Components")')).toBeVisible();
      36 |     
      37 |     // Navigate to Dynamic page
        at /Users/peterhanssens/consulting/Leptos/tailwind-rs/demos/leptos-demo/tests/navigation.spec.ts:34:16

    attachment #1: screenshot (image/png) ──────────────────────────────────────────────────────────
    ../test-results/navigation-Navigation-should-navigate-between-pages-chromium/test-failed-1.png
    ────────────────────────────────────────────────────────────────────────────────────────────────

    attachment #2: video (video/webm) ──────────────────────────────────────────────────────────────
    ../test-results/navigation-Navigation-should-navigate-between-pages-chromium/video.webm
    ────────────────────────────────────────────────────────────────────────────────────────────────

    Error Context: ../test-results/navigation-Navigation-should-navigate-between-pages-chromium/error-context.md
]]>
</failure>
<system-out>
<![CDATA[
[[ATTACHMENT|test-results/navigation-Navigation-should-navigate-between-pages-chromium/test-failed-1.png]]

[[ATTACHMENT|test-results/navigation-Navigation-should-navigate-between-pages-chromium/video.webm]]

[[ATTACHMENT|test-results/navigation-Navigation-should-navigate-between-pages-chromium/error-context.md]]
]]>
</system-out>
</testcase>
<testcase name="Navigation › should highlight active navigation item" classname="navigation.spec.ts" time="5.689">
<failure message="navigation.spec.ts:46:3 should highlight active navigation item" type="FAILURE">
<![CDATA[  [chromium] › navigation.spec.ts:46:3 › Navigation › should highlight active navigation item ──────

    Error: expect(locator).toHaveClass(expected) failed

    Locator: locator('button:has-text("Home")')
    Expected pattern: /bg-blue-100/
    Received: <element(s) not found>
    Timeout: 5000ms

    Call log:
      - Expect "toHaveClass" with timeout 5000ms
      - waiting for locator('button:has-text("Home")')


      47 |     // Home should be active by default
      48 |     const homeButton = page.locator('button:has-text("Home")');
    > 49 |     await expect(homeButton).toHaveClass(/bg-blue-100/);
         |                              ^
      50 |     
      51 |     // Navigate to Components
      52 |     await page.click('button:has-text("Components")');
        at /Users/peterhanssens/consulting/Leptos/tailwind-rs/demos/leptos-demo/tests/navigation.spec.ts:49:30

    attachment #1: screenshot (image/png) ──────────────────────────────────────────────────────────
    ../test-results/navigation-Navigation-shou-76141-ight-active-navigation-item-chromium/test-failed-1.png
    ────────────────────────────────────────────────────────────────────────────────────────────────

    attachment #2: video (video/webm) ──────────────────────────────────────────────────────────────
    ../test-results/navigation-Navigation-shou-76141-ight-active-navigation-item-chromium/video.webm
    ────────────────────────────────────────────────────────────────────────────────────────────────

    Error Context: ../test-results/navigation-Navigation-shou-76141-ight-active-navigation-item-chromium/error-context.md
]]>
</failure>
<system-out>
<![CDATA[
[[ATTACHMENT|test-results/navigation-Navigation-shou-76141-ight-active-navigation-item-chromium/test-failed-1.png]]

[[ATTACHMENT|test-results/navigation-Navigation-shou-76141-ight-active-navigation-item-chromium/video.webm]]

[[ATTACHMENT|test-results/navigation-Navigation-shou-76141-ight-active-navigation-item-chromium/error-context.md]]
]]>
</system-out>
</testcase>
<testcase name="Navigation › should toggle theme" classname="navigation.spec.ts" time="5.481">
<failure message="navigation.spec.ts:58:3 should toggle theme" type="FAILURE">
<![CDATA[  [chromium] › navigation.spec.ts:58:3 › Navigation › should toggle theme ──────────────────────────

    Error: expect(locator).toBeVisible() failed

    Locator:  locator('button:has-text("☀️")')
    Expected: visible
    Received: <element(s) not found>
    Timeout:  5000ms

    Call log:
      - Expect "toBeVisible" with timeout 5000ms
      - waiting for locator('button:has-text("☀️")')


      58 |   test('should toggle theme', async ({ page }) => {
      59 |     const themeButton = page.locator('button:has-text("☀️")');
    > 60 |     await expect(themeButton).toBeVisible();
         |                               ^
      61 |     
      62 |     // Click theme toggle
      63 |     await themeButton.click();
        at /Users/peterhanssens/consulting/Leptos/tailwind-rs/demos/leptos-demo/tests/navigation.spec.ts:60:31

    attachment #1: screenshot (image/png) ──────────────────────────────────────────────────────────
    ../test-results/navigation-Navigation-should-toggle-theme-chromium/test-failed-1.png
    ────────────────────────────────────────────────────────────────────────────────────────────────

    attachment #2: video (video/webm) ──────────────────────────────────────────────────────────────
    ../test-results/navigation-Navigation-should-toggle-theme-chromium/video.webm
    ────────────────────────────────────────────────────────────────────────────────────────────────

    Error Context: ../test-results/navigation-Navigation-should-toggle-theme-chromium/error-context.md
]]>
</failure>
<system-out>
<![CDATA[
[[ATTACHMENT|test-results/navigation-Navigation-should-toggle-theme-chromium/test-failed-1.png]]

[[ATTACHMENT|test-results/navigation-Navigation-should-toggle-theme-chromium/video.webm]]

[[ATTACHMENT|test-results/navigation-Navigation-should-toggle-theme-chromium/error-context.md]]
]]>
</system-out>
</testcase>
<testcase name="Navigation › should display footer" classname="navigation.spec.ts" time="5.665">
<failure message="navigation.spec.ts:77:3 should display footer" type="FAILURE">
<![CDATA[  [chromium] › navigation.spec.ts:77:3 › Navigation › should display footer ────────────────────────

    Error: expect(locator).toBeVisible() failed

    Locator:  locator('footer')
    Expected: visible
    Received: <element(s) not found>
    Timeout:  5000ms

    Call log:
      - Expect "toBeVisible" with timeout 5000ms
      - waiting for locator('footer')


      77 |   test('should display footer', async ({ page }) => {
      78 |     const footer = page.locator('footer');
    > 79 |     await expect(footer).toBeVisible();
         |                          ^
      80 |     await expect(footer).toContainText('Built with ❤️ using Tailwind-RS and Leptos');
      81 |     await expect(footer).toContainText('Rust-native Tailwind CSS implementation');
      82 |   });
        at /Users/peterhanssens/consulting/Leptos/tailwind-rs/demos/leptos-demo/tests/navigation.spec.ts:79:26

    attachment #1: screenshot (image/png) ──────────────────────────────────────────────────────────
    ../test-results/navigation-Navigation-should-display-footer-chromium/test-failed-1.png
    ────────────────────────────────────────────────────────────────────────────────────────────────

    attachment #2: video (video/webm) ──────────────────────────────────────────────────────────────
    ../test-results/navigation-Navigation-should-display-footer-chromium/video.webm
    ────────────────────────────────────────────────────────────────────────────────────────────────

    Error Context: ../test-results/navigation-Navigation-should-display-footer-chromium/error-context.md
]]>
</failure>
<system-out>
<![CDATA[
[[ATTACHMENT|test-results/navigation-Navigation-should-display-footer-chromium/test-failed-1.png]]

[[ATTACHMENT|test-results/navigation-Navigation-should-display-footer-chromium/video.webm]]

[[ATTACHMENT|test-results/navigation-Navigation-should-display-footer-chromium/error-context.md]]
]]>
</system-out>
</testcase>
</testsuite>
<testsuite name="performance.spec.ts" timestamp="2025-09-28T10:07:22.421Z" hostname="chromium" tests="8" failures="7" skipped="0" time="215.261" errors="0">
<testcase name="Performance › should load quickly" classname="performance.spec.ts" time="0.546">
</testcase>
<testcase name="Performance › should have efficient navigation" classname="performance.spec.ts" time="30.701">
<failure message="performance.spec.ts:19:3 should have efficient navigation" type="FAILURE">
<![CDATA[  [chromium] › performance.spec.ts:19:3 › Performance › should have efficient navigation ───────────

    Test timeout of 30000ms exceeded.

    Error: page.click: Test timeout of 30000ms exceeded.
    Call log:
      - waiting for locator('button:has-text("Components")')


      21 |     
      22 |     // Navigate through all pages
    > 23 |     await page.click('button:has-text("Components")');
         |                ^
      24 |     await page.waitForSelector('h2:has-text("Button Components")');
      25 |     
      26 |     await page.click('button:has-text("Dynamic")');
        at /Users/peterhanssens/consulting/Leptos/tailwind-rs/demos/leptos-demo/tests/performance.spec.ts:23:16

    attachment #1: screenshot (image/png) ──────────────────────────────────────────────────────────
    ../test-results/performance-Performance-should-have-efficient-navigation-chromium/test-failed-1.png
    ────────────────────────────────────────────────────────────────────────────────────────────────

    attachment #2: video (video/webm) ──────────────────────────────────────────────────────────────
    ../test-results/performance-Performance-should-have-efficient-navigation-chromium/video.webm
    ────────────────────────────────────────────────────────────────────────────────────────────────

    Error Context: ../test-results/performance-Performance-should-have-efficient-navigation-chromium/error-context.md
]]>
</failure>
<system-out>
<![CDATA[
[[ATTACHMENT|test-results/performance-Performance-should-have-efficient-navigation-chromium/test-failed-1.png]]

[[ATTACHMENT|test-results/performance-Performance-should-have-efficient-navigation-chromium/video.webm]]

[[ATTACHMENT|test-results/performance-Performance-should-have-efficient-navigation-chromium/error-context.md]]
]]>
</system-out>
</testcase>
<testcase name="Performance › should handle dynamic class generation efficiently" classname="performance.spec.ts" time="30.648">
<failure message="performance.spec.ts:38:3 should handle dynamic class generation efficiently" type="FAILURE">
<![CDATA[  [chromium] › performance.spec.ts:38:3 › Performance › should handle dynamic class generation efficiently 

    Test timeout of 30000ms exceeded.

    Error: page.click: Test timeout of 30000ms exceeded.
    Call log:
      - waiting for locator('button:has-text("Dynamic")')


      37 |
      38 |   test('should handle dynamic class generation efficiently', async ({ page }) => {
    > 39 |     await page.click('button:has-text("Dynamic")');
         |                ^
      40 |     
      41 |     const inputField = page.locator('input[placeholder*="Enter Tailwind classes"]');
      42 |     const previewArea = page.locator('.w-full.h-32.rounded-lg.border-2.border-dashed');
        at /Users/peterhanssens/consulting/Leptos/tailwind-rs/demos/leptos-demo/tests/performance.spec.ts:39:16

    attachment #1: screenshot (image/png) ──────────────────────────────────────────────────────────
    ../test-results/performance-Performance-sh-7b442-lass-generation-efficiently-chromium/test-failed-1.png
    ────────────────────────────────────────────────────────────────────────────────────────────────

    attachment #2: video (video/webm) ──────────────────────────────────────────────────────────────
    ../test-results/performance-Performance-sh-7b442-lass-generation-efficiently-chromium/video.webm
    ────────────────────────────────────────────────────────────────────────────────────────────────

    Error Context: ../test-results/performance-Performance-sh-7b442-lass-generation-efficiently-chromium/error-context.md
]]>
</failure>
<system-out>
<![CDATA[
[[ATTACHMENT|test-results/performance-Performance-sh-7b442-lass-generation-efficiently-chromium/test-failed-1.png]]

[[ATTACHMENT|test-results/performance-Performance-sh-7b442-lass-generation-efficiently-chromium/video.webm]]

[[ATTACHMENT|test-results/performance-Performance-sh-7b442-lass-generation-efficiently-chromium/error-context.md]]
]]>
</system-out>
</testcase>
<testcase name="Performance › should handle theme switching efficiently" classname="performance.spec.ts" time="30.508">
<failure message="performance.spec.ts:59:3 should handle theme switching efficiently" type="FAILURE">
<![CDATA[  [chromium] › performance.spec.ts:59:3 › Performance › should handle theme switching efficiently ──

    Test timeout of 30000ms exceeded.

    Error: page.click: Test timeout of 30000ms exceeded.
    Call log:
      - waiting for locator('button:has-text("☀️"), button:has-text("🌙")')


      62 |     // Toggle theme multiple times
      63 |     for (let i = 0; i < 5; i++) {
    > 64 |       await page.click('button:has-text("☀️"), button:has-text("🌙")');
         |                  ^
      65 |       await page.waitForTimeout(50); // Small delay to allow updates
      66 |     }
      67 |     
        at /Users/peterhanssens/consulting/Leptos/tailwind-rs/demos/leptos-demo/tests/performance.spec.ts:64:18

    attachment #1: screenshot (image/png) ──────────────────────────────────────────────────────────
    ../test-results/performance-Performance-sh-cb116-theme-switching-efficiently-chromium/test-failed-1.png
    ────────────────────────────────────────────────────────────────────────────────────────────────

    attachment #2: video (video/webm) ──────────────────────────────────────────────────────────────
    ../test-results/performance-Performance-sh-cb116-theme-switching-efficiently-chromium/video.webm
    ────────────────────────────────────────────────────────────────────────────────────────────────

    Error Context: ../test-results/performance-Performance-sh-cb116-theme-switching-efficiently-chromium/error-context.md
]]>
</failure>
<system-out>
<![CDATA[
[[ATTACHMENT|test-results/performance-Performance-sh-cb116-theme-switching-efficiently-chromium/test-failed-1.png]]

[[ATTACHMENT|test-results/performance-Performance-sh-cb116-theme-switching-efficiently-chromium/video.webm]]

[[ATTACHMENT|test-results/performance-Performance-sh-cb116-theme-switching-efficiently-chromium/error-context.md]]
]]>
</system-out>
</testcase>
<testcase name="Performance › should not have memory leaks during navigation" classname="performance.spec.ts" time="31.04">
<failure message="performance.spec.ts:74:3 should not have memory leaks during navigation" type="FAILURE">
<![CDATA[  [chromium] › performance.spec.ts:74:3 › Performance › should not have memory leaks during navigation 

    Test timeout of 30000ms exceeded.

    Error: page.click: Test timeout of 30000ms exceeded.
    Call log:
      - waiting for locator('button:has-text("Home")')


      75 |     // Navigate between pages multiple times
      76 |     for (let i = 0; i < 10; i++) {
    > 77 |       await page.click('button:has-text("Home")');
         |                  ^
      78 |       await page.waitForSelector('h1:has-text("Tailwind-RS Demo")');
      79 |       
      80 |       await page.click('button:has-text("Components")');
        at /Users/peterhanssens/consulting/Leptos/tailwind-rs/demos/leptos-demo/tests/performance.spec.ts:77:18

    attachment #1: screenshot (image/png) ──────────────────────────────────────────────────────────
    ../test-results/performance-Performance-sh-19d16-ory-leaks-during-navigation-chromium/test-failed-1.png
    ────────────────────────────────────────────────────────────────────────────────────────────────

    attachment #2: video (video/webm) ──────────────────────────────────────────────────────────────
    ../test-results/performance-Performance-sh-19d16-ory-leaks-during-navigation-chromium/video.webm
    ────────────────────────────────────────────────────────────────────────────────────────────────

    Error Context: ../test-results/performance-Performance-sh-19d16-ory-leaks-during-navigation-chromium/error-context.md
]]>
</failure>
<system-out>
<![CDATA[
[[ATTACHMENT|test-results/performance-Performance-sh-19d16-ory-leaks-during-navigation-chromium/test-failed-1.png]]

[[ATTACHMENT|test-results/performance-Performance-sh-19d16-ory-leaks-during-navigation-chromium/video.webm]]

[[ATTACHMENT|test-results/performance-Performance-sh-19d16-ory-leaks-during-navigation-chromium/error-context.md]]
]]>
</system-out>
</testcase>
<testcase name="Performance › should handle rapid input changes" classname="performance.spec.ts" time="30.581">
<failure message="performance.spec.ts:92:3 should handle rapid input changes" type="FAILURE">
<![CDATA[  [chromium] › performance.spec.ts:92:3 › Performance › should handle rapid input changes ──────────

    Test timeout of 30000ms exceeded.

    Error: page.click: Test timeout of 30000ms exceeded.
    Call log:
      - waiting for locator('button:has-text("Dynamic")')


      91 |
      92 |   test('should handle rapid input changes', async ({ page }) => {
    > 93 |     await page.click('button:has-text("Dynamic")');
         |                ^
      94 |     
      95 |     const inputField = page.locator('input[placeholder*="Enter Tailwind classes"]');
      96 |     
        at /Users/peterhanssens/consulting/Leptos/tailwind-rs/demos/leptos-demo/tests/performance.spec.ts:93:16

    attachment #1: screenshot (image/png) ──────────────────────────────────────────────────────────
    ../test-results/performance-Performance-should-handle-rapid-input-changes-chromium/test-failed-1.png
    ────────────────────────────────────────────────────────────────────────────────────────────────

    attachment #2: video (video/webm) ──────────────────────────────────────────────────────────────
    ../test-results/performance-Performance-should-handle-rapid-input-changes-chromium/video.webm
    ────────────────────────────────────────────────────────────────────────────────────────────────

    Error Context: ../test-results/performance-Performance-should-handle-rapid-input-changes-chromium/error-context.md
]]>
</failure>
<system-out>
<![CDATA[
[[ATTACHMENT|test-results/performance-Performance-should-handle-rapid-input-changes-chromium/test-failed-1.png]]

[[ATTACHMENT|test-results/performance-Performance-should-handle-rapid-input-changes-chromium/video.webm]]

[[ATTACHMENT|test-results/performance-Performance-should-handle-rapid-input-changes-chromium/error-context.md]]
]]>
</system-out>
</testcase>
<testcase name="Performance › should maintain performance with many elements" classname="performance.spec.ts" time="30.675">
<failure message="performance.spec.ts:114:3 should maintain performance with many elements" type="FAILURE">
<![CDATA[  [chromium] › performance.spec.ts:114:3 › Performance › should maintain performance with many elements 

    Test timeout of 30000ms exceeded.

    Error: page.click: Test timeout of 30000ms exceeded.
    Call log:
      - waiting for locator('button:has-text("Components")')


      113 |
      114 |   test('should maintain performance with many elements', async ({ page }) => {
    > 115 |     await page.click('button:has-text("Components")');
          |                ^
      116 |     
      117 |     // Check that all buttons are rendered efficiently
      118 |     const buttons = page.locator('button');
        at /Users/peterhanssens/consulting/Leptos/tailwind-rs/demos/leptos-demo/tests/performance.spec.ts:115:16

    attachment #1: screenshot (image/png) ──────────────────────────────────────────────────────────
    ../test-results/performance-Performance-sh-fc2ea-formance-with-many-elements-chromium/test-failed-1.png
    ────────────────────────────────────────────────────────────────────────────────────────────────

    attachment #2: video (video/webm) ──────────────────────────────────────────────────────────────
    ../test-results/performance-Performance-sh-fc2ea-formance-with-many-elements-chromium/video.webm
    ────────────────────────────────────────────────────────────────────────────────────────────────

    Error Context: ../test-results/performance-Performance-sh-fc2ea-formance-with-many-elements-chromium/error-context.md
]]>
</failure>
<system-out>
<![CDATA[
[[ATTACHMENT|test-results/performance-Performance-sh-fc2ea-formance-with-many-elements-chromium/test-failed-1.png]]

[[ATTACHMENT|test-results/performance-Performance-sh-fc2ea-formance-with-many-elements-chromium/video.webm]]

[[ATTACHMENT|test-results/performance-Performance-sh-fc2ea-formance-with-many-elements-chromium/error-context.md]]
]]>
</system-out>
</testcase>
<testcase name="Performance › should handle concurrent user interactions" classname="performance.spec.ts" time="30.562">
<failure message="performance.spec.ts:132:3 should handle concurrent user interactions" type="FAILURE">
<![CDATA[  [chromium] › performance.spec.ts:132:3 › Performance › should handle concurrent user interactions 

    Test timeout of 30000ms exceeded.

    Error: page.click: Test timeout of 30000ms exceeded.
    Call log:
      - waiting for locator('button:has-text("Components")')


      136 |     // Rapidly click different buttons
      137 |     const interactions = [
    > 138 |       () => page.click('button:has-text("Components")'),
          |                  ^
      139 |       () => page.click('button:has-text("Dynamic")'),
      140 |       () => page.click('button:has-text("Home")'),
      141 |       () => page.click('button:has-text("☀️"), button:has-text("🌙")'),
        at Array.<anonymous> (/Users/peterhanssens/consulting/Leptos/tailwind-rs/demos/leptos-demo/tests/performance.spec.ts:138:18)
        at /Users/peterhanssens/consulting/Leptos/tailwind-rs/demos/leptos-demo/tests/performance.spec.ts:146:50

    attachment #1: screenshot (image/png) ──────────────────────────────────────────────────────────
    ../test-results/performance-Performance-sh-67225-oncurrent-user-interactions-chromium/test-failed-1.png
    ────────────────────────────────────────────────────────────────────────────────────────────────

    attachment #2: video (video/webm) ──────────────────────────────────────────────────────────────
    ../test-results/performance-Performance-sh-67225-oncurrent-user-interactions-chromium/video.webm
    ────────────────────────────────────────────────────────────────────────────────────────────────

    Error Context: ../test-results/performance-Performance-sh-67225-oncurrent-user-interactions-chromium/error-context.md
]]>
</failure>
<system-out>
<![CDATA[
[[ATTACHMENT|test-results/performance-Performance-sh-67225-oncurrent-user-interactions-chromium/test-failed-1.png]]

[[ATTACHMENT|test-results/performance-Performance-sh-67225-oncurrent-user-interactions-chromium/video.webm]]

[[ATTACHMENT|test-results/performance-Performance-sh-67225-oncurrent-user-interactions-chromium/error-context.md]]
]]>
</system-out>
</testcase>
</testsuite>
<testsuite name="visual-regression.spec.ts" timestamp="2025-09-28T10:07:22.421Z" hostname="chromium" tests="13" failures="13" skipped="0" time="293.625" errors="0">
<testcase name="Visual Regression › should match home page screenshot" classname="visual-regression.spec.ts" time="0.804">
<failure message="visual-regression.spec.ts:9:3 should match home page screenshot" type="FAILURE">
<![CDATA[  [chromium] › visual-regression.spec.ts:9:3 › Visual Regression › should match home page screenshot 

    Error: A snapshot doesn't exist at /Users/peterhanssens/consulting/Leptos/tailwind-rs/demos/leptos-demo/tests/visual-regression.spec.ts-snapshots/home-page-chromium-darwin.png, writing actual.

       9 |   test('should match home page screenshot', async ({ page }) => {
      10 |     // Take screenshot of home page
    > 11 |     await expect(page).toHaveScreenshot('home-page.png');
         |     ^
      12 |   });
      13 |
      14 |   test('should match components page screenshot', async ({ page }) => {
        at /Users/peterhanssens/consulting/Leptos/tailwind-rs/demos/leptos-demo/tests/visual-regression.spec.ts:11:5

    attachment #1: home-page (image/png) ───────────────────────────────────────────────────────────
    Expected: visual-regression.spec.ts-snapshots/home-page-chromium-darwin.png
    Received: ../test-results/visual-regression-Visual-R-be63f--match-home-page-screenshot-chromium/home-page-actual.png
    ────────────────────────────────────────────────────────────────────────────────────────────────

    attachment #2: screenshot (image/png) ──────────────────────────────────────────────────────────
    ../test-results/visual-regression-Visual-R-be63f--match-home-page-screenshot-chromium/test-failed-1.png
    ────────────────────────────────────────────────────────────────────────────────────────────────

    attachment #3: video (video/webm) ──────────────────────────────────────────────────────────────
    ../test-results/visual-regression-Visual-R-be63f--match-home-page-screenshot-chromium/video.webm
    ────────────────────────────────────────────────────────────────────────────────────────────────

    Error Context: ../test-results/visual-regression-Visual-R-be63f--match-home-page-screenshot-chromium/error-context.md
]]>
</failure>
<system-out>
<![CDATA[
[[ATTACHMENT|tests/visual-regression.spec.ts-snapshots/home-page-chromium-darwin.png]]

[[ATTACHMENT|test-results/visual-regression-Visual-R-be63f--match-home-page-screenshot-chromium/home-page-actual.png]]

[[ATTACHMENT|test-results/visual-regression-Visual-R-be63f--match-home-page-screenshot-chromium/test-failed-1.png]]

[[ATTACHMENT|test-results/visual-regression-Visual-R-be63f--match-home-page-screenshot-chromium/video.webm]]

[[ATTACHMENT|test-results/visual-regression-Visual-R-be63f--match-home-page-screenshot-chromium/error-context.md]]
]]>
</system-out>
</testcase>
<testcase name="Visual Regression › should match components page screenshot" classname="visual-regression.spec.ts" time="30.598">
<failure message="visual-regression.spec.ts:14:3 should match components page screenshot" type="FAILURE">
<![CDATA[  [chromium] › visual-regression.spec.ts:14:3 › Visual Regression › should match components page screenshot 

    Test timeout of 30000ms exceeded.

    Error: page.click: Test timeout of 30000ms exceeded.
    Call log:
      - waiting for locator('button:has-text("Components")')


      13 |
      14 |   test('should match components page screenshot', async ({ page }) => {
    > 15 |     await page.click('button:has-text("Components")');
         |                ^
      16 |     await page.waitForSelector('h2:has-text("Button Components")');
      17 |     
      18 |     // Take screenshot of components page
        at /Users/peterhanssens/consulting/Leptos/tailwind-rs/demos/leptos-demo/tests/visual-regression.spec.ts:15:16

    attachment #1: screenshot (image/png) ──────────────────────────────────────────────────────────
    ../test-results/visual-regression-Visual-R-c44b6--components-page-screenshot-chromium/test-failed-1.png
    ────────────────────────────────────────────────────────────────────────────────────────────────

    attachment #2: video (video/webm) ──────────────────────────────────────────────────────────────
    ../test-results/visual-regression-Visual-R-c44b6--components-page-screenshot-chromium/video.webm
    ────────────────────────────────────────────────────────────────────────────────────────────────

    Error Context: ../test-results/visual-regression-Visual-R-c44b6--components-page-screenshot-chromium/error-context.md
]]>
</failure>
<system-out>
<![CDATA[
[[ATTACHMENT|test-results/visual-regression-Visual-R-c44b6--components-page-screenshot-chromium/test-failed-1.png]]

[[ATTACHMENT|test-results/visual-regression-Visual-R-c44b6--components-page-screenshot-chromium/video.webm]]

[[ATTACHMENT|test-results/visual-regression-Visual-R-c44b6--components-page-screenshot-chromium/error-context.md]]
]]>
</system-out>
</testcase>
<testcase name="Visual Regression › should match dynamic page screenshot" classname="visual-regression.spec.ts" time="30.885">
<failure message="visual-regression.spec.ts:22:3 should match dynamic page screenshot" type="FAILURE">
<![CDATA[  [chromium] › visual-regression.spec.ts:22:3 › Visual Regression › should match dynamic page screenshot 

    Test timeout of 30000ms exceeded.

    Error: page.click: Test timeout of 30000ms exceeded.
    Call log:
      - waiting for locator('button:has-text("Dynamic")')


      21 |
      22 |   test('should match dynamic page screenshot', async ({ page }) => {
    > 23 |     await page.click('button:has-text("Dynamic")');
         |                ^
      24 |     await page.waitForSelector('h2:has-text("Dynamic Class Generation")');
      25 |     
      26 |     // Take screenshot of dynamic page
        at /Users/peterhanssens/consulting/Leptos/tailwind-rs/demos/leptos-demo/tests/visual-regression.spec.ts:23:16

    attachment #1: screenshot (image/png) ──────────────────────────────────────────────────────────
    ../test-results/visual-regression-Visual-R-bbbc6-tch-dynamic-page-screenshot-chromium/test-failed-1.png
    ────────────────────────────────────────────────────────────────────────────────────────────────

    attachment #2: video (video/webm) ──────────────────────────────────────────────────────────────
    ../test-results/visual-regression-Visual-R-bbbc6-tch-dynamic-page-screenshot-chromium/video.webm
    ────────────────────────────────────────────────────────────────────────────────────────────────

    Error Context: ../test-results/visual-regression-Visual-R-bbbc6-tch-dynamic-page-screenshot-chromium/error-context.md
]]>
</failure>
<system-out>
<![CDATA[
[[ATTACHMENT|test-results/visual-regression-Visual-R-bbbc6-tch-dynamic-page-screenshot-chromium/test-failed-1.png]]

[[ATTACHMENT|test-results/visual-regression-Visual-R-bbbc6-tch-dynamic-page-screenshot-chromium/video.webm]]

[[ATTACHMENT|test-results/visual-regression-Visual-R-bbbc6-tch-dynamic-page-screenshot-chromium/error-context.md]]
]]>
</system-out>
</testcase>
<testcase name="Visual Regression › should match dark mode screenshots" classname="visual-regression.spec.ts" time="30.423">
<failure message="visual-regression.spec.ts:30:3 should match dark mode screenshots" type="FAILURE">
<![CDATA[  [chromium] › visual-regression.spec.ts:30:3 › Visual Regression › should match dark mode screenshots 

    Test timeout of 30000ms exceeded.

    Error: page.click: Test timeout of 30000ms exceeded.
    Call log:
      - waiting for locator('button:has-text("☀️")')


      30 |   test('should match dark mode screenshots', async ({ page }) => {
      31 |     // Toggle to dark mode
    > 32 |     await page.click('button:has-text("☀️")');
         |                ^
      33 |     
      34 |     // Take screenshot of home page in dark mode
      35 |     await expect(page).toHaveScreenshot('home-page-dark.png');
        at /Users/peterhanssens/consulting/Leptos/tailwind-rs/demos/leptos-demo/tests/visual-regression.spec.ts:32:16

    attachment #1: screenshot (image/png) ──────────────────────────────────────────────────────────
    ../test-results/visual-regression-Visual-R-879db-match-dark-mode-screenshots-chromium/test-failed-1.png
    ────────────────────────────────────────────────────────────────────────────────────────────────

    attachment #2: video (video/webm) ──────────────────────────────────────────────────────────────
    ../test-results/visual-regression-Visual-R-879db-match-dark-mode-screenshots-chromium/video.webm
    ────────────────────────────────────────────────────────────────────────────────────────────────

    Error Context: ../test-results/visual-regression-Visual-R-879db-match-dark-mode-screenshots-chromium/error-context.md
]]>
</failure>
<system-out>
<![CDATA[
[[ATTACHMENT|test-results/visual-regression-Visual-R-879db-match-dark-mode-screenshots-chromium/test-failed-1.png]]

[[ATTACHMENT|test-results/visual-regression-Visual-R-879db-match-dark-mode-screenshots-chromium/video.webm]]

[[ATTACHMENT|test-results/visual-regression-Visual-R-879db-match-dark-mode-screenshots-chromium/error-context.md]]
]]>
</system-out>
</testcase>
<testcase name="Visual Regression › should match mobile screenshots" classname="visual-regression.spec.ts" time="30.872">
<failure message="visual-regression.spec.ts:48:3 should match mobile screenshots" type="FAILURE">
<![CDATA[  [chromium] › visual-regression.spec.ts:48:3 › Visual Regression › should match mobile screenshots 

    Error: A snapshot doesn't exist at /Users/peterhanssens/consulting/Leptos/tailwind-rs/demos/leptos-demo/tests/visual-regression.spec.ts-snapshots/home-page-mobile-chromium-darwin.png, writing actual.

      51 |     
      52 |     // Take screenshot of home page on mobile
    > 53 |     await expect(page).toHaveScreenshot('home-page-mobile.png');
         |     ^
      54 |     
      55 |     // Navigate to components page on mobile
      56 |     await page.click('button:has-text("Components")');
        at /Users/peterhanssens/consulting/Leptos/tailwind-rs/demos/leptos-demo/tests/visual-regression.spec.ts:53:5

    Test timeout of 30000ms exceeded.

    Error: page.click: Test ended.
    Call log:
      - waiting for locator('button:has-text("Components")')


      54 |     
      55 |     // Navigate to components page on mobile
    > 56 |     await page.click('button:has-text("Components")');
         |                ^
      57 |     await page.waitForSelector('h2:has-text("Button Components")');
      58 |     await expect(page).toHaveScreenshot('components-page-mobile.png');
      59 |     
        at /Users/peterhanssens/consulting/Leptos/tailwind-rs/demos/leptos-demo/tests/visual-regression.spec.ts:56:16

    attachment #1: home-page-mobile (image/png) ────────────────────────────────────────────────────
    Expected: visual-regression.spec.ts-snapshots/home-page-mobile-chromium-darwin.png
    Received: ../test-results/visual-regression-Visual-R-006ab-ld-match-mobile-screenshots-chromium/home-page-mobile-actual.png
    ────────────────────────────────────────────────────────────────────────────────────────────────

    attachment #2: screenshot (image/png) ──────────────────────────────────────────────────────────
    ../test-results/visual-regression-Visual-R-006ab-ld-match-mobile-screenshots-chromium/test-failed-1.png
    ────────────────────────────────────────────────────────────────────────────────────────────────

    attachment #3: video (video/webm) ──────────────────────────────────────────────────────────────
    ../test-results/visual-regression-Visual-R-006ab-ld-match-mobile-screenshots-chromium/video.webm
    ────────────────────────────────────────────────────────────────────────────────────────────────

    Error Context: ../test-results/visual-regression-Visual-R-006ab-ld-match-mobile-screenshots-chromium/error-context.md
]]>
</failure>
<system-out>
<![CDATA[
[[ATTACHMENT|tests/visual-regression.spec.ts-snapshots/home-page-mobile-chromium-darwin.png]]

[[ATTACHMENT|test-results/visual-regression-Visual-R-006ab-ld-match-mobile-screenshots-chromium/home-page-mobile-actual.png]]

[[ATTACHMENT|test-results/visual-regression-Visual-R-006ab-ld-match-mobile-screenshots-chromium/test-failed-1.png]]

[[ATTACHMENT|test-results/visual-regression-Visual-R-006ab-ld-match-mobile-screenshots-chromium/video.webm]]

[[ATTACHMENT|test-results/visual-regression-Visual-R-006ab-ld-match-mobile-screenshots-chromium/error-context.md]]
]]>
</system-out>
</testcase>
<testcase name="Visual Regression › should match tablet screenshots" classname="visual-regression.spec.ts" time="30.54">
<failure message="visual-regression.spec.ts:66:3 should match tablet screenshots" type="FAILURE">
<![CDATA[  [chromium] › visual-regression.spec.ts:66:3 › Visual Regression › should match tablet screenshots 

    Error: A snapshot doesn't exist at /Users/peterhanssens/consulting/Leptos/tailwind-rs/demos/leptos-demo/tests/visual-regression.spec.ts-snapshots/home-page-tablet-chromium-darwin.png, writing actual.

      69 |     
      70 |     // Take screenshot of home page on tablet
    > 71 |     await expect(page).toHaveScreenshot('home-page-tablet.png');
         |     ^
      72 |     
      73 |     // Navigate to components page on tablet
      74 |     await page.click('button:has-text("Components")');
        at /Users/peterhanssens/consulting/Leptos/tailwind-rs/demos/leptos-demo/tests/visual-regression.spec.ts:71:5

    Test timeout of 30000ms exceeded.

    Error: page.click: Test ended.
    Call log:
      - waiting for locator('button:has-text("Components")')


      72 |     
      73 |     // Navigate to components page on tablet
    > 74 |     await page.click('button:has-text("Components")');
         |                ^
      75 |     await page.waitForSelector('h2:has-text("Button Components")');
      76 |     await expect(page).toHaveScreenshot('components-page-tablet.png');
      77 |   });
        at /Users/peterhanssens/consulting/Leptos/tailwind-rs/demos/leptos-demo/tests/visual-regression.spec.ts:74:16

    attachment #1: home-page-tablet (image/png) ────────────────────────────────────────────────────
    Expected: visual-regression.spec.ts-snapshots/home-page-tablet-chromium-darwin.png
    Received: ../test-results/visual-regression-Visual-R-270f6-ld-match-tablet-screenshots-chromium/home-page-tablet-actual.png
    ────────────────────────────────────────────────────────────────────────────────────────────────

    attachment #2: screenshot (image/png) ──────────────────────────────────────────────────────────
    ../test-results/visual-regression-Visual-R-270f6-ld-match-tablet-screenshots-chromium/test-failed-1.png
    ────────────────────────────────────────────────────────────────────────────────────────────────

    attachment #3: video (video/webm) ──────────────────────────────────────────────────────────────
    ../test-results/visual-regression-Visual-R-270f6-ld-match-tablet-screenshots-chromium/video.webm
    ────────────────────────────────────────────────────────────────────────────────────────────────

    Error Context: ../test-results/visual-regression-Visual-R-270f6-ld-match-tablet-screenshots-chromium/error-context.md
]]>
</failure>
<system-out>
<![CDATA[
[[ATTACHMENT|tests/visual-regression.spec.ts-snapshots/home-page-tablet-chromium-darwin.png]]

[[ATTACHMENT|test-results/visual-regression-Visual-R-270f6-ld-match-tablet-screenshots-chromium/home-page-tablet-actual.png]]

[[ATTACHMENT|test-results/visual-regression-Visual-R-270f6-ld-match-tablet-screenshots-chromium/test-failed-1.png]]

[[ATTACHMENT|test-results/visual-regression-Visual-R-270f6-ld-match-tablet-screenshots-chromium/video.webm]]

[[ATTACHMENT|test-results/visual-regression-Visual-R-270f6-ld-match-tablet-screenshots-chromium/error-context.md]]
]]>
</system-out>
</testcase>
<testcase name="Visual Regression › should match desktop screenshots" classname="visual-regression.spec.ts" time="30.516">
<failure message="visual-regression.spec.ts:79:3 should match desktop screenshots" type="FAILURE">
<![CDATA[  [chromium] › visual-regression.spec.ts:79:3 › Visual Regression › should match desktop screenshots 

    Error: A snapshot doesn't exist at /Users/peterhanssens/consulting/Leptos/tailwind-rs/demos/leptos-demo/tests/visual-regression.spec.ts-snapshots/home-page-desktop-chromium-darwin.png, writing actual.

      82 |     
      83 |     // Take screenshot of home page on desktop
    > 84 |     await expect(page).toHaveScreenshot('home-page-desktop.png');
         |     ^
      85 |     
      86 |     // Navigate to components page on desktop
      87 |     await page.click('button:has-text("Components")');
        at /Users/peterhanssens/consulting/Leptos/tailwind-rs/demos/leptos-demo/tests/visual-regression.spec.ts:84:5

    Test timeout of 30000ms exceeded.

    Error: page.click: Test ended.
    Call log:
      - waiting for locator('button:has-text("Components")')


      85 |     
      86 |     // Navigate to components page on desktop
    > 87 |     await page.click('button:has-text("Components")');
         |                ^
      88 |     await page.waitForSelector('h2:has-text("Button Components")');
      89 |     await expect(page).toHaveScreenshot('components-page-desktop.png');
      90 |   });
        at /Users/peterhanssens/consulting/Leptos/tailwind-rs/demos/leptos-demo/tests/visual-regression.spec.ts:87:16

    attachment #1: home-page-desktop (image/png) ───────────────────────────────────────────────────
    Expected: visual-regression.spec.ts-snapshots/home-page-desktop-chromium-darwin.png
    Received: ../test-results/visual-regression-Visual-R-eb03a-d-match-desktop-screenshots-chromium/home-page-desktop-actual.png
    ────────────────────────────────────────────────────────────────────────────────────────────────

    attachment #2: screenshot (image/png) ──────────────────────────────────────────────────────────
    ../test-results/visual-regression-Visual-R-eb03a-d-match-desktop-screenshots-chromium/test-failed-1.png
    ────────────────────────────────────────────────────────────────────────────────────────────────

    attachment #3: video (video/webm) ──────────────────────────────────────────────────────────────
    ../test-results/visual-regression-Visual-R-eb03a-d-match-desktop-screenshots-chromium/video.webm
    ────────────────────────────────────────────────────────────────────────────────────────────────

    Error Context: ../test-results/visual-regression-Visual-R-eb03a-d-match-desktop-screenshots-chromium/error-context.md
]]>
</failure>
<system-out>
<![CDATA[
[[ATTACHMENT|tests/visual-regression.spec.ts-snapshots/home-page-desktop-chromium-darwin.png]]

[[ATTACHMENT|test-results/visual-regression-Visual-R-eb03a-d-match-desktop-screenshots-chromium/home-page-desktop-actual.png]]

[[ATTACHMENT|test-results/visual-regression-Visual-R-eb03a-d-match-desktop-screenshots-chromium/test-failed-1.png]]

[[ATTACHMENT|test-results/visual-regression-Visual-R-eb03a-d-match-desktop-screenshots-chromium/video.webm]]

[[ATTACHMENT|test-results/visual-regression-Visual-R-eb03a-d-match-desktop-screenshots-chromium/error-context.md]]
]]>
</system-out>
</testcase>
<testcase name="Visual Regression › should match dynamic styling screenshots" classname="visual-regression.spec.ts" time="30.365">
<failure message="visual-regression.spec.ts:92:3 should match dynamic styling screenshots" type="FAILURE">
<![CDATA[  [chromium] › visual-regression.spec.ts:92:3 › Visual Regression › should match dynamic styling screenshots 

    Test timeout of 30000ms exceeded.

    Error: page.click: Test timeout of 30000ms exceeded.
    Call log:
      - waiting for locator('button:has-text("Dynamic")')


      91 |
      92 |   test('should match dynamic styling screenshots', async ({ page }) => {
    > 93 |     await page.click('button:has-text("Dynamic")');
         |                ^
      94 |     await page.waitForSelector('h2:has-text("Dynamic Class Generation")');
      95 |     
      96 |     const inputField = page.locator('input[placeholder*="Enter Tailwind classes"]');
        at /Users/peterhanssens/consulting/Leptos/tailwind-rs/demos/leptos-demo/tests/visual-regression.spec.ts:93:16

    attachment #1: screenshot (image/png) ──────────────────────────────────────────────────────────
    ../test-results/visual-regression-Visual-R-af0da-dynamic-styling-screenshots-chromium/test-failed-1.png
    ────────────────────────────────────────────────────────────────────────────────────────────────

    attachment #2: video (video/webm) ──────────────────────────────────────────────────────────────
    ../test-results/visual-regression-Visual-R-af0da-dynamic-styling-screenshots-chromium/video.webm
    ────────────────────────────────────────────────────────────────────────────────────────────────

    Error Context: ../test-results/visual-regression-Visual-R-af0da-dynamic-styling-screenshots-chromium/error-context.md
]]>
</failure>
<system-out>
<![CDATA[
[[ATTACHMENT|test-results/visual-regression-Visual-R-af0da-dynamic-styling-screenshots-chromium/test-failed-1.png]]

[[ATTACHMENT|test-results/visual-regression-Visual-R-af0da-dynamic-styling-screenshots-chromium/video.webm]]

[[ATTACHMENT|test-results/visual-regression-Visual-R-af0da-dynamic-styling-screenshots-chromium/error-context.md]]
]]>
</system-out>
</testcase>
<testcase name="Visual Regression › should match header component screenshot" classname="visual-regression.spec.ts" time="5.781">
<failure message="visual-regression.spec.ts:113:3 should match header component screenshot" type="FAILURE">
<![CDATA[  [chromium] › visual-regression.spec.ts:113:3 › Visual Regression › should match header component screenshot 

    Error: expect(locator).toHaveScreenshot(expected) failed

    Locator:  locator('header')
    Timeout:  5000ms
      Timeout 5000ms exceeded.

      Snapshot: header-component.png

    Call log:
      - Expect "toHaveScreenshot(header-component.png)" with timeout 5000ms
        - generating new stable screenshot expectation
      - waiting for locator('header')
      - Timeout 5000ms exceeded.


      114 |     // Take screenshot of just the header
      115 |     const header = page.locator('header');
    > 116 |     await expect(header).toHaveScreenshot('header-component.png');
          |                          ^
      117 |   });
      118 |
      119 |   test('should match footer component screenshot', async ({ page }) => {
        at /Users/peterhanssens/consulting/Leptos/tailwind-rs/demos/leptos-demo/tests/visual-regression.spec.ts:116:26

    attachment #1: screenshot (image/png) ──────────────────────────────────────────────────────────
    ../test-results/visual-regression-Visual-R-44588-header-component-screenshot-chromium/test-failed-1.png
    ────────────────────────────────────────────────────────────────────────────────────────────────

    attachment #2: video (video/webm) ──────────────────────────────────────────────────────────────
    ../test-results/visual-regression-Visual-R-44588-header-component-screenshot-chromium/video.webm
    ────────────────────────────────────────────────────────────────────────────────────────────────

    Error Context: ../test-results/visual-regression-Visual-R-44588-header-component-screenshot-chromium/error-context.md
]]>
</failure>
<system-out>
<![CDATA[
[[ATTACHMENT|test-results/visual-regression-Visual-R-44588-header-component-screenshot-chromium/test-failed-1.png]]

[[ATTACHMENT|test-results/visual-regression-Visual-R-44588-header-component-screenshot-chromium/video.webm]]

[[ATTACHMENT|test-results/visual-regression-Visual-R-44588-header-component-screenshot-chromium/error-context.md]]
]]>
</system-out>
</testcase>
<testcase name="Visual Regression › should match footer component screenshot" classname="visual-regression.spec.ts" time="5.586">
<failure message="visual-regression.spec.ts:119:3 should match footer component screenshot" type="FAILURE">
<![CDATA[  [chromium] › visual-regression.spec.ts:119:3 › Visual Regression › should match footer component screenshot 

    Error: expect(locator).toHaveScreenshot(expected) failed

    Locator:  locator('footer')
    Timeout:  5000ms
      Timeout 5000ms exceeded.

      Snapshot: footer-component.png

    Call log:
      - Expect "toHaveScreenshot(footer-component.png)" with timeout 5000ms
        - generating new stable screenshot expectation
      - waiting for locator('footer')
      - Timeout 5000ms exceeded.


      123 |     // Take screenshot of just the footer
      124 |     const footer = page.locator('footer');
    > 125 |     await expect(footer).toHaveScreenshot('footer-component.png');
          |                          ^
      126 |   });
      127 |
      128 |   test('should match feature cards screenshot', async ({ page }) => {
        at /Users/peterhanssens/consulting/Leptos/tailwind-rs/demos/leptos-demo/tests/visual-regression.spec.ts:125:26

    attachment #1: screenshot (image/png) ──────────────────────────────────────────────────────────
    ../test-results/visual-regression-Visual-R-4e185-footer-component-screenshot-chromium/test-failed-1.png
    ────────────────────────────────────────────────────────────────────────────────────────────────

    attachment #2: video (video/webm) ──────────────────────────────────────────────────────────────
    ../test-results/visual-regression-Visual-R-4e185-footer-component-screenshot-chromium/video.webm
    ────────────────────────────────────────────────────────────────────────────────────────────────

    Error Context: ../test-results/visual-regression-Visual-R-4e185-footer-component-screenshot-chromium/error-context.md
]]>
</failure>
<system-out>
<![CDATA[
[[ATTACHMENT|test-results/visual-regression-Visual-R-4e185-footer-component-screenshot-chromium/test-failed-1.png]]

[[ATTACHMENT|test-results/visual-regression-Visual-R-4e185-footer-component-screenshot-chromium/video.webm]]

[[ATTACHMENT|test-results/visual-regression-Visual-R-4e185-footer-component-screenshot-chromium/error-context.md]]
]]>
</system-out>
</testcase>
<testcase name="Visual Regression › should match feature cards screenshot" classname="visual-regression.spec.ts" time="5.771">
<failure message="visual-regression.spec.ts:128:3 should match feature cards screenshot" type="FAILURE">
<![CDATA[  [chromium] › visual-regression.spec.ts:128:3 › Visual Regression › should match feature cards screenshot 

    Error: expect(locator).toHaveScreenshot(expected) failed

    Locator:  locator('.grid.grid-cols-1.md\\:grid-cols-2.lg\\:grid-cols-3')
    Timeout:  5000ms
      Timeout 5000ms exceeded.

      Snapshot: feature-cards.png

    Call log:
      - Expect "toHaveScreenshot(feature-cards.png)" with timeout 5000ms
        - generating new stable screenshot expectation
      - waiting for locator('.grid.grid-cols-1.md\\:grid-cols-2.lg\\:grid-cols-3')
      - Timeout 5000ms exceeded.


      129 |     // Take screenshot of feature cards section
      130 |     const featureGrid = page.locator('.grid.grid-cols-1.md\\:grid-cols-2.lg\\:grid-cols-3');
    > 131 |     await expect(featureGrid).toHaveScreenshot('feature-cards.png');
          |                               ^
      132 |   });
      133 |
      134 |   test('should match button components screenshot', async ({ page }) => {
        at /Users/peterhanssens/consulting/Leptos/tailwind-rs/demos/leptos-demo/tests/visual-regression.spec.ts:131:31

    attachment #1: screenshot (image/png) ──────────────────────────────────────────────────────────
    ../test-results/visual-regression-Visual-R-1e359-ch-feature-cards-screenshot-chromium/test-failed-1.png
    ────────────────────────────────────────────────────────────────────────────────────────────────

    attachment #2: video (video/webm) ──────────────────────────────────────────────────────────────
    ../test-results/visual-regression-Visual-R-1e359-ch-feature-cards-screenshot-chromium/video.webm
    ────────────────────────────────────────────────────────────────────────────────────────────────

    Error Context: ../test-results/visual-regression-Visual-R-1e359-ch-feature-cards-screenshot-chromium/error-context.md
]]>
</failure>
<system-out>
<![CDATA[
[[ATTACHMENT|test-results/visual-regression-Visual-R-1e359-ch-feature-cards-screenshot-chromium/test-failed-1.png]]

[[ATTACHMENT|test-results/visual-regression-Visual-R-1e359-ch-feature-cards-screenshot-chromium/video.webm]]

[[ATTACHMENT|test-results/visual-regression-Visual-R-1e359-ch-feature-cards-screenshot-chromium/error-context.md]]
]]>
</system-out>
</testcase>
<testcase name="Visual Regression › should match button components screenshot" classname="visual-regression.spec.ts" time="30.705">
<failure message="visual-regression.spec.ts:134:3 should match button components screenshot" type="FAILURE">
<![CDATA[  [chromium] › visual-regression.spec.ts:134:3 › Visual Regression › should match button components screenshot 

    Test timeout of 30000ms exceeded.

    Error: page.click: Test timeout of 30000ms exceeded.
    Call log:
      - waiting for locator('button:has-text("Components")')


      133 |
      134 |   test('should match button components screenshot', async ({ page }) => {
    > 135 |     await page.click('button:has-text("Components")');
          |                ^
      136 |     await page.waitForSelector('h2:has-text("Button Components")');
      137 |     
      138 |     // Take screenshot of button components section
        at /Users/peterhanssens/consulting/Leptos/tailwind-rs/demos/leptos-demo/tests/visual-regression.spec.ts:135:16

    attachment #1: screenshot (image/png) ──────────────────────────────────────────────────────────
    ../test-results/visual-regression-Visual-R-f189e-utton-components-screenshot-chromium/test-failed-1.png
    ────────────────────────────────────────────────────────────────────────────────────────────────

    attachment #2: video (video/webm) ──────────────────────────────────────────────────────────────
    ../test-results/visual-regression-Visual-R-f189e-utton-components-screenshot-chromium/video.webm
    ────────────────────────────────────────────────────────────────────────────────────────────────

    Error Context: ../test-results/visual-regression-Visual-R-f189e-utton-components-screenshot-chromium/error-context.md
]]>
</failure>
<system-out>
<![CDATA[
[[ATTACHMENT|test-results/visual-regression-Visual-R-f189e-utton-components-screenshot-chromium/test-failed-1.png]]

[[ATTACHMENT|test-results/visual-regression-Visual-R-f189e-utton-components-screenshot-chromium/video.webm]]

[[ATTACHMENT|test-results/visual-regression-Visual-R-f189e-utton-components-screenshot-chromium/error-context.md]]
]]>
</system-out>
</testcase>
<testcase name="Visual Regression › should match card components screenshot" classname="visual-regression.spec.ts" time="30.779">
<failure message="visual-regression.spec.ts:143:3 should match card components screenshot" type="FAILURE">
<![CDATA[  [chromium] › visual-regression.spec.ts:143:3 › Visual Regression › should match card components screenshot 

    Test timeout of 30000ms exceeded.

    Error: page.click: Test timeout of 30000ms exceeded.
    Call log:
      - waiting for locator('button:has-text("Components")')


      142 |
      143 |   test('should match card components screenshot', async ({ page }) => {
    > 144 |     await page.click('button:has-text("Components")');
          |                ^
      145 |     await page.waitForSelector('h2:has-text("Card Components")');
      146 |     
      147 |     // Take screenshot of card components section
        at /Users/peterhanssens/consulting/Leptos/tailwind-rs/demos/leptos-demo/tests/visual-regression.spec.ts:144:16

    attachment #1: screenshot (image/png) ──────────────────────────────────────────────────────────
    ../test-results/visual-regression-Visual-R-76365--card-components-screenshot-chromium/test-failed-1.png
    ────────────────────────────────────────────────────────────────────────────────────────────────

    attachment #2: video (video/webm) ──────────────────────────────────────────────────────────────
    ../test-results/visual-regression-Visual-R-76365--card-components-screenshot-chromium/video.webm
    ────────────────────────────────────────────────────────────────────────────────────────────────

    Error Context: ../test-results/visual-regression-Visual-R-76365--card-components-screenshot-chromium/error-context.md
]]>
</failure>
<system-out>
<![CDATA[
[[ATTACHMENT|test-results/visual-regression-Visual-R-76365--card-components-screenshot-chromium/test-failed-1.png]]

[[ATTACHMENT|test-results/visual-regression-Visual-R-76365--card-components-screenshot-chromium/video.webm]]

[[ATTACHMENT|test-results/visual-regression-Visual-R-76365--card-components-screenshot-chromium/error-context.md]]
]]>
</system-out>
</testcase>
</testsuite>
<testsuite name="accessibility.spec.ts" timestamp="2025-09-28T10:07:22.421Z" hostname="firefox" tests="10" failures="9" skipped="0" time="145.954" errors="0">
<testcase name="Accessibility › should have proper heading hierarchy" classname="accessibility.spec.ts" time="30.079">
<failure message="accessibility.spec.ts:9:3 should have proper heading hierarchy" type="FAILURE">
<![CDATA[  [firefox] › accessibility.spec.ts:9:3 › Accessibility › should have proper heading hierarchy ─────

    Test timeout of 30000ms exceeded.

    Error: page.click: Test timeout of 30000ms exceeded.
    Call log:
      - waiting for locator('button:has-text("Components")')


      14 |     
      15 |     // Navigate to components page and check h2
    > 16 |     await page.click('button:has-text("Components")');
         |                ^
      17 |     const h2s = page.locator('h2');
      18 |     await expect(h2s).toHaveCount(2); // Button Components, Card Components
      19 |     
        at /Users/peterhanssens/consulting/Leptos/tailwind-rs/demos/leptos-demo/tests/accessibility.spec.ts:16:16

    attachment #1: screenshot (image/png) ──────────────────────────────────────────────────────────
    ../test-results/accessibility-Accessibilit-2480b-ve-proper-heading-hierarchy-firefox/test-failed-1.png
    ────────────────────────────────────────────────────────────────────────────────────────────────

    attachment #2: video (video/webm) ──────────────────────────────────────────────────────────────
    ../test-results/accessibility-Accessibilit-2480b-ve-proper-heading-hierarchy-firefox/video.webm
    ────────────────────────────────────────────────────────────────────────────────────────────────

    Error Context: ../test-results/accessibility-Accessibilit-2480b-ve-proper-heading-hierarchy-firefox/error-context.md
]]>
</failure>
<system-out>
<![CDATA[
[[ATTACHMENT|test-results/accessibility-Accessibilit-2480b-ve-proper-heading-hierarchy-firefox/test-failed-1.png]]

[[ATTACHMENT|test-results/accessibility-Accessibilit-2480b-ve-proper-heading-hierarchy-firefox/video.webm]]

[[ATTACHMENT|test-results/accessibility-Accessibilit-2480b-ve-proper-heading-hierarchy-firefox/error-context.md]]
]]>
</system-out>
</testcase>
<testcase name="Accessibility › should have proper button labels" classname="accessibility.spec.ts" time="6.019">
<failure message="accessibility.spec.ts:26:3 should have proper button labels" type="FAILURE">
<![CDATA[  [firefox] › accessibility.spec.ts:26:3 › Accessibility › should have proper button labels ────────

    Error: expect(locator).toBeVisible() failed

    Locator:  locator('button:has-text("Home")')
    Expected: visible
    Received: <element(s) not found>
    Timeout:  5000ms

    Call log:
      - Expect "toBeVisible" with timeout 5000ms
      - waiting for locator('button:has-text("Home")')


      27 |     // Check navigation buttons have accessible text
      28 |     const homeButton = page.locator('button:has-text("Home")');
    > 29 |     await expect(homeButton).toBeVisible();
         |                              ^
      30 |     
      31 |     const componentsButton = page.locator('button:has-text("Components")');
      32 |     await expect(componentsButton).toBeVisible();
        at /Users/peterhanssens/consulting/Leptos/tailwind-rs/demos/leptos-demo/tests/accessibility.spec.ts:29:30

    attachment #1: screenshot (image/png) ──────────────────────────────────────────────────────────
    ../test-results/accessibility-Accessibility-should-have-proper-button-labels-firefox/test-failed-1.png
    ────────────────────────────────────────────────────────────────────────────────────────────────

    attachment #2: video (video/webm) ──────────────────────────────────────────────────────────────
    ../test-results/accessibility-Accessibility-should-have-proper-button-labels-firefox/video.webm
    ────────────────────────────────────────────────────────────────────────────────────────────────

    Error Context: ../test-results/accessibility-Accessibility-should-have-proper-button-labels-firefox/error-context.md
]]>
</failure>
<system-out>
<![CDATA[
[[ATTACHMENT|test-results/accessibility-Accessibility-should-have-proper-button-labels-firefox/test-failed-1.png]]

[[ATTACHMENT|test-results/accessibility-Accessibility-should-have-proper-button-labels-firefox/video.webm]]

[[ATTACHMENT|test-results/accessibility-Accessibility-should-have-proper-button-labels-firefox/error-context.md]]
]]>
</system-out>
</testcase>
<testcase name="Accessibility › should have proper form labels" classname="accessibility.spec.ts" time="30.069">
<failure message="accessibility.spec.ts:42:3 should have proper form labels" type="FAILURE">
<![CDATA[  [firefox] › accessibility.spec.ts:42:3 › Accessibility › should have proper form labels ──────────

    Test timeout of 30000ms exceeded.

    Error: page.click: Test timeout of 30000ms exceeded.
    Call log:
      - waiting for locator('button:has-text("Dynamic")')


      41 |
      42 |   test('should have proper form labels', async ({ page }) => {
    > 43 |     await page.click('button:has-text("Dynamic")');
         |                ^
      44 |     
      45 |     // Check input has proper label
      46 |     const label = page.locator('label:has-text("CSS Classes")');
        at /Users/peterhanssens/consulting/Leptos/tailwind-rs/demos/leptos-demo/tests/accessibility.spec.ts:43:16

    attachment #1: screenshot (image/png) ──────────────────────────────────────────────────────────
    ../test-results/accessibility-Accessibility-should-have-proper-form-labels-firefox/test-failed-1.png
    ────────────────────────────────────────────────────────────────────────────────────────────────

    attachment #2: video (video/webm) ──────────────────────────────────────────────────────────────
    ../test-results/accessibility-Accessibility-should-have-proper-form-labels-firefox/video.webm
    ────────────────────────────────────────────────────────────────────────────────────────────────

    Error Context: ../test-results/accessibility-Accessibility-should-have-proper-form-labels-firefox/error-context.md
]]>
</failure>
<system-out>
<![CDATA[
[[ATTACHMENT|test-results/accessibility-Accessibility-should-have-proper-form-labels-firefox/test-failed-1.png]]

[[ATTACHMENT|test-results/accessibility-Accessibility-should-have-proper-form-labels-firefox/video.webm]]

[[ATTACHMENT|test-results/accessibility-Accessibility-should-have-proper-form-labels-firefox/error-context.md]]
]]>
</system-out>
</testcase>
<testcase name="Accessibility › should support keyboard navigation" classname="accessibility.spec.ts" time="6.112">
<failure message="accessibility.spec.ts:53:3 should support keyboard navigation" type="FAILURE">
<![CDATA[  [firefox] › accessibility.spec.ts:53:3 › Accessibility › should support keyboard navigation ──────

    Error: expect(locator).toBeVisible() failed

    Locator:  locator(':focus')
    Expected: visible
    Received: <element(s) not found>
    Timeout:  5000ms

    Call log:
      - Expect "toBeVisible" with timeout 5000ms
      - waiting for locator(':focus')


      59 |     // Check that focus is visible
      60 |     const focusedElement = page.locator(':focus');
    > 61 |     await expect(focusedElement).toBeVisible();
         |                                  ^
      62 |   });
      63 |
      64 |   test('should have proper color contrast', async ({ page }) => {
        at /Users/peterhanssens/consulting/Leptos/tailwind-rs/demos/leptos-demo/tests/accessibility.spec.ts:61:34

    attachment #1: screenshot (image/png) ──────────────────────────────────────────────────────────
    ../test-results/accessibility-Accessibilit-575e3-support-keyboard-navigation-firefox/test-failed-1.png
    ────────────────────────────────────────────────────────────────────────────────────────────────

    attachment #2: video (video/webm) ──────────────────────────────────────────────────────────────
    ../test-results/accessibility-Accessibilit-575e3-support-keyboard-navigation-firefox/video.webm
    ────────────────────────────────────────────────────────────────────────────────────────────────

    Error Context: ../test-results/accessibility-Accessibilit-575e3-support-keyboard-navigation-firefox/error-context.md
]]>
</failure>
<system-out>
<![CDATA[
[[ATTACHMENT|test-results/accessibility-Accessibilit-575e3-support-keyboard-navigation-firefox/test-failed-1.png]]

[[ATTACHMENT|test-results/accessibility-Accessibilit-575e3-support-keyboard-navigation-firefox/video.webm]]

[[ATTACHMENT|test-results/accessibility-Accessibilit-575e3-support-keyboard-navigation-firefox/error-context.md]]
]]>
</system-out>
</testcase>
<testcase name="Accessibility › should have proper color contrast" classname="accessibility.spec.ts" time="6.017">
<failure message="accessibility.spec.ts:64:3 should have proper color contrast" type="FAILURE">
<![CDATA[  [firefox] › accessibility.spec.ts:64:3 › Accessibility › should have proper color contrast ───────

    Error: expect(locator).toBeVisible() failed

    Locator:  locator('button:has-text("Get Started")')
    Expected: visible
    Received: <element(s) not found>
    Timeout:  5000ms

    Call log:
      - Expect "toBeVisible" with timeout 5000ms
      - waiting for locator('button:has-text("Get Started")')


      69 |     // Check button contrast
      70 |     const primaryButton = page.locator('button:has-text("Get Started")');
    > 71 |     await expect(primaryButton).toBeVisible();
         |                                 ^
      72 |     await expect(primaryButton).toHaveClass(/bg-blue-500.*text-white/);
      73 |   });
      74 |
        at /Users/peterhanssens/consulting/Leptos/tailwind-rs/demos/leptos-demo/tests/accessibility.spec.ts:71:33

    attachment #1: screenshot (image/png) ──────────────────────────────────────────────────────────
    ../test-results/accessibility-Accessibilit-b49e1--have-proper-color-contrast-firefox/test-failed-1.png
    ────────────────────────────────────────────────────────────────────────────────────────────────

    attachment #2: video (video/webm) ──────────────────────────────────────────────────────────────
    ../test-results/accessibility-Accessibilit-b49e1--have-proper-color-contrast-firefox/video.webm
    ────────────────────────────────────────────────────────────────────────────────────────────────

    Error Context: ../test-results/accessibility-Accessibilit-b49e1--have-proper-color-contrast-firefox/error-context.md
]]>
</failure>
<system-out>
<![CDATA[
[[ATTACHMENT|test-results/accessibility-Accessibilit-b49e1--have-proper-color-contrast-firefox/test-failed-1.png]]

[[ATTACHMENT|test-results/accessibility-Accessibilit-b49e1--have-proper-color-contrast-firefox/video.webm]]

[[ATTACHMENT|test-results/accessibility-Accessibilit-b49e1--have-proper-color-contrast-firefox/error-context.md]]
]]>
</system-out>
</testcase>
<testcase name="Accessibility › should support dark mode accessibility" classname="accessibility.spec.ts" time="30.072">
<failure message="accessibility.spec.ts:75:3 should support dark mode accessibility" type="FAILURE">
<![CDATA[  [firefox] › accessibility.spec.ts:75:3 › Accessibility › should support dark mode accessibility ──

    Test timeout of 30000ms exceeded.

    Error: page.click: Test timeout of 30000ms exceeded.
    Call log:
      - waiting for locator('button:has-text("☀️")')


      75 |   test('should support dark mode accessibility', async ({ page }) => {
      76 |     // Toggle to dark mode
    > 77 |     await page.click('button:has-text("☀️")');
         |                ^
      78 |     
      79 |     // Check that text remains readable
      80 |     const title = page.locator('h1:has-text("Tailwind-RS Demo")');
        at /Users/peterhanssens/consulting/Leptos/tailwind-rs/demos/leptos-demo/tests/accessibility.spec.ts:77:16

    attachment #1: screenshot (image/png) ──────────────────────────────────────────────────────────
    ../test-results/accessibility-Accessibilit-563a8-ort-dark-mode-accessibility-firefox/test-failed-1.png
    ────────────────────────────────────────────────────────────────────────────────────────────────

    attachment #2: video (video/webm) ──────────────────────────────────────────────────────────────
    ../test-results/accessibility-Accessibilit-563a8-ort-dark-mode-accessibility-firefox/video.webm
    ────────────────────────────────────────────────────────────────────────────────────────────────

    Error Context: ../test-results/accessibility-Accessibilit-563a8-ort-dark-mode-accessibility-firefox/error-context.md
]]>
</failure>
<system-out>
<![CDATA[
[[ATTACHMENT|test-results/accessibility-Accessibilit-563a8-ort-dark-mode-accessibility-firefox/test-failed-1.png]]

[[ATTACHMENT|test-results/accessibility-Accessibilit-563a8-ort-dark-mode-accessibility-firefox/video.webm]]

[[ATTACHMENT|test-results/accessibility-Accessibilit-563a8-ort-dark-mode-accessibility-firefox/error-context.md]]
]]>
</system-out>
</testcase>
<testcase name="Accessibility › should have proper focus indicators" classname="accessibility.spec.ts" time="30.065">
<failure message="accessibility.spec.ts:88:3 should have proper focus indicators" type="FAILURE">
<![CDATA[  [firefox] › accessibility.spec.ts:88:3 › Accessibility › should have proper focus indicators ─────

    Test timeout of 30000ms exceeded.

    Error: locator.focus: Test timeout of 30000ms exceeded.
    Call log:
      - waiting for locator('button:has-text("Home")')


      89 |     // Focus on a button
      90 |     const homeButton = page.locator('button:has-text("Home")');
    > 91 |     await homeButton.focus();
         |                      ^
      92 |     
      93 |     // Check that focus is visible
      94 |     await expect(homeButton).toBeFocused();
        at /Users/peterhanssens/consulting/Leptos/tailwind-rs/demos/leptos-demo/tests/accessibility.spec.ts:91:22

    attachment #1: screenshot (image/png) ──────────────────────────────────────────────────────────
    ../test-results/accessibility-Accessibilit-0b746-ave-proper-focus-indicators-firefox/test-failed-1.png
    ────────────────────────────────────────────────────────────────────────────────────────────────

    attachment #2: video (video/webm) ──────────────────────────────────────────────────────────────
    ../test-results/accessibility-Accessibilit-0b746-ave-proper-focus-indicators-firefox/video.webm
    ────────────────────────────────────────────────────────────────────────────────────────────────

    Error Context: ../test-results/accessibility-Accessibilit-0b746-ave-proper-focus-indicators-firefox/error-context.md
]]>
</failure>
<system-out>
<![CDATA[
[[ATTACHMENT|test-results/accessibility-Accessibilit-0b746-ave-proper-focus-indicators-firefox/test-failed-1.png]]

[[ATTACHMENT|test-results/accessibility-Accessibilit-0b746-ave-proper-focus-indicators-firefox/video.webm]]

[[ATTACHMENT|test-results/accessibility-Accessibilit-0b746-ave-proper-focus-indicators-firefox/error-context.md]]
]]>
</system-out>
</testcase>
<testcase name="Accessibility › should have proper ARIA attributes" classname="accessibility.spec.ts" time="1.079">
</testcase>
<testcase name="Accessibility › should handle screen reader navigation" classname="accessibility.spec.ts" time="5.363">
<failure message="accessibility.spec.ts:110:3 should handle screen reader navigation" type="FAILURE">
<![CDATA[  [firefox] › accessibility.spec.ts:110:3 › Accessibility › should handle screen reader navigation ─

    Error: expect(locator).toBeVisible() failed

    Locator:  locator('main')
    Expected: visible
    Received: <element(s) not found>
    Timeout:  5000ms

    Call log:
      - Expect "toBeVisible" with timeout 5000ms
      - waiting for locator('main')


      116 |     // Check that main content is properly marked
      117 |     const main = page.locator('main');
    > 118 |     await expect(main).toBeVisible();
          |                        ^
      119 |   });
      120 |
      121 |   test('should support reduced motion preferences', async ({ page }) => {
        at /Users/peterhanssens/consulting/Leptos/tailwind-rs/demos/leptos-demo/tests/accessibility.spec.ts:118:24

    attachment #1: screenshot (image/png) ──────────────────────────────────────────────────────────
    ../test-results/accessibility-Accessibilit-bbee1-le-screen-reader-navigation-firefox/test-failed-1.png
    ────────────────────────────────────────────────────────────────────────────────────────────────

    attachment #2: video (video/webm) ──────────────────────────────────────────────────────────────
    ../test-results/accessibility-Accessibilit-bbee1-le-screen-reader-navigation-firefox/video.webm
    ────────────────────────────────────────────────────────────────────────────────────────────────

    Error Context: ../test-results/accessibility-Accessibilit-bbee1-le-screen-reader-navigation-firefox/error-context.md
]]>
</failure>
<system-out>
<![CDATA[
[[ATTACHMENT|test-results/accessibility-Accessibilit-bbee1-le-screen-reader-navigation-firefox/test-failed-1.png]]

[[ATTACHMENT|test-results/accessibility-Accessibilit-bbee1-le-screen-reader-navigation-firefox/video.webm]]

[[ATTACHMENT|test-results/accessibility-Accessibilit-bbee1-le-screen-reader-navigation-firefox/error-context.md]]
]]>
</system-out>
</testcase>
<testcase name="Accessibility › should support reduced motion preferences" classname="accessibility.spec.ts" time="1.079">
<failure message="accessibility.spec.ts:121:3 should support reduced motion preferences" type="FAILURE">
<![CDATA[  [firefox] › accessibility.spec.ts:121:3 › Accessibility › should support reduced motion preferences 

    Error: expect(received).toBeGreaterThan(expected)

    Expected: > 0
    Received:   0

      125 |     
      126 |     // Elements should still be functional even with reduced motion
    > 127 |     expect(animatedCount).toBeGreaterThan(0);
          |                           ^
      128 |   });
      129 | });
      130 |
        at /Users/peterhanssens/consulting/Leptos/tailwind-rs/demos/leptos-demo/tests/accessibility.spec.ts:127:27

    attachment #1: screenshot (image/png) ──────────────────────────────────────────────────────────
    ../test-results/accessibility-Accessibilit-8d4d5--reduced-motion-preferences-firefox/test-failed-1.png
    ────────────────────────────────────────────────────────────────────────────────────────────────

    attachment #2: video (video/webm) ──────────────────────────────────────────────────────────────
    ../test-results/accessibility-Accessibilit-8d4d5--reduced-motion-preferences-firefox/video.webm
    ────────────────────────────────────────────────────────────────────────────────────────────────

    Error Context: ../test-results/accessibility-Accessibilit-8d4d5--reduced-motion-preferences-firefox/error-context.md
]]>
</failure>
<system-out>
<![CDATA[
[[ATTACHMENT|test-results/accessibility-Accessibilit-8d4d5--reduced-motion-preferences-firefox/test-failed-1.png]]

[[ATTACHMENT|test-results/accessibility-Accessibilit-8d4d5--reduced-motion-preferences-firefox/video.webm]]

[[ATTACHMENT|test-results/accessibility-Accessibilit-8d4d5--reduced-motion-preferences-firefox/error-context.md]]
]]>
</system-out>
</testcase>
</testsuite>
<testsuite name="components-page.spec.ts" timestamp="2025-09-28T10:07:22.421Z" hostname="firefox" tests="6" failures="6" skipped="0" time="180.486" errors="0">
<testcase name="Components Page › should display button components section" classname="components-page.spec.ts" time="30.069">
<failure message="components-page.spec.ts:10:3 should display button components section" type="FAILURE">
<![CDATA[  [firefox] › components-page.spec.ts:10:3 › Components Page › should display button components section 

    Test timeout of 30000ms exceeded while running "beforeEach" hook.

      2 |
      3 | test.describe('Components Page', () => {
    > 4 |   test.beforeEach(async ({ page }) => {
        |        ^
      5 |     await page.goto('/');
      6 |     await page.waitForSelector('[data-testid="app"]', { timeout: 10000 });
      7 |     await page.click('button:has-text("Components")');
        at /Users/peterhanssens/consulting/Leptos/tailwind-rs/demos/leptos-demo/tests/components-page.spec.ts:4:8

    Error: page.click: Test timeout of 30000ms exceeded.
    Call log:
      - waiting for locator('button:has-text("Components")')


       5 |     await page.goto('/');
       6 |     await page.waitForSelector('[data-testid="app"]', { timeout: 10000 });
    >  7 |     await page.click('button:has-text("Components")');
         |                ^
       8 |   });
       9 |
      10 |   test('should display button components section', async ({ page }) => {
        at /Users/peterhanssens/consulting/Leptos/tailwind-rs/demos/leptos-demo/tests/components-page.spec.ts:7:16

    attachment #1: screenshot (image/png) ──────────────────────────────────────────────────────────
    ../test-results/components-page-Components-d078f-y-button-components-section-firefox/test-failed-1.png
    ────────────────────────────────────────────────────────────────────────────────────────────────

    attachment #2: video (video/webm) ──────────────────────────────────────────────────────────────
    ../test-results/components-page-Components-d078f-y-button-components-section-firefox/video.webm
    ────────────────────────────────────────────────────────────────────────────────────────────────

    Error Context: ../test-results/components-page-Components-d078f-y-button-components-section-firefox/error-context.md
]]>
</failure>
<system-out>
<![CDATA[
[[ATTACHMENT|test-results/components-page-Components-d078f-y-button-components-section-firefox/test-failed-1.png]]

[[ATTACHMENT|test-results/components-page-Components-d078f-y-button-components-section-firefox/video.webm]]

[[ATTACHMENT|test-results/components-page-Components-d078f-y-button-components-section-firefox/error-context.md]]
]]>
</system-out>
</testcase>
<testcase name="Components Page › should display button size variants" classname="components-page.spec.ts" time="30.122">
<failure message="components-page.spec.ts:40:3 should display button size variants" type="FAILURE">
<![CDATA[  [firefox] › components-page.spec.ts:40:3 › Components Page › should display button size variants ─

    Test timeout of 30000ms exceeded while running "beforeEach" hook.

      2 |
      3 | test.describe('Components Page', () => {
    > 4 |   test.beforeEach(async ({ page }) => {
        |        ^
      5 |     await page.goto('/');
      6 |     await page.waitForSelector('[data-testid="app"]', { timeout: 10000 });
      7 |     await page.click('button:has-text("Components")');
        at /Users/peterhanssens/consulting/Leptos/tailwind-rs/demos/leptos-demo/tests/components-page.spec.ts:4:8

    Error: page.click: Test timeout of 30000ms exceeded.
    Call log:
      - waiting for locator('button:has-text("Components")')


       5 |     await page.goto('/');
       6 |     await page.waitForSelector('[data-testid="app"]', { timeout: 10000 });
    >  7 |     await page.click('button:has-text("Components")');
         |                ^
       8 |   });
       9 |
      10 |   test('should display button components section', async ({ page }) => {
        at /Users/peterhanssens/consulting/Leptos/tailwind-rs/demos/leptos-demo/tests/components-page.spec.ts:7:16

    attachment #1: screenshot (image/png) ──────────────────────────────────────────────────────────
    ../test-results/components-page-Components-c04b6-isplay-button-size-variants-firefox/test-failed-1.png
    ────────────────────────────────────────────────────────────────────────────────────────────────

    attachment #2: video (video/webm) ──────────────────────────────────────────────────────────────
    ../test-results/components-page-Components-c04b6-isplay-button-size-variants-firefox/video.webm
    ────────────────────────────────────────────────────────────────────────────────────────────────

    Error Context: ../test-results/components-page-Components-c04b6-isplay-button-size-variants-firefox/error-context.md
]]>
</failure>
<system-out>
<![CDATA[
[[ATTACHMENT|test-results/components-page-Components-c04b6-isplay-button-size-variants-firefox/test-failed-1.png]]

[[ATTACHMENT|test-results/components-page-Components-c04b6-isplay-button-size-variants-firefox/video.webm]]

[[ATTACHMENT|test-results/components-page-Components-c04b6-isplay-button-size-variants-firefox/error-context.md]]
]]>
</system-out>
</testcase>
<testcase name="Components Page › should display card components section" classname="components-page.spec.ts" time="30.08">
<failure message="components-page.spec.ts:52:3 should display card components section" type="FAILURE">
<![CDATA[  [firefox] › components-page.spec.ts:52:3 › Components Page › should display card components section 

    Test timeout of 30000ms exceeded while running "beforeEach" hook.

      2 |
      3 | test.describe('Components Page', () => {
    > 4 |   test.beforeEach(async ({ page }) => {
        |        ^
      5 |     await page.goto('/');
      6 |     await page.waitForSelector('[data-testid="app"]', { timeout: 10000 });
      7 |     await page.click('button:has-text("Components")');
        at /Users/peterhanssens/consulting/Leptos/tailwind-rs/demos/leptos-demo/tests/components-page.spec.ts:4:8

    Error: page.click: Test timeout of 30000ms exceeded.
    Call log:
      - waiting for locator('button:has-text("Components")')


       5 |     await page.goto('/');
       6 |     await page.waitForSelector('[data-testid="app"]', { timeout: 10000 });
    >  7 |     await page.click('button:has-text("Components")');
         |                ^
       8 |   });
       9 |
      10 |   test('should display button components section', async ({ page }) => {
        at /Users/peterhanssens/consulting/Leptos/tailwind-rs/demos/leptos-demo/tests/components-page.spec.ts:7:16

    attachment #1: screenshot (image/png) ──────────────────────────────────────────────────────────
    ../test-results/components-page-Components-93c7a-lay-card-components-section-firefox/test-failed-1.png
    ────────────────────────────────────────────────────────────────────────────────────────────────

    attachment #2: video (video/webm) ──────────────────────────────────────────────────────────────
    ../test-results/components-page-Components-93c7a-lay-card-components-section-firefox/video.webm
    ────────────────────────────────────────────────────────────────────────────────────────────────

    Error Context: ../test-results/components-page-Components-93c7a-lay-card-components-section-firefox/error-context.md
]]>
</failure>
<system-out>
<![CDATA[
[[ATTACHMENT|test-results/components-page-Components-93c7a-lay-card-components-section-firefox/test-failed-1.png]]

[[ATTACHMENT|test-results/components-page-Components-93c7a-lay-card-components-section-firefox/video.webm]]

[[ATTACHMENT|test-results/components-page-Components-93c7a-lay-card-components-section-firefox/error-context.md]]
]]>
</system-out>
</testcase>
<testcase name="Components Page › should have interactive elements" classname="components-page.spec.ts" time="30.071">
<failure message="components-page.spec.ts:79:3 should have interactive elements" type="FAILURE">
<![CDATA[  [firefox] › components-page.spec.ts:79:3 › Components Page › should have interactive elements ────

    Test timeout of 30000ms exceeded while running "beforeEach" hook.

      2 |
      3 | test.describe('Components Page', () => {
    > 4 |   test.beforeEach(async ({ page }) => {
        |        ^
      5 |     await page.goto('/');
      6 |     await page.waitForSelector('[data-testid="app"]', { timeout: 10000 });
      7 |     await page.click('button:has-text("Components")');
        at /Users/peterhanssens/consulting/Leptos/tailwind-rs/demos/leptos-demo/tests/components-page.spec.ts:4:8

    Error: page.click: Test timeout of 30000ms exceeded.
    Call log:
      - waiting for locator('button:has-text("Components")')


       5 |     await page.goto('/');
       6 |     await page.waitForSelector('[data-testid="app"]', { timeout: 10000 });
    >  7 |     await page.click('button:has-text("Components")');
         |                ^
       8 |   });
       9 |
      10 |   test('should display button components section', async ({ page }) => {
        at /Users/peterhanssens/consulting/Leptos/tailwind-rs/demos/leptos-demo/tests/components-page.spec.ts:7:16

    attachment #1: screenshot (image/png) ──────────────────────────────────────────────────────────
    ../test-results/components-page-Components-5f748-d-have-interactive-elements-firefox/test-failed-1.png
    ────────────────────────────────────────────────────────────────────────────────────────────────

    attachment #2: video (video/webm) ──────────────────────────────────────────────────────────────
    ../test-results/components-page-Components-5f748-d-have-interactive-elements-firefox/video.webm
    ────────────────────────────────────────────────────────────────────────────────────────────────

    Error Context: ../test-results/components-page-Components-5f748-d-have-interactive-elements-firefox/error-context.md
]]>
</failure>
<system-out>
<![CDATA[
[[ATTACHMENT|test-results/components-page-Components-5f748-d-have-interactive-elements-firefox/test-failed-1.png]]

[[ATTACHMENT|test-results/components-page-Components-5f748-d-have-interactive-elements-firefox/video.webm]]

[[ATTACHMENT|test-results/components-page-Components-5f748-d-have-interactive-elements-firefox/error-context.md]]
]]>
</system-out>
</testcase>
<testcase name="Components Page › should support dark mode" classname="components-page.spec.ts" time="30.07">
<failure message="components-page.spec.ts:88:3 should support dark mode" type="FAILURE">
<![CDATA[  [firefox] › components-page.spec.ts:88:3 › Components Page › should support dark mode ────────────

    Test timeout of 30000ms exceeded while running "beforeEach" hook.

      2 |
      3 | test.describe('Components Page', () => {
    > 4 |   test.beforeEach(async ({ page }) => {
        |        ^
      5 |     await page.goto('/');
      6 |     await page.waitForSelector('[data-testid="app"]', { timeout: 10000 });
      7 |     await page.click('button:has-text("Components")');
        at /Users/peterhanssens/consulting/Leptos/tailwind-rs/demos/leptos-demo/tests/components-page.spec.ts:4:8

    Error: page.click: Test timeout of 30000ms exceeded.
    Call log:
      - waiting for locator('button:has-text("Components")')


       5 |     await page.goto('/');
       6 |     await page.waitForSelector('[data-testid="app"]', { timeout: 10000 });
    >  7 |     await page.click('button:has-text("Components")');
         |                ^
       8 |   });
       9 |
      10 |   test('should display button components section', async ({ page }) => {
        at /Users/peterhanssens/consulting/Leptos/tailwind-rs/demos/leptos-demo/tests/components-page.spec.ts:7:16

    attachment #1: screenshot (image/png) ──────────────────────────────────────────────────────────
    ../test-results/components-page-Components-Page-should-support-dark-mode-firefox/test-failed-1.png
    ────────────────────────────────────────────────────────────────────────────────────────────────

    attachment #2: video (video/webm) ──────────────────────────────────────────────────────────────
    ../test-results/components-page-Components-Page-should-support-dark-mode-firefox/video.webm
    ────────────────────────────────────────────────────────────────────────────────────────────────

    Error Context: ../test-results/components-page-Components-Page-should-support-dark-mode-firefox/error-context.md
]]>
</failure>
<system-out>
<![CDATA[
[[ATTACHMENT|test-results/components-page-Components-Page-should-support-dark-mode-firefox/test-failed-1.png]]

[[ATTACHMENT|test-results/components-page-Components-Page-should-support-dark-mode-firefox/video.webm]]

[[ATTACHMENT|test-results/components-page-Components-Page-should-support-dark-mode-firefox/error-context.md]]
]]>
</system-out>
</testcase>
<testcase name="Components Page › should be responsive" classname="components-page.spec.ts" time="30.074">
<failure message="components-page.spec.ts:101:3 should be responsive" type="FAILURE">
<![CDATA[  [firefox] › components-page.spec.ts:101:3 › Components Page › should be responsive ───────────────

    Test timeout of 30000ms exceeded while running "beforeEach" hook.

      2 |
      3 | test.describe('Components Page', () => {
    > 4 |   test.beforeEach(async ({ page }) => {
        |        ^
      5 |     await page.goto('/');
      6 |     await page.waitForSelector('[data-testid="app"]', { timeout: 10000 });
      7 |     await page.click('button:has-text("Components")');
        at /Users/peterhanssens/consulting/Leptos/tailwind-rs/demos/leptos-demo/tests/components-page.spec.ts:4:8

    Error: page.click: Test timeout of 30000ms exceeded.
    Call log:
      - waiting for locator('button:has-text("Components")')


       5 |     await page.goto('/');
       6 |     await page.waitForSelector('[data-testid="app"]', { timeout: 10000 });
    >  7 |     await page.click('button:has-text("Components")');
         |                ^
       8 |   });
       9 |
      10 |   test('should display button components section', async ({ page }) => {
        at /Users/peterhanssens/consulting/Leptos/tailwind-rs/demos/leptos-demo/tests/components-page.spec.ts:7:16

    attachment #1: screenshot (image/png) ──────────────────────────────────────────────────────────
    ../test-results/components-page-Components-Page-should-be-responsive-firefox/test-failed-1.png
    ────────────────────────────────────────────────────────────────────────────────────────────────

    attachment #2: video (video/webm) ──────────────────────────────────────────────────────────────
    ../test-results/components-page-Components-Page-should-be-responsive-firefox/video.webm
    ────────────────────────────────────────────────────────────────────────────────────────────────

    Error Context: ../test-results/components-page-Components-Page-should-be-responsive-firefox/error-context.md
]]>
</failure>
<system-out>
<![CDATA[
[[ATTACHMENT|test-results/components-page-Components-Page-should-be-responsive-firefox/test-failed-1.png]]

[[ATTACHMENT|test-results/components-page-Components-Page-should-be-responsive-firefox/video.webm]]

[[ATTACHMENT|test-results/components-page-Components-Page-should-be-responsive-firefox/error-context.md]]
]]>
</system-out>
</testcase>
</testsuite>
<testsuite name="dynamic-page.spec.ts" timestamp="2025-09-28T10:07:22.421Z" hostname="firefox" tests="10" failures="10" skipped="0" time="300.732" errors="0">
<testcase name="Dynamic Page › should display dynamic class generation interface" classname="dynamic-page.spec.ts" time="30.087">
<failure message="dynamic-page.spec.ts:10:3 should display dynamic class generation interface" type="FAILURE">
<![CDATA[  [firefox] › dynamic-page.spec.ts:10:3 › Dynamic Page › should display dynamic class generation interface 

    Test timeout of 30000ms exceeded while running "beforeEach" hook.

      2 |
      3 | test.describe('Dynamic Page', () => {
    > 4 |   test.beforeEach(async ({ page }) => {
        |        ^
      5 |     await page.goto('/');
      6 |     await page.waitForSelector('[data-testid="app"]', { timeout: 10000 });
      7 |     await page.click('button:has-text("Dynamic")');
        at /Users/peterhanssens/consulting/Leptos/tailwind-rs/demos/leptos-demo/tests/dynamic-page.spec.ts:4:8

    Error: page.click: Test timeout of 30000ms exceeded.
    Call log:
      - waiting for locator('button:has-text("Dynamic")')


       5 |     await page.goto('/');
       6 |     await page.waitForSelector('[data-testid="app"]', { timeout: 10000 });
    >  7 |     await page.click('button:has-text("Dynamic")');
         |                ^
       8 |   });
       9 |
      10 |   test('should display dynamic class generation interface', async ({ page }) => {
        at /Users/peterhanssens/consulting/Leptos/tailwind-rs/demos/leptos-demo/tests/dynamic-page.spec.ts:7:16

    attachment #1: screenshot (image/png) ──────────────────────────────────────────────────────────
    ../test-results/dynamic-page-Dynamic-Page--5bc2b--class-generation-interface-firefox/test-failed-1.png
    ────────────────────────────────────────────────────────────────────────────────────────────────

    attachment #2: video (video/webm) ──────────────────────────────────────────────────────────────
    ../test-results/dynamic-page-Dynamic-Page--5bc2b--class-generation-interface-firefox/video.webm
    ────────────────────────────────────────────────────────────────────────────────────────────────

    Error Context: ../test-results/dynamic-page-Dynamic-Page--5bc2b--class-generation-interface-firefox/error-context.md
]]>
</failure>
<system-out>
<![CDATA[
[[ATTACHMENT|test-results/dynamic-page-Dynamic-Page--5bc2b--class-generation-interface-firefox/test-failed-1.png]]

[[ATTACHMENT|test-results/dynamic-page-Dynamic-Page--5bc2b--class-generation-interface-firefox/video.webm]]

[[ATTACHMENT|test-results/dynamic-page-Dynamic-Page--5bc2b--class-generation-interface-firefox/error-context.md]]
]]>
</system-out>
</testcase>
<testcase name="Dynamic Page › should update preview when classes change" classname="dynamic-page.spec.ts" time="30.07">
<failure message="dynamic-page.spec.ts:25:3 should update preview when classes change" type="FAILURE">
<![CDATA[  [firefox] › dynamic-page.spec.ts:25:3 › Dynamic Page › should update preview when classes change ─

    Test timeout of 30000ms exceeded while running "beforeEach" hook.

      2 |
      3 | test.describe('Dynamic Page', () => {
    > 4 |   test.beforeEach(async ({ page }) => {
        |        ^
      5 |     await page.goto('/');
      6 |     await page.waitForSelector('[data-testid="app"]', { timeout: 10000 });
      7 |     await page.click('button:has-text("Dynamic")');
        at /Users/peterhanssens/consulting/Leptos/tailwind-rs/demos/leptos-demo/tests/dynamic-page.spec.ts:4:8

    Error: page.click: Test timeout of 30000ms exceeded.
    Call log:
      - waiting for locator('button:has-text("Dynamic")')


       5 |     await page.goto('/');
       6 |     await page.waitForSelector('[data-testid="app"]', { timeout: 10000 });
    >  7 |     await page.click('button:has-text("Dynamic")');
         |                ^
       8 |   });
       9 |
      10 |   test('should display dynamic class generation interface', async ({ page }) => {
        at /Users/peterhanssens/consulting/Leptos/tailwind-rs/demos/leptos-demo/tests/dynamic-page.spec.ts:7:16

    attachment #1: screenshot (image/png) ──────────────────────────────────────────────────────────
    ../test-results/dynamic-page-Dynamic-Page--bf6ee-preview-when-classes-change-firefox/test-failed-1.png
    ────────────────────────────────────────────────────────────────────────────────────────────────

    attachment #2: video (video/webm) ──────────────────────────────────────────────────────────────
    ../test-results/dynamic-page-Dynamic-Page--bf6ee-preview-when-classes-change-firefox/video.webm
    ────────────────────────────────────────────────────────────────────────────────────────────────

    Error Context: ../test-results/dynamic-page-Dynamic-Page--bf6ee-preview-when-classes-change-firefox/error-context.md
]]>
</failure>
<system-out>
<![CDATA[
[[ATTACHMENT|test-results/dynamic-page-Dynamic-Page--bf6ee-preview-when-classes-change-firefox/test-failed-1.png]]

[[ATTACHMENT|test-results/dynamic-page-Dynamic-Page--bf6ee-preview-when-classes-change-firefox/video.webm]]

[[ATTACHMENT|test-results/dynamic-page-Dynamic-Page--bf6ee-preview-when-classes-change-firefox/error-context.md]]
]]>
</system-out>
</testcase>
<testcase name="Dynamic Page › should display preset style buttons" classname="dynamic-page.spec.ts" time="30.073">
<failure message="dynamic-page.spec.ts:39:3 should display preset style buttons" type="FAILURE">
<![CDATA[  [firefox] › dynamic-page.spec.ts:39:3 › Dynamic Page › should display preset style buttons ───────

    Test timeout of 30000ms exceeded while running "beforeEach" hook.

      2 |
      3 | test.describe('Dynamic Page', () => {
    > 4 |   test.beforeEach(async ({ page }) => {
        |        ^
      5 |     await page.goto('/');
      6 |     await page.waitForSelector('[data-testid="app"]', { timeout: 10000 });
      7 |     await page.click('button:has-text("Dynamic")');
        at /Users/peterhanssens/consulting/Leptos/tailwind-rs/demos/leptos-demo/tests/dynamic-page.spec.ts:4:8

    Error: page.click: Test timeout of 30000ms exceeded.
    Call log:
      - waiting for locator('button:has-text("Dynamic")')


       5 |     await page.goto('/');
       6 |     await page.waitForSelector('[data-testid="app"]', { timeout: 10000 });
    >  7 |     await page.click('button:has-text("Dynamic")');
         |                ^
       8 |   });
       9 |
      10 |   test('should display dynamic class generation interface', async ({ page }) => {
        at /Users/peterhanssens/consulting/Leptos/tailwind-rs/demos/leptos-demo/tests/dynamic-page.spec.ts:7:16

    attachment #1: screenshot (image/png) ──────────────────────────────────────────────────────────
    ../test-results/dynamic-page-Dynamic-Page--c2bf5-isplay-preset-style-buttons-firefox/test-failed-1.png
    ────────────────────────────────────────────────────────────────────────────────────────────────

    attachment #2: video (video/webm) ──────────────────────────────────────────────────────────────
    ../test-results/dynamic-page-Dynamic-Page--c2bf5-isplay-preset-style-buttons-firefox/video.webm
    ────────────────────────────────────────────────────────────────────────────────────────────────

    Error Context: ../test-results/dynamic-page-Dynamic-Page--c2bf5-isplay-preset-style-buttons-firefox/error-context.md
]]>
</failure>
<system-out>
<![CDATA[
[[ATTACHMENT|test-results/dynamic-page-Dynamic-Page--c2bf5-isplay-preset-style-buttons-firefox/test-failed-1.png]]

[[ATTACHMENT|test-results/dynamic-page-Dynamic-Page--c2bf5-isplay-preset-style-buttons-firefox/video.webm]]

[[ATTACHMENT|test-results/dynamic-page-Dynamic-Page--c2bf5-isplay-preset-style-buttons-firefox/error-context.md]]
]]>
</system-out>
</testcase>
<testcase name="Dynamic Page › should apply preset styles when clicked" classname="dynamic-page.spec.ts" time="30.078">
<failure message="dynamic-page.spec.ts:48:3 should apply preset styles when clicked" type="FAILURE">
<![CDATA[  [firefox] › dynamic-page.spec.ts:48:3 › Dynamic Page › should apply preset styles when clicked ───

    Test timeout of 30000ms exceeded while running "beforeEach" hook.

      2 |
      3 | test.describe('Dynamic Page', () => {
    > 4 |   test.beforeEach(async ({ page }) => {
        |        ^
      5 |     await page.goto('/');
      6 |     await page.waitForSelector('[data-testid="app"]', { timeout: 10000 });
      7 |     await page.click('button:has-text("Dynamic")');
        at /Users/peterhanssens/consulting/Leptos/tailwind-rs/demos/leptos-demo/tests/dynamic-page.spec.ts:4:8

    Error: page.click: Test timeout of 30000ms exceeded.
    Call log:
      - waiting for locator('button:has-text("Dynamic")')


       5 |     await page.goto('/');
       6 |     await page.waitForSelector('[data-testid="app"]', { timeout: 10000 });
    >  7 |     await page.click('button:has-text("Dynamic")');
         |                ^
       8 |   });
       9 |
      10 |   test('should display dynamic class generation interface', async ({ page }) => {
        at /Users/peterhanssens/consulting/Leptos/tailwind-rs/demos/leptos-demo/tests/dynamic-page.spec.ts:7:16

    attachment #1: screenshot (image/png) ──────────────────────────────────────────────────────────
    ../test-results/dynamic-page-Dynamic-Page--71c3d--preset-styles-when-clicked-firefox/test-failed-1.png
    ────────────────────────────────────────────────────────────────────────────────────────────────

    attachment #2: video (video/webm) ──────────────────────────────────────────────────────────────
    ../test-results/dynamic-page-Dynamic-Page--71c3d--preset-styles-when-clicked-firefox/video.webm
    ────────────────────────────────────────────────────────────────────────────────────────────────

    Error Context: ../test-results/dynamic-page-Dynamic-Page--71c3d--preset-styles-when-clicked-firefox/error-context.md
]]>
</failure>
<system-out>
<![CDATA[
[[ATTACHMENT|test-results/dynamic-page-Dynamic-Page--71c3d--preset-styles-when-clicked-firefox/test-failed-1.png]]

[[ATTACHMENT|test-results/dynamic-page-Dynamic-Page--71c3d--preset-styles-when-clicked-firefox/video.webm]]

[[ATTACHMENT|test-results/dynamic-page-Dynamic-Page--71c3d--preset-styles-when-clicked-firefox/error-context.md]]
]]>
</system-out>
</testcase>
<testcase name="Dynamic Page › should display generated classes" classname="dynamic-page.spec.ts" time="30.072">
<failure message="dynamic-page.spec.ts:62:3 should display generated classes" type="FAILURE">
<![CDATA[  [firefox] › dynamic-page.spec.ts:62:3 › Dynamic Page › should display generated classes ──────────

    Test timeout of 30000ms exceeded while running "beforeEach" hook.

      2 |
      3 | test.describe('Dynamic Page', () => {
    > 4 |   test.beforeEach(async ({ page }) => {
        |        ^
      5 |     await page.goto('/');
      6 |     await page.waitForSelector('[data-testid="app"]', { timeout: 10000 });
      7 |     await page.click('button:has-text("Dynamic")');
        at /Users/peterhanssens/consulting/Leptos/tailwind-rs/demos/leptos-demo/tests/dynamic-page.spec.ts:4:8

    Error: page.click: Test timeout of 30000ms exceeded.
    Call log:
      - waiting for locator('button:has-text("Dynamic")')


       5 |     await page.goto('/');
       6 |     await page.waitForSelector('[data-testid="app"]', { timeout: 10000 });
    >  7 |     await page.click('button:has-text("Dynamic")');
         |                ^
       8 |   });
       9 |
      10 |   test('should display dynamic class generation interface', async ({ page }) => {
        at /Users/peterhanssens/consulting/Leptos/tailwind-rs/demos/leptos-demo/tests/dynamic-page.spec.ts:7:16

    attachment #1: screenshot (image/png) ──────────────────────────────────────────────────────────
    ../test-results/dynamic-page-Dynamic-Page-should-display-generated-classes-firefox/test-failed-1.png
    ────────────────────────────────────────────────────────────────────────────────────────────────

    attachment #2: video (video/webm) ──────────────────────────────────────────────────────────────
    ../test-results/dynamic-page-Dynamic-Page-should-display-generated-classes-firefox/video.webm
    ────────────────────────────────────────────────────────────────────────────────────────────────

    Error Context: ../test-results/dynamic-page-Dynamic-Page-should-display-generated-classes-firefox/error-context.md
]]>
</failure>
<system-out>
<![CDATA[
[[ATTACHMENT|test-results/dynamic-page-Dynamic-Page-should-display-generated-classes-firefox/test-failed-1.png]]

[[ATTACHMENT|test-results/dynamic-page-Dynamic-Page-should-display-generated-classes-firefox/video.webm]]

[[ATTACHMENT|test-results/dynamic-page-Dynamic-Page-should-display-generated-classes-firefox/error-context.md]]
]]>
</system-out>
</testcase>
<testcase name="Dynamic Page › should update generated classes display" classname="dynamic-page.spec.ts" time="30.083">
<failure message="dynamic-page.spec.ts:71:3 should update generated classes display" type="FAILURE">
<![CDATA[  [firefox] › dynamic-page.spec.ts:71:3 › Dynamic Page › should update generated classes display ───

    Test timeout of 30000ms exceeded while running "beforeEach" hook.

      2 |
      3 | test.describe('Dynamic Page', () => {
    > 4 |   test.beforeEach(async ({ page }) => {
        |        ^
      5 |     await page.goto('/');
      6 |     await page.waitForSelector('[data-testid="app"]', { timeout: 10000 });
      7 |     await page.click('button:has-text("Dynamic")');
        at /Users/peterhanssens/consulting/Leptos/tailwind-rs/demos/leptos-demo/tests/dynamic-page.spec.ts:4:8

    Error: page.click: Test timeout of 30000ms exceeded.
    Call log:
      - waiting for locator('button:has-text("Dynamic")')


       5 |     await page.goto('/');
       6 |     await page.waitForSelector('[data-testid="app"]', { timeout: 10000 });
    >  7 |     await page.click('button:has-text("Dynamic")');
         |                ^
       8 |   });
       9 |
      10 |   test('should display dynamic class generation interface', async ({ page }) => {
        at /Users/peterhanssens/consulting/Leptos/tailwind-rs/demos/leptos-demo/tests/dynamic-page.spec.ts:7:16

    attachment #1: screenshot (image/png) ──────────────────────────────────────────────────────────
    ../test-results/dynamic-page-Dynamic-Page--ca632-e-generated-classes-display-firefox/test-failed-1.png
    ────────────────────────────────────────────────────────────────────────────────────────────────

    attachment #2: video (video/webm) ──────────────────────────────────────────────────────────────
    ../test-results/dynamic-page-Dynamic-Page--ca632-e-generated-classes-display-firefox/video.webm
    ────────────────────────────────────────────────────────────────────────────────────────────────

    Error Context: ../test-results/dynamic-page-Dynamic-Page--ca632-e-generated-classes-display-firefox/error-context.md
]]>
</failure>
<system-out>
<![CDATA[
[[ATTACHMENT|test-results/dynamic-page-Dynamic-Page--ca632-e-generated-classes-display-firefox/test-failed-1.png]]

[[ATTACHMENT|test-results/dynamic-page-Dynamic-Page--ca632-e-generated-classes-display-firefox/video.webm]]

[[ATTACHMENT|test-results/dynamic-page-Dynamic-Page--ca632-e-generated-classes-display-firefox/error-context.md]]
]]>
</system-out>
</testcase>
<testcase name="Dynamic Page › should handle invalid classes gracefully" classname="dynamic-page.spec.ts" time="30.066">
<failure message="dynamic-page.spec.ts:83:3 should handle invalid classes gracefully" type="FAILURE">
<![CDATA[  [firefox] › dynamic-page.spec.ts:83:3 › Dynamic Page › should handle invalid classes gracefully ──

    Test timeout of 30000ms exceeded while running "beforeEach" hook.

      2 |
      3 | test.describe('Dynamic Page', () => {
    > 4 |   test.beforeEach(async ({ page }) => {
        |        ^
      5 |     await page.goto('/');
      6 |     await page.waitForSelector('[data-testid="app"]', { timeout: 10000 });
      7 |     await page.click('button:has-text("Dynamic")');
        at /Users/peterhanssens/consulting/Leptos/tailwind-rs/demos/leptos-demo/tests/dynamic-page.spec.ts:4:8

    Error: page.click: Test timeout of 30000ms exceeded.
    Call log:
      - waiting for locator('button:has-text("Dynamic")')


       5 |     await page.goto('/');
       6 |     await page.waitForSelector('[data-testid="app"]', { timeout: 10000 });
    >  7 |     await page.click('button:has-text("Dynamic")');
         |                ^
       8 |   });
       9 |
      10 |   test('should display dynamic class generation interface', async ({ page }) => {
        at /Users/peterhanssens/consulting/Leptos/tailwind-rs/demos/leptos-demo/tests/dynamic-page.spec.ts:7:16

    attachment #1: screenshot (image/png) ──────────────────────────────────────────────────────────
    ../test-results/dynamic-page-Dynamic-Page--b3e52--invalid-classes-gracefully-firefox/test-failed-1.png
    ────────────────────────────────────────────────────────────────────────────────────────────────

    attachment #2: video (video/webm) ──────────────────────────────────────────────────────────────
    ../test-results/dynamic-page-Dynamic-Page--b3e52--invalid-classes-gracefully-firefox/video.webm
    ────────────────────────────────────────────────────────────────────────────────────────────────

    Error Context: ../test-results/dynamic-page-Dynamic-Page--b3e52--invalid-classes-gracefully-firefox/error-context.md
]]>
</failure>
<system-out>
<![CDATA[
[[ATTACHMENT|test-results/dynamic-page-Dynamic-Page--b3e52--invalid-classes-gracefully-firefox/test-failed-1.png]]

[[ATTACHMENT|test-results/dynamic-page-Dynamic-Page--b3e52--invalid-classes-gracefully-firefox/video.webm]]

[[ATTACHMENT|test-results/dynamic-page-Dynamic-Page--b3e52--invalid-classes-gracefully-firefox/error-context.md]]
]]>
</system-out>
</testcase>
<testcase name="Dynamic Page › should support dark mode" classname="dynamic-page.spec.ts" time="30.067">
<failure message="dynamic-page.spec.ts:96:3 should support dark mode" type="FAILURE">
<![CDATA[  [firefox] › dynamic-page.spec.ts:96:3 › Dynamic Page › should support dark mode ──────────────────

    Test timeout of 30000ms exceeded while running "beforeEach" hook.

      2 |
      3 | test.describe('Dynamic Page', () => {
    > 4 |   test.beforeEach(async ({ page }) => {
        |        ^
      5 |     await page.goto('/');
      6 |     await page.waitForSelector('[data-testid="app"]', { timeout: 10000 });
      7 |     await page.click('button:has-text("Dynamic")');
        at /Users/peterhanssens/consulting/Leptos/tailwind-rs/demos/leptos-demo/tests/dynamic-page.spec.ts:4:8

    Error: page.click: Test timeout of 30000ms exceeded.
    Call log:
      - waiting for locator('button:has-text("Dynamic")')


       5 |     await page.goto('/');
       6 |     await page.waitForSelector('[data-testid="app"]', { timeout: 10000 });
    >  7 |     await page.click('button:has-text("Dynamic")');
         |                ^
       8 |   });
       9 |
      10 |   test('should display dynamic class generation interface', async ({ page }) => {
        at /Users/peterhanssens/consulting/Leptos/tailwind-rs/demos/leptos-demo/tests/dynamic-page.spec.ts:7:16

    attachment #1: screenshot (image/png) ──────────────────────────────────────────────────────────
    ../test-results/dynamic-page-Dynamic-Page-should-support-dark-mode-firefox/test-failed-1.png
    ────────────────────────────────────────────────────────────────────────────────────────────────

    attachment #2: video (video/webm) ──────────────────────────────────────────────────────────────
    ../test-results/dynamic-page-Dynamic-Page-should-support-dark-mode-firefox/video.webm
    ────────────────────────────────────────────────────────────────────────────────────────────────

    Error Context: ../test-results/dynamic-page-Dynamic-Page-should-support-dark-mode-firefox/error-context.md
]]>
</failure>
<system-out>
<![CDATA[
[[ATTACHMENT|test-results/dynamic-page-Dynamic-Page-should-support-dark-mode-firefox/test-failed-1.png]]

[[ATTACHMENT|test-results/dynamic-page-Dynamic-Page-should-support-dark-mode-firefox/video.webm]]

[[ATTACHMENT|test-results/dynamic-page-Dynamic-Page-should-support-dark-mode-firefox/error-context.md]]
]]>
</system-out>
</testcase>
<testcase name="Dynamic Page › should be responsive" classname="dynamic-page.spec.ts" time="30.068">
<failure message="dynamic-page.spec.ts:110:3 should be responsive" type="FAILURE">
<![CDATA[  [firefox] › dynamic-page.spec.ts:110:3 › Dynamic Page › should be responsive ─────────────────────

    Test timeout of 30000ms exceeded while running "beforeEach" hook.

      2 |
      3 | test.describe('Dynamic Page', () => {
    > 4 |   test.beforeEach(async ({ page }) => {
        |        ^
      5 |     await page.goto('/');
      6 |     await page.waitForSelector('[data-testid="app"]', { timeout: 10000 });
      7 |     await page.click('button:has-text("Dynamic")');
        at /Users/peterhanssens/consulting/Leptos/tailwind-rs/demos/leptos-demo/tests/dynamic-page.spec.ts:4:8

    Error: page.click: Test timeout of 30000ms exceeded.
    Call log:
      - waiting for locator('button:has-text("Dynamic")')


       5 |     await page.goto('/');
       6 |     await page.waitForSelector('[data-testid="app"]', { timeout: 10000 });
    >  7 |     await page.click('button:has-text("Dynamic")');
         |                ^
       8 |   });
       9 |
      10 |   test('should display dynamic class generation interface', async ({ page }) => {
        at /Users/peterhanssens/consulting/Leptos/tailwind-rs/demos/leptos-demo/tests/dynamic-page.spec.ts:7:16

    attachment #1: screenshot (image/png) ──────────────────────────────────────────────────────────
    ../test-results/dynamic-page-Dynamic-Page-should-be-responsive-firefox/test-failed-1.png
    ────────────────────────────────────────────────────────────────────────────────────────────────

    attachment #2: video (video/webm) ──────────────────────────────────────────────────────────────
    ../test-results/dynamic-page-Dynamic-Page-should-be-responsive-firefox/video.webm
    ────────────────────────────────────────────────────────────────────────────────────────────────

    Error Context: ../test-results/dynamic-page-Dynamic-Page-should-be-responsive-firefox/error-context.md
]]>
</failure>
<system-out>
<![CDATA[
[[ATTACHMENT|test-results/dynamic-page-Dynamic-Page-should-be-responsive-firefox/test-failed-1.png]]

[[ATTACHMENT|test-results/dynamic-page-Dynamic-Page-should-be-responsive-firefox/video.webm]]

[[ATTACHMENT|test-results/dynamic-page-Dynamic-Page-should-be-responsive-firefox/error-context.md]]
]]>
</system-out>
</testcase>
<testcase name="Dynamic Page › should maintain state across navigation" classname="dynamic-page.spec.ts" time="30.068">
<failure message="dynamic-page.spec.ts:128:3 should maintain state across navigation" type="FAILURE">
<![CDATA[  [firefox] › dynamic-page.spec.ts:128:3 › Dynamic Page › should maintain state across navigation ──

    Test timeout of 30000ms exceeded while running "beforeEach" hook.

      2 |
      3 | test.describe('Dynamic Page', () => {
    > 4 |   test.beforeEach(async ({ page }) => {
        |        ^
      5 |     await page.goto('/');
      6 |     await page.waitForSelector('[data-testid="app"]', { timeout: 10000 });
      7 |     await page.click('button:has-text("Dynamic")');
        at /Users/peterhanssens/consulting/Leptos/tailwind-rs/demos/leptos-demo/tests/dynamic-page.spec.ts:4:8

    Error: page.click: Test timeout of 30000ms exceeded.
    Call log:
      - waiting for locator('button:has-text("Dynamic")')


       5 |     await page.goto('/');
       6 |     await page.waitForSelector('[data-testid="app"]', { timeout: 10000 });
    >  7 |     await page.click('button:has-text("Dynamic")');
         |                ^
       8 |   });
       9 |
      10 |   test('should display dynamic class generation interface', async ({ page }) => {
        at /Users/peterhanssens/consulting/Leptos/tailwind-rs/demos/leptos-demo/tests/dynamic-page.spec.ts:7:16

    attachment #1: screenshot (image/png) ──────────────────────────────────────────────────────────
    ../test-results/dynamic-page-Dynamic-Page--f75e5-ain-state-across-navigation-firefox/test-failed-1.png
    ────────────────────────────────────────────────────────────────────────────────────────────────

    attachment #2: video (video/webm) ──────────────────────────────────────────────────────────────
    ../test-results/dynamic-page-Dynamic-Page--f75e5-ain-state-across-navigation-firefox/video.webm
    ────────────────────────────────────────────────────────────────────────────────────────────────

    Error Context: ../test-results/dynamic-page-Dynamic-Page--f75e5-ain-state-across-navigation-firefox/error-context.md
]]>
</failure>
<system-out>
<![CDATA[
[[ATTACHMENT|test-results/dynamic-page-Dynamic-Page--f75e5-ain-state-across-navigation-firefox/test-failed-1.png]]

[[ATTACHMENT|test-results/dynamic-page-Dynamic-Page--f75e5-ain-state-across-navigation-firefox/video.webm]]

[[ATTACHMENT|test-results/dynamic-page-Dynamic-Page--f75e5-ain-state-across-navigation-firefox/error-context.md]]
]]>
</system-out>
</testcase>
</testsuite>
<testsuite name="e2e-workflow.spec.ts" timestamp="2025-09-28T10:07:22.421Z" hostname="firefox" tests="8" failures="8" skipped="0" time="192.573" errors="0">
<testcase name="End-to-End Workflow › should complete full user journey" classname="e2e-workflow.spec.ts" time="6.084">
<failure message="e2e-workflow.spec.ts:9:3 should complete full user journey" type="FAILURE">
<![CDATA[  [firefox] › e2e-workflow.spec.ts:9:3 › End-to-End Workflow › should complete full user journey ───

    Error: expect(locator).toBeVisible() failed

    Locator:  locator('p:has-text("Experience the power of Rust-native Tailwind CSS")')
    Expected: visible
    Received: <element(s) not found>
    Timeout:  5000ms

    Call log:
      - Expect "toBeVisible" with timeout 5000ms
      - waiting for locator('p:has-text("Experience the power of Rust-native Tailwind CSS")')


      10 |     // 1. User lands on home page
      11 |     await expect(page.locator('h1:has-text("Tailwind-RS Demo")')).toBeVisible();
    > 12 |     await expect(page.locator('p:has-text("Experience the power of Rust-native Tailwind CSS")')).toBeVisible();
         |                                                                                                  ^
      13 |     
      14 |     // 2. User explores feature cards
      15 |     const featureCards = page.locator('.bg-white.dark\\:bg-gray-800.rounded-lg.shadow-md');
        at /Users/peterhanssens/consulting/Leptos/tailwind-rs/demos/leptos-demo/tests/e2e-workflow.spec.ts:12:98

    attachment #1: screenshot (image/png) ──────────────────────────────────────────────────────────
    ../test-results/e2e-workflow-End-to-End-Wo-ececa--complete-full-user-journey-firefox/test-failed-1.png
    ────────────────────────────────────────────────────────────────────────────────────────────────

    attachment #2: video (video/webm) ──────────────────────────────────────────────────────────────
    ../test-results/e2e-workflow-End-to-End-Wo-ececa--complete-full-user-journey-firefox/video.webm
    ────────────────────────────────────────────────────────────────────────────────────────────────

    Error Context: ../test-results/e2e-workflow-End-to-End-Wo-ececa--complete-full-user-journey-firefox/error-context.md
]]>
</failure>
<system-out>
<![CDATA[
[[ATTACHMENT|test-results/e2e-workflow-End-to-End-Wo-ececa--complete-full-user-journey-firefox/test-failed-1.png]]

[[ATTACHMENT|test-results/e2e-workflow-End-to-End-Wo-ececa--complete-full-user-journey-firefox/video.webm]]

[[ATTACHMENT|test-results/e2e-workflow-End-to-End-Wo-ececa--complete-full-user-journey-firefox/error-context.md]]
]]>
</system-out>
</testcase>
<testcase name="End-to-End Workflow › should handle theme switching throughout journey" classname="e2e-workflow.spec.ts" time="6.035">
<failure message="e2e-workflow.spec.ts:70:3 should handle theme switching throughout journey" type="FAILURE">
<![CDATA[  [firefox] › e2e-workflow.spec.ts:70:3 › End-to-End Workflow › should handle theme switching throughout journey 

    Error: expect(locator).toBeVisible() failed

    Locator:  locator('button:has-text("☀️")')
    Expected: visible
    Received: <element(s) not found>
    Timeout:  5000ms

    Call log:
      - Expect "toBeVisible" with timeout 5000ms
      - waiting for locator('button:has-text("☀️")')


      70 |   test('should handle theme switching throughout journey', async ({ page }) => {
      71 |     // Start in light mode
    > 72 |     await expect(page.locator('button:has-text("☀️")')).toBeVisible();
         |                                                         ^
      73 |     
      74 |     // Navigate to components page
      75 |     await page.click('button:has-text("Components")');
        at /Users/peterhanssens/consulting/Leptos/tailwind-rs/demos/leptos-demo/tests/e2e-workflow.spec.ts:72:57

    attachment #1: screenshot (image/png) ──────────────────────────────────────────────────────────
    ../test-results/e2e-workflow-End-to-End-Wo-463a5-witching-throughout-journey-firefox/test-failed-1.png
    ────────────────────────────────────────────────────────────────────────────────────────────────

    attachment #2: video (video/webm) ──────────────────────────────────────────────────────────────
    ../test-results/e2e-workflow-End-to-End-Wo-463a5-witching-throughout-journey-firefox/video.webm
    ────────────────────────────────────────────────────────────────────────────────────────────────

    Error Context: ../test-results/e2e-workflow-End-to-End-Wo-463a5-witching-throughout-journey-firefox/error-context.md
]]>
</failure>
<system-out>
<![CDATA[
[[ATTACHMENT|test-results/e2e-workflow-End-to-End-Wo-463a5-witching-throughout-journey-firefox/test-failed-1.png]]

[[ATTACHMENT|test-results/e2e-workflow-End-to-End-Wo-463a5-witching-throughout-journey-firefox/video.webm]]

[[ATTACHMENT|test-results/e2e-workflow-End-to-End-Wo-463a5-witching-throughout-journey-firefox/error-context.md]]
]]>
</system-out>
</testcase>
<testcase name="End-to-End Workflow › should maintain state across navigation" classname="e2e-workflow.spec.ts" time="30.075">
<failure message="e2e-workflow.spec.ts:95:3 should maintain state across navigation" type="FAILURE">
<![CDATA[  [firefox] › e2e-workflow.spec.ts:95:3 › End-to-End Workflow › should maintain state across navigation 

    Test timeout of 30000ms exceeded.

    Error: page.click: Test timeout of 30000ms exceeded.
    Call log:
      - waiting for locator('button:has-text("Dynamic")')


       95 |   test('should maintain state across navigation', async ({ page }) => {
       96 |     // Navigate to dynamic page
    >  97 |     await page.click('button:has-text("Dynamic")');
          |                ^
       98 |     await expect(page.locator('h2:has-text("Dynamic Class Generation")')).toBeVisible();
       99 |     
      100 |     // Set custom classes
        at /Users/peterhanssens/consulting/Leptos/tailwind-rs/demos/leptos-demo/tests/e2e-workflow.spec.ts:97:16

    attachment #1: screenshot (image/png) ──────────────────────────────────────────────────────────
    ../test-results/e2e-workflow-End-to-End-Wo-362bf-ain-state-across-navigation-firefox/test-failed-1.png
    ────────────────────────────────────────────────────────────────────────────────────────────────

    attachment #2: video (video/webm) ──────────────────────────────────────────────────────────────
    ../test-results/e2e-workflow-End-to-End-Wo-362bf-ain-state-across-navigation-firefox/video.webm
    ────────────────────────────────────────────────────────────────────────────────────────────────

    Error Context: ../test-results/e2e-workflow-End-to-End-Wo-362bf-ain-state-across-navigation-firefox/error-context.md
]]>
</failure>
<system-out>
<![CDATA[
[[ATTACHMENT|test-results/e2e-workflow-End-to-End-Wo-362bf-ain-state-across-navigation-firefox/test-failed-1.png]]

[[ATTACHMENT|test-results/e2e-workflow-End-to-End-Wo-362bf-ain-state-across-navigation-firefox/video.webm]]

[[ATTACHMENT|test-results/e2e-workflow-End-to-End-Wo-362bf-ain-state-across-navigation-firefox/error-context.md]]
]]>
</system-out>
</testcase>
<testcase name="End-to-End Workflow › should handle rapid navigation" classname="e2e-workflow.spec.ts" time="30.077">
<failure message="e2e-workflow.spec.ts:116:3 should handle rapid navigation" type="FAILURE">
<![CDATA[  [firefox] › e2e-workflow.spec.ts:116:3 › End-to-End Workflow › should handle rapid navigation ────

    Test timeout of 30000ms exceeded.

    Error: page.click: Test timeout of 30000ms exceeded.
    Call log:
      - waiting for locator('button:has-text("Home")')


      120 |     for (let i = 0; i < 3; i++) {
      121 |       for (const pageName of pages) {
    > 122 |         await page.click(`button:has-text("${pageName}")`);
          |                    ^
      123 |         await page.waitForTimeout(100); // Small delay
      124 |       }
      125 |     }
        at /Users/peterhanssens/consulting/Leptos/tailwind-rs/demos/leptos-demo/tests/e2e-workflow.spec.ts:122:20

    attachment #1: screenshot (image/png) ──────────────────────────────────────────────────────────
    ../test-results/e2e-workflow-End-to-End-Wo-88445-uld-handle-rapid-navigation-firefox/test-failed-1.png
    ────────────────────────────────────────────────────────────────────────────────────────────────

    attachment #2: video (video/webm) ──────────────────────────────────────────────────────────────
    ../test-results/e2e-workflow-End-to-End-Wo-88445-uld-handle-rapid-navigation-firefox/video.webm
    ────────────────────────────────────────────────────────────────────────────────────────────────

    Error Context: ../test-results/e2e-workflow-End-to-End-Wo-88445-uld-handle-rapid-navigation-firefox/error-context.md
]]>
</failure>
<system-out>
<![CDATA[
[[ATTACHMENT|test-results/e2e-workflow-End-to-End-Wo-88445-uld-handle-rapid-navigation-firefox/test-failed-1.png]]

[[ATTACHMENT|test-results/e2e-workflow-End-to-End-Wo-88445-uld-handle-rapid-navigation-firefox/video.webm]]

[[ATTACHMENT|test-results/e2e-workflow-End-to-End-Wo-88445-uld-handle-rapid-navigation-firefox/error-context.md]]
]]>
</system-out>
</testcase>
<testcase name="End-to-End Workflow › should handle concurrent user interactions" classname="e2e-workflow.spec.ts" time="30.07">
<failure message="e2e-workflow.spec.ts:132:3 should handle concurrent user interactions" type="FAILURE">
<![CDATA[  [firefox] › e2e-workflow.spec.ts:132:3 › End-to-End Workflow › should handle concurrent user interactions 

    Test timeout of 30000ms exceeded.

    Error: page.click: Test timeout of 30000ms exceeded.
    Call log:
      - waiting for locator('button:has-text("Components")')


      133 |     // Start multiple interactions simultaneously
      134 |     const interactions = [
    > 135 |       page.click('button:has-text("Components")'),
          |            ^
      136 |       page.click('button:has-text("☀️")'),
      137 |     ];
      138 |     
        at /Users/peterhanssens/consulting/Leptos/tailwind-rs/demos/leptos-demo/tests/e2e-workflow.spec.ts:135:12

    attachment #1: screenshot (image/png) ──────────────────────────────────────────────────────────
    ../test-results/e2e-workflow-End-to-End-Wo-98ce4-oncurrent-user-interactions-firefox/test-failed-1.png
    ────────────────────────────────────────────────────────────────────────────────────────────────

    attachment #2: video (video/webm) ──────────────────────────────────────────────────────────────
    ../test-results/e2e-workflow-End-to-End-Wo-98ce4-oncurrent-user-interactions-firefox/video.webm
    ────────────────────────────────────────────────────────────────────────────────────────────────

    Error Context: ../test-results/e2e-workflow-End-to-End-Wo-98ce4-oncurrent-user-interactions-firefox/error-context.md
]]>
</failure>
<system-out>
<![CDATA[
[[ATTACHMENT|test-results/e2e-workflow-End-to-End-Wo-98ce4-oncurrent-user-interactions-firefox/test-failed-1.png]]

[[ATTACHMENT|test-results/e2e-workflow-End-to-End-Wo-98ce4-oncurrent-user-interactions-firefox/video.webm]]

[[ATTACHMENT|test-results/e2e-workflow-End-to-End-Wo-98ce4-oncurrent-user-interactions-firefox/error-context.md]]
]]>
</system-out>
</testcase>
<testcase name="End-to-End Workflow › should handle form interactions" classname="e2e-workflow.spec.ts" time="30.075">
<failure message="e2e-workflow.spec.ts:146:3 should handle form interactions" type="FAILURE">
<![CDATA[  [firefox] › e2e-workflow.spec.ts:146:3 › End-to-End Workflow › should handle form interactions ───

    Test timeout of 30000ms exceeded.

    Error: page.click: Test timeout of 30000ms exceeded.
    Call log:
      - waiting for locator('button:has-text("Dynamic")')


      146 |   test('should handle form interactions', async ({ page }) => {
      147 |     // Navigate to dynamic page
    > 148 |     await page.click('button:has-text("Dynamic")');
          |                ^
      149 |     await expect(page.locator('h2:has-text("Dynamic Class Generation")')).toBeVisible();
      150 |     
      151 |     const inputField = page.locator('input[placeholder*="Enter Tailwind classes"]');
        at /Users/peterhanssens/consulting/Leptos/tailwind-rs/demos/leptos-demo/tests/e2e-workflow.spec.ts:148:16

    attachment #1: screenshot (image/png) ──────────────────────────────────────────────────────────
    ../test-results/e2e-workflow-End-to-End-Wo-be43e-ld-handle-form-interactions-firefox/test-failed-1.png
    ────────────────────────────────────────────────────────────────────────────────────────────────

    attachment #2: video (video/webm) ──────────────────────────────────────────────────────────────
    ../test-results/e2e-workflow-End-to-End-Wo-be43e-ld-handle-form-interactions-firefox/video.webm
    ────────────────────────────────────────────────────────────────────────────────────────────────

    Error Context: ../test-results/e2e-workflow-End-to-End-Wo-be43e-ld-handle-form-interactions-firefox/error-context.md
]]>
</failure>
<system-out>
<![CDATA[
[[ATTACHMENT|test-results/e2e-workflow-End-to-End-Wo-be43e-ld-handle-form-interactions-firefox/test-failed-1.png]]

[[ATTACHMENT|test-results/e2e-workflow-End-to-End-Wo-be43e-ld-handle-form-interactions-firefox/video.webm]]

[[ATTACHMENT|test-results/e2e-workflow-End-to-End-Wo-be43e-ld-handle-form-interactions-firefox/error-context.md]]
]]>
</system-out>
</testcase>
<testcase name="End-to-End Workflow › should handle error scenarios gracefully" classname="e2e-workflow.spec.ts" time="30.072">
<failure message="e2e-workflow.spec.ts:170:3 should handle error scenarios gracefully" type="FAILURE">
<![CDATA[  [firefox] › e2e-workflow.spec.ts:170:3 › End-to-End Workflow › should handle error scenarios gracefully 

    Test timeout of 30000ms exceeded.

    Error: page.click: Test timeout of 30000ms exceeded.
    Call log:
      - waiting for locator('button:has-text("Dynamic")')


      170 |   test('should handle error scenarios gracefully', async ({ page }) => {
      171 |     // Navigate to dynamic page
    > 172 |     await page.click('button:has-text("Dynamic")');
          |                ^
      173 |     await expect(page.locator('h2:has-text("Dynamic Class Generation")')).toBeVisible();
      174 |     
      175 |     const inputField = page.locator('input[placeholder*="Enter Tailwind classes"]');
        at /Users/peterhanssens/consulting/Leptos/tailwind-rs/demos/leptos-demo/tests/e2e-workflow.spec.ts:172:16

    attachment #1: screenshot (image/png) ──────────────────────────────────────────────────────────
    ../test-results/e2e-workflow-End-to-End-Wo-6b0a6--error-scenarios-gracefully-firefox/test-failed-1.png
    ────────────────────────────────────────────────────────────────────────────────────────────────

    attachment #2: video (video/webm) ──────────────────────────────────────────────────────────────
    ../test-results/e2e-workflow-End-to-End-Wo-6b0a6--error-scenarios-gracefully-firefox/video.webm
    ────────────────────────────────────────────────────────────────────────────────────────────────

    Error Context: ../test-results/e2e-workflow-End-to-End-Wo-6b0a6--error-scenarios-gracefully-firefox/error-context.md
]]>
</failure>
<system-out>
<![CDATA[
[[ATTACHMENT|test-results/e2e-workflow-End-to-End-Wo-6b0a6--error-scenarios-gracefully-firefox/test-failed-1.png]]

[[ATTACHMENT|test-results/e2e-workflow-End-to-End-Wo-6b0a6--error-scenarios-gracefully-firefox/video.webm]]

[[ATTACHMENT|test-results/e2e-workflow-End-to-End-Wo-6b0a6--error-scenarios-gracefully-firefox/error-context.md]]
]]>
</system-out>
</testcase>
<testcase name="End-to-End Workflow › should handle responsive design changes" classname="e2e-workflow.spec.ts" time="30.085">
<failure message="e2e-workflow.spec.ts:198:3 should handle responsive design changes" type="FAILURE">
<![CDATA[  [firefox] › e2e-workflow.spec.ts:198:3 › End-to-End Workflow › should handle responsive design changes 

    Test timeout of 30000ms exceeded.

    Error: page.click: Test timeout of 30000ms exceeded.
    Call log:
      - waiting for locator('button:has-text("Components")')


      202 |     
      203 |     // Navigate to components page on mobile
    > 204 |     await page.click('button:has-text("Components")');
          |                ^
      205 |     await expect(page.locator('h2:has-text("Button Components")')).toBeVisible();
      206 |     
      207 |     // Test tablet viewport
        at /Users/peterhanssens/consulting/Leptos/tailwind-rs/demos/leptos-demo/tests/e2e-workflow.spec.ts:204:16

    attachment #1: screenshot (image/png) ──────────────────────────────────────────────────────────
    ../test-results/e2e-workflow-End-to-End-Wo-0f2a9-e-responsive-design-changes-firefox/test-failed-1.png
    ────────────────────────────────────────────────────────────────────────────────────────────────

    attachment #2: video (video/webm) ──────────────────────────────────────────────────────────────
    ../test-results/e2e-workflow-End-to-End-Wo-0f2a9-e-responsive-design-changes-firefox/video.webm
    ────────────────────────────────────────────────────────────────────────────────────────────────

    Error Context: ../test-results/e2e-workflow-End-to-End-Wo-0f2a9-e-responsive-design-changes-firefox/error-context.md
]]>
</failure>
<system-out>
<![CDATA[
[[ATTACHMENT|test-results/e2e-workflow-End-to-End-Wo-0f2a9-e-responsive-design-changes-firefox/test-failed-1.png]]

[[ATTACHMENT|test-results/e2e-workflow-End-to-End-Wo-0f2a9-e-responsive-design-changes-firefox/video.webm]]

[[ATTACHMENT|test-results/e2e-workflow-End-to-End-Wo-0f2a9-e-responsive-design-changes-firefox/error-context.md]]
]]>
</system-out>
</testcase>
</testsuite>
<testsuite name="home-page.spec.ts" timestamp="2025-09-28T10:07:22.421Z" hostname="firefox" tests="5" failures="5" skipped="0" time="54.823" errors="0">
<testcase name="Home Page › should display hero section" classname="home-page.spec.ts" time="6.017">
<failure message="home-page.spec.ts:9:3 should display hero section" type="FAILURE">
<![CDATA[  [firefox] › home-page.spec.ts:9:3 › Home Page › should display hero section ──────────────────────

    Error: expect(locator).toBeVisible() failed

    Locator:  locator('h1:has-text("Tailwind-RS Demo - Actually Using Core Models!")')
    Expected: visible
    Received: <element(s) not found>
    Timeout:  5000ms

    Call log:
      - Expect "toBeVisible" with timeout 5000ms
      - waiting for locator('h1:has-text("Tailwind-RS Demo - Actually Using Core Models!")')


      10 |     // Check main title
      11 |     const title = page.locator('h1:has-text("Tailwind-RS Demo - Actually Using Core Models!")');
    > 12 |     await expect(title).toBeVisible();
         |                         ^
      13 |     await expect(title).toHaveClass(/text-4xl/);
      14 |
      15 |     // Check that the demo shows the dynamic class preview
        at /Users/peterhanssens/consulting/Leptos/tailwind-rs/demos/leptos-demo/tests/home-page.spec.ts:12:25

    attachment #1: screenshot (image/png) ──────────────────────────────────────────────────────────
    ../test-results/home-page-Home-Page-should-display-hero-section-firefox/test-failed-1.png
    ────────────────────────────────────────────────────────────────────────────────────────────────

    attachment #2: video (video/webm) ──────────────────────────────────────────────────────────────
    ../test-results/home-page-Home-Page-should-display-hero-section-firefox/video.webm
    ────────────────────────────────────────────────────────────────────────────────────────────────

    Error Context: ../test-results/home-page-Home-Page-should-display-hero-section-firefox/error-context.md
]]>
</failure>
<system-out>
<![CDATA[
[[ATTACHMENT|test-results/home-page-Home-Page-should-display-hero-section-firefox/test-failed-1.png]]

[[ATTACHMENT|test-results/home-page-Home-Page-should-display-hero-section-firefox/video.webm]]

[[ATTACHMENT|test-results/home-page-Home-Page-should-display-hero-section-firefox/error-context.md]]
]]>
</system-out>
</testcase>
<testcase name="Home Page › should have dynamic class input" classname="home-page.spec.ts" time="6.043">
<failure message="home-page.spec.ts:20:3 should have dynamic class input" type="FAILURE">
<![CDATA[  [firefox] › home-page.spec.ts:20:3 › Home Page › should have dynamic class input ─────────────────

    Error: expect(locator).toBeVisible() failed

    Locator:  locator('input[placeholder="Enter Tailwind classes"]')
    Expected: visible
    Received: <element(s) not found>
    Timeout:  5000ms

    Call log:
      - Expect "toBeVisible" with timeout 5000ms
      - waiting for locator('input[placeholder="Enter Tailwind classes"]')


      21 |     // Check input field exists
      22 |     const inputField = page.locator('input[placeholder="Enter Tailwind classes"]');
    > 23 |     await expect(inputField).toBeVisible();
         |                              ^
      24 |
      25 |     // Check input has proper styling
      26 |     await expect(inputField).toHaveClass(/border.*border-gray-300/);
        at /Users/peterhanssens/consulting/Leptos/tailwind-rs/demos/leptos-demo/tests/home-page.spec.ts:23:30

    attachment #1: screenshot (image/png) ──────────────────────────────────────────────────────────
    ../test-results/home-page-Home-Page-should-have-dynamic-class-input-firefox/test-failed-1.png
    ────────────────────────────────────────────────────────────────────────────────────────────────

    attachment #2: video (video/webm) ──────────────────────────────────────────────────────────────
    ../test-results/home-page-Home-Page-should-have-dynamic-class-input-firefox/video.webm
    ────────────────────────────────────────────────────────────────────────────────────────────────

    Error Context: ../test-results/home-page-Home-Page-should-have-dynamic-class-input-firefox/error-context.md
]]>
</failure>
<system-out>
<![CDATA[
[[ATTACHMENT|test-results/home-page-Home-Page-should-have-dynamic-class-input-firefox/test-failed-1.png]]

[[ATTACHMENT|test-results/home-page-Home-Page-should-have-dynamic-class-input-firefox/video.webm]]

[[ATTACHMENT|test-results/home-page-Home-Page-should-have-dynamic-class-input-firefox/error-context.md]]
]]>
</system-out>
</testcase>
<testcase name="Home Page › should display demo sections" classname="home-page.spec.ts" time="6.473">
<failure message="home-page.spec.ts:33:3 should display demo sections" type="FAILURE">
<![CDATA[  [firefox] › home-page.spec.ts:33:3 › Home Page › should display demo sections ────────────────────

    Error: expect(locator).toBeVisible() failed

    Locator:  locator('h2:has-text("Dynamic Class Preview")')
    Expected: visible
    Received: <element(s) not found>
    Timeout:  5000ms

    Call log:
      - Expect "toBeVisible" with timeout 5000ms
      - waiting for locator('h2:has-text("Dynamic Class Preview")')


      34 |     // Check for the dynamic class preview section
      35 |     const previewSection = page.locator('h2:has-text("Dynamic Class Preview")');
    > 36 |     await expect(previewSection).toBeVisible();
         |                                  ^
      37 |
      38 |     // Check for the generated CSS section
      39 |     const cssSection = page.locator('h2:has-text("Generated CSS (from Tailwind-RS Core)")');
        at /Users/peterhanssens/consulting/Leptos/tailwind-rs/demos/leptos-demo/tests/home-page.spec.ts:36:34

    attachment #1: screenshot (image/png) ──────────────────────────────────────────────────────────
    ../test-results/home-page-Home-Page-should-display-demo-sections-firefox/test-failed-1.png
    ────────────────────────────────────────────────────────────────────────────────────────────────

    attachment #2: video (video/webm) ──────────────────────────────────────────────────────────────
    ../test-results/home-page-Home-Page-should-display-demo-sections-firefox/video.webm
    ────────────────────────────────────────────────────────────────────────────────────────────────

    Error Context: ../test-results/home-page-Home-Page-should-display-demo-sections-firefox/error-context.md
]]>
</failure>
<system-out>
<![CDATA[
[[ATTACHMENT|test-results/home-page-Home-Page-should-display-demo-sections-firefox/test-failed-1.png]]

[[ATTACHMENT|test-results/home-page-Home-Page-should-display-demo-sections-firefox/video.webm]]

[[ATTACHMENT|test-results/home-page-Home-Page-should-display-demo-sections-firefox/error-context.md]]
]]>
</system-out>
</testcase>
<testcase name="Home Page › should have responsive layout" classname="home-page.spec.ts" time="6.223">
<failure message="home-page.spec.ts:53:3 should have responsive layout" type="FAILURE">
<![CDATA[  [firefox] › home-page.spec.ts:53:3 › Home Page › should have responsive layout ───────────────────

    Error: expect(locator).toBeVisible() failed

    Locator:  locator('.container.mx-auto.px-4.py-8')
    Expected: visible
    Received: <element(s) not found>
    Timeout:  5000ms

    Call log:
      - Expect "toBeVisible" with timeout 5000ms
      - waiting for locator('.container.mx-auto.px-4.py-8')


      54 |     // Check that the main container has responsive classes
      55 |     const container = page.locator('.container.mx-auto.px-4.py-8');
    > 56 |     await expect(container).toBeVisible();
         |                             ^
      57 |
      58 |     // Test mobile viewport
      59 |     await page.setViewportSize({ width: 375, height: 667 });
        at /Users/peterhanssens/consulting/Leptos/tailwind-rs/demos/leptos-demo/tests/home-page.spec.ts:56:29

    attachment #1: screenshot (image/png) ──────────────────────────────────────────────────────────
    ../test-results/home-page-Home-Page-should-have-responsive-layout-firefox/test-failed-1.png
    ────────────────────────────────────────────────────────────────────────────────────────────────

    attachment #2: video (video/webm) ──────────────────────────────────────────────────────────────
    ../test-results/home-page-Home-Page-should-have-responsive-layout-firefox/video.webm
    ────────────────────────────────────────────────────────────────────────────────────────────────

    Error Context: ../test-results/home-page-Home-Page-should-have-responsive-layout-firefox/error-context.md
]]>
</failure>
<system-out>
<![CDATA[
[[ATTACHMENT|test-results/home-page-Home-Page-should-have-responsive-layout-firefox/test-failed-1.png]]

[[ATTACHMENT|test-results/home-page-Home-Page-should-have-responsive-layout-firefox/video.webm]]

[[ATTACHMENT|test-results/home-page-Home-Page-should-have-responsive-layout-firefox/error-context.md]]
]]>
</system-out>
</testcase>
<testcase name="Home Page › should demonstrate dynamic class functionality" classname="home-page.spec.ts" time="30.067">
<failure message="home-page.spec.ts:67:3 should demonstrate dynamic class functionality" type="FAILURE">
<![CDATA[  [firefox] › home-page.spec.ts:67:3 › Home Page › should demonstrate dynamic class functionality ──

    Test timeout of 30000ms exceeded.

    Error: locator.getAttribute: Test timeout of 30000ms exceeded.
    Call log:
      - waiting for locator('div.w-full.h-32.rounded-lg.border-2.border-dashed')


      68 |     // Get initial preview area classes - use more specific selector
      69 |     const previewArea = page.locator('div.w-full.h-32.rounded-lg.border-2.border-dashed');
    > 70 |     const initialClass = await previewArea.getAttribute('class');
         |                                            ^
      71 |
      72 |     // Type new classes into the input
      73 |     const inputField = page.locator('input[placeholder="Enter Tailwind classes"]');
        at /Users/peterhanssens/consulting/Leptos/tailwind-rs/demos/leptos-demo/tests/home-page.spec.ts:70:44

    attachment #1: screenshot (image/png) ──────────────────────────────────────────────────────────
    ../test-results/home-page-Home-Page-should-2b34a-dynamic-class-functionality-firefox/test-failed-1.png
    ────────────────────────────────────────────────────────────────────────────────────────────────

    attachment #2: video (video/webm) ──────────────────────────────────────────────────────────────
    ../test-results/home-page-Home-Page-should-2b34a-dynamic-class-functionality-firefox/video.webm
    ────────────────────────────────────────────────────────────────────────────────────────────────

    Error Context: ../test-results/home-page-Home-Page-should-2b34a-dynamic-class-functionality-firefox/error-context.md
]]>
</failure>
<system-out>
<![CDATA[
[[ATTACHMENT|test-results/home-page-Home-Page-should-2b34a-dynamic-class-functionality-firefox/test-failed-1.png]]

[[ATTACHMENT|test-results/home-page-Home-Page-should-2b34a-dynamic-class-functionality-firefox/video.webm]]

[[ATTACHMENT|test-results/home-page-Home-Page-should-2b34a-dynamic-class-functionality-firefox/error-context.md]]
]]>
</system-out>
</testcase>
</testsuite>
<testsuite name="navigation.spec.ts" timestamp="2025-09-28T10:07:22.421Z" hostname="firefox" tests="5" failures="5" skipped="0" time="54.347" errors="0">
<testcase name="Navigation › should display the header with logo and navigation" classname="navigation.spec.ts" time="6.073">
<failure message="navigation.spec.ts:10:3 should display the header with logo and navigation" type="FAILURE">
<![CDATA[  [firefox] › navigation.spec.ts:10:3 › Navigation › should display the header with logo and navigation 

    Error: expect(locator).toBeVisible() failed

    Locator:  locator('header')
    Expected: visible
    Received: <element(s) not found>
    Timeout:  5000ms

    Call log:
      - Expect "toBeVisible" with timeout 5000ms
      - waiting for locator('header')


      11 |     // Check header is visible
      12 |     const header = page.locator('header');
    > 13 |     await expect(header).toBeVisible();
         |                          ^
      14 |     
      15 |     // Check logo
      16 |     const logo = header.locator('h1');
        at /Users/peterhanssens/consulting/Leptos/tailwind-rs/demos/leptos-demo/tests/navigation.spec.ts:13:26

    attachment #1: screenshot (image/png) ──────────────────────────────────────────────────────────
    ../test-results/navigation-Navigation-shou-9cb86-er-with-logo-and-navigation-firefox/test-failed-1.png
    ────────────────────────────────────────────────────────────────────────────────────────────────

    attachment #2: video (video/webm) ──────────────────────────────────────────────────────────────
    ../test-results/navigation-Navigation-shou-9cb86-er-with-logo-and-navigation-firefox/video.webm
    ────────────────────────────────────────────────────────────────────────────────────────────────

    Error Context: ../test-results/navigation-Navigation-shou-9cb86-er-with-logo-and-navigation-firefox/error-context.md
]]>
</failure>
<system-out>
<![CDATA[
[[ATTACHMENT|test-results/navigation-Navigation-shou-9cb86-er-with-logo-and-navigation-firefox/test-failed-1.png]]

[[ATTACHMENT|test-results/navigation-Navigation-shou-9cb86-er-with-logo-and-navigation-firefox/video.webm]]

[[ATTACHMENT|test-results/navigation-Navigation-shou-9cb86-er-with-logo-and-navigation-firefox/error-context.md]]
]]>
</system-out>
</testcase>
<testcase name="Navigation › should navigate between pages" classname="navigation.spec.ts" time="30.072">
<failure message="navigation.spec.ts:29:3 should navigate between pages" type="FAILURE">
<![CDATA[  [firefox] › navigation.spec.ts:29:3 › Navigation › should navigate between pages ─────────────────

    Test timeout of 30000ms exceeded.

    Error: page.click: Test timeout of 30000ms exceeded.
    Call log:
      - waiting for locator('button:has-text("Components")')


      32 |     
      33 |     // Navigate to Components page
    > 34 |     await page.click('button:has-text("Components")');
         |                ^
      35 |     await expect(page.locator('h2:has-text("Button Components")')).toBeVisible();
      36 |     
      37 |     // Navigate to Dynamic page
        at /Users/peterhanssens/consulting/Leptos/tailwind-rs/demos/leptos-demo/tests/navigation.spec.ts:34:16

    attachment #1: screenshot (image/png) ──────────────────────────────────────────────────────────
    ../test-results/navigation-Navigation-should-navigate-between-pages-firefox/test-failed-1.png
    ────────────────────────────────────────────────────────────────────────────────────────────────

    attachment #2: video (video/webm) ──────────────────────────────────────────────────────────────
    ../test-results/navigation-Navigation-should-navigate-between-pages-firefox/video.webm
    ────────────────────────────────────────────────────────────────────────────────────────────────

    Error Context: ../test-results/navigation-Navigation-should-navigate-between-pages-firefox/error-context.md
]]>
</failure>
<system-out>
<![CDATA[
[[ATTACHMENT|test-results/navigation-Navigation-should-navigate-between-pages-firefox/test-failed-1.png]]

[[ATTACHMENT|test-results/navigation-Navigation-should-navigate-between-pages-firefox/video.webm]]

[[ATTACHMENT|test-results/navigation-Navigation-should-navigate-between-pages-firefox/error-context.md]]
]]>
</system-out>
</testcase>
<testcase name="Navigation › should highlight active navigation item" classname="navigation.spec.ts" time="6.096">
<failure message="navigation.spec.ts:46:3 should highlight active navigation item" type="FAILURE">
<![CDATA[  [firefox] › navigation.spec.ts:46:3 › Navigation › should highlight active navigation item ───────

    Error: expect(locator).toHaveClass(expected) failed

    Locator: locator('button:has-text("Home")')
    Expected pattern: /bg-blue-100/
    Received: <element(s) not found>
    Timeout: 5000ms

    Call log:
      - Expect "toHaveClass" with timeout 5000ms
      - waiting for locator('button:has-text("Home")')


      47 |     // Home should be active by default
      48 |     const homeButton = page.locator('button:has-text("Home")');
    > 49 |     await expect(homeButton).toHaveClass(/bg-blue-100/);
         |                              ^
      50 |     
      51 |     // Navigate to Components
      52 |     await page.click('button:has-text("Components")');
        at /Users/peterhanssens/consulting/Leptos/tailwind-rs/demos/leptos-demo/tests/navigation.spec.ts:49:30

    attachment #1: screenshot (image/png) ──────────────────────────────────────────────────────────
    ../test-results/navigation-Navigation-shou-76141-ight-active-navigation-item-firefox/test-failed-1.png
    ────────────────────────────────────────────────────────────────────────────────────────────────

    attachment #2: video (video/webm) ──────────────────────────────────────────────────────────────
    ../test-results/navigation-Navigation-shou-76141-ight-active-navigation-item-firefox/video.webm
    ────────────────────────────────────────────────────────────────────────────────────────────────

    Error Context: ../test-results/navigation-Navigation-shou-76141-ight-active-navigation-item-firefox/error-context.md
]]>
</failure>
<system-out>
<![CDATA[
[[ATTACHMENT|test-results/navigation-Navigation-shou-76141-ight-active-navigation-item-firefox/test-failed-1.png]]

[[ATTACHMENT|test-results/navigation-Navigation-shou-76141-ight-active-navigation-item-firefox/video.webm]]

[[ATTACHMENT|test-results/navigation-Navigation-shou-76141-ight-active-navigation-item-firefox/error-context.md]]
]]>
</system-out>
</testcase>
<testcase name="Navigation › should toggle theme" classname="navigation.spec.ts" time="6.029">
<failure message="navigation.spec.ts:58:3 should toggle theme" type="FAILURE">
<![CDATA[  [firefox] › navigation.spec.ts:58:3 › Navigation › should toggle theme ───────────────────────────

    Error: expect(locator).toBeVisible() failed

    Locator:  locator('button:has-text("☀️")')
    Expected: visible
    Received: <element(s) not found>
    Timeout:  5000ms

    Call log:
      - Expect "toBeVisible" with timeout 5000ms
      - waiting for locator('button:has-text("☀️")')


      58 |   test('should toggle theme', async ({ page }) => {
      59 |     const themeButton = page.locator('button:has-text("☀️")');
    > 60 |     await expect(themeButton).toBeVisible();
         |                               ^
      61 |     
      62 |     // Click theme toggle
      63 |     await themeButton.click();
        at /Users/peterhanssens/consulting/Leptos/tailwind-rs/demos/leptos-demo/tests/navigation.spec.ts:60:31

    attachment #1: screenshot (image/png) ──────────────────────────────────────────────────────────
    ../test-results/navigation-Navigation-should-toggle-theme-firefox/test-failed-1.png
    ────────────────────────────────────────────────────────────────────────────────────────────────

    attachment #2: video (video/webm) ──────────────────────────────────────────────────────────────
    ../test-results/navigation-Navigation-should-toggle-theme-firefox/video.webm
    ────────────────────────────────────────────────────────────────────────────────────────────────

    Error Context: ../test-results/navigation-Navigation-should-toggle-theme-firefox/error-context.md
]]>
</failure>
<system-out>
<![CDATA[
[[ATTACHMENT|test-results/navigation-Navigation-should-toggle-theme-firefox/test-failed-1.png]]

[[ATTACHMENT|test-results/navigation-Navigation-should-toggle-theme-firefox/video.webm]]

[[ATTACHMENT|test-results/navigation-Navigation-should-toggle-theme-firefox/error-context.md]]
]]>
</system-out>
</testcase>
<testcase name="Navigation › should display footer" classname="navigation.spec.ts" time="6.077">
<failure message="navigation.spec.ts:77:3 should display footer" type="FAILURE">
<![CDATA[  [firefox] › navigation.spec.ts:77:3 › Navigation › should display footer ─────────────────────────

    Error: expect(locator).toBeVisible() failed

    Locator:  locator('footer')
    Expected: visible
    Received: <element(s) not found>
    Timeout:  5000ms

    Call log:
      - Expect "toBeVisible" with timeout 5000ms
      - waiting for locator('footer')


      77 |   test('should display footer', async ({ page }) => {
      78 |     const footer = page.locator('footer');
    > 79 |     await expect(footer).toBeVisible();
         |                          ^
      80 |     await expect(footer).toContainText('Built with ❤️ using Tailwind-RS and Leptos');
      81 |     await expect(footer).toContainText('Rust-native Tailwind CSS implementation');
      82 |   });
        at /Users/peterhanssens/consulting/Leptos/tailwind-rs/demos/leptos-demo/tests/navigation.spec.ts:79:26

    attachment #1: screenshot (image/png) ──────────────────────────────────────────────────────────
    ../test-results/navigation-Navigation-should-display-footer-firefox/test-failed-1.png
    ────────────────────────────────────────────────────────────────────────────────────────────────

    attachment #2: video (video/webm) ──────────────────────────────────────────────────────────────
    ../test-results/navigation-Navigation-should-display-footer-firefox/video.webm
    ────────────────────────────────────────────────────────────────────────────────────────────────

    Error Context: ../test-results/navigation-Navigation-should-display-footer-firefox/error-context.md
]]>
</failure>
<system-out>
<![CDATA[
[[ATTACHMENT|test-results/navigation-Navigation-should-display-footer-firefox/test-failed-1.png]]

[[ATTACHMENT|test-results/navigation-Navigation-should-display-footer-firefox/video.webm]]

[[ATTACHMENT|test-results/navigation-Navigation-should-display-footer-firefox/error-context.md]]
]]>
</system-out>
</testcase>
</testsuite>
<testsuite name="performance.spec.ts" timestamp="2025-09-28T10:07:22.421Z" hostname="firefox" tests="8" failures="7" skipped="0" time="211.63" errors="0">
<testcase name="Performance › should load quickly" classname="performance.spec.ts" time="1.137">
</testcase>
<testcase name="Performance › should have efficient navigation" classname="performance.spec.ts" time="30.058">
<failure message="performance.spec.ts:19:3 should have efficient navigation" type="FAILURE">
<![CDATA[  [firefox] › performance.spec.ts:19:3 › Performance › should have efficient navigation ────────────

    Test timeout of 30000ms exceeded.

    Error: page.click: Test timeout of 30000ms exceeded.
    Call log:
      - waiting for locator('button:has-text("Components")')


      21 |     
      22 |     // Navigate through all pages
    > 23 |     await page.click('button:has-text("Components")');
         |                ^
      24 |     await page.waitForSelector('h2:has-text("Button Components")');
      25 |     
      26 |     await page.click('button:has-text("Dynamic")');
        at /Users/peterhanssens/consulting/Leptos/tailwind-rs/demos/leptos-demo/tests/performance.spec.ts:23:16

    attachment #1: screenshot (image/png) ──────────────────────────────────────────────────────────
    ../test-results/performance-Performance-should-have-efficient-navigation-firefox/test-failed-1.png
    ────────────────────────────────────────────────────────────────────────────────────────────────

    attachment #2: video (video/webm) ──────────────────────────────────────────────────────────────
    ../test-results/performance-Performance-should-have-efficient-navigation-firefox/video.webm
    ────────────────────────────────────────────────────────────────────────────────────────────────

    Error Context: ../test-results/performance-Performance-should-have-efficient-navigation-firefox/error-context.md
]]>
</failure>
<system-out>
<![CDATA[
[[ATTACHMENT|test-results/performance-Performance-should-have-efficient-navigation-firefox/test-failed-1.png]]

[[ATTACHMENT|test-results/performance-Performance-should-have-efficient-navigation-firefox/video.webm]]

[[ATTACHMENT|test-results/performance-Performance-should-have-efficient-navigation-firefox/error-context.md]]
]]>
</system-out>
</testcase>
<testcase name="Performance › should handle dynamic class generation efficiently" classname="performance.spec.ts" time="30.074">
<failure message="performance.spec.ts:38:3 should handle dynamic class generation efficiently" type="FAILURE">
<![CDATA[  [firefox] › performance.spec.ts:38:3 › Performance › should handle dynamic class generation efficiently 

    Test timeout of 30000ms exceeded.

    Error: page.click: Test timeout of 30000ms exceeded.
    Call log:
      - waiting for locator('button:has-text("Dynamic")')


      37 |
      38 |   test('should handle dynamic class generation efficiently', async ({ page }) => {
    > 39 |     await page.click('button:has-text("Dynamic")');
         |                ^
      40 |     
      41 |     const inputField = page.locator('input[placeholder*="Enter Tailwind classes"]');
      42 |     const previewArea = page.locator('.w-full.h-32.rounded-lg.border-2.border-dashed');
        at /Users/peterhanssens/consulting/Leptos/tailwind-rs/demos/leptos-demo/tests/performance.spec.ts:39:16

    attachment #1: screenshot (image/png) ──────────────────────────────────────────────────────────
    ../test-results/performance-Performance-sh-7b442-lass-generation-efficiently-firefox/test-failed-1.png
    ────────────────────────────────────────────────────────────────────────────────────────────────

    attachment #2: video (video/webm) ──────────────────────────────────────────────────────────────
    ../test-results/performance-Performance-sh-7b442-lass-generation-efficiently-firefox/video.webm
    ────────────────────────────────────────────────────────────────────────────────────────────────

    Error Context: ../test-results/performance-Performance-sh-7b442-lass-generation-efficiently-firefox/error-context.md
]]>
</failure>
<system-out>
<![CDATA[
[[ATTACHMENT|test-results/performance-Performance-sh-7b442-lass-generation-efficiently-firefox/test-failed-1.png]]

[[ATTACHMENT|test-results/performance-Performance-sh-7b442-lass-generation-efficiently-firefox/video.webm]]

[[ATTACHMENT|test-results/performance-Performance-sh-7b442-lass-generation-efficiently-firefox/error-context.md]]
]]>
</system-out>
</testcase>
<testcase name="Performance › should handle theme switching efficiently" classname="performance.spec.ts" time="30.072">
<failure message="performance.spec.ts:59:3 should handle theme switching efficiently" type="FAILURE">
<![CDATA[  [firefox] › performance.spec.ts:59:3 › Performance › should handle theme switching efficiently ───

    Test timeout of 30000ms exceeded.

    Error: page.click: Test timeout of 30000ms exceeded.
    Call log:
      - waiting for locator('button:has-text("☀️"), button:has-text("🌙")')


      62 |     // Toggle theme multiple times
      63 |     for (let i = 0; i < 5; i++) {
    > 64 |       await page.click('button:has-text("☀️"), button:has-text("🌙")');
         |                  ^
      65 |       await page.waitForTimeout(50); // Small delay to allow updates
      66 |     }
      67 |     
        at /Users/peterhanssens/consulting/Leptos/tailwind-rs/demos/leptos-demo/tests/performance.spec.ts:64:18

    attachment #1: screenshot (image/png) ──────────────────────────────────────────────────────────
    ../test-results/performance-Performance-sh-cb116-theme-switching-efficiently-firefox/test-failed-1.png
    ────────────────────────────────────────────────────────────────────────────────────────────────

    attachment #2: video (video/webm) ──────────────────────────────────────────────────────────────
    ../test-results/performance-Performance-sh-cb116-theme-switching-efficiently-firefox/video.webm
    ────────────────────────────────────────────────────────────────────────────────────────────────

    Error Context: ../test-results/performance-Performance-sh-cb116-theme-switching-efficiently-firefox/error-context.md
]]>
</failure>
<system-out>
<![CDATA[
[[ATTACHMENT|test-results/performance-Performance-sh-cb116-theme-switching-efficiently-firefox/test-failed-1.png]]

[[ATTACHMENT|test-results/performance-Performance-sh-cb116-theme-switching-efficiently-firefox/video.webm]]

[[ATTACHMENT|test-results/performance-Performance-sh-cb116-theme-switching-efficiently-firefox/error-context.md]]
]]>
</system-out>
</testcase>
<testcase name="Performance › should not have memory leaks during navigation" classname="performance.spec.ts" time="30.072">
<failure message="performance.spec.ts:74:3 should not have memory leaks during navigation" type="FAILURE">
<![CDATA[  [firefox] › performance.spec.ts:74:3 › Performance › should not have memory leaks during navigation 

    Test timeout of 30000ms exceeded.

    Error: page.click: Test timeout of 30000ms exceeded.
    Call log:
      - waiting for locator('button:has-text("Home")')


      75 |     // Navigate between pages multiple times
      76 |     for (let i = 0; i < 10; i++) {
    > 77 |       await page.click('button:has-text("Home")');
         |                  ^
      78 |       await page.waitForSelector('h1:has-text("Tailwind-RS Demo")');
      79 |       
      80 |       await page.click('button:has-text("Components")');
        at /Users/peterhanssens/consulting/Leptos/tailwind-rs/demos/leptos-demo/tests/performance.spec.ts:77:18

    attachment #1: screenshot (image/png) ──────────────────────────────────────────────────────────
    ../test-results/performance-Performance-sh-19d16-ory-leaks-during-navigation-firefox/test-failed-1.png
    ────────────────────────────────────────────────────────────────────────────────────────────────

    attachment #2: video (video/webm) ──────────────────────────────────────────────────────────────
    ../test-results/performance-Performance-sh-19d16-ory-leaks-during-navigation-firefox/video.webm
    ────────────────────────────────────────────────────────────────────────────────────────────────

    Error Context: ../test-results/performance-Performance-sh-19d16-ory-leaks-during-navigation-firefox/error-context.md
]]>
</failure>
<system-out>
<![CDATA[
[[ATTACHMENT|test-results/performance-Performance-sh-19d16-ory-leaks-during-navigation-firefox/test-failed-1.png]]

[[ATTACHMENT|test-results/performance-Performance-sh-19d16-ory-leaks-during-navigation-firefox/video.webm]]

[[ATTACHMENT|test-results/performance-Performance-sh-19d16-ory-leaks-during-navigation-firefox/error-context.md]]
]]>
</system-out>
</testcase>
<testcase name="Performance › should handle rapid input changes" classname="performance.spec.ts" time="30.08">
<failure message="performance.spec.ts:92:3 should handle rapid input changes" type="FAILURE">
<![CDATA[  [firefox] › performance.spec.ts:92:3 › Performance › should handle rapid input changes ───────────

    Test timeout of 30000ms exceeded.

    Error: page.click: Test timeout of 30000ms exceeded.
    Call log:
      - waiting for locator('button:has-text("Dynamic")')


      91 |
      92 |   test('should handle rapid input changes', async ({ page }) => {
    > 93 |     await page.click('button:has-text("Dynamic")');
         |                ^
      94 |     
      95 |     const inputField = page.locator('input[placeholder*="Enter Tailwind classes"]');
      96 |     
        at /Users/peterhanssens/consulting/Leptos/tailwind-rs/demos/leptos-demo/tests/performance.spec.ts:93:16

    attachment #1: screenshot (image/png) ──────────────────────────────────────────────────────────
    ../test-results/performance-Performance-should-handle-rapid-input-changes-firefox/test-failed-1.png
    ────────────────────────────────────────────────────────────────────────────────────────────────

    attachment #2: video (video/webm) ──────────────────────────────────────────────────────────────
    ../test-results/performance-Performance-should-handle-rapid-input-changes-firefox/video.webm
    ────────────────────────────────────────────────────────────────────────────────────────────────

    Error Context: ../test-results/performance-Performance-should-handle-rapid-input-changes-firefox/error-context.md
]]>
</failure>
<system-out>
<![CDATA[
[[ATTACHMENT|test-results/performance-Performance-should-handle-rapid-input-changes-firefox/test-failed-1.png]]

[[ATTACHMENT|test-results/performance-Performance-should-handle-rapid-input-changes-firefox/video.webm]]

[[ATTACHMENT|test-results/performance-Performance-should-handle-rapid-input-changes-firefox/error-context.md]]
]]>
</system-out>
</testcase>
<testcase name="Performance › should maintain performance with many elements" classname="performance.spec.ts" time="30.069">
<failure message="performance.spec.ts:114:3 should maintain performance with many elements" type="FAILURE">
<![CDATA[  [firefox] › performance.spec.ts:114:3 › Performance › should maintain performance with many elements 

    Test timeout of 30000ms exceeded.

    Error: page.click: Test timeout of 30000ms exceeded.
    Call log:
      - waiting for locator('button:has-text("Components")')


      113 |
      114 |   test('should maintain performance with many elements', async ({ page }) => {
    > 115 |     await page.click('button:has-text("Components")');
          |                ^
      116 |     
      117 |     // Check that all buttons are rendered efficiently
      118 |     const buttons = page.locator('button');
        at /Users/peterhanssens/consulting/Leptos/tailwind-rs/demos/leptos-demo/tests/performance.spec.ts:115:16

    attachment #1: screenshot (image/png) ──────────────────────────────────────────────────────────
    ../test-results/performance-Performance-sh-fc2ea-formance-with-many-elements-firefox/test-failed-1.png
    ────────────────────────────────────────────────────────────────────────────────────────────────

    attachment #2: video (video/webm) ──────────────────────────────────────────────────────────────
    ../test-results/performance-Performance-sh-fc2ea-formance-with-many-elements-firefox/video.webm
    ────────────────────────────────────────────────────────────────────────────────────────────────

    Error Context: ../test-results/performance-Performance-sh-fc2ea-formance-with-many-elements-firefox/error-context.md
]]>
</failure>
<system-out>
<![CDATA[
[[ATTACHMENT|test-results/performance-Performance-sh-fc2ea-formance-with-many-elements-firefox/test-failed-1.png]]

[[ATTACHMENT|test-results/performance-Performance-sh-fc2ea-formance-with-many-elements-firefox/video.webm]]

[[ATTACHMENT|test-results/performance-Performance-sh-fc2ea-formance-with-many-elements-firefox/error-context.md]]
]]>
</system-out>
</testcase>
<testcase name="Performance › should handle concurrent user interactions" classname="performance.spec.ts" time="30.068">
<failure message="performance.spec.ts:132:3 should handle concurrent user interactions" type="FAILURE">
<![CDATA[  [firefox] › performance.spec.ts:132:3 › Performance › should handle concurrent user interactions ─

    Test timeout of 30000ms exceeded.

    Error: page.click: Test timeout of 30000ms exceeded.
    Call log:
      - waiting for locator('button:has-text("Components")')


      136 |     // Rapidly click different buttons
      137 |     const interactions = [
    > 138 |       () => page.click('button:has-text("Components")'),
          |                  ^
      139 |       () => page.click('button:has-text("Dynamic")'),
      140 |       () => page.click('button:has-text("Home")'),
      141 |       () => page.click('button:has-text("☀️"), button:has-text("🌙")'),
        at Array.<anonymous> (/Users/peterhanssens/consulting/Leptos/tailwind-rs/demos/leptos-demo/tests/performance.spec.ts:138:18)
        at /Users/peterhanssens/consulting/Leptos/tailwind-rs/demos/leptos-demo/tests/performance.spec.ts:146:50

    attachment #1: screenshot (image/png) ──────────────────────────────────────────────────────────
    ../test-results/performance-Performance-sh-67225-oncurrent-user-interactions-firefox/test-failed-1.png
    ────────────────────────────────────────────────────────────────────────────────────────────────

    attachment #2: video (video/webm) ──────────────────────────────────────────────────────────────
    ../test-results/performance-Performance-sh-67225-oncurrent-user-interactions-firefox/video.webm
    ────────────────────────────────────────────────────────────────────────────────────────────────

    Error Context: ../test-results/performance-Performance-sh-67225-oncurrent-user-interactions-firefox/error-context.md
]]>
</failure>
<system-out>
<![CDATA[
[[ATTACHMENT|test-results/performance-Performance-sh-67225-oncurrent-user-interactions-firefox/test-failed-1.png]]

[[ATTACHMENT|test-results/performance-Performance-sh-67225-oncurrent-user-interactions-firefox/video.webm]]

[[ATTACHMENT|test-results/performance-Performance-sh-67225-oncurrent-user-interactions-firefox/error-context.md]]
]]>
</system-out>
</testcase>
</testsuite>
<testsuite name="visual-regression.spec.ts" timestamp="2025-09-28T10:07:22.421Z" hostname="firefox" tests="13" failures="13" skipped="0" time="290.086" errors="0">
<testcase name="Visual Regression › should match home page screenshot" classname="visual-regression.spec.ts" time="1.228">
<failure message="visual-regression.spec.ts:9:3 should match home page screenshot" type="FAILURE">
<![CDATA[  [firefox] › visual-regression.spec.ts:9:3 › Visual Regression › should match home page screenshot 

    Error: A snapshot doesn't exist at /Users/peterhanssens/consulting/Leptos/tailwind-rs/demos/leptos-demo/tests/visual-regression.spec.ts-snapshots/home-page-firefox-darwin.png, writing actual.

       9 |   test('should match home page screenshot', async ({ page }) => {
      10 |     // Take screenshot of home page
    > 11 |     await expect(page).toHaveScreenshot('home-page.png');
         |     ^
      12 |   });
      13 |
      14 |   test('should match components page screenshot', async ({ page }) => {
        at /Users/peterhanssens/consulting/Leptos/tailwind-rs/demos/leptos-demo/tests/visual-regression.spec.ts:11:5

    attachment #1: home-page (image/png) ───────────────────────────────────────────────────────────
    Expected: visual-regression.spec.ts-snapshots/home-page-firefox-darwin.png
    Received: ../test-results/visual-regression-Visual-R-be63f--match-home-page-screenshot-firefox/home-page-actual.png
    ────────────────────────────────────────────────────────────────────────────────────────────────

    attachment #2: screenshot (image/png) ──────────────────────────────────────────────────────────
    ../test-results/visual-regression-Visual-R-be63f--match-home-page-screenshot-firefox/test-failed-1.png
    ────────────────────────────────────────────────────────────────────────────────────────────────

    attachment #3: video (video/webm) ──────────────────────────────────────────────────────────────
    ../test-results/visual-regression-Visual-R-be63f--match-home-page-screenshot-firefox/video.webm
    ────────────────────────────────────────────────────────────────────────────────────────────────

    Error Context: ../test-results/visual-regression-Visual-R-be63f--match-home-page-screenshot-firefox/error-context.md
]]>
</failure>
<system-out>
<![CDATA[
[[ATTACHMENT|tests/visual-regression.spec.ts-snapshots/home-page-firefox-darwin.png]]

[[ATTACHMENT|test-results/visual-regression-Visual-R-be63f--match-home-page-screenshot-firefox/home-page-actual.png]]

[[ATTACHMENT|test-results/visual-regression-Visual-R-be63f--match-home-page-screenshot-firefox/test-failed-1.png]]

[[ATTACHMENT|test-results/visual-regression-Visual-R-be63f--match-home-page-screenshot-firefox/video.webm]]

[[ATTACHMENT|test-results/visual-regression-Visual-R-be63f--match-home-page-screenshot-firefox/error-context.md]]
]]>
</system-out>
</testcase>
<testcase name="Visual Regression › should match components page screenshot" classname="visual-regression.spec.ts" time="30.077">
<failure message="visual-regression.spec.ts:14:3 should match components page screenshot" type="FAILURE">
<![CDATA[  [firefox] › visual-regression.spec.ts:14:3 › Visual Regression › should match components page screenshot 

    Test timeout of 30000ms exceeded.

    Error: page.click: Test timeout of 30000ms exceeded.
    Call log:
      - waiting for locator('button:has-text("Components")')


      13 |
      14 |   test('should match components page screenshot', async ({ page }) => {
    > 15 |     await page.click('button:has-text("Components")');
         |                ^
      16 |     await page.waitForSelector('h2:has-text("Button Components")');
      17 |     
      18 |     // Take screenshot of components page
        at /Users/peterhanssens/consulting/Leptos/tailwind-rs/demos/leptos-demo/tests/visual-regression.spec.ts:15:16

    attachment #1: screenshot (image/png) ──────────────────────────────────────────────────────────
    ../test-results/visual-regression-Visual-R-c44b6--components-page-screenshot-firefox/test-failed-1.png
    ────────────────────────────────────────────────────────────────────────────────────────────────

    attachment #2: video (video/webm) ──────────────────────────────────────────────────────────────
    ../test-results/visual-regression-Visual-R-c44b6--components-page-screenshot-firefox/video.webm
    ────────────────────────────────────────────────────────────────────────────────────────────────

    Error Context: ../test-results/visual-regression-Visual-R-c44b6--components-page-screenshot-firefox/error-context.md
]]>
</failure>
<system-out>
<![CDATA[
[[ATTACHMENT|test-results/visual-regression-Visual-R-c44b6--components-page-screenshot-firefox/test-failed-1.png]]

[[ATTACHMENT|test-results/visual-regression-Visual-R-c44b6--components-page-screenshot-firefox/video.webm]]

[[ATTACHMENT|test-results/visual-regression-Visual-R-c44b6--components-page-screenshot-firefox/error-context.md]]
]]>
</system-out>
</testcase>
<testcase name="Visual Regression › should match dynamic page screenshot" classname="visual-regression.spec.ts" time="30.075">
<failure message="visual-regression.spec.ts:22:3 should match dynamic page screenshot" type="FAILURE">
<![CDATA[  [firefox] › visual-regression.spec.ts:22:3 › Visual Regression › should match dynamic page screenshot 

    Test timeout of 30000ms exceeded.

    Error: page.click: Test timeout of 30000ms exceeded.
    Call log:
      - waiting for locator('button:has-text("Dynamic")')


      21 |
      22 |   test('should match dynamic page screenshot', async ({ page }) => {
    > 23 |     await page.click('button:has-text("Dynamic")');
         |                ^
      24 |     await page.waitForSelector('h2:has-text("Dynamic Class Generation")');
      25 |     
      26 |     // Take screenshot of dynamic page
        at /Users/peterhanssens/consulting/Leptos/tailwind-rs/demos/leptos-demo/tests/visual-regression.spec.ts:23:16

    attachment #1: screenshot (image/png) ──────────────────────────────────────────────────────────
    ../test-results/visual-regression-Visual-R-bbbc6-tch-dynamic-page-screenshot-firefox/test-failed-1.png
    ────────────────────────────────────────────────────────────────────────────────────────────────

    attachment #2: video (video/webm) ──────────────────────────────────────────────────────────────
    ../test-results/visual-regression-Visual-R-bbbc6-tch-dynamic-page-screenshot-firefox/video.webm
    ────────────────────────────────────────────────────────────────────────────────────────────────

    Error Context: ../test-results/visual-regression-Visual-R-bbbc6-tch-dynamic-page-screenshot-firefox/error-context.md
]]>
</failure>
<system-out>
<![CDATA[
[[ATTACHMENT|test-results/visual-regression-Visual-R-bbbc6-tch-dynamic-page-screenshot-firefox/test-failed-1.png]]

[[ATTACHMENT|test-results/visual-regression-Visual-R-bbbc6-tch-dynamic-page-screenshot-firefox/video.webm]]

[[ATTACHMENT|test-results/visual-regression-Visual-R-bbbc6-tch-dynamic-page-screenshot-firefox/error-context.md]]
]]>
</system-out>
</testcase>
<testcase name="Visual Regression › should match dark mode screenshots" classname="visual-regression.spec.ts" time="30.16">
<failure message="visual-regression.spec.ts:30:3 should match dark mode screenshots" type="FAILURE">
<![CDATA[  [firefox] › visual-regression.spec.ts:30:3 › Visual Regression › should match dark mode screenshots 

    Test timeout of 30000ms exceeded.

    Error: page.click: Test timeout of 30000ms exceeded.
    Call log:
      - waiting for locator('button:has-text("☀️")')


      30 |   test('should match dark mode screenshots', async ({ page }) => {
      31 |     // Toggle to dark mode
    > 32 |     await page.click('button:has-text("☀️")');
         |                ^
      33 |     
      34 |     // Take screenshot of home page in dark mode
      35 |     await expect(page).toHaveScreenshot('home-page-dark.png');
        at /Users/peterhanssens/consulting/Leptos/tailwind-rs/demos/leptos-demo/tests/visual-regression.spec.ts:32:16

    attachment #1: screenshot (image/png) ──────────────────────────────────────────────────────────
    ../test-results/visual-regression-Visual-R-879db-match-dark-mode-screenshots-firefox/test-failed-1.png
    ────────────────────────────────────────────────────────────────────────────────────────────────

    attachment #2: video (video/webm) ──────────────────────────────────────────────────────────────
    ../test-results/visual-regression-Visual-R-879db-match-dark-mode-screenshots-firefox/video.webm
    ────────────────────────────────────────────────────────────────────────────────────────────────

    Error Context: ../test-results/visual-regression-Visual-R-879db-match-dark-mode-screenshots-firefox/error-context.md
]]>
</failure>
<system-out>
<![CDATA[
[[ATTACHMENT|test-results/visual-regression-Visual-R-879db-match-dark-mode-screenshots-firefox/test-failed-1.png]]

[[ATTACHMENT|test-results/visual-regression-Visual-R-879db-match-dark-mode-screenshots-firefox/video.webm]]

[[ATTACHMENT|test-results/visual-regression-Visual-R-879db-match-dark-mode-screenshots-firefox/error-context.md]]
]]>
</system-out>
</testcase>
<testcase name="Visual Regression › should match mobile screenshots" classname="visual-regression.spec.ts" time="30.063">
<failure message="visual-regression.spec.ts:48:3 should match mobile screenshots" type="FAILURE">
<![CDATA[  [firefox] › visual-regression.spec.ts:48:3 › Visual Regression › should match mobile screenshots ─

    Error: A snapshot doesn't exist at /Users/peterhanssens/consulting/Leptos/tailwind-rs/demos/leptos-demo/tests/visual-regression.spec.ts-snapshots/home-page-mobile-firefox-darwin.png, writing actual.

      51 |     
      52 |     // Take screenshot of home page on mobile
    > 53 |     await expect(page).toHaveScreenshot('home-page-mobile.png');
         |     ^
      54 |     
      55 |     // Navigate to components page on mobile
      56 |     await page.click('button:has-text("Components")');
        at /Users/peterhanssens/consulting/Leptos/tailwind-rs/demos/leptos-demo/tests/visual-regression.spec.ts:53:5

    Test timeout of 30000ms exceeded.

    Error: page.click: Test ended.
    Call log:
      - waiting for locator('button:has-text("Components")')


      54 |     
      55 |     // Navigate to components page on mobile
    > 56 |     await page.click('button:has-text("Components")');
         |                ^
      57 |     await page.waitForSelector('h2:has-text("Button Components")');
      58 |     await expect(page).toHaveScreenshot('components-page-mobile.png');
      59 |     
        at /Users/peterhanssens/consulting/Leptos/tailwind-rs/demos/leptos-demo/tests/visual-regression.spec.ts:56:16

    attachment #1: home-page-mobile (image/png) ────────────────────────────────────────────────────
    Expected: visual-regression.spec.ts-snapshots/home-page-mobile-firefox-darwin.png
    Received: ../test-results/visual-regression-Visual-R-006ab-ld-match-mobile-screenshots-firefox/home-page-mobile-actual.png
    ────────────────────────────────────────────────────────────────────────────────────────────────

    attachment #2: screenshot (image/png) ──────────────────────────────────────────────────────────
    ../test-results/visual-regression-Visual-R-006ab-ld-match-mobile-screenshots-firefox/test-failed-1.png
    ────────────────────────────────────────────────────────────────────────────────────────────────

    attachment #3: video (video/webm) ──────────────────────────────────────────────────────────────
    ../test-results/visual-regression-Visual-R-006ab-ld-match-mobile-screenshots-firefox/video.webm
    ────────────────────────────────────────────────────────────────────────────────────────────────

    Error Context: ../test-results/visual-regression-Visual-R-006ab-ld-match-mobile-screenshots-firefox/error-context.md
]]>
</failure>
<system-out>
<![CDATA[
[[ATTACHMENT|tests/visual-regression.spec.ts-snapshots/home-page-mobile-firefox-darwin.png]]

[[ATTACHMENT|test-results/visual-regression-Visual-R-006ab-ld-match-mobile-screenshots-firefox/home-page-mobile-actual.png]]

[[ATTACHMENT|test-results/visual-regression-Visual-R-006ab-ld-match-mobile-screenshots-firefox/test-failed-1.png]]

[[ATTACHMENT|test-results/visual-regression-Visual-R-006ab-ld-match-mobile-screenshots-firefox/video.webm]]

[[ATTACHMENT|test-results/visual-regression-Visual-R-006ab-ld-match-mobile-screenshots-firefox/error-context.md]]
]]>
</system-out>
</testcase>
<testcase name="Visual Regression › should match tablet screenshots" classname="visual-regression.spec.ts" time="30.068">
<failure message="visual-regression.spec.ts:66:3 should match tablet screenshots" type="FAILURE">
<![CDATA[  [firefox] › visual-regression.spec.ts:66:3 › Visual Regression › should match tablet screenshots ─

    Error: A snapshot doesn't exist at /Users/peterhanssens/consulting/Leptos/tailwind-rs/demos/leptos-demo/tests/visual-regression.spec.ts-snapshots/home-page-tablet-firefox-darwin.png, writing actual.

      69 |     
      70 |     // Take screenshot of home page on tablet
    > 71 |     await expect(page).toHaveScreenshot('home-page-tablet.png');
         |     ^
      72 |     
      73 |     // Navigate to components page on tablet
      74 |     await page.click('button:has-text("Components")');
        at /Users/peterhanssens/consulting/Leptos/tailwind-rs/demos/leptos-demo/tests/visual-regression.spec.ts:71:5

    Test timeout of 30000ms exceeded.

    Error: page.click: Test ended.
    Call log:
      - waiting for locator('button:has-text("Components")')


      72 |     
      73 |     // Navigate to components page on tablet
    > 74 |     await page.click('button:has-text("Components")');
         |                ^
      75 |     await page.waitForSelector('h2:has-text("Button Components")');
      76 |     await expect(page).toHaveScreenshot('components-page-tablet.png');
      77 |   });
        at /Users/peterhanssens/consulting/Leptos/tailwind-rs/demos/leptos-demo/tests/visual-regression.spec.ts:74:16

    attachment #1: home-page-tablet (image/png) ────────────────────────────────────────────────────
    Expected: visual-regression.spec.ts-snapshots/home-page-tablet-firefox-darwin.png
    Received: ../test-results/visual-regression-Visual-R-270f6-ld-match-tablet-screenshots-firefox/home-page-tablet-actual.png
    ────────────────────────────────────────────────────────────────────────────────────────────────

    attachment #2: screenshot (image/png) ──────────────────────────────────────────────────────────
    ../test-results/visual-regression-Visual-R-270f6-ld-match-tablet-screenshots-firefox/test-failed-1.png
    ────────────────────────────────────────────────────────────────────────────────────────────────

    attachment #3: video (video/webm) ──────────────────────────────────────────────────────────────
    ../test-results/visual-regression-Visual-R-270f6-ld-match-tablet-screenshots-firefox/video.webm
    ────────────────────────────────────────────────────────────────────────────────────────────────

    Error Context: ../test-results/visual-regression-Visual-R-270f6-ld-match-tablet-screenshots-firefox/error-context.md
]]>
</failure>
<system-out>
<![CDATA[
[[ATTACHMENT|tests/visual-regression.spec.ts-snapshots/home-page-tablet-firefox-darwin.png]]

[[ATTACHMENT|test-results/visual-regression-Visual-R-270f6-ld-match-tablet-screenshots-firefox/home-page-tablet-actual.png]]

[[ATTACHMENT|test-results/visual-regression-Visual-R-270f6-ld-match-tablet-screenshots-firefox/test-failed-1.png]]

[[ATTACHMENT|test-results/visual-regression-Visual-R-270f6-ld-match-tablet-screenshots-firefox/video.webm]]

[[ATTACHMENT|test-results/visual-regression-Visual-R-270f6-ld-match-tablet-screenshots-firefox/error-context.md]]
]]>
</system-out>
</testcase>
<testcase name="Visual Regression › should match desktop screenshots" classname="visual-regression.spec.ts" time="30.083">
<failure message="visual-regression.spec.ts:79:3 should match desktop screenshots" type="FAILURE">
<![CDATA[  [firefox] › visual-regression.spec.ts:79:3 › Visual Regression › should match desktop screenshots 

    Error: A snapshot doesn't exist at /Users/peterhanssens/consulting/Leptos/tailwind-rs/demos/leptos-demo/tests/visual-regression.spec.ts-snapshots/home-page-desktop-firefox-darwin.png, writing actual.

      82 |     
      83 |     // Take screenshot of home page on desktop
    > 84 |     await expect(page).toHaveScreenshot('home-page-desktop.png');
         |     ^
      85 |     
      86 |     // Navigate to components page on desktop
      87 |     await page.click('button:has-text("Components")');
        at /Users/peterhanssens/consulting/Leptos/tailwind-rs/demos/leptos-demo/tests/visual-regression.spec.ts:84:5

    Test timeout of 30000ms exceeded.

    Error: page.click: Test ended.
    Call log:
      - waiting for locator('button:has-text("Components")')


      85 |     
      86 |     // Navigate to components page on desktop
    > 87 |     await page.click('button:has-text("Components")');
         |                ^
      88 |     await page.waitForSelector('h2:has-text("Button Components")');
      89 |     await expect(page).toHaveScreenshot('components-page-desktop.png');
      90 |   });
        at /Users/peterhanssens/consulting/Leptos/tailwind-rs/demos/leptos-demo/tests/visual-regression.spec.ts:87:16

    attachment #1: home-page-desktop (image/png) ───────────────────────────────────────────────────
    Expected: visual-regression.spec.ts-snapshots/home-page-desktop-firefox-darwin.png
    Received: ../test-results/visual-regression-Visual-R-eb03a-d-match-desktop-screenshots-firefox/home-page-desktop-actual.png
    ────────────────────────────────────────────────────────────────────────────────────────────────

    attachment #2: screenshot (image/png) ──────────────────────────────────────────────────────────
    ../test-results/visual-regression-Visual-R-eb03a-d-match-desktop-screenshots-firefox/test-failed-1.png
    ────────────────────────────────────────────────────────────────────────────────────────────────

    attachment #3: video (video/webm) ──────────────────────────────────────────────────────────────
    ../test-results/visual-regression-Visual-R-eb03a-d-match-desktop-screenshots-firefox/video.webm
    ────────────────────────────────────────────────────────────────────────────────────────────────

    Error Context: ../test-results/visual-regression-Visual-R-eb03a-d-match-desktop-screenshots-firefox/error-context.md
]]>
</failure>
<system-out>
<![CDATA[
[[ATTACHMENT|tests/visual-regression.spec.ts-snapshots/home-page-desktop-firefox-darwin.png]]

[[ATTACHMENT|test-results/visual-regression-Visual-R-eb03a-d-match-desktop-screenshots-firefox/home-page-desktop-actual.png]]

[[ATTACHMENT|test-results/visual-regression-Visual-R-eb03a-d-match-desktop-screenshots-firefox/test-failed-1.png]]

[[ATTACHMENT|test-results/visual-regression-Visual-R-eb03a-d-match-desktop-screenshots-firefox/video.webm]]

[[ATTACHMENT|test-results/visual-regression-Visual-R-eb03a-d-match-desktop-screenshots-firefox/error-context.md]]
]]>
</system-out>
</testcase>
<testcase name="Visual Regression › should match dynamic styling screenshots" classname="visual-regression.spec.ts" time="30.072">
<failure message="visual-regression.spec.ts:92:3 should match dynamic styling screenshots" type="FAILURE">
<![CDATA[  [firefox] › visual-regression.spec.ts:92:3 › Visual Regression › should match dynamic styling screenshots 

    Test timeout of 30000ms exceeded.

    Error: page.click: Test timeout of 30000ms exceeded.
    Call log:
      - waiting for locator('button:has-text("Dynamic")')


      91 |
      92 |   test('should match dynamic styling screenshots', async ({ page }) => {
    > 93 |     await page.click('button:has-text("Dynamic")');
         |                ^
      94 |     await page.waitForSelector('h2:has-text("Dynamic Class Generation")');
      95 |     
      96 |     const inputField = page.locator('input[placeholder*="Enter Tailwind classes"]');
        at /Users/peterhanssens/consulting/Leptos/tailwind-rs/demos/leptos-demo/tests/visual-regression.spec.ts:93:16

    attachment #1: screenshot (image/png) ──────────────────────────────────────────────────────────
    ../test-results/visual-regression-Visual-R-af0da-dynamic-styling-screenshots-firefox/test-failed-1.png
    ────────────────────────────────────────────────────────────────────────────────────────────────

    attachment #2: video (video/webm) ──────────────────────────────────────────────────────────────
    ../test-results/visual-regression-Visual-R-af0da-dynamic-styling-screenshots-firefox/video.webm
    ────────────────────────────────────────────────────────────────────────────────────────────────

    Error Context: ../test-results/visual-regression-Visual-R-af0da-dynamic-styling-screenshots-firefox/error-context.md
]]>
</failure>
<system-out>
<![CDATA[
[[ATTACHMENT|test-results/visual-regression-Visual-R-af0da-dynamic-styling-screenshots-firefox/test-failed-1.png]]

[[ATTACHMENT|test-results/visual-regression-Visual-R-af0da-dynamic-styling-screenshots-firefox/video.webm]]

[[ATTACHMENT|test-results/visual-regression-Visual-R-af0da-dynamic-styling-screenshots-firefox/error-context.md]]
]]>
</system-out>
</testcase>
<testcase name="Visual Regression › should match header component screenshot" classname="visual-regression.spec.ts" time="6.047">
<failure message="visual-regression.spec.ts:113:3 should match header component screenshot" type="FAILURE">
<![CDATA[  [firefox] › visual-regression.spec.ts:113:3 › Visual Regression › should match header component screenshot 

    Error: expect(locator).toHaveScreenshot(expected) failed

    Locator:  locator('header')
    Timeout:  5000ms
      Timeout 5000ms exceeded.

      Snapshot: header-component.png

    Call log:
      - Expect "toHaveScreenshot(header-component.png)" with timeout 5000ms
        - generating new stable screenshot expectation
      - waiting for locator('header')
      - Timeout 5000ms exceeded.


      114 |     // Take screenshot of just the header
      115 |     const header = page.locator('header');
    > 116 |     await expect(header).toHaveScreenshot('header-component.png');
          |                          ^
      117 |   });
      118 |
      119 |   test('should match footer component screenshot', async ({ page }) => {
        at /Users/peterhanssens/consulting/Leptos/tailwind-rs/demos/leptos-demo/tests/visual-regression.spec.ts:116:26

    attachment #1: screenshot (image/png) ──────────────────────────────────────────────────────────
    ../test-results/visual-regression-Visual-R-44588-header-component-screenshot-firefox/test-failed-1.png
    ────────────────────────────────────────────────────────────────────────────────────────────────

    attachment #2: video (video/webm) ──────────────────────────────────────────────────────────────
    ../test-results/visual-regression-Visual-R-44588-header-component-screenshot-firefox/video.webm
    ────────────────────────────────────────────────────────────────────────────────────────────────

    Error Context: ../test-results/visual-regression-Visual-R-44588-header-component-screenshot-firefox/error-context.md
]]>
</failure>
<system-out>
<![CDATA[
[[ATTACHMENT|test-results/visual-regression-Visual-R-44588-header-component-screenshot-firefox/test-failed-1.png]]

[[ATTACHMENT|test-results/visual-regression-Visual-R-44588-header-component-screenshot-firefox/video.webm]]

[[ATTACHMENT|test-results/visual-regression-Visual-R-44588-header-component-screenshot-firefox/error-context.md]]
]]>
</system-out>
</testcase>
<testcase name="Visual Regression › should match footer component screenshot" classname="visual-regression.spec.ts" time="6.052">
<failure message="visual-regression.spec.ts:119:3 should match footer component screenshot" type="FAILURE">
<![CDATA[  [firefox] › visual-regression.spec.ts:119:3 › Visual Regression › should match footer component screenshot 

    Error: expect(locator).toHaveScreenshot(expected) failed

    Locator:  locator('footer')
    Timeout:  5000ms
      Timeout 5000ms exceeded.

      Snapshot: footer-component.png

    Call log:
      - Expect "toHaveScreenshot(footer-component.png)" with timeout 5000ms
        - generating new stable screenshot expectation
      - waiting for locator('footer')
      - Timeout 5000ms exceeded.


      123 |     // Take screenshot of just the footer
      124 |     const footer = page.locator('footer');
    > 125 |     await expect(footer).toHaveScreenshot('footer-component.png');
          |                          ^
      126 |   });
      127 |
      128 |   test('should match feature cards screenshot', async ({ page }) => {
        at /Users/peterhanssens/consulting/Leptos/tailwind-rs/demos/leptos-demo/tests/visual-regression.spec.ts:125:26

    attachment #1: screenshot (image/png) ──────────────────────────────────────────────────────────
    ../test-results/visual-regression-Visual-R-4e185-footer-component-screenshot-firefox/test-failed-1.png
    ────────────────────────────────────────────────────────────────────────────────────────────────

    attachment #2: video (video/webm) ──────────────────────────────────────────────────────────────
    ../test-results/visual-regression-Visual-R-4e185-footer-component-screenshot-firefox/video.webm
    ────────────────────────────────────────────────────────────────────────────────────────────────

    Error Context: ../test-results/visual-regression-Visual-R-4e185-footer-component-screenshot-firefox/error-context.md
]]>
</failure>
<system-out>
<![CDATA[
[[ATTACHMENT|test-results/visual-regression-Visual-R-4e185-footer-component-screenshot-firefox/test-failed-1.png]]

[[ATTACHMENT|test-results/visual-regression-Visual-R-4e185-footer-component-screenshot-firefox/video.webm]]

[[ATTACHMENT|test-results/visual-regression-Visual-R-4e185-footer-component-screenshot-firefox/error-context.md]]
]]>
</system-out>
</testcase>
<testcase name="Visual Regression › should match feature cards screenshot" classname="visual-regression.spec.ts" time="6.019">
<failure message="visual-regression.spec.ts:128:3 should match feature cards screenshot" type="FAILURE">
<![CDATA[  [firefox] › visual-regression.spec.ts:128:3 › Visual Regression › should match feature cards screenshot 

    Error: expect(locator).toHaveScreenshot(expected) failed

    Locator:  locator('.grid.grid-cols-1.md\\:grid-cols-2.lg\\:grid-cols-3')
    Timeout:  5000ms
      Timeout 5000ms exceeded.

      Snapshot: feature-cards.png

    Call log:
      - Expect "toHaveScreenshot(feature-cards.png)" with timeout 5000ms
        - generating new stable screenshot expectation
      - waiting for locator('.grid.grid-cols-1.md\\:grid-cols-2.lg\\:grid-cols-3')
      - Timeout 5000ms exceeded.


      129 |     // Take screenshot of feature cards section
      130 |     const featureGrid = page.locator('.grid.grid-cols-1.md\\:grid-cols-2.lg\\:grid-cols-3');
    > 131 |     await expect(featureGrid).toHaveScreenshot('feature-cards.png');
          |                               ^
      132 |   });
      133 |
      134 |   test('should match button components screenshot', async ({ page }) => {
        at /Users/peterhanssens/consulting/Leptos/tailwind-rs/demos/leptos-demo/tests/visual-regression.spec.ts:131:31

    attachment #1: screenshot (image/png) ──────────────────────────────────────────────────────────
    ../test-results/visual-regression-Visual-R-1e359-ch-feature-cards-screenshot-firefox/test-failed-1.png
    ────────────────────────────────────────────────────────────────────────────────────────────────

    attachment #2: video (video/webm) ──────────────────────────────────────────────────────────────
    ../test-results/visual-regression-Visual-R-1e359-ch-feature-cards-screenshot-firefox/video.webm
    ────────────────────────────────────────────────────────────────────────────────────────────────

    Error Context: ../test-results/visual-regression-Visual-R-1e359-ch-feature-cards-screenshot-firefox/error-context.md
]]>
</failure>
<system-out>
<![CDATA[
[[ATTACHMENT|test-results/visual-regression-Visual-R-1e359-ch-feature-cards-screenshot-firefox/test-failed-1.png]]

[[ATTACHMENT|test-results/visual-regression-Visual-R-1e359-ch-feature-cards-screenshot-firefox/video.webm]]

[[ATTACHMENT|test-results/visual-regression-Visual-R-1e359-ch-feature-cards-screenshot-firefox/error-context.md]]
]]>
</system-out>
</testcase>
<testcase name="Visual Regression › should match button components screenshot" classname="visual-regression.spec.ts" time="30.068">
<failure message="visual-regression.spec.ts:134:3 should match button components screenshot" type="FAILURE">
<![CDATA[  [firefox] › visual-regression.spec.ts:134:3 › Visual Regression › should match button components screenshot 

    Test timeout of 30000ms exceeded.

    Error: page.click: Test timeout of 30000ms exceeded.
    Call log:
      - waiting for locator('button:has-text("Components")')


      133 |
      134 |   test('should match button components screenshot', async ({ page }) => {
    > 135 |     await page.click('button:has-text("Components")');
          |                ^
      136 |     await page.waitForSelector('h2:has-text("Button Components")');
      137 |     
      138 |     // Take screenshot of button components section
        at /Users/peterhanssens/consulting/Leptos/tailwind-rs/demos/leptos-demo/tests/visual-regression.spec.ts:135:16

    attachment #1: screenshot (image/png) ──────────────────────────────────────────────────────────
    ../test-results/visual-regression-Visual-R-f189e-utton-components-screenshot-firefox/test-failed-1.png
    ────────────────────────────────────────────────────────────────────────────────────────────────

    attachment #2: video (video/webm) ──────────────────────────────────────────────────────────────
    ../test-results/visual-regression-Visual-R-f189e-utton-components-screenshot-firefox/video.webm
    ────────────────────────────────────────────────────────────────────────────────────────────────

    Error Context: ../test-results/visual-regression-Visual-R-f189e-utton-components-screenshot-firefox/error-context.md
]]>
</failure>
<system-out>
<![CDATA[
[[ATTACHMENT|test-results/visual-regression-Visual-R-f189e-utton-components-screenshot-firefox/test-failed-1.png]]

[[ATTACHMENT|test-results/visual-regression-Visual-R-f189e-utton-components-screenshot-firefox/video.webm]]

[[ATTACHMENT|test-results/visual-regression-Visual-R-f189e-utton-components-screenshot-firefox/error-context.md]]
]]>
</system-out>
</testcase>
<testcase name="Visual Regression › should match card components screenshot" classname="visual-regression.spec.ts" time="30.074">
<failure message="visual-regression.spec.ts:143:3 should match card components screenshot" type="FAILURE">
<![CDATA[  [firefox] › visual-regression.spec.ts:143:3 › Visual Regression › should match card components screenshot 

    Test timeout of 30000ms exceeded.

    Error: page.click: Test timeout of 30000ms exceeded.
    Call log:
      - waiting for locator('button:has-text("Components")')


      142 |
      143 |   test('should match card components screenshot', async ({ page }) => {
    > 144 |     await page.click('button:has-text("Components")');
          |                ^
      145 |     await page.waitForSelector('h2:has-text("Card Components")');
      146 |     
      147 |     // Take screenshot of card components section
        at /Users/peterhanssens/consulting/Leptos/tailwind-rs/demos/leptos-demo/tests/visual-regression.spec.ts:144:16

    attachment #1: screenshot (image/png) ──────────────────────────────────────────────────────────
    ../test-results/visual-regression-Visual-R-76365--card-components-screenshot-firefox/test-failed-1.png
    ────────────────────────────────────────────────────────────────────────────────────────────────

    attachment #2: video (video/webm) ──────────────────────────────────────────────────────────────
    ../test-results/visual-regression-Visual-R-76365--card-components-screenshot-firefox/video.webm
    ────────────────────────────────────────────────────────────────────────────────────────────────

    Error Context: ../test-results/visual-regression-Visual-R-76365--card-components-screenshot-firefox/error-context.md
]]>
</failure>
<system-out>
<![CDATA[
[[ATTACHMENT|test-results/visual-regression-Visual-R-76365--card-components-screenshot-firefox/test-failed-1.png]]

[[ATTACHMENT|test-results/visual-regression-Visual-R-76365--card-components-screenshot-firefox/video.webm]]

[[ATTACHMENT|test-results/visual-regression-Visual-R-76365--card-components-screenshot-firefox/error-context.md]]
]]>
</system-out>
</testcase>
</testsuite>
<testsuite name="accessibility.spec.ts" timestamp="2025-09-28T10:07:22.421Z" hostname="webkit" tests="10" failures="9" skipped="0" time="145.165" errors="0">
<testcase name="Accessibility › should have proper heading hierarchy" classname="accessibility.spec.ts" time="30.228">
<failure message="accessibility.spec.ts:9:3 should have proper heading hierarchy" type="FAILURE">
<![CDATA[  [webkit] › accessibility.spec.ts:9:3 › Accessibility › should have proper heading hierarchy ──────

    Test timeout of 30000ms exceeded.

    Error: page.click: Test timeout of 30000ms exceeded.
    Call log:
      - waiting for locator('button:has-text("Components")')


      14 |     
      15 |     // Navigate to components page and check h2
    > 16 |     await page.click('button:has-text("Components")');
         |                ^
      17 |     const h2s = page.locator('h2');
      18 |     await expect(h2s).toHaveCount(2); // Button Components, Card Components
      19 |     
        at /Users/peterhanssens/consulting/Leptos/tailwind-rs/demos/leptos-demo/tests/accessibility.spec.ts:16:16

    attachment #1: screenshot (image/png) ──────────────────────────────────────────────────────────
    ../test-results/accessibility-Accessibilit-2480b-ve-proper-heading-hierarchy-webkit/test-failed-1.png
    ────────────────────────────────────────────────────────────────────────────────────────────────

    attachment #2: video (video/webm) ──────────────────────────────────────────────────────────────
    ../test-results/accessibility-Accessibilit-2480b-ve-proper-heading-hierarchy-webkit/video.webm
    ────────────────────────────────────────────────────────────────────────────────────────────────

    Error Context: ../test-results/accessibility-Accessibilit-2480b-ve-proper-heading-hierarchy-webkit/error-context.md
]]>
</failure>
<system-out>
<![CDATA[
[[ATTACHMENT|test-results/accessibility-Accessibilit-2480b-ve-proper-heading-hierarchy-webkit/test-failed-1.png]]

[[ATTACHMENT|test-results/accessibility-Accessibilit-2480b-ve-proper-heading-hierarchy-webkit/video.webm]]

[[ATTACHMENT|test-results/accessibility-Accessibilit-2480b-ve-proper-heading-hierarchy-webkit/error-context.md]]
]]>
</system-out>
</testcase>
<testcase name="Accessibility › should have proper button labels" classname="accessibility.spec.ts" time="5.961">
<failure message="accessibility.spec.ts:26:3 should have proper button labels" type="FAILURE">
<![CDATA[  [webkit] › accessibility.spec.ts:26:3 › Accessibility › should have proper button labels ─────────

    Error: expect(locator).toBeVisible() failed

    Locator:  locator('button:has-text("Home")')
    Expected: visible
    Received: <element(s) not found>
    Timeout:  5000ms

    Call log:
      - Expect "toBeVisible" with timeout 5000ms
      - waiting for locator('button:has-text("Home")')


      27 |     // Check navigation buttons have accessible text
      28 |     const homeButton = page.locator('button:has-text("Home")');
    > 29 |     await expect(homeButton).toBeVisible();
         |                              ^
      30 |     
      31 |     const componentsButton = page.locator('button:has-text("Components")');
      32 |     await expect(componentsButton).toBeVisible();
        at /Users/peterhanssens/consulting/Leptos/tailwind-rs/demos/leptos-demo/tests/accessibility.spec.ts:29:30

    attachment #1: screenshot (image/png) ──────────────────────────────────────────────────────────
    ../test-results/accessibility-Accessibility-should-have-proper-button-labels-webkit/test-failed-1.png
    ────────────────────────────────────────────────────────────────────────────────────────────────

    attachment #2: video (video/webm) ──────────────────────────────────────────────────────────────
    ../test-results/accessibility-Accessibility-should-have-proper-button-labels-webkit/video.webm
    ────────────────────────────────────────────────────────────────────────────────────────────────

    Error Context: ../test-results/accessibility-Accessibility-should-have-proper-button-labels-webkit/error-context.md
]]>
</failure>
<system-out>
<![CDATA[
[[ATTACHMENT|test-results/accessibility-Accessibility-should-have-proper-button-labels-webkit/test-failed-1.png]]

[[ATTACHMENT|test-results/accessibility-Accessibility-should-have-proper-button-labels-webkit/video.webm]]

[[ATTACHMENT|test-results/accessibility-Accessibility-should-have-proper-button-labels-webkit/error-context.md]]
]]>
</system-out>
</testcase>
<testcase name="Accessibility › should have proper form labels" classname="accessibility.spec.ts" time="30.227">
<failure message="accessibility.spec.ts:42:3 should have proper form labels" type="FAILURE">
<![CDATA[  [webkit] › accessibility.spec.ts:42:3 › Accessibility › should have proper form labels ───────────

    Test timeout of 30000ms exceeded.

    Error: page.click: Test timeout of 30000ms exceeded.
    Call log:
      - waiting for locator('button:has-text("Dynamic")')


      41 |
      42 |   test('should have proper form labels', async ({ page }) => {
    > 43 |     await page.click('button:has-text("Dynamic")');
         |                ^
      44 |     
      45 |     // Check input has proper label
      46 |     const label = page.locator('label:has-text("CSS Classes")');
        at /Users/peterhanssens/consulting/Leptos/tailwind-rs/demos/leptos-demo/tests/accessibility.spec.ts:43:16

    attachment #1: screenshot (image/png) ──────────────────────────────────────────────────────────
    ../test-results/accessibility-Accessibility-should-have-proper-form-labels-webkit/test-failed-1.png
    ────────────────────────────────────────────────────────────────────────────────────────────────

    attachment #2: video (video/webm) ──────────────────────────────────────────────────────────────
    ../test-results/accessibility-Accessibility-should-have-proper-form-labels-webkit/video.webm
    ────────────────────────────────────────────────────────────────────────────────────────────────

    Error Context: ../test-results/accessibility-Accessibility-should-have-proper-form-labels-webkit/error-context.md
]]>
</failure>
<system-out>
<![CDATA[
[[ATTACHMENT|test-results/accessibility-Accessibility-should-have-proper-form-labels-webkit/test-failed-1.png]]

[[ATTACHMENT|test-results/accessibility-Accessibility-should-have-proper-form-labels-webkit/video.webm]]

[[ATTACHMENT|test-results/accessibility-Accessibility-should-have-proper-form-labels-webkit/error-context.md]]
]]>
</system-out>
</testcase>
<testcase name="Accessibility › should support keyboard navigation" classname="accessibility.spec.ts" time="5.718">
<failure message="accessibility.spec.ts:53:3 should support keyboard navigation" type="FAILURE">
<![CDATA[  [webkit] › accessibility.spec.ts:53:3 › Accessibility › should support keyboard navigation ───────

    Error: expect(locator).toBeVisible() failed

    Locator:  locator(':focus')
    Expected: visible
    Received: <element(s) not found>
    Timeout:  5000ms

    Call log:
      - Expect "toBeVisible" with timeout 5000ms
      - waiting for locator(':focus')


      59 |     // Check that focus is visible
      60 |     const focusedElement = page.locator(':focus');
    > 61 |     await expect(focusedElement).toBeVisible();
         |                                  ^
      62 |   });
      63 |
      64 |   test('should have proper color contrast', async ({ page }) => {
        at /Users/peterhanssens/consulting/Leptos/tailwind-rs/demos/leptos-demo/tests/accessibility.spec.ts:61:34

    attachment #1: screenshot (image/png) ──────────────────────────────────────────────────────────
    ../test-results/accessibility-Accessibilit-575e3-support-keyboard-navigation-webkit/test-failed-1.png
    ────────────────────────────────────────────────────────────────────────────────────────────────

    attachment #2: video (video/webm) ──────────────────────────────────────────────────────────────
    ../test-results/accessibility-Accessibilit-575e3-support-keyboard-navigation-webkit/video.webm
    ────────────────────────────────────────────────────────────────────────────────────────────────

    Error Context: ../test-results/accessibility-Accessibilit-575e3-support-keyboard-navigation-webkit/error-context.md
]]>
</failure>
<system-out>
<![CDATA[
[[ATTACHMENT|test-results/accessibility-Accessibilit-575e3-support-keyboard-navigation-webkit/test-failed-1.png]]

[[ATTACHMENT|test-results/accessibility-Accessibilit-575e3-support-keyboard-navigation-webkit/video.webm]]

[[ATTACHMENT|test-results/accessibility-Accessibilit-575e3-support-keyboard-navigation-webkit/error-context.md]]
]]>
</system-out>
</testcase>
<testcase name="Accessibility › should have proper color contrast" classname="accessibility.spec.ts" time="5.721">
<failure message="accessibility.spec.ts:64:3 should have proper color contrast" type="FAILURE">
<![CDATA[  [webkit] › accessibility.spec.ts:64:3 › Accessibility › should have proper color contrast ────────

    Error: expect(locator).toBeVisible() failed

    Locator:  locator('button:has-text("Get Started")')
    Expected: visible
    Received: <element(s) not found>
    Timeout:  5000ms

    Call log:
      - Expect "toBeVisible" with timeout 5000ms
      - waiting for locator('button:has-text("Get Started")')


      69 |     // Check button contrast
      70 |     const primaryButton = page.locator('button:has-text("Get Started")');
    > 71 |     await expect(primaryButton).toBeVisible();
         |                                 ^
      72 |     await expect(primaryButton).toHaveClass(/bg-blue-500.*text-white/);
      73 |   });
      74 |
        at /Users/peterhanssens/consulting/Leptos/tailwind-rs/demos/leptos-demo/tests/accessibility.spec.ts:71:33

    attachment #1: screenshot (image/png) ──────────────────────────────────────────────────────────
    ../test-results/accessibility-Accessibilit-b49e1--have-proper-color-contrast-webkit/test-failed-1.png
    ────────────────────────────────────────────────────────────────────────────────────────────────

    attachment #2: video (video/webm) ──────────────────────────────────────────────────────────────
    ../test-results/accessibility-Accessibilit-b49e1--have-proper-color-contrast-webkit/video.webm
    ────────────────────────────────────────────────────────────────────────────────────────────────

    Error Context: ../test-results/accessibility-Accessibilit-b49e1--have-proper-color-contrast-webkit/error-context.md
]]>
</failure>
<system-out>
<![CDATA[
[[ATTACHMENT|test-results/accessibility-Accessibilit-b49e1--have-proper-color-contrast-webkit/test-failed-1.png]]

[[ATTACHMENT|test-results/accessibility-Accessibilit-b49e1--have-proper-color-contrast-webkit/video.webm]]

[[ATTACHMENT|test-results/accessibility-Accessibilit-b49e1--have-proper-color-contrast-webkit/error-context.md]]
]]>
</system-out>
</testcase>
<testcase name="Accessibility › should support dark mode accessibility" classname="accessibility.spec.ts" time="30.232">
<failure message="accessibility.spec.ts:75:3 should support dark mode accessibility" type="FAILURE">
<![CDATA[  [webkit] › accessibility.spec.ts:75:3 › Accessibility › should support dark mode accessibility ───

    Test timeout of 30000ms exceeded.

    Error: page.click: Test timeout of 30000ms exceeded.
    Call log:
      - waiting for locator('button:has-text("☀️")')


      75 |   test('should support dark mode accessibility', async ({ page }) => {
      76 |     // Toggle to dark mode
    > 77 |     await page.click('button:has-text("☀️")');
         |                ^
      78 |     
      79 |     // Check that text remains readable
      80 |     const title = page.locator('h1:has-text("Tailwind-RS Demo")');
        at /Users/peterhanssens/consulting/Leptos/tailwind-rs/demos/leptos-demo/tests/accessibility.spec.ts:77:16

    attachment #1: screenshot (image/png) ──────────────────────────────────────────────────────────
    ../test-results/accessibility-Accessibilit-563a8-ort-dark-mode-accessibility-webkit/test-failed-1.png
    ────────────────────────────────────────────────────────────────────────────────────────────────

    attachment #2: video (video/webm) ──────────────────────────────────────────────────────────────
    ../test-results/accessibility-Accessibilit-563a8-ort-dark-mode-accessibility-webkit/video.webm
    ────────────────────────────────────────────────────────────────────────────────────────────────

    Error Context: ../test-results/accessibility-Accessibilit-563a8-ort-dark-mode-accessibility-webkit/error-context.md
]]>
</failure>
<system-out>
<![CDATA[
[[ATTACHMENT|test-results/accessibility-Accessibilit-563a8-ort-dark-mode-accessibility-webkit/test-failed-1.png]]

[[ATTACHMENT|test-results/accessibility-Accessibilit-563a8-ort-dark-mode-accessibility-webkit/video.webm]]

[[ATTACHMENT|test-results/accessibility-Accessibilit-563a8-ort-dark-mode-accessibility-webkit/error-context.md]]
]]>
</system-out>
</testcase>
<testcase name="Accessibility › should have proper focus indicators" classname="accessibility.spec.ts" time="30.226">
<failure message="accessibility.spec.ts:88:3 should have proper focus indicators" type="FAILURE">
<![CDATA[  [webkit] › accessibility.spec.ts:88:3 › Accessibility › should have proper focus indicators ──────

    Test timeout of 30000ms exceeded.

    Error: locator.focus: Test timeout of 30000ms exceeded.
    Call log:
      - waiting for locator('button:has-text("Home")')


      89 |     // Focus on a button
      90 |     const homeButton = page.locator('button:has-text("Home")');
    > 91 |     await homeButton.focus();
         |                      ^
      92 |     
      93 |     // Check that focus is visible
      94 |     await expect(homeButton).toBeFocused();
        at /Users/peterhanssens/consulting/Leptos/tailwind-rs/demos/leptos-demo/tests/accessibility.spec.ts:91:22

    attachment #1: screenshot (image/png) ──────────────────────────────────────────────────────────
    ../test-results/accessibility-Accessibilit-0b746-ave-proper-focus-indicators-webkit/test-failed-1.png
    ────────────────────────────────────────────────────────────────────────────────────────────────

    attachment #2: video (video/webm) ──────────────────────────────────────────────────────────────
    ../test-results/accessibility-Accessibilit-0b746-ave-proper-focus-indicators-webkit/video.webm
    ────────────────────────────────────────────────────────────────────────────────────────────────

    Error Context: ../test-results/accessibility-Accessibilit-0b746-ave-proper-focus-indicators-webkit/error-context.md
]]>
</failure>
<system-out>
<![CDATA[
[[ATTACHMENT|test-results/accessibility-Accessibilit-0b746-ave-proper-focus-indicators-webkit/test-failed-1.png]]

[[ATTACHMENT|test-results/accessibility-Accessibilit-0b746-ave-proper-focus-indicators-webkit/video.webm]]

[[ATTACHMENT|test-results/accessibility-Accessibilit-0b746-ave-proper-focus-indicators-webkit/error-context.md]]
]]>
</system-out>
</testcase>
<testcase name="Accessibility › should have proper ARIA attributes" classname="accessibility.spec.ts" time="0.679">
</testcase>
<testcase name="Accessibility › should handle screen reader navigation" classname="accessibility.spec.ts" time="5.484">
<failure message="accessibility.spec.ts:110:3 should handle screen reader navigation" type="FAILURE">
<![CDATA[  [webkit] › accessibility.spec.ts:110:3 › Accessibility › should handle screen reader navigation ──

    Error: expect(locator).toBeVisible() failed

    Locator:  locator('main')
    Expected: visible
    Received: <element(s) not found>
    Timeout:  5000ms

    Call log:
      - Expect "toBeVisible" with timeout 5000ms
      - waiting for locator('main')


      116 |     // Check that main content is properly marked
      117 |     const main = page.locator('main');
    > 118 |     await expect(main).toBeVisible();
          |                        ^
      119 |   });
      120 |
      121 |   test('should support reduced motion preferences', async ({ page }) => {
        at /Users/peterhanssens/consulting/Leptos/tailwind-rs/demos/leptos-demo/tests/accessibility.spec.ts:118:24

    attachment #1: screenshot (image/png) ──────────────────────────────────────────────────────────
    ../test-results/accessibility-Accessibilit-bbee1-le-screen-reader-navigation-webkit/test-failed-1.png
    ────────────────────────────────────────────────────────────────────────────────────────────────

    attachment #2: video (video/webm) ──────────────────────────────────────────────────────────────
    ../test-results/accessibility-Accessibilit-bbee1-le-screen-reader-navigation-webkit/video.webm
    ────────────────────────────────────────────────────────────────────────────────────────────────

    Error Context: ../test-results/accessibility-Accessibilit-bbee1-le-screen-reader-navigation-webkit/error-context.md
]]>
</failure>
<system-out>
<![CDATA[
[[ATTACHMENT|test-results/accessibility-Accessibilit-bbee1-le-screen-reader-navigation-webkit/test-failed-1.png]]

[[ATTACHMENT|test-results/accessibility-Accessibilit-bbee1-le-screen-reader-navigation-webkit/video.webm]]

[[ATTACHMENT|test-results/accessibility-Accessibilit-bbee1-le-screen-reader-navigation-webkit/error-context.md]]
]]>
</system-out>
</testcase>
<testcase name="Accessibility › should support reduced motion preferences" classname="accessibility.spec.ts" time="0.689">
<failure message="accessibility.spec.ts:121:3 should support reduced motion preferences" type="FAILURE">
<![CDATA[  [webkit] › accessibility.spec.ts:121:3 › Accessibility › should support reduced motion preferences 

    Error: expect(received).toBeGreaterThan(expected)

    Expected: > 0
    Received:   0

      125 |     
      126 |     // Elements should still be functional even with reduced motion
    > 127 |     expect(animatedCount).toBeGreaterThan(0);
          |                           ^
      128 |   });
      129 | });
      130 |
        at /Users/peterhanssens/consulting/Leptos/tailwind-rs/demos/leptos-demo/tests/accessibility.spec.ts:127:27

    attachment #1: screenshot (image/png) ──────────────────────────────────────────────────────────
    ../test-results/accessibility-Accessibilit-8d4d5--reduced-motion-preferences-webkit/test-failed-1.png
    ────────────────────────────────────────────────────────────────────────────────────────────────

    attachment #2: video (video/webm) ──────────────────────────────────────────────────────────────
    ../test-results/accessibility-Accessibilit-8d4d5--reduced-motion-preferences-webkit/video.webm
    ────────────────────────────────────────────────────────────────────────────────────────────────

    Error Context: ../test-results/accessibility-Accessibilit-8d4d5--reduced-motion-preferences-webkit/error-context.md
]]>
</failure>
<system-out>
<![CDATA[
[[ATTACHMENT|test-results/accessibility-Accessibilit-8d4d5--reduced-motion-preferences-webkit/test-failed-1.png]]

[[ATTACHMENT|test-results/accessibility-Accessibilit-8d4d5--reduced-motion-preferences-webkit/video.webm]]

[[ATTACHMENT|test-results/accessibility-Accessibilit-8d4d5--reduced-motion-preferences-webkit/error-context.md]]
]]>
</system-out>
</testcase>
</testsuite>
<testsuite name="components-page.spec.ts" timestamp="2025-09-28T10:07:22.421Z" hostname="webkit" tests="6" failures="6" skipped="0" time="181.401" errors="0">
<testcase name="Components Page › should display button components section" classname="components-page.spec.ts" time="30.255">
<failure message="components-page.spec.ts:10:3 should display button components section" type="FAILURE">
<![CDATA[  [webkit] › components-page.spec.ts:10:3 › Components Page › should display button components section 

    Test timeout of 30000ms exceeded while running "beforeEach" hook.

      2 |
      3 | test.describe('Components Page', () => {
    > 4 |   test.beforeEach(async ({ page }) => {
        |        ^
      5 |     await page.goto('/');
      6 |     await page.waitForSelector('[data-testid="app"]', { timeout: 10000 });
      7 |     await page.click('button:has-text("Components")');
        at /Users/peterhanssens/consulting/Leptos/tailwind-rs/demos/leptos-demo/tests/components-page.spec.ts:4:8

    Error: page.click: Test timeout of 30000ms exceeded.
    Call log:
      - waiting for locator('button:has-text("Components")')


       5 |     await page.goto('/');
       6 |     await page.waitForSelector('[data-testid="app"]', { timeout: 10000 });
    >  7 |     await page.click('button:has-text("Components")');
         |                ^
       8 |   });
       9 |
      10 |   test('should display button components section', async ({ page }) => {
        at /Users/peterhanssens/consulting/Leptos/tailwind-rs/demos/leptos-demo/tests/components-page.spec.ts:7:16

    attachment #1: screenshot (image/png) ──────────────────────────────────────────────────────────
    ../test-results/components-page-Components-d078f-y-button-components-section-webkit/test-failed-1.png
    ────────────────────────────────────────────────────────────────────────────────────────────────

    attachment #2: video (video/webm) ──────────────────────────────────────────────────────────────
    ../test-results/components-page-Components-d078f-y-button-components-section-webkit/video.webm
    ────────────────────────────────────────────────────────────────────────────────────────────────

    Error Context: ../test-results/components-page-Components-d078f-y-button-components-section-webkit/error-context.md
]]>
</failure>
<system-out>
<![CDATA[
[[ATTACHMENT|test-results/components-page-Components-d078f-y-button-components-section-webkit/test-failed-1.png]]

[[ATTACHMENT|test-results/components-page-Components-d078f-y-button-components-section-webkit/video.webm]]

[[ATTACHMENT|test-results/components-page-Components-d078f-y-button-components-section-webkit/error-context.md]]
]]>
</system-out>
</testcase>
<testcase name="Components Page › should display button size variants" classname="components-page.spec.ts" time="30.23">
<failure message="components-page.spec.ts:40:3 should display button size variants" type="FAILURE">
<![CDATA[  [webkit] › components-page.spec.ts:40:3 › Components Page › should display button size variants ──

    Test timeout of 30000ms exceeded while running "beforeEach" hook.

      2 |
      3 | test.describe('Components Page', () => {
    > 4 |   test.beforeEach(async ({ page }) => {
        |        ^
      5 |     await page.goto('/');
      6 |     await page.waitForSelector('[data-testid="app"]', { timeout: 10000 });
      7 |     await page.click('button:has-text("Components")');
        at /Users/peterhanssens/consulting/Leptos/tailwind-rs/demos/leptos-demo/tests/components-page.spec.ts:4:8

    Error: page.click: Test timeout of 30000ms exceeded.
    Call log:
      - waiting for locator('button:has-text("Components")')


       5 |     await page.goto('/');
       6 |     await page.waitForSelector('[data-testid="app"]', { timeout: 10000 });
    >  7 |     await page.click('button:has-text("Components")');
         |                ^
       8 |   });
       9 |
      10 |   test('should display button components section', async ({ page }) => {
        at /Users/peterhanssens/consulting/Leptos/tailwind-rs/demos/leptos-demo/tests/components-page.spec.ts:7:16

    attachment #1: screenshot (image/png) ──────────────────────────────────────────────────────────
    ../test-results/components-page-Components-c04b6-isplay-button-size-variants-webkit/test-failed-1.png
    ────────────────────────────────────────────────────────────────────────────────────────────────

    attachment #2: video (video/webm) ──────────────────────────────────────────────────────────────
    ../test-results/components-page-Components-c04b6-isplay-button-size-variants-webkit/video.webm
    ────────────────────────────────────────────────────────────────────────────────────────────────

    Error Context: ../test-results/components-page-Components-c04b6-isplay-button-size-variants-webkit/error-context.md
]]>
</failure>
<system-out>
<![CDATA[
[[ATTACHMENT|test-results/components-page-Components-c04b6-isplay-button-size-variants-webkit/test-failed-1.png]]

[[ATTACHMENT|test-results/components-page-Components-c04b6-isplay-button-size-variants-webkit/video.webm]]

[[ATTACHMENT|test-results/components-page-Components-c04b6-isplay-button-size-variants-webkit/error-context.md]]
]]>
</system-out>
</testcase>
<testcase name="Components Page › should display card components section" classname="components-page.spec.ts" time="30.232">
<failure message="components-page.spec.ts:52:3 should display card components section" type="FAILURE">
<![CDATA[  [webkit] › components-page.spec.ts:52:3 › Components Page › should display card components section 

    Test timeout of 30000ms exceeded while running "beforeEach" hook.

      2 |
      3 | test.describe('Components Page', () => {
    > 4 |   test.beforeEach(async ({ page }) => {
        |        ^
      5 |     await page.goto('/');
      6 |     await page.waitForSelector('[data-testid="app"]', { timeout: 10000 });
      7 |     await page.click('button:has-text("Components")');
        at /Users/peterhanssens/consulting/Leptos/tailwind-rs/demos/leptos-demo/tests/components-page.spec.ts:4:8

    Error: page.click: Test timeout of 30000ms exceeded.
    Call log:
      - waiting for locator('button:has-text("Components")')


       5 |     await page.goto('/');
       6 |     await page.waitForSelector('[data-testid="app"]', { timeout: 10000 });
    >  7 |     await page.click('button:has-text("Components")');
         |                ^
       8 |   });
       9 |
      10 |   test('should display button components section', async ({ page }) => {
        at /Users/peterhanssens/consulting/Leptos/tailwind-rs/demos/leptos-demo/tests/components-page.spec.ts:7:16

    attachment #1: screenshot (image/png) ──────────────────────────────────────────────────────────
    ../test-results/components-page-Components-93c7a-lay-card-components-section-webkit/test-failed-1.png
    ────────────────────────────────────────────────────────────────────────────────────────────────

    attachment #2: video (video/webm) ──────────────────────────────────────────────────────────────
    ../test-results/components-page-Components-93c7a-lay-card-components-section-webkit/video.webm
    ────────────────────────────────────────────────────────────────────────────────────────────────

    Error Context: ../test-results/components-page-Components-93c7a-lay-card-components-section-webkit/error-context.md
]]>
</failure>
<system-out>
<![CDATA[
[[ATTACHMENT|test-results/components-page-Components-93c7a-lay-card-components-section-webkit/test-failed-1.png]]

[[ATTACHMENT|test-results/components-page-Components-93c7a-lay-card-components-section-webkit/video.webm]]

[[ATTACHMENT|test-results/components-page-Components-93c7a-lay-card-components-section-webkit/error-context.md]]
]]>
</system-out>
</testcase>
<testcase name="Components Page › should have interactive elements" classname="components-page.spec.ts" time="30.227">
<failure message="components-page.spec.ts:79:3 should have interactive elements" type="FAILURE">
<![CDATA[  [webkit] › components-page.spec.ts:79:3 › Components Page › should have interactive elements ─────

    Test timeout of 30000ms exceeded while running "beforeEach" hook.

      2 |
      3 | test.describe('Components Page', () => {
    > 4 |   test.beforeEach(async ({ page }) => {
        |        ^
      5 |     await page.goto('/');
      6 |     await page.waitForSelector('[data-testid="app"]', { timeout: 10000 });
      7 |     await page.click('button:has-text("Components")');
        at /Users/peterhanssens/consulting/Leptos/tailwind-rs/demos/leptos-demo/tests/components-page.spec.ts:4:8

    Error: page.click: Test timeout of 30000ms exceeded.
    Call log:
      - waiting for locator('button:has-text("Components")')


       5 |     await page.goto('/');
       6 |     await page.waitForSelector('[data-testid="app"]', { timeout: 10000 });
    >  7 |     await page.click('button:has-text("Components")');
         |                ^
       8 |   });
       9 |
      10 |   test('should display button components section', async ({ page }) => {
        at /Users/peterhanssens/consulting/Leptos/tailwind-rs/demos/leptos-demo/tests/components-page.spec.ts:7:16

    attachment #1: screenshot (image/png) ──────────────────────────────────────────────────────────
    ../test-results/components-page-Components-5f748-d-have-interactive-elements-webkit/test-failed-1.png
    ────────────────────────────────────────────────────────────────────────────────────────────────

    attachment #2: video (video/webm) ──────────────────────────────────────────────────────────────
    ../test-results/components-page-Components-5f748-d-have-interactive-elements-webkit/video.webm
    ────────────────────────────────────────────────────────────────────────────────────────────────

    Error Context: ../test-results/components-page-Components-5f748-d-have-interactive-elements-webkit/error-context.md
]]>
</failure>
<system-out>
<![CDATA[
[[ATTACHMENT|test-results/components-page-Components-5f748-d-have-interactive-elements-webkit/test-failed-1.png]]

[[ATTACHMENT|test-results/components-page-Components-5f748-d-have-interactive-elements-webkit/video.webm]]

[[ATTACHMENT|test-results/components-page-Components-5f748-d-have-interactive-elements-webkit/error-context.md]]
]]>
</system-out>
</testcase>
<testcase name="Components Page › should support dark mode" classname="components-page.spec.ts" time="30.223">
<failure message="components-page.spec.ts:88:3 should support dark mode" type="FAILURE">
<![CDATA[  [webkit] › components-page.spec.ts:88:3 › Components Page › should support dark mode ─────────────

    Test timeout of 30000ms exceeded while running "beforeEach" hook.

      2 |
      3 | test.describe('Components Page', () => {
    > 4 |   test.beforeEach(async ({ page }) => {
        |        ^
      5 |     await page.goto('/');
      6 |     await page.waitForSelector('[data-testid="app"]', { timeout: 10000 });
      7 |     await page.click('button:has-text("Components")');
        at /Users/peterhanssens/consulting/Leptos/tailwind-rs/demos/leptos-demo/tests/components-page.spec.ts:4:8

    Error: page.click: Test timeout of 30000ms exceeded.
    Call log:
      - waiting for locator('button:has-text("Components")')


       5 |     await page.goto('/');
       6 |     await page.waitForSelector('[data-testid="app"]', { timeout: 10000 });
    >  7 |     await page.click('button:has-text("Components")');
         |                ^
       8 |   });
       9 |
      10 |   test('should display button components section', async ({ page }) => {
        at /Users/peterhanssens/consulting/Leptos/tailwind-rs/demos/leptos-demo/tests/components-page.spec.ts:7:16

    attachment #1: screenshot (image/png) ──────────────────────────────────────────────────────────
    ../test-results/components-page-Components-Page-should-support-dark-mode-webkit/test-failed-1.png
    ────────────────────────────────────────────────────────────────────────────────────────────────

    attachment #2: video (video/webm) ──────────────────────────────────────────────────────────────
    ../test-results/components-page-Components-Page-should-support-dark-mode-webkit/video.webm
    ────────────────────────────────────────────────────────────────────────────────────────────────

    Error Context: ../test-results/components-page-Components-Page-should-support-dark-mode-webkit/error-context.md
]]>
</failure>
<system-out>
<![CDATA[
[[ATTACHMENT|test-results/components-page-Components-Page-should-support-dark-mode-webkit/test-failed-1.png]]

[[ATTACHMENT|test-results/components-page-Components-Page-should-support-dark-mode-webkit/video.webm]]

[[ATTACHMENT|test-results/components-page-Components-Page-should-support-dark-mode-webkit/error-context.md]]
]]>
</system-out>
</testcase>
<testcase name="Components Page › should be responsive" classname="components-page.spec.ts" time="30.234">
<failure message="components-page.spec.ts:101:3 should be responsive" type="FAILURE">
<![CDATA[  [webkit] › components-page.spec.ts:101:3 › Components Page › should be responsive ────────────────

    Test timeout of 30000ms exceeded while running "beforeEach" hook.

      2 |
      3 | test.describe('Components Page', () => {
    > 4 |   test.beforeEach(async ({ page }) => {
        |        ^
      5 |     await page.goto('/');
      6 |     await page.waitForSelector('[data-testid="app"]', { timeout: 10000 });
      7 |     await page.click('button:has-text("Components")');
        at /Users/peterhanssens/consulting/Leptos/tailwind-rs/demos/leptos-demo/tests/components-page.spec.ts:4:8

    Error: page.click: Test timeout of 30000ms exceeded.
    Call log:
      - waiting for locator('button:has-text("Components")')


       5 |     await page.goto('/');
       6 |     await page.waitForSelector('[data-testid="app"]', { timeout: 10000 });
    >  7 |     await page.click('button:has-text("Components")');
         |                ^
       8 |   });
       9 |
      10 |   test('should display button components section', async ({ page }) => {
        at /Users/peterhanssens/consulting/Leptos/tailwind-rs/demos/leptos-demo/tests/components-page.spec.ts:7:16

    attachment #1: screenshot (image/png) ──────────────────────────────────────────────────────────
    ../test-results/components-page-Components-Page-should-be-responsive-webkit/test-failed-1.png
    ────────────────────────────────────────────────────────────────────────────────────────────────

    attachment #2: video (video/webm) ──────────────────────────────────────────────────────────────
    ../test-results/components-page-Components-Page-should-be-responsive-webkit/video.webm
    ────────────────────────────────────────────────────────────────────────────────────────────────

    Error Context: ../test-results/components-page-Components-Page-should-be-responsive-webkit/error-context.md
]]>
</failure>
<system-out>
<![CDATA[
[[ATTACHMENT|test-results/components-page-Components-Page-should-be-responsive-webkit/test-failed-1.png]]

[[ATTACHMENT|test-results/components-page-Components-Page-should-be-responsive-webkit/video.webm]]

[[ATTACHMENT|test-results/components-page-Components-Page-should-be-responsive-webkit/error-context.md]]
]]>
</system-out>
</testcase>
</testsuite>
<testsuite name="dynamic-page.spec.ts" timestamp="2025-09-28T10:07:22.421Z" hostname="webkit" tests="10" failures="10" skipped="0" time="302.564" errors="0">
<testcase name="Dynamic Page › should display dynamic class generation interface" classname="dynamic-page.spec.ts" time="30.233">
<failure message="dynamic-page.spec.ts:10:3 should display dynamic class generation interface" type="FAILURE">
<![CDATA[  [webkit] › dynamic-page.spec.ts:10:3 › Dynamic Page › should display dynamic class generation interface 

    Test timeout of 30000ms exceeded while running "beforeEach" hook.

      2 |
      3 | test.describe('Dynamic Page', () => {
    > 4 |   test.beforeEach(async ({ page }) => {
        |        ^
      5 |     await page.goto('/');
      6 |     await page.waitForSelector('[data-testid="app"]', { timeout: 10000 });
      7 |     await page.click('button:has-text("Dynamic")');
        at /Users/peterhanssens/consulting/Leptos/tailwind-rs/demos/leptos-demo/tests/dynamic-page.spec.ts:4:8

    Error: page.click: Test timeout of 30000ms exceeded.
    Call log:
      - waiting for locator('button:has-text("Dynamic")')


       5 |     await page.goto('/');
       6 |     await page.waitForSelector('[data-testid="app"]', { timeout: 10000 });
    >  7 |     await page.click('button:has-text("Dynamic")');
         |                ^
       8 |   });
       9 |
      10 |   test('should display dynamic class generation interface', async ({ page }) => {
        at /Users/peterhanssens/consulting/Leptos/tailwind-rs/demos/leptos-demo/tests/dynamic-page.spec.ts:7:16

    attachment #1: screenshot (image/png) ──────────────────────────────────────────────────────────
    ../test-results/dynamic-page-Dynamic-Page--5bc2b--class-generation-interface-webkit/test-failed-1.png
    ────────────────────────────────────────────────────────────────────────────────────────────────

    attachment #2: video (video/webm) ──────────────────────────────────────────────────────────────
    ../test-results/dynamic-page-Dynamic-Page--5bc2b--class-generation-interface-webkit/video.webm
    ────────────────────────────────────────────────────────────────────────────────────────────────

    Error Context: ../test-results/dynamic-page-Dynamic-Page--5bc2b--class-generation-interface-webkit/error-context.md
]]>
</failure>
<system-out>
<![CDATA[
[[ATTACHMENT|test-results/dynamic-page-Dynamic-Page--5bc2b--class-generation-interface-webkit/test-failed-1.png]]

[[ATTACHMENT|test-results/dynamic-page-Dynamic-Page--5bc2b--class-generation-interface-webkit/video.webm]]

[[ATTACHMENT|test-results/dynamic-page-Dynamic-Page--5bc2b--class-generation-interface-webkit/error-context.md]]
]]>
</system-out>
</testcase>
<testcase name="Dynamic Page › should update preview when classes change" classname="dynamic-page.spec.ts" time="30.228">
<failure message="dynamic-page.spec.ts:25:3 should update preview when classes change" type="FAILURE">
<![CDATA[  [webkit] › dynamic-page.spec.ts:25:3 › Dynamic Page › should update preview when classes change ──

    Test timeout of 30000ms exceeded while running "beforeEach" hook.

      2 |
      3 | test.describe('Dynamic Page', () => {
    > 4 |   test.beforeEach(async ({ page }) => {
        |        ^
      5 |     await page.goto('/');
      6 |     await page.waitForSelector('[data-testid="app"]', { timeout: 10000 });
      7 |     await page.click('button:has-text("Dynamic")');
        at /Users/peterhanssens/consulting/Leptos/tailwind-rs/demos/leptos-demo/tests/dynamic-page.spec.ts:4:8

    Error: page.click: Test timeout of 30000ms exceeded.
    Call log:
      - waiting for locator('button:has-text("Dynamic")')


       5 |     await page.goto('/');
       6 |     await page.waitForSelector('[data-testid="app"]', { timeout: 10000 });
    >  7 |     await page.click('button:has-text("Dynamic")');
         |                ^
       8 |   });
       9 |
      10 |   test('should display dynamic class generation interface', async ({ page }) => {
        at /Users/peterhanssens/consulting/Leptos/tailwind-rs/demos/leptos-demo/tests/dynamic-page.spec.ts:7:16

    attachment #1: screenshot (image/png) ──────────────────────────────────────────────────────────
    ../test-results/dynamic-page-Dynamic-Page--bf6ee-preview-when-classes-change-webkit/test-failed-1.png
    ────────────────────────────────────────────────────────────────────────────────────────────────

    attachment #2: video (video/webm) ──────────────────────────────────────────────────────────────
    ../test-results/dynamic-page-Dynamic-Page--bf6ee-preview-when-classes-change-webkit/video.webm
    ────────────────────────────────────────────────────────────────────────────────────────────────

    Error Context: ../test-results/dynamic-page-Dynamic-Page--bf6ee-preview-when-classes-change-webkit/error-context.md
]]>
</failure>
<system-out>
<![CDATA[
[[ATTACHMENT|test-results/dynamic-page-Dynamic-Page--bf6ee-preview-when-classes-change-webkit/test-failed-1.png]]

[[ATTACHMENT|test-results/dynamic-page-Dynamic-Page--bf6ee-preview-when-classes-change-webkit/video.webm]]

[[ATTACHMENT|test-results/dynamic-page-Dynamic-Page--bf6ee-preview-when-classes-change-webkit/error-context.md]]
]]>
</system-out>
</testcase>
<testcase name="Dynamic Page › should display preset style buttons" classname="dynamic-page.spec.ts" time="30.237">
<failure message="dynamic-page.spec.ts:39:3 should display preset style buttons" type="FAILURE">
<![CDATA[  [webkit] › dynamic-page.spec.ts:39:3 › Dynamic Page › should display preset style buttons ────────

    Test timeout of 30000ms exceeded while running "beforeEach" hook.

      2 |
      3 | test.describe('Dynamic Page', () => {
    > 4 |   test.beforeEach(async ({ page }) => {
        |        ^
      5 |     await page.goto('/');
      6 |     await page.waitForSelector('[data-testid="app"]', { timeout: 10000 });
      7 |     await page.click('button:has-text("Dynamic")');
        at /Users/peterhanssens/consulting/Leptos/tailwind-rs/demos/leptos-demo/tests/dynamic-page.spec.ts:4:8

    Error: page.click: Test timeout of 30000ms exceeded.
    Call log:
      - waiting for locator('button:has-text("Dynamic")')


       5 |     await page.goto('/');
       6 |     await page.waitForSelector('[data-testid="app"]', { timeout: 10000 });
    >  7 |     await page.click('button:has-text("Dynamic")');
         |                ^
       8 |   });
       9 |
      10 |   test('should display dynamic class generation interface', async ({ page }) => {
        at /Users/peterhanssens/consulting/Leptos/tailwind-rs/demos/leptos-demo/tests/dynamic-page.spec.ts:7:16

    attachment #1: screenshot (image/png) ──────────────────────────────────────────────────────────
    ../test-results/dynamic-page-Dynamic-Page--c2bf5-isplay-preset-style-buttons-webkit/test-failed-1.png
    ────────────────────────────────────────────────────────────────────────────────────────────────

    attachment #2: video (video/webm) ──────────────────────────────────────────────────────────────
    ../test-results/dynamic-page-Dynamic-Page--c2bf5-isplay-preset-style-buttons-webkit/video.webm
    ────────────────────────────────────────────────────────────────────────────────────────────────

    Error Context: ../test-results/dynamic-page-Dynamic-Page--c2bf5-isplay-preset-style-buttons-webkit/error-context.md
]]>
</failure>
<system-out>
<![CDATA[
[[ATTACHMENT|test-results/dynamic-page-Dynamic-Page--c2bf5-isplay-preset-style-buttons-webkit/test-failed-1.png]]

[[ATTACHMENT|test-results/dynamic-page-Dynamic-Page--c2bf5-isplay-preset-style-buttons-webkit/video.webm]]

[[ATTACHMENT|test-results/dynamic-page-Dynamic-Page--c2bf5-isplay-preset-style-buttons-webkit/error-context.md]]
]]>
</system-out>
</testcase>
<testcase name="Dynamic Page › should apply preset styles when clicked" classname="dynamic-page.spec.ts" time="30.447">
<failure message="dynamic-page.spec.ts:48:3 should apply preset styles when clicked" type="FAILURE">
<![CDATA[  [webkit] › dynamic-page.spec.ts:48:3 › Dynamic Page › should apply preset styles when clicked ────

    Test timeout of 30000ms exceeded while running "beforeEach" hook.

      2 |
      3 | test.describe('Dynamic Page', () => {
    > 4 |   test.beforeEach(async ({ page }) => {
        |        ^
      5 |     await page.goto('/');
      6 |     await page.waitForSelector('[data-testid="app"]', { timeout: 10000 });
      7 |     await page.click('button:has-text("Dynamic")');
        at /Users/peterhanssens/consulting/Leptos/tailwind-rs/demos/leptos-demo/tests/dynamic-page.spec.ts:4:8

    Error: page.click: Test timeout of 30000ms exceeded.
    Call log:
      - waiting for locator('button:has-text("Dynamic")')


       5 |     await page.goto('/');
       6 |     await page.waitForSelector('[data-testid="app"]', { timeout: 10000 });
    >  7 |     await page.click('button:has-text("Dynamic")');
         |                ^
       8 |   });
       9 |
      10 |   test('should display dynamic class generation interface', async ({ page }) => {
        at /Users/peterhanssens/consulting/Leptos/tailwind-rs/demos/leptos-demo/tests/dynamic-page.spec.ts:7:16

    attachment #1: screenshot (image/png) ──────────────────────────────────────────────────────────
    ../test-results/dynamic-page-Dynamic-Page--71c3d--preset-styles-when-clicked-webkit/test-failed-1.png
    ────────────────────────────────────────────────────────────────────────────────────────────────

    attachment #2: video (video/webm) ──────────────────────────────────────────────────────────────
    ../test-results/dynamic-page-Dynamic-Page--71c3d--preset-styles-when-clicked-webkit/video.webm
    ────────────────────────────────────────────────────────────────────────────────────────────────

    Error Context: ../test-results/dynamic-page-Dynamic-Page--71c3d--preset-styles-when-clicked-webkit/error-context.md
]]>
</failure>
<system-out>
<![CDATA[
[[ATTACHMENT|test-results/dynamic-page-Dynamic-Page--71c3d--preset-styles-when-clicked-webkit/test-failed-1.png]]

[[ATTACHMENT|test-results/dynamic-page-Dynamic-Page--71c3d--preset-styles-when-clicked-webkit/video.webm]]

[[ATTACHMENT|test-results/dynamic-page-Dynamic-Page--71c3d--preset-styles-when-clicked-webkit/error-context.md]]
]]>
</system-out>
</testcase>
<testcase name="Dynamic Page › should display generated classes" classname="dynamic-page.spec.ts" time="30.241">
<failure message="dynamic-page.spec.ts:62:3 should display generated classes" type="FAILURE">
<![CDATA[  [webkit] › dynamic-page.spec.ts:62:3 › Dynamic Page › should display generated classes ───────────

    Test timeout of 30000ms exceeded while running "beforeEach" hook.

      2 |
      3 | test.describe('Dynamic Page', () => {
    > 4 |   test.beforeEach(async ({ page }) => {
        |        ^
      5 |     await page.goto('/');
      6 |     await page.waitForSelector('[data-testid="app"]', { timeout: 10000 });
      7 |     await page.click('button:has-text("Dynamic")');
        at /Users/peterhanssens/consulting/Leptos/tailwind-rs/demos/leptos-demo/tests/dynamic-page.spec.ts:4:8

    Error: page.click: Test timeout of 30000ms exceeded.
    Call log:
      - waiting for locator('button:has-text("Dynamic")')


       5 |     await page.goto('/');
       6 |     await page.waitForSelector('[data-testid="app"]', { timeout: 10000 });
    >  7 |     await page.click('button:has-text("Dynamic")');
         |                ^
       8 |   });
       9 |
      10 |   test('should display dynamic class generation interface', async ({ page }) => {
        at /Users/peterhanssens/consulting/Leptos/tailwind-rs/demos/leptos-demo/tests/dynamic-page.spec.ts:7:16

    attachment #1: screenshot (image/png) ──────────────────────────────────────────────────────────
    ../test-results/dynamic-page-Dynamic-Page-should-display-generated-classes-webkit/test-failed-1.png
    ────────────────────────────────────────────────────────────────────────────────────────────────

    attachment #2: video (video/webm) ──────────────────────────────────────────────────────────────
    ../test-results/dynamic-page-Dynamic-Page-should-display-generated-classes-webkit/video.webm
    ────────────────────────────────────────────────────────────────────────────────────────────────

    Error Context: ../test-results/dynamic-page-Dynamic-Page-should-display-generated-classes-webkit/error-context.md
]]>
</failure>
<system-out>
<![CDATA[
[[ATTACHMENT|test-results/dynamic-page-Dynamic-Page-should-display-generated-classes-webkit/test-failed-1.png]]

[[ATTACHMENT|test-results/dynamic-page-Dynamic-Page-should-display-generated-classes-webkit/video.webm]]

[[ATTACHMENT|test-results/dynamic-page-Dynamic-Page-should-display-generated-classes-webkit/error-context.md]]
]]>
</system-out>
</testcase>
<testcase name="Dynamic Page › should update generated classes display" classname="dynamic-page.spec.ts" time="30.235">
<failure message="dynamic-page.spec.ts:71:3 should update generated classes display" type="FAILURE">
<![CDATA[  [webkit] › dynamic-page.spec.ts:71:3 › Dynamic Page › should update generated classes display ────

    Test timeout of 30000ms exceeded while running "beforeEach" hook.

      2 |
      3 | test.describe('Dynamic Page', () => {
    > 4 |   test.beforeEach(async ({ page }) => {
        |        ^
      5 |     await page.goto('/');
      6 |     await page.waitForSelector('[data-testid="app"]', { timeout: 10000 });
      7 |     await page.click('button:has-text("Dynamic")');
        at /Users/peterhanssens/consulting/Leptos/tailwind-rs/demos/leptos-demo/tests/dynamic-page.spec.ts:4:8

    Error: page.click: Test timeout of 30000ms exceeded.
    Call log:
      - waiting for locator('button:has-text("Dynamic")')


       5 |     await page.goto('/');
       6 |     await page.waitForSelector('[data-testid="app"]', { timeout: 10000 });
    >  7 |     await page.click('button:has-text("Dynamic")');
         |                ^
       8 |   });
       9 |
      10 |   test('should display dynamic class generation interface', async ({ page }) => {
        at /Users/peterhanssens/consulting/Leptos/tailwind-rs/demos/leptos-demo/tests/dynamic-page.spec.ts:7:16

    attachment #1: screenshot (image/png) ──────────────────────────────────────────────────────────
    ../test-results/dynamic-page-Dynamic-Page--ca632-e-generated-classes-display-webkit/test-failed-1.png
    ────────────────────────────────────────────────────────────────────────────────────────────────

    attachment #2: video (video/webm) ──────────────────────────────────────────────────────────────
    ../test-results/dynamic-page-Dynamic-Page--ca632-e-generated-classes-display-webkit/video.webm
    ────────────────────────────────────────────────────────────────────────────────────────────────

    Error Context: ../test-results/dynamic-page-Dynamic-Page--ca632-e-generated-classes-display-webkit/error-context.md
]]>
</failure>
<system-out>
<![CDATA[
[[ATTACHMENT|test-results/dynamic-page-Dynamic-Page--ca632-e-generated-classes-display-webkit/test-failed-1.png]]

[[ATTACHMENT|test-results/dynamic-page-Dynamic-Page--ca632-e-generated-classes-display-webkit/video.webm]]

[[ATTACHMENT|test-results/dynamic-page-Dynamic-Page--ca632-e-generated-classes-display-webkit/error-context.md]]
]]>
</system-out>
</testcase>
<testcase name="Dynamic Page › should handle invalid classes gracefully" classname="dynamic-page.spec.ts" time="30.236">
<failure message="dynamic-page.spec.ts:83:3 should handle invalid classes gracefully" type="FAILURE">
<![CDATA[  [webkit] › dynamic-page.spec.ts:83:3 › Dynamic Page › should handle invalid classes gracefully ───

    Test timeout of 30000ms exceeded while running "beforeEach" hook.

      2 |
      3 | test.describe('Dynamic Page', () => {
    > 4 |   test.beforeEach(async ({ page }) => {
        |        ^
      5 |     await page.goto('/');
      6 |     await page.waitForSelector('[data-testid="app"]', { timeout: 10000 });
      7 |     await page.click('button:has-text("Dynamic")');
        at /Users/peterhanssens/consulting/Leptos/tailwind-rs/demos/leptos-demo/tests/dynamic-page.spec.ts:4:8

    Error: page.click: Test timeout of 30000ms exceeded.
    Call log:
      - waiting for locator('button:has-text("Dynamic")')


       5 |     await page.goto('/');
       6 |     await page.waitForSelector('[data-testid="app"]', { timeout: 10000 });
    >  7 |     await page.click('button:has-text("Dynamic")');
         |                ^
       8 |   });
       9 |
      10 |   test('should display dynamic class generation interface', async ({ page }) => {
        at /Users/peterhanssens/consulting/Leptos/tailwind-rs/demos/leptos-demo/tests/dynamic-page.spec.ts:7:16

    attachment #1: screenshot (image/png) ──────────────────────────────────────────────────────────
    ../test-results/dynamic-page-Dynamic-Page--b3e52--invalid-classes-gracefully-webkit/test-failed-1.png
    ────────────────────────────────────────────────────────────────────────────────────────────────

    attachment #2: video (video/webm) ──────────────────────────────────────────────────────────────
    ../test-results/dynamic-page-Dynamic-Page--b3e52--invalid-classes-gracefully-webkit/video.webm
    ────────────────────────────────────────────────────────────────────────────────────────────────

    Error Context: ../test-results/dynamic-page-Dynamic-Page--b3e52--invalid-classes-gracefully-webkit/error-context.md
]]>
</failure>
<system-out>
<![CDATA[
[[ATTACHMENT|test-results/dynamic-page-Dynamic-Page--b3e52--invalid-classes-gracefully-webkit/test-failed-1.png]]

[[ATTACHMENT|test-results/dynamic-page-Dynamic-Page--b3e52--invalid-classes-gracefully-webkit/video.webm]]

[[ATTACHMENT|test-results/dynamic-page-Dynamic-Page--b3e52--invalid-classes-gracefully-webkit/error-context.md]]
]]>
</system-out>
</testcase>
<testcase name="Dynamic Page › should support dark mode" classname="dynamic-page.spec.ts" time="30.236">
<failure message="dynamic-page.spec.ts:96:3 should support dark mode" type="FAILURE">
<![CDATA[  [webkit] › dynamic-page.spec.ts:96:3 › Dynamic Page › should support dark mode ───────────────────

    Test timeout of 30000ms exceeded while running "beforeEach" hook.

      2 |
      3 | test.describe('Dynamic Page', () => {
    > 4 |   test.beforeEach(async ({ page }) => {
        |        ^
      5 |     await page.goto('/');
      6 |     await page.waitForSelector('[data-testid="app"]', { timeout: 10000 });
      7 |     await page.click('button:has-text("Dynamic")');
        at /Users/peterhanssens/consulting/Leptos/tailwind-rs/demos/leptos-demo/tests/dynamic-page.spec.ts:4:8

    Error: page.click: Test timeout of 30000ms exceeded.
    Call log:
      - waiting for locator('button:has-text("Dynamic")')


       5 |     await page.goto('/');
       6 |     await page.waitForSelector('[data-testid="app"]', { timeout: 10000 });
    >  7 |     await page.click('button:has-text("Dynamic")');
         |                ^
       8 |   });
       9 |
      10 |   test('should display dynamic class generation interface', async ({ page }) => {
        at /Users/peterhanssens/consulting/Leptos/tailwind-rs/demos/leptos-demo/tests/dynamic-page.spec.ts:7:16

    attachment #1: screenshot (image/png) ──────────────────────────────────────────────────────────
    ../test-results/dynamic-page-Dynamic-Page-should-support-dark-mode-webkit/test-failed-1.png
    ────────────────────────────────────────────────────────────────────────────────────────────────

    attachment #2: video (video/webm) ──────────────────────────────────────────────────────────────
    ../test-results/dynamic-page-Dynamic-Page-should-support-dark-mode-webkit/video.webm
    ────────────────────────────────────────────────────────────────────────────────────────────────

    Error Context: ../test-results/dynamic-page-Dynamic-Page-should-support-dark-mode-webkit/error-context.md
]]>
</failure>
<system-out>
<![CDATA[
[[ATTACHMENT|test-results/dynamic-page-Dynamic-Page-should-support-dark-mode-webkit/test-failed-1.png]]

[[ATTACHMENT|test-results/dynamic-page-Dynamic-Page-should-support-dark-mode-webkit/video.webm]]

[[ATTACHMENT|test-results/dynamic-page-Dynamic-Page-should-support-dark-mode-webkit/error-context.md]]
]]>
</system-out>
</testcase>
<testcase name="Dynamic Page › should be responsive" classname="dynamic-page.spec.ts" time="30.238">
<failure message="dynamic-page.spec.ts:110:3 should be responsive" type="FAILURE">
<![CDATA[  [webkit] › dynamic-page.spec.ts:110:3 › Dynamic Page › should be responsive ──────────────────────

    Test timeout of 30000ms exceeded while running "beforeEach" hook.

      2 |
      3 | test.describe('Dynamic Page', () => {
    > 4 |   test.beforeEach(async ({ page }) => {
        |        ^
      5 |     await page.goto('/');
      6 |     await page.waitForSelector('[data-testid="app"]', { timeout: 10000 });
      7 |     await page.click('button:has-text("Dynamic")');
        at /Users/peterhanssens/consulting/Leptos/tailwind-rs/demos/leptos-demo/tests/dynamic-page.spec.ts:4:8

    Error: page.click: Test timeout of 30000ms exceeded.
    Call log:
      - waiting for locator('button:has-text("Dynamic")')


       5 |     await page.goto('/');
       6 |     await page.waitForSelector('[data-testid="app"]', { timeout: 10000 });
    >  7 |     await page.click('button:has-text("Dynamic")');
         |                ^
       8 |   });
       9 |
      10 |   test('should display dynamic class generation interface', async ({ page }) => {
        at /Users/peterhanssens/consulting/Leptos/tailwind-rs/demos/leptos-demo/tests/dynamic-page.spec.ts:7:16

    attachment #1: screenshot (image/png) ──────────────────────────────────────────────────────────
    ../test-results/dynamic-page-Dynamic-Page-should-be-responsive-webkit/test-failed-1.png
    ────────────────────────────────────────────────────────────────────────────────────────────────

    attachment #2: video (video/webm) ──────────────────────────────────────────────────────────────
    ../test-results/dynamic-page-Dynamic-Page-should-be-responsive-webkit/video.webm
    ────────────────────────────────────────────────────────────────────────────────────────────────

    Error Context: ../test-results/dynamic-page-Dynamic-Page-should-be-responsive-webkit/error-context.md
]]>
</failure>
<system-out>
<![CDATA[
[[ATTACHMENT|test-results/dynamic-page-Dynamic-Page-should-be-responsive-webkit/test-failed-1.png]]

[[ATTACHMENT|test-results/dynamic-page-Dynamic-Page-should-be-responsive-webkit/video.webm]]

[[ATTACHMENT|test-results/dynamic-page-Dynamic-Page-should-be-responsive-webkit/error-context.md]]
]]>
</system-out>
</testcase>
<testcase name="Dynamic Page › should maintain state across navigation" classname="dynamic-page.spec.ts" time="30.233">
<failure message="dynamic-page.spec.ts:128:3 should maintain state across navigation" type="FAILURE">
<![CDATA[  [webkit] › dynamic-page.spec.ts:128:3 › Dynamic Page › should maintain state across navigation ───

    Test timeout of 30000ms exceeded while running "beforeEach" hook.

      2 |
      3 | test.describe('Dynamic Page', () => {
    > 4 |   test.beforeEach(async ({ page }) => {
        |        ^
      5 |     await page.goto('/');
      6 |     await page.waitForSelector('[data-testid="app"]', { timeout: 10000 });
      7 |     await page.click('button:has-text("Dynamic")');
        at /Users/peterhanssens/consulting/Leptos/tailwind-rs/demos/leptos-demo/tests/dynamic-page.spec.ts:4:8

    Error: page.click: Test timeout of 30000ms exceeded.
    Call log:
      - waiting for locator('button:has-text("Dynamic")')


       5 |     await page.goto('/');
       6 |     await page.waitForSelector('[data-testid="app"]', { timeout: 10000 });
    >  7 |     await page.click('button:has-text("Dynamic")');
         |                ^
       8 |   });
       9 |
      10 |   test('should display dynamic class generation interface', async ({ page }) => {
        at /Users/peterhanssens/consulting/Leptos/tailwind-rs/demos/leptos-demo/tests/dynamic-page.spec.ts:7:16

    attachment #1: screenshot (image/png) ──────────────────────────────────────────────────────────
    ../test-results/dynamic-page-Dynamic-Page--f75e5-ain-state-across-navigation-webkit/test-failed-1.png
    ────────────────────────────────────────────────────────────────────────────────────────────────

    attachment #2: video (video/webm) ──────────────────────────────────────────────────────────────
    ../test-results/dynamic-page-Dynamic-Page--f75e5-ain-state-across-navigation-webkit/video.webm
    ────────────────────────────────────────────────────────────────────────────────────────────────

    Error Context: ../test-results/dynamic-page-Dynamic-Page--f75e5-ain-state-across-navigation-webkit/error-context.md
]]>
</failure>
<system-out>
<![CDATA[
[[ATTACHMENT|test-results/dynamic-page-Dynamic-Page--f75e5-ain-state-across-navigation-webkit/test-failed-1.png]]

[[ATTACHMENT|test-results/dynamic-page-Dynamic-Page--f75e5-ain-state-across-navigation-webkit/video.webm]]

[[ATTACHMENT|test-results/dynamic-page-Dynamic-Page--f75e5-ain-state-across-navigation-webkit/error-context.md]]
]]>
</system-out>
</testcase>
</testsuite>
<testsuite name="e2e-workflow.spec.ts" timestamp="2025-09-28T10:07:22.421Z" hostname="webkit" tests="8" failures="8" skipped="0" time="193.024" errors="0">
<testcase name="End-to-End Workflow › should complete full user journey" classname="e2e-workflow.spec.ts" time="5.748">
<failure message="e2e-workflow.spec.ts:9:3 should complete full user journey" type="FAILURE">
<![CDATA[  [webkit] › e2e-workflow.spec.ts:9:3 › End-to-End Workflow › should complete full user journey ────

    Error: expect(locator).toBeVisible() failed

    Locator:  locator('p:has-text("Experience the power of Rust-native Tailwind CSS")')
    Expected: visible
    Received: <element(s) not found>
    Timeout:  5000ms

    Call log:
      - Expect "toBeVisible" with timeout 5000ms
      - waiting for locator('p:has-text("Experience the power of Rust-native Tailwind CSS")')


      10 |     // 1. User lands on home page
      11 |     await expect(page.locator('h1:has-text("Tailwind-RS Demo")')).toBeVisible();
    > 12 |     await expect(page.locator('p:has-text("Experience the power of Rust-native Tailwind CSS")')).toBeVisible();
         |                                                                                                  ^
      13 |     
      14 |     // 2. User explores feature cards
      15 |     const featureCards = page.locator('.bg-white.dark\\:bg-gray-800.rounded-lg.shadow-md');
        at /Users/peterhanssens/consulting/Leptos/tailwind-rs/demos/leptos-demo/tests/e2e-workflow.spec.ts:12:98

    attachment #1: screenshot (image/png) ──────────────────────────────────────────────────────────
    ../test-results/e2e-workflow-End-to-End-Wo-ececa--complete-full-user-journey-webkit/test-failed-1.png
    ────────────────────────────────────────────────────────────────────────────────────────────────

    attachment #2: video (video/webm) ──────────────────────────────────────────────────────────────
    ../test-results/e2e-workflow-End-to-End-Wo-ececa--complete-full-user-journey-webkit/video.webm
    ────────────────────────────────────────────────────────────────────────────────────────────────

    Error Context: ../test-results/e2e-workflow-End-to-End-Wo-ececa--complete-full-user-journey-webkit/error-context.md
]]>
</failure>
<system-out>
<![CDATA[
[[ATTACHMENT|test-results/e2e-workflow-End-to-End-Wo-ececa--complete-full-user-journey-webkit/test-failed-1.png]]

[[ATTACHMENT|test-results/e2e-workflow-End-to-End-Wo-ececa--complete-full-user-journey-webkit/video.webm]]

[[ATTACHMENT|test-results/e2e-workflow-End-to-End-Wo-ececa--complete-full-user-journey-webkit/error-context.md]]
]]>
</system-out>
</testcase>
<testcase name="End-to-End Workflow › should handle theme switching throughout journey" classname="e2e-workflow.spec.ts" time="5.69">
<failure message="e2e-workflow.spec.ts:70:3 should handle theme switching throughout journey" type="FAILURE">
<![CDATA[  [webkit] › e2e-workflow.spec.ts:70:3 › End-to-End Workflow › should handle theme switching throughout journey 

    Error: expect(locator).toBeVisible() failed

    Locator:  locator('button:has-text("☀️")')
    Expected: visible
    Received: <element(s) not found>
    Timeout:  5000ms

    Call log:
      - Expect "toBeVisible" with timeout 5000ms
      - waiting for locator('button:has-text("☀️")')


      70 |   test('should handle theme switching throughout journey', async ({ page }) => {
      71 |     // Start in light mode
    > 72 |     await expect(page.locator('button:has-text("☀️")')).toBeVisible();
         |                                                         ^
      73 |     
      74 |     // Navigate to components page
      75 |     await page.click('button:has-text("Components")');
        at /Users/peterhanssens/consulting/Leptos/tailwind-rs/demos/leptos-demo/tests/e2e-workflow.spec.ts:72:57

    attachment #1: screenshot (image/png) ──────────────────────────────────────────────────────────
    ../test-results/e2e-workflow-End-to-End-Wo-463a5-witching-throughout-journey-webkit/test-failed-1.png
    ────────────────────────────────────────────────────────────────────────────────────────────────

    attachment #2: video (video/webm) ──────────────────────────────────────────────────────────────
    ../test-results/e2e-workflow-End-to-End-Wo-463a5-witching-throughout-journey-webkit/video.webm
    ────────────────────────────────────────────────────────────────────────────────────────────────

    Error Context: ../test-results/e2e-workflow-End-to-End-Wo-463a5-witching-throughout-journey-webkit/error-context.md
]]>
</failure>
<system-out>
<![CDATA[
[[ATTACHMENT|test-results/e2e-workflow-End-to-End-Wo-463a5-witching-throughout-journey-webkit/test-failed-1.png]]

[[ATTACHMENT|test-results/e2e-workflow-End-to-End-Wo-463a5-witching-throughout-journey-webkit/video.webm]]

[[ATTACHMENT|test-results/e2e-workflow-End-to-End-Wo-463a5-witching-throughout-journey-webkit/error-context.md]]
]]>
</system-out>
</testcase>
<testcase name="End-to-End Workflow › should maintain state across navigation" classname="e2e-workflow.spec.ts" time="30.286">
<failure message="e2e-workflow.spec.ts:95:3 should maintain state across navigation" type="FAILURE">
<![CDATA[  [webkit] › e2e-workflow.spec.ts:95:3 › End-to-End Workflow › should maintain state across navigation 

    Test timeout of 30000ms exceeded.

    Error: page.click: Test timeout of 30000ms exceeded.
    Call log:
      - waiting for locator('button:has-text("Dynamic")')


       95 |   test('should maintain state across navigation', async ({ page }) => {
       96 |     // Navigate to dynamic page
    >  97 |     await page.click('button:has-text("Dynamic")');
          |                ^
       98 |     await expect(page.locator('h2:has-text("Dynamic Class Generation")')).toBeVisible();
       99 |     
      100 |     // Set custom classes
        at /Users/peterhanssens/consulting/Leptos/tailwind-rs/demos/leptos-demo/tests/e2e-workflow.spec.ts:97:16

    attachment #1: screenshot (image/png) ──────────────────────────────────────────────────────────
    ../test-results/e2e-workflow-End-to-End-Wo-362bf-ain-state-across-navigation-webkit/test-failed-1.png
    ────────────────────────────────────────────────────────────────────────────────────────────────

    attachment #2: video (video/webm) ──────────────────────────────────────────────────────────────
    ../test-results/e2e-workflow-End-to-End-Wo-362bf-ain-state-across-navigation-webkit/video.webm
    ────────────────────────────────────────────────────────────────────────────────────────────────

    Error Context: ../test-results/e2e-workflow-End-to-End-Wo-362bf-ain-state-across-navigation-webkit/error-context.md
]]>
</failure>
<system-out>
<![CDATA[
[[ATTACHMENT|test-results/e2e-workflow-End-to-End-Wo-362bf-ain-state-across-navigation-webkit/test-failed-1.png]]

[[ATTACHMENT|test-results/e2e-workflow-End-to-End-Wo-362bf-ain-state-across-navigation-webkit/video.webm]]

[[ATTACHMENT|test-results/e2e-workflow-End-to-End-Wo-362bf-ain-state-across-navigation-webkit/error-context.md]]
]]>
</system-out>
</testcase>
<testcase name="End-to-End Workflow › should handle rapid navigation" classname="e2e-workflow.spec.ts" time="30.291">
<failure message="e2e-workflow.spec.ts:116:3 should handle rapid navigation" type="FAILURE">
<![CDATA[  [webkit] › e2e-workflow.spec.ts:116:3 › End-to-End Workflow › should handle rapid navigation ─────

    Test timeout of 30000ms exceeded.

    Error: page.click: Test timeout of 30000ms exceeded.
    Call log:
      - waiting for locator('button:has-text("Home")')


      120 |     for (let i = 0; i < 3; i++) {
      121 |       for (const pageName of pages) {
    > 122 |         await page.click(`button:has-text("${pageName}")`);
          |                    ^
      123 |         await page.waitForTimeout(100); // Small delay
      124 |       }
      125 |     }
        at /Users/peterhanssens/consulting/Leptos/tailwind-rs/demos/leptos-demo/tests/e2e-workflow.spec.ts:122:20

    attachment #1: screenshot (image/png) ──────────────────────────────────────────────────────────
    ../test-results/e2e-workflow-End-to-End-Wo-88445-uld-handle-rapid-navigation-webkit/test-failed-1.png
    ────────────────────────────────────────────────────────────────────────────────────────────────

    attachment #2: video (video/webm) ──────────────────────────────────────────────────────────────
    ../test-results/e2e-workflow-End-to-End-Wo-88445-uld-handle-rapid-navigation-webkit/video.webm
    ────────────────────────────────────────────────────────────────────────────────────────────────

    Error Context: ../test-results/e2e-workflow-End-to-End-Wo-88445-uld-handle-rapid-navigation-webkit/error-context.md
]]>
</failure>
<system-out>
<![CDATA[
[[ATTACHMENT|test-results/e2e-workflow-End-to-End-Wo-88445-uld-handle-rapid-navigation-webkit/test-failed-1.png]]

[[ATTACHMENT|test-results/e2e-workflow-End-to-End-Wo-88445-uld-handle-rapid-navigation-webkit/video.webm]]

[[ATTACHMENT|test-results/e2e-workflow-End-to-End-Wo-88445-uld-handle-rapid-navigation-webkit/error-context.md]]
]]>
</system-out>
</testcase>
<testcase name="End-to-End Workflow › should handle concurrent user interactions" classname="e2e-workflow.spec.ts" time="30.236">
<failure message="e2e-workflow.spec.ts:132:3 should handle concurrent user interactions" type="FAILURE">
<![CDATA[  [webkit] › e2e-workflow.spec.ts:132:3 › End-to-End Workflow › should handle concurrent user interactions 

    Test timeout of 30000ms exceeded.

    Error: page.click: Test timeout of 30000ms exceeded.
    Call log:
      - waiting for locator('button:has-text("Components")')


      133 |     // Start multiple interactions simultaneously
      134 |     const interactions = [
    > 135 |       page.click('button:has-text("Components")'),
          |            ^
      136 |       page.click('button:has-text("☀️")'),
      137 |     ];
      138 |     
        at /Users/peterhanssens/consulting/Leptos/tailwind-rs/demos/leptos-demo/tests/e2e-workflow.spec.ts:135:12

    attachment #1: screenshot (image/png) ──────────────────────────────────────────────────────────
    ../test-results/e2e-workflow-End-to-End-Wo-98ce4-oncurrent-user-interactions-webkit/test-failed-1.png
    ────────────────────────────────────────────────────────────────────────────────────────────────

    attachment #2: video (video/webm) ──────────────────────────────────────────────────────────────
    ../test-results/e2e-workflow-End-to-End-Wo-98ce4-oncurrent-user-interactions-webkit/video.webm
    ────────────────────────────────────────────────────────────────────────────────────────────────

    Error Context: ../test-results/e2e-workflow-End-to-End-Wo-98ce4-oncurrent-user-interactions-webkit/error-context.md
]]>
</failure>
<system-out>
<![CDATA[
[[ATTACHMENT|test-results/e2e-workflow-End-to-End-Wo-98ce4-oncurrent-user-interactions-webkit/test-failed-1.png]]

[[ATTACHMENT|test-results/e2e-workflow-End-to-End-Wo-98ce4-oncurrent-user-interactions-webkit/video.webm]]

[[ATTACHMENT|test-results/e2e-workflow-End-to-End-Wo-98ce4-oncurrent-user-interactions-webkit/error-context.md]]
]]>
</system-out>
</testcase>
<testcase name="End-to-End Workflow › should handle form interactions" classname="e2e-workflow.spec.ts" time="30.243">
<failure message="e2e-workflow.spec.ts:146:3 should handle form interactions" type="FAILURE">
<![CDATA[  [webkit] › e2e-workflow.spec.ts:146:3 › End-to-End Workflow › should handle form interactions ────

    Test timeout of 30000ms exceeded.

    Error: page.click: Test timeout of 30000ms exceeded.
    Call log:
      - waiting for locator('button:has-text("Dynamic")')


      146 |   test('should handle form interactions', async ({ page }) => {
      147 |     // Navigate to dynamic page
    > 148 |     await page.click('button:has-text("Dynamic")');
          |                ^
      149 |     await expect(page.locator('h2:has-text("Dynamic Class Generation")')).toBeVisible();
      150 |     
      151 |     const inputField = page.locator('input[placeholder*="Enter Tailwind classes"]');
        at /Users/peterhanssens/consulting/Leptos/tailwind-rs/demos/leptos-demo/tests/e2e-workflow.spec.ts:148:16

    attachment #1: screenshot (image/png) ──────────────────────────────────────────────────────────
    ../test-results/e2e-workflow-End-to-End-Wo-be43e-ld-handle-form-interactions-webkit/test-failed-1.png
    ────────────────────────────────────────────────────────────────────────────────────────────────

    attachment #2: video (video/webm) ──────────────────────────────────────────────────────────────
    ../test-results/e2e-workflow-End-to-End-Wo-be43e-ld-handle-form-interactions-webkit/video.webm
    ────────────────────────────────────────────────────────────────────────────────────────────────

    Error Context: ../test-results/e2e-workflow-End-to-End-Wo-be43e-ld-handle-form-interactions-webkit/error-context.md
]]>
</failure>
<system-out>
<![CDATA[
[[ATTACHMENT|test-results/e2e-workflow-End-to-End-Wo-be43e-ld-handle-form-interactions-webkit/test-failed-1.png]]

[[ATTACHMENT|test-results/e2e-workflow-End-to-End-Wo-be43e-ld-handle-form-interactions-webkit/video.webm]]

[[ATTACHMENT|test-results/e2e-workflow-End-to-End-Wo-be43e-ld-handle-form-interactions-webkit/error-context.md]]
]]>
</system-out>
</testcase>
<testcase name="End-to-End Workflow › should handle error scenarios gracefully" classname="e2e-workflow.spec.ts" time="30.424">
<failure message="e2e-workflow.spec.ts:170:3 should handle error scenarios gracefully" type="FAILURE">
<![CDATA[  [webkit] › e2e-workflow.spec.ts:170:3 › End-to-End Workflow › should handle error scenarios gracefully 

    Test timeout of 30000ms exceeded.

    Error: page.click: Test timeout of 30000ms exceeded.
    Call log:
      - waiting for locator('button:has-text("Dynamic")')


      170 |   test('should handle error scenarios gracefully', async ({ page }) => {
      171 |     // Navigate to dynamic page
    > 172 |     await page.click('button:has-text("Dynamic")');
          |                ^
      173 |     await expect(page.locator('h2:has-text("Dynamic Class Generation")')).toBeVisible();
      174 |     
      175 |     const inputField = page.locator('input[placeholder*="Enter Tailwind classes"]');
        at /Users/peterhanssens/consulting/Leptos/tailwind-rs/demos/leptos-demo/tests/e2e-workflow.spec.ts:172:16

    attachment #1: screenshot (image/png) ──────────────────────────────────────────────────────────
    ../test-results/e2e-workflow-End-to-End-Wo-6b0a6--error-scenarios-gracefully-webkit/test-failed-1.png
    ────────────────────────────────────────────────────────────────────────────────────────────────

    attachment #2: video (video/webm) ──────────────────────────────────────────────────────────────
    ../test-results/e2e-workflow-End-to-End-Wo-6b0a6--error-scenarios-gracefully-webkit/video.webm
    ────────────────────────────────────────────────────────────────────────────────────────────────

    Error Context: ../test-results/e2e-workflow-End-to-End-Wo-6b0a6--error-scenarios-gracefully-webkit/error-context.md
]]>
</failure>
<system-out>
<![CDATA[
[[ATTACHMENT|test-results/e2e-workflow-End-to-End-Wo-6b0a6--error-scenarios-gracefully-webkit/test-failed-1.png]]

[[ATTACHMENT|test-results/e2e-workflow-End-to-End-Wo-6b0a6--error-scenarios-gracefully-webkit/video.webm]]

[[ATTACHMENT|test-results/e2e-workflow-End-to-End-Wo-6b0a6--error-scenarios-gracefully-webkit/error-context.md]]
]]>
</system-out>
</testcase>
<testcase name="End-to-End Workflow › should handle responsive design changes" classname="e2e-workflow.spec.ts" time="30.106">
<failure message="e2e-workflow.spec.ts:198:3 should handle responsive design changes" type="FAILURE">
<![CDATA[  [webkit] › e2e-workflow.spec.ts:198:3 › End-to-End Workflow › should handle responsive design changes 

    Test timeout of 30000ms exceeded.

    Error: page.click: Test timeout of 30000ms exceeded.
    Call log:
      - waiting for locator('button:has-text("Components")')


      202 |     
      203 |     // Navigate to components page on mobile
    > 204 |     await page.click('button:has-text("Components")');
          |                ^
      205 |     await expect(page.locator('h2:has-text("Button Components")')).toBeVisible();
      206 |     
      207 |     // Test tablet viewport
        at /Users/peterhanssens/consulting/Leptos/tailwind-rs/demos/leptos-demo/tests/e2e-workflow.spec.ts:204:16

    attachment #1: screenshot (image/png) ──────────────────────────────────────────────────────────
    ../test-results/e2e-workflow-End-to-End-Wo-0f2a9-e-responsive-design-changes-webkit/test-failed-1.png
    ────────────────────────────────────────────────────────────────────────────────────────────────

    attachment #2: video (video/webm) ──────────────────────────────────────────────────────────────
    ../test-results/e2e-workflow-End-to-End-Wo-0f2a9-e-responsive-design-changes-webkit/video.webm
    ────────────────────────────────────────────────────────────────────────────────────────────────

    Error Context: ../test-results/e2e-workflow-End-to-End-Wo-0f2a9-e-responsive-design-changes-webkit/error-context.md
]]>
</failure>
<system-out>
<![CDATA[
[[ATTACHMENT|test-results/e2e-workflow-End-to-End-Wo-0f2a9-e-responsive-design-changes-webkit/test-failed-1.png]]

[[ATTACHMENT|test-results/e2e-workflow-End-to-End-Wo-0f2a9-e-responsive-design-changes-webkit/video.webm]]

[[ATTACHMENT|test-results/e2e-workflow-End-to-End-Wo-0f2a9-e-responsive-design-changes-webkit/error-context.md]]
]]>
</system-out>
</testcase>
</testsuite>
<testsuite name="home-page.spec.ts" timestamp="2025-09-28T10:07:22.421Z" hostname="webkit" tests="5" failures="5" skipped="0" time="53.108" errors="0">
<testcase name="Home Page › should display hero section" classname="home-page.spec.ts" time="5.693">
<failure message="home-page.spec.ts:9:3 should display hero section" type="FAILURE">
<![CDATA[  [webkit] › home-page.spec.ts:9:3 › Home Page › should display hero section ───────────────────────

    Error: expect(locator).toBeVisible() failed

    Locator:  locator('h1:has-text("Tailwind-RS Demo - Actually Using Core Models!")')
    Expected: visible
    Received: <element(s) not found>
    Timeout:  5000ms

    Call log:
      - Expect "toBeVisible" with timeout 5000ms
      - waiting for locator('h1:has-text("Tailwind-RS Demo - Actually Using Core Models!")')


      10 |     // Check main title
      11 |     const title = page.locator('h1:has-text("Tailwind-RS Demo - Actually Using Core Models!")');
    > 12 |     await expect(title).toBeVisible();
         |                         ^
      13 |     await expect(title).toHaveClass(/text-4xl/);
      14 |
      15 |     // Check that the demo shows the dynamic class preview
        at /Users/peterhanssens/consulting/Leptos/tailwind-rs/demos/leptos-demo/tests/home-page.spec.ts:12:25

    attachment #1: screenshot (image/png) ──────────────────────────────────────────────────────────
    ../test-results/home-page-Home-Page-should-display-hero-section-webkit/test-failed-1.png
    ────────────────────────────────────────────────────────────────────────────────────────────────

    attachment #2: video (video/webm) ──────────────────────────────────────────────────────────────
    ../test-results/home-page-Home-Page-should-display-hero-section-webkit/video.webm
    ────────────────────────────────────────────────────────────────────────────────────────────────

    Error Context: ../test-results/home-page-Home-Page-should-display-hero-section-webkit/error-context.md
]]>
</failure>
<system-out>
<![CDATA[
[[ATTACHMENT|test-results/home-page-Home-Page-should-display-hero-section-webkit/test-failed-1.png]]

[[ATTACHMENT|test-results/home-page-Home-Page-should-display-hero-section-webkit/video.webm]]

[[ATTACHMENT|test-results/home-page-Home-Page-should-display-hero-section-webkit/error-context.md]]
]]>
</system-out>
</testcase>
<testcase name="Home Page › should have dynamic class input" classname="home-page.spec.ts" time="5.696">
<failure message="home-page.spec.ts:20:3 should have dynamic class input" type="FAILURE">
<![CDATA[  [webkit] › home-page.spec.ts:20:3 › Home Page › should have dynamic class input ──────────────────

    Error: expect(locator).toBeVisible() failed

    Locator:  locator('input[placeholder="Enter Tailwind classes"]')
    Expected: visible
    Received: <element(s) not found>
    Timeout:  5000ms

    Call log:
      - Expect "toBeVisible" with timeout 5000ms
      - waiting for locator('input[placeholder="Enter Tailwind classes"]')


      21 |     // Check input field exists
      22 |     const inputField = page.locator('input[placeholder="Enter Tailwind classes"]');
    > 23 |     await expect(inputField).toBeVisible();
         |                              ^
      24 |
      25 |     // Check input has proper styling
      26 |     await expect(inputField).toHaveClass(/border.*border-gray-300/);
        at /Users/peterhanssens/consulting/Leptos/tailwind-rs/demos/leptos-demo/tests/home-page.spec.ts:23:30

    attachment #1: screenshot (image/png) ──────────────────────────────────────────────────────────
    ../test-results/home-page-Home-Page-should-have-dynamic-class-input-webkit/test-failed-1.png
    ────────────────────────────────────────────────────────────────────────────────────────────────

    attachment #2: video (video/webm) ──────────────────────────────────────────────────────────────
    ../test-results/home-page-Home-Page-should-have-dynamic-class-input-webkit/video.webm
    ────────────────────────────────────────────────────────────────────────────────────────────────

    Error Context: ../test-results/home-page-Home-Page-should-have-dynamic-class-input-webkit/error-context.md
]]>
</failure>
<system-out>
<![CDATA[
[[ATTACHMENT|test-results/home-page-Home-Page-should-have-dynamic-class-input-webkit/test-failed-1.png]]

[[ATTACHMENT|test-results/home-page-Home-Page-should-have-dynamic-class-input-webkit/video.webm]]

[[ATTACHMENT|test-results/home-page-Home-Page-should-have-dynamic-class-input-webkit/error-context.md]]
]]>
</system-out>
</testcase>
<testcase name="Home Page › should display demo sections" classname="home-page.spec.ts" time="5.735">
<failure message="home-page.spec.ts:33:3 should display demo sections" type="FAILURE">
<![CDATA[  [webkit] › home-page.spec.ts:33:3 › Home Page › should display demo sections ─────────────────────

    Error: expect(locator).toBeVisible() failed

    Locator:  locator('h2:has-text("Dynamic Class Preview")')
    Expected: visible
    Received: <element(s) not found>
    Timeout:  5000ms

    Call log:
      - Expect "toBeVisible" with timeout 5000ms
      - waiting for locator('h2:has-text("Dynamic Class Preview")')


      34 |     // Check for the dynamic class preview section
      35 |     const previewSection = page.locator('h2:has-text("Dynamic Class Preview")');
    > 36 |     await expect(previewSection).toBeVisible();
         |                                  ^
      37 |
      38 |     // Check for the generated CSS section
      39 |     const cssSection = page.locator('h2:has-text("Generated CSS (from Tailwind-RS Core)")');
        at /Users/peterhanssens/consulting/Leptos/tailwind-rs/demos/leptos-demo/tests/home-page.spec.ts:36:34

    attachment #1: screenshot (image/png) ──────────────────────────────────────────────────────────
    ../test-results/home-page-Home-Page-should-display-demo-sections-webkit/test-failed-1.png
    ────────────────────────────────────────────────────────────────────────────────────────────────

    attachment #2: video (video/webm) ──────────────────────────────────────────────────────────────
    ../test-results/home-page-Home-Page-should-display-demo-sections-webkit/video.webm
    ────────────────────────────────────────────────────────────────────────────────────────────────

    Error Context: ../test-results/home-page-Home-Page-should-display-demo-sections-webkit/error-context.md
]]>
</failure>
<system-out>
<![CDATA[
[[ATTACHMENT|test-results/home-page-Home-Page-should-display-demo-sections-webkit/test-failed-1.png]]

[[ATTACHMENT|test-results/home-page-Home-Page-should-display-demo-sections-webkit/video.webm]]

[[ATTACHMENT|test-results/home-page-Home-Page-should-display-demo-sections-webkit/error-context.md]]
]]>
</system-out>
</testcase>
<testcase name="Home Page › should have responsive layout" classname="home-page.spec.ts" time="5.754">
<failure message="home-page.spec.ts:53:3 should have responsive layout" type="FAILURE">
<![CDATA[  [webkit] › home-page.spec.ts:53:3 › Home Page › should have responsive layout ────────────────────

    Error: expect(locator).toBeVisible() failed

    Locator:  locator('.container.mx-auto.px-4.py-8')
    Expected: visible
    Received: <element(s) not found>
    Timeout:  5000ms

    Call log:
      - Expect "toBeVisible" with timeout 5000ms
      - waiting for locator('.container.mx-auto.px-4.py-8')


      54 |     // Check that the main container has responsive classes
      55 |     const container = page.locator('.container.mx-auto.px-4.py-8');
    > 56 |     await expect(container).toBeVisible();
         |                             ^
      57 |
      58 |     // Test mobile viewport
      59 |     await page.setViewportSize({ width: 375, height: 667 });
        at /Users/peterhanssens/consulting/Leptos/tailwind-rs/demos/leptos-demo/tests/home-page.spec.ts:56:29

    attachment #1: screenshot (image/png) ──────────────────────────────────────────────────────────
    ../test-results/home-page-Home-Page-should-have-responsive-layout-webkit/test-failed-1.png
    ────────────────────────────────────────────────────────────────────────────────────────────────

    attachment #2: video (video/webm) ──────────────────────────────────────────────────────────────
    ../test-results/home-page-Home-Page-should-have-responsive-layout-webkit/video.webm
    ────────────────────────────────────────────────────────────────────────────────────────────────

    Error Context: ../test-results/home-page-Home-Page-should-have-responsive-layout-webkit/error-context.md
]]>
</failure>
<system-out>
<![CDATA[
[[ATTACHMENT|test-results/home-page-Home-Page-should-have-responsive-layout-webkit/test-failed-1.png]]

[[ATTACHMENT|test-results/home-page-Home-Page-should-have-responsive-layout-webkit/video.webm]]

[[ATTACHMENT|test-results/home-page-Home-Page-should-have-responsive-layout-webkit/error-context.md]]
]]>
</system-out>
</testcase>
<testcase name="Home Page › should demonstrate dynamic class functionality" classname="home-page.spec.ts" time="30.23">
<failure message="home-page.spec.ts:67:3 should demonstrate dynamic class functionality" type="FAILURE">
<![CDATA[  [webkit] › home-page.spec.ts:67:3 › Home Page › should demonstrate dynamic class functionality ───

    Test timeout of 30000ms exceeded.

    Error: locator.getAttribute: Test timeout of 30000ms exceeded.
    Call log:
      - waiting for locator('div.w-full.h-32.rounded-lg.border-2.border-dashed')


      68 |     // Get initial preview area classes - use more specific selector
      69 |     const previewArea = page.locator('div.w-full.h-32.rounded-lg.border-2.border-dashed');
    > 70 |     const initialClass = await previewArea.getAttribute('class');
         |                                            ^
      71 |
      72 |     // Type new classes into the input
      73 |     const inputField = page.locator('input[placeholder="Enter Tailwind classes"]');
        at /Users/peterhanssens/consulting/Leptos/tailwind-rs/demos/leptos-demo/tests/home-page.spec.ts:70:44

    attachment #1: screenshot (image/png) ──────────────────────────────────────────────────────────
    ../test-results/home-page-Home-Page-should-2b34a-dynamic-class-functionality-webkit/test-failed-1.png
    ────────────────────────────────────────────────────────────────────────────────────────────────

    attachment #2: video (video/webm) ──────────────────────────────────────────────────────────────
    ../test-results/home-page-Home-Page-should-2b34a-dynamic-class-functionality-webkit/video.webm
    ────────────────────────────────────────────────────────────────────────────────────────────────

    Error Context: ../test-results/home-page-Home-Page-should-2b34a-dynamic-class-functionality-webkit/error-context.md
]]>
</failure>
<system-out>
<![CDATA[
[[ATTACHMENT|test-results/home-page-Home-Page-should-2b34a-dynamic-class-functionality-webkit/test-failed-1.png]]

[[ATTACHMENT|test-results/home-page-Home-Page-should-2b34a-dynamic-class-functionality-webkit/video.webm]]

[[ATTACHMENT|test-results/home-page-Home-Page-should-2b34a-dynamic-class-functionality-webkit/error-context.md]]
]]>
</system-out>
</testcase>
</testsuite>
<testsuite name="navigation.spec.ts" timestamp="2025-09-28T10:07:22.421Z" hostname="webkit" tests="5" failures="5" skipped="0" time="53.178" errors="0">
<testcase name="Navigation › should display the header with logo and navigation" classname="navigation.spec.ts" time="5.724">
<failure message="navigation.spec.ts:10:3 should display the header with logo and navigation" type="FAILURE">
<![CDATA[  [webkit] › navigation.spec.ts:10:3 › Navigation › should display the header with logo and navigation 

    Error: expect(locator).toBeVisible() failed

    Locator:  locator('header')
    Expected: visible
    Received: <element(s) not found>
    Timeout:  5000ms

    Call log:
      - Expect "toBeVisible" with timeout 5000ms
      - waiting for locator('header')


      11 |     // Check header is visible
      12 |     const header = page.locator('header');
    > 13 |     await expect(header).toBeVisible();
         |                          ^
      14 |     
      15 |     // Check logo
      16 |     const logo = header.locator('h1');
        at /Users/peterhanssens/consulting/Leptos/tailwind-rs/demos/leptos-demo/tests/navigation.spec.ts:13:26

    attachment #1: screenshot (image/png) ──────────────────────────────────────────────────────────
    ../test-results/navigation-Navigation-shou-9cb86-er-with-logo-and-navigation-webkit/test-failed-1.png
    ────────────────────────────────────────────────────────────────────────────────────────────────

    attachment #2: video (video/webm) ──────────────────────────────────────────────────────────────
    ../test-results/navigation-Navigation-shou-9cb86-er-with-logo-and-navigation-webkit/video.webm
    ────────────────────────────────────────────────────────────────────────────────────────────────

    Error Context: ../test-results/navigation-Navigation-shou-9cb86-er-with-logo-and-navigation-webkit/error-context.md
]]>
</failure>
<system-out>
<![CDATA[
[[ATTACHMENT|test-results/navigation-Navigation-shou-9cb86-er-with-logo-and-navigation-webkit/test-failed-1.png]]

[[ATTACHMENT|test-results/navigation-Navigation-shou-9cb86-er-with-logo-and-navigation-webkit/video.webm]]

[[ATTACHMENT|test-results/navigation-Navigation-shou-9cb86-er-with-logo-and-navigation-webkit/error-context.md]]
]]>
</system-out>
</testcase>
<testcase name="Navigation › should navigate between pages" classname="navigation.spec.ts" time="30.231">
<failure message="navigation.spec.ts:29:3 should navigate between pages" type="FAILURE">
<![CDATA[  [webkit] › navigation.spec.ts:29:3 › Navigation › should navigate between pages ──────────────────

    Test timeout of 30000ms exceeded.

    Error: page.click: Test timeout of 30000ms exceeded.
    Call log:
      - waiting for locator('button:has-text("Components")')


      32 |     
      33 |     // Navigate to Components page
    > 34 |     await page.click('button:has-text("Components")');
         |                ^
      35 |     await expect(page.locator('h2:has-text("Button Components")')).toBeVisible();
      36 |     
      37 |     // Navigate to Dynamic page
        at /Users/peterhanssens/consulting/Leptos/tailwind-rs/demos/leptos-demo/tests/navigation.spec.ts:34:16

    attachment #1: screenshot (image/png) ──────────────────────────────────────────────────────────
    ../test-results/navigation-Navigation-should-navigate-between-pages-webkit/test-failed-1.png
    ────────────────────────────────────────────────────────────────────────────────────────────────

    attachment #2: video (video/webm) ──────────────────────────────────────────────────────────────
    ../test-results/navigation-Navigation-should-navigate-between-pages-webkit/video.webm
    ────────────────────────────────────────────────────────────────────────────────────────────────

    Error Context: ../test-results/navigation-Navigation-should-navigate-between-pages-webkit/error-context.md
]]>
</failure>
<system-out>
<![CDATA[
[[ATTACHMENT|test-results/navigation-Navigation-should-navigate-between-pages-webkit/test-failed-1.png]]

[[ATTACHMENT|test-results/navigation-Navigation-should-navigate-between-pages-webkit/video.webm]]

[[ATTACHMENT|test-results/navigation-Navigation-should-navigate-between-pages-webkit/error-context.md]]
]]>
</system-out>
</testcase>
<testcase name="Navigation › should highlight active navigation item" classname="navigation.spec.ts" time="5.811">
<failure message="navigation.spec.ts:46:3 should highlight active navigation item" type="FAILURE">
<![CDATA[  [webkit] › navigation.spec.ts:46:3 › Navigation › should highlight active navigation item ────────

    Error: expect(locator).toHaveClass(expected) failed

    Locator: locator('button:has-text("Home")')
    Expected pattern: /bg-blue-100/
    Received: <element(s) not found>
    Timeout: 5000ms

    Call log:
      - Expect "toHaveClass" with timeout 5000ms
      - waiting for locator('button:has-text("Home")')


      47 |     // Home should be active by default
      48 |     const homeButton = page.locator('button:has-text("Home")');
    > 49 |     await expect(homeButton).toHaveClass(/bg-blue-100/);
         |                              ^
      50 |     
      51 |     // Navigate to Components
      52 |     await page.click('button:has-text("Components")');
        at /Users/peterhanssens/consulting/Leptos/tailwind-rs/demos/leptos-demo/tests/navigation.spec.ts:49:30

    attachment #1: screenshot (image/png) ──────────────────────────────────────────────────────────
    ../test-results/navigation-Navigation-shou-76141-ight-active-navigation-item-webkit/test-failed-1.png
    ────────────────────────────────────────────────────────────────────────────────────────────────

    attachment #2: video (video/webm) ──────────────────────────────────────────────────────────────
    ../test-results/navigation-Navigation-shou-76141-ight-active-navigation-item-webkit/video.webm
    ────────────────────────────────────────────────────────────────────────────────────────────────

    Error Context: ../test-results/navigation-Navigation-shou-76141-ight-active-navigation-item-webkit/error-context.md
]]>
</failure>
<system-out>
<![CDATA[
[[ATTACHMENT|test-results/navigation-Navigation-shou-76141-ight-active-navigation-item-webkit/test-failed-1.png]]

[[ATTACHMENT|test-results/navigation-Navigation-shou-76141-ight-active-navigation-item-webkit/video.webm]]

[[ATTACHMENT|test-results/navigation-Navigation-shou-76141-ight-active-navigation-item-webkit/error-context.md]]
]]>
</system-out>
</testcase>
<testcase name="Navigation › should toggle theme" classname="navigation.spec.ts" time="5.71">
<failure message="navigation.spec.ts:58:3 should toggle theme" type="FAILURE">
<![CDATA[  [webkit] › navigation.spec.ts:58:3 › Navigation › should toggle theme ────────────────────────────

    Error: expect(locator).toBeVisible() failed

    Locator:  locator('button:has-text("☀️")')
    Expected: visible
    Received: <element(s) not found>
    Timeout:  5000ms

    Call log:
      - Expect "toBeVisible" with timeout 5000ms
      - waiting for locator('button:has-text("☀️")')


      58 |   test('should toggle theme', async ({ page }) => {
      59 |     const themeButton = page.locator('button:has-text("☀️")');
    > 60 |     await expect(themeButton).toBeVisible();
         |                               ^
      61 |     
      62 |     // Click theme toggle
      63 |     await themeButton.click();
        at /Users/peterhanssens/consulting/Leptos/tailwind-rs/demos/leptos-demo/tests/navigation.spec.ts:60:31

    attachment #1: screenshot (image/png) ──────────────────────────────────────────────────────────
    ../test-results/navigation-Navigation-should-toggle-theme-webkit/test-failed-1.png
    ────────────────────────────────────────────────────────────────────────────────────────────────

    attachment #2: video (video/webm) ──────────────────────────────────────────────────────────────
    ../test-results/navigation-Navigation-should-toggle-theme-webkit/video.webm
    ────────────────────────────────────────────────────────────────────────────────────────────────

    Error Context: ../test-results/navigation-Navigation-should-toggle-theme-webkit/error-context.md
]]>
</failure>
<system-out>
<![CDATA[
[[ATTACHMENT|test-results/navigation-Navigation-should-toggle-theme-webkit/test-failed-1.png]]

[[ATTACHMENT|test-results/navigation-Navigation-should-toggle-theme-webkit/video.webm]]

[[ATTACHMENT|test-results/navigation-Navigation-should-toggle-theme-webkit/error-context.md]]
]]>
</system-out>
</testcase>
<testcase name="Navigation › should display footer" classname="navigation.spec.ts" time="5.702">
<failure message="navigation.spec.ts:77:3 should display footer" type="FAILURE">
<![CDATA[  [webkit] › navigation.spec.ts:77:3 › Navigation › should display footer ──────────────────────────

    Error: expect(locator).toBeVisible() failed

    Locator:  locator('footer')
    Expected: visible
    Received: <element(s) not found>
    Timeout:  5000ms

    Call log:
      - Expect "toBeVisible" with timeout 5000ms
      - waiting for locator('footer')


      77 |   test('should display footer', async ({ page }) => {
      78 |     const footer = page.locator('footer');
    > 79 |     await expect(footer).toBeVisible();
         |                          ^
      80 |     await expect(footer).toContainText('Built with ❤️ using Tailwind-RS and Leptos');
      81 |     await expect(footer).toContainText('Rust-native Tailwind CSS implementation');
      82 |   });
        at /Users/peterhanssens/consulting/Leptos/tailwind-rs/demos/leptos-demo/tests/navigation.spec.ts:79:26

    attachment #1: screenshot (image/png) ──────────────────────────────────────────────────────────
    ../test-results/navigation-Navigation-should-display-footer-webkit/test-failed-1.png
    ────────────────────────────────────────────────────────────────────────────────────────────────

    attachment #2: video (video/webm) ──────────────────────────────────────────────────────────────
    ../test-results/navigation-Navigation-should-display-footer-webkit/video.webm
    ────────────────────────────────────────────────────────────────────────────────────────────────

    Error Context: ../test-results/navigation-Navigation-should-display-footer-webkit/error-context.md
]]>
</failure>
<system-out>
<![CDATA[
[[ATTACHMENT|test-results/navigation-Navigation-should-display-footer-webkit/test-failed-1.png]]

[[ATTACHMENT|test-results/navigation-Navigation-should-display-footer-webkit/video.webm]]

[[ATTACHMENT|test-results/navigation-Navigation-should-display-footer-webkit/error-context.md]]
]]>
</system-out>
</testcase>
</testsuite>
<testsuite name="performance.spec.ts" timestamp="2025-09-28T10:07:22.421Z" hostname="webkit" tests="8" failures="7" skipped="0" time="212.386" errors="0">
<testcase name="Performance › should load quickly" classname="performance.spec.ts" time="0.742">
</testcase>
<testcase name="Performance › should have efficient navigation" classname="performance.spec.ts" time="30.231">
<failure message="performance.spec.ts:19:3 should have efficient navigation" type="FAILURE">
<![CDATA[  [webkit] › performance.spec.ts:19:3 › Performance › should have efficient navigation ─────────────

    Test timeout of 30000ms exceeded.

    Error: page.click: Test timeout of 30000ms exceeded.
    Call log:
      - waiting for locator('button:has-text("Components")')


      21 |     
      22 |     // Navigate through all pages
    > 23 |     await page.click('button:has-text("Components")');
         |                ^
      24 |     await page.waitForSelector('h2:has-text("Button Components")');
      25 |     
      26 |     await page.click('button:has-text("Dynamic")');
        at /Users/peterhanssens/consulting/Leptos/tailwind-rs/demos/leptos-demo/tests/performance.spec.ts:23:16

    attachment #1: screenshot (image/png) ──────────────────────────────────────────────────────────
    ../test-results/performance-Performance-should-have-efficient-navigation-webkit/test-failed-1.png
    ────────────────────────────────────────────────────────────────────────────────────────────────

    attachment #2: video (video/webm) ──────────────────────────────────────────────────────────────
    ../test-results/performance-Performance-should-have-efficient-navigation-webkit/video.webm
    ────────────────────────────────────────────────────────────────────────────────────────────────

    Error Context: ../test-results/performance-Performance-should-have-efficient-navigation-webkit/error-context.md
]]>
</failure>
<system-out>
<![CDATA[
[[ATTACHMENT|test-results/performance-Performance-should-have-efficient-navigation-webkit/test-failed-1.png]]

[[ATTACHMENT|test-results/performance-Performance-should-have-efficient-navigation-webkit/video.webm]]

[[ATTACHMENT|test-results/performance-Performance-should-have-efficient-navigation-webkit/error-context.md]]
]]>
</system-out>
</testcase>
<testcase name="Performance › should handle dynamic class generation efficiently" classname="performance.spec.ts" time="30.239">
<failure message="performance.spec.ts:38:3 should handle dynamic class generation efficiently" type="FAILURE">
<![CDATA[  [webkit] › performance.spec.ts:38:3 › Performance › should handle dynamic class generation efficiently 

    Test timeout of 30000ms exceeded.

    Error: page.click: Test timeout of 30000ms exceeded.
    Call log:
      - waiting for locator('button:has-text("Dynamic")')


      37 |
      38 |   test('should handle dynamic class generation efficiently', async ({ page }) => {
    > 39 |     await page.click('button:has-text("Dynamic")');
         |                ^
      40 |     
      41 |     const inputField = page.locator('input[placeholder*="Enter Tailwind classes"]');
      42 |     const previewArea = page.locator('.w-full.h-32.rounded-lg.border-2.border-dashed');
        at /Users/peterhanssens/consulting/Leptos/tailwind-rs/demos/leptos-demo/tests/performance.spec.ts:39:16

    attachment #1: screenshot (image/png) ──────────────────────────────────────────────────────────
    ../test-results/performance-Performance-sh-7b442-lass-generation-efficiently-webkit/test-failed-1.png
    ────────────────────────────────────────────────────────────────────────────────────────────────

    attachment #2: video (video/webm) ──────────────────────────────────────────────────────────────
    ../test-results/performance-Performance-sh-7b442-lass-generation-efficiently-webkit/video.webm
    ────────────────────────────────────────────────────────────────────────────────────────────────

    Error Context: ../test-results/performance-Performance-sh-7b442-lass-generation-efficiently-webkit/error-context.md
]]>
</failure>
<system-out>
<![CDATA[
[[ATTACHMENT|test-results/performance-Performance-sh-7b442-lass-generation-efficiently-webkit/test-failed-1.png]]

[[ATTACHMENT|test-results/performance-Performance-sh-7b442-lass-generation-efficiently-webkit/video.webm]]

[[ATTACHMENT|test-results/performance-Performance-sh-7b442-lass-generation-efficiently-webkit/error-context.md]]
]]>
</system-out>
</testcase>
<testcase name="Performance › should handle theme switching efficiently" classname="performance.spec.ts" time="30.236">
<failure message="performance.spec.ts:59:3 should handle theme switching efficiently" type="FAILURE">
<![CDATA[  [webkit] › performance.spec.ts:59:3 › Performance › should handle theme switching efficiently ────

    Test timeout of 30000ms exceeded.

    Error: page.click: Test timeout of 30000ms exceeded.
    Call log:
      - waiting for locator('button:has-text("☀️"), button:has-text("🌙")')


      62 |     // Toggle theme multiple times
      63 |     for (let i = 0; i < 5; i++) {
    > 64 |       await page.click('button:has-text("☀️"), button:has-text("🌙")');
         |                  ^
      65 |       await page.waitForTimeout(50); // Small delay to allow updates
      66 |     }
      67 |     
        at /Users/peterhanssens/consulting/Leptos/tailwind-rs/demos/leptos-demo/tests/performance.spec.ts:64:18

    attachment #1: screenshot (image/png) ──────────────────────────────────────────────────────────
    ../test-results/performance-Performance-sh-cb116-theme-switching-efficiently-webkit/test-failed-1.png
    ────────────────────────────────────────────────────────────────────────────────────────────────

    attachment #2: video (video/webm) ──────────────────────────────────────────────────────────────
    ../test-results/performance-Performance-sh-cb116-theme-switching-efficiently-webkit/video.webm
    ────────────────────────────────────────────────────────────────────────────────────────────────

    Error Context: ../test-results/performance-Performance-sh-cb116-theme-switching-efficiently-webkit/error-context.md
]]>
</failure>
<system-out>
<![CDATA[
[[ATTACHMENT|test-results/performance-Performance-sh-cb116-theme-switching-efficiently-webkit/test-failed-1.png]]

[[ATTACHMENT|test-results/performance-Performance-sh-cb116-theme-switching-efficiently-webkit/video.webm]]

[[ATTACHMENT|test-results/performance-Performance-sh-cb116-theme-switching-efficiently-webkit/error-context.md]]
]]>
</system-out>
</testcase>
<testcase name="Performance › should not have memory leaks during navigation" classname="performance.spec.ts" time="30.231">
<failure message="performance.spec.ts:74:3 should not have memory leaks during navigation" type="FAILURE">
<![CDATA[  [webkit] › performance.spec.ts:74:3 › Performance › should not have memory leaks during navigation 

    Test timeout of 30000ms exceeded.

    Error: page.click: Test timeout of 30000ms exceeded.
    Call log:
      - waiting for locator('button:has-text("Home")')


      75 |     // Navigate between pages multiple times
      76 |     for (let i = 0; i < 10; i++) {
    > 77 |       await page.click('button:has-text("Home")');
         |                  ^
      78 |       await page.waitForSelector('h1:has-text("Tailwind-RS Demo")');
      79 |       
      80 |       await page.click('button:has-text("Components")');
        at /Users/peterhanssens/consulting/Leptos/tailwind-rs/demos/leptos-demo/tests/performance.spec.ts:77:18

    attachment #1: screenshot (image/png) ──────────────────────────────────────────────────────────
    ../test-results/performance-Performance-sh-19d16-ory-leaks-during-navigation-webkit/test-failed-1.png
    ────────────────────────────────────────────────────────────────────────────────────────────────

    attachment #2: video (video/webm) ──────────────────────────────────────────────────────────────
    ../test-results/performance-Performance-sh-19d16-ory-leaks-during-navigation-webkit/video.webm
    ────────────────────────────────────────────────────────────────────────────────────────────────

    Error Context: ../test-results/performance-Performance-sh-19d16-ory-leaks-during-navigation-webkit/error-context.md
]]>
</failure>
<system-out>
<![CDATA[
[[ATTACHMENT|test-results/performance-Performance-sh-19d16-ory-leaks-during-navigation-webkit/test-failed-1.png]]

[[ATTACHMENT|test-results/performance-Performance-sh-19d16-ory-leaks-during-navigation-webkit/video.webm]]

[[ATTACHMENT|test-results/performance-Performance-sh-19d16-ory-leaks-during-navigation-webkit/error-context.md]]
]]>
</system-out>
</testcase>
<testcase name="Performance › should handle rapid input changes" classname="performance.spec.ts" time="30.234">
<failure message="performance.spec.ts:92:3 should handle rapid input changes" type="FAILURE">
<![CDATA[  [webkit] › performance.spec.ts:92:3 › Performance › should handle rapid input changes ────────────

    Test timeout of 30000ms exceeded.

    Error: page.click: Test timeout of 30000ms exceeded.
    Call log:
      - waiting for locator('button:has-text("Dynamic")')


      91 |
      92 |   test('should handle rapid input changes', async ({ page }) => {
    > 93 |     await page.click('button:has-text("Dynamic")');
         |                ^
      94 |     
      95 |     const inputField = page.locator('input[placeholder*="Enter Tailwind classes"]');
      96 |     
        at /Users/peterhanssens/consulting/Leptos/tailwind-rs/demos/leptos-demo/tests/performance.spec.ts:93:16

    attachment #1: screenshot (image/png) ──────────────────────────────────────────────────────────
    ../test-results/performance-Performance-should-handle-rapid-input-changes-webkit/test-failed-1.png
    ────────────────────────────────────────────────────────────────────────────────────────────────

    attachment #2: video (video/webm) ──────────────────────────────────────────────────────────────
    ../test-results/performance-Performance-should-handle-rapid-input-changes-webkit/video.webm
    ────────────────────────────────────────────────────────────────────────────────────────────────

    Error Context: ../test-results/performance-Performance-should-handle-rapid-input-changes-webkit/error-context.md
]]>
</failure>
<system-out>
<![CDATA[
[[ATTACHMENT|test-results/performance-Performance-should-handle-rapid-input-changes-webkit/test-failed-1.png]]

[[ATTACHMENT|test-results/performance-Performance-should-handle-rapid-input-changes-webkit/video.webm]]

[[ATTACHMENT|test-results/performance-Performance-should-handle-rapid-input-changes-webkit/error-context.md]]
]]>
</system-out>
</testcase>
<testcase name="Performance › should maintain performance with many elements" classname="performance.spec.ts" time="30.234">
<failure message="performance.spec.ts:114:3 should maintain performance with many elements" type="FAILURE">
<![CDATA[  [webkit] › performance.spec.ts:114:3 › Performance › should maintain performance with many elements 

    Test timeout of 30000ms exceeded.

    Error: page.click: Test timeout of 30000ms exceeded.
    Call log:
      - waiting for locator('button:has-text("Components")')


      113 |
      114 |   test('should maintain performance with many elements', async ({ page }) => {
    > 115 |     await page.click('button:has-text("Components")');
          |                ^
      116 |     
      117 |     // Check that all buttons are rendered efficiently
      118 |     const buttons = page.locator('button');
        at /Users/peterhanssens/consulting/Leptos/tailwind-rs/demos/leptos-demo/tests/performance.spec.ts:115:16

    attachment #1: screenshot (image/png) ──────────────────────────────────────────────────────────
    ../test-results/performance-Performance-sh-fc2ea-formance-with-many-elements-webkit/test-failed-1.png
    ────────────────────────────────────────────────────────────────────────────────────────────────

    attachment #2: video (video/webm) ──────────────────────────────────────────────────────────────
    ../test-results/performance-Performance-sh-fc2ea-formance-with-many-elements-webkit/video.webm
    ────────────────────────────────────────────────────────────────────────────────────────────────

    Error Context: ../test-results/performance-Performance-sh-fc2ea-formance-with-many-elements-webkit/error-context.md
]]>
</failure>
<system-out>
<![CDATA[
[[ATTACHMENT|test-results/performance-Performance-sh-fc2ea-formance-with-many-elements-webkit/test-failed-1.png]]

[[ATTACHMENT|test-results/performance-Performance-sh-fc2ea-formance-with-many-elements-webkit/video.webm]]

[[ATTACHMENT|test-results/performance-Performance-sh-fc2ea-formance-with-many-elements-webkit/error-context.md]]
]]>
</system-out>
</testcase>
<testcase name="Performance › should handle concurrent user interactions" classname="performance.spec.ts" time="30.239">
<failure message="performance.spec.ts:132:3 should handle concurrent user interactions" type="FAILURE">
<![CDATA[  [webkit] › performance.spec.ts:132:3 › Performance › should handle concurrent user interactions ──

    Test timeout of 30000ms exceeded.

    Error: page.click: Test timeout of 30000ms exceeded.
    Call log:
      - waiting for locator('button:has-text("Components")')


      136 |     // Rapidly click different buttons
      137 |     const interactions = [
    > 138 |       () => page.click('button:has-text("Components")'),
          |                  ^
      139 |       () => page.click('button:has-text("Dynamic")'),
      140 |       () => page.click('button:has-text("Home")'),
      141 |       () => page.click('button:has-text("☀️"), button:has-text("🌙")'),
        at Array.<anonymous> (/Users/peterhanssens/consulting/Leptos/tailwind-rs/demos/leptos-demo/tests/performance.spec.ts:138:18)
        at /Users/peterhanssens/consulting/Leptos/tailwind-rs/demos/leptos-demo/tests/performance.spec.ts:146:50

    attachment #1: screenshot (image/png) ──────────────────────────────────────────────────────────
    ../test-results/performance-Performance-sh-67225-oncurrent-user-interactions-webkit/test-failed-1.png
    ────────────────────────────────────────────────────────────────────────────────────────────────

    attachment #2: video (video/webm) ──────────────────────────────────────────────────────────────
    ../test-results/performance-Performance-sh-67225-oncurrent-user-interactions-webkit/video.webm
    ────────────────────────────────────────────────────────────────────────────────────────────────

    Error Context: ../test-results/performance-Performance-sh-67225-oncurrent-user-interactions-webkit/error-context.md
]]>
</failure>
<system-out>
<![CDATA[
[[ATTACHMENT|test-results/performance-Performance-sh-67225-oncurrent-user-interactions-webkit/test-failed-1.png]]

[[ATTACHMENT|test-results/performance-Performance-sh-67225-oncurrent-user-interactions-webkit/video.webm]]

[[ATTACHMENT|test-results/performance-Performance-sh-67225-oncurrent-user-interactions-webkit/error-context.md]]
]]>
</system-out>
</testcase>
</testsuite>
<testsuite name="visual-regression.spec.ts" timestamp="2025-09-28T10:07:22.421Z" hostname="webkit" tests="13" failures="13" skipped="0" time="290.807" errors="0">
<testcase name="Visual Regression › should match home page screenshot" classname="visual-regression.spec.ts" time="1.16">
<failure message="visual-regression.spec.ts:9:3 should match home page screenshot" type="FAILURE">
<![CDATA[  [webkit] › visual-regression.spec.ts:9:3 › Visual Regression › should match home page screenshot ─

    Error: A snapshot doesn't exist at /Users/peterhanssens/consulting/Leptos/tailwind-rs/demos/leptos-demo/tests/visual-regression.spec.ts-snapshots/home-page-webkit-darwin.png, writing actual.

       9 |   test('should match home page screenshot', async ({ page }) => {
      10 |     // Take screenshot of home page
    > 11 |     await expect(page).toHaveScreenshot('home-page.png');
         |     ^
      12 |   });
      13 |
      14 |   test('should match components page screenshot', async ({ page }) => {
        at /Users/peterhanssens/consulting/Leptos/tailwind-rs/demos/leptos-demo/tests/visual-regression.spec.ts:11:5

    attachment #1: home-page (image/png) ───────────────────────────────────────────────────────────
    Expected: visual-regression.spec.ts-snapshots/home-page-webkit-darwin.png
    Received: ../test-results/visual-regression-Visual-R-be63f--match-home-page-screenshot-webkit/home-page-actual.png
    ────────────────────────────────────────────────────────────────────────────────────────────────

    attachment #2: screenshot (image/png) ──────────────────────────────────────────────────────────
    ../test-results/visual-regression-Visual-R-be63f--match-home-page-screenshot-webkit/test-failed-1.png
    ────────────────────────────────────────────────────────────────────────────────────────────────

    attachment #3: video (video/webm) ──────────────────────────────────────────────────────────────
    ../test-results/visual-regression-Visual-R-be63f--match-home-page-screenshot-webkit/video.webm
    ────────────────────────────────────────────────────────────────────────────────────────────────

    Error Context: ../test-results/visual-regression-Visual-R-be63f--match-home-page-screenshot-webkit/error-context.md
]]>
</failure>
<system-out>
<![CDATA[
[[ATTACHMENT|tests/visual-regression.spec.ts-snapshots/home-page-webkit-darwin.png]]

[[ATTACHMENT|test-results/visual-regression-Visual-R-be63f--match-home-page-screenshot-webkit/home-page-actual.png]]

[[ATTACHMENT|test-results/visual-regression-Visual-R-be63f--match-home-page-screenshot-webkit/test-failed-1.png]]

[[ATTACHMENT|test-results/visual-regression-Visual-R-be63f--match-home-page-screenshot-webkit/video.webm]]

[[ATTACHMENT|test-results/visual-regression-Visual-R-be63f--match-home-page-screenshot-webkit/error-context.md]]
]]>
</system-out>
</testcase>
<testcase name="Visual Regression › should match components page screenshot" classname="visual-regression.spec.ts" time="30.246">
<failure message="visual-regression.spec.ts:14:3 should match components page screenshot" type="FAILURE">
<![CDATA[  [webkit] › visual-regression.spec.ts:14:3 › Visual Regression › should match components page screenshot 

    Test timeout of 30000ms exceeded.

    Error: page.click: Test timeout of 30000ms exceeded.
    Call log:
      - waiting for locator('button:has-text("Components")')


      13 |
      14 |   test('should match components page screenshot', async ({ page }) => {
    > 15 |     await page.click('button:has-text("Components")');
         |                ^
      16 |     await page.waitForSelector('h2:has-text("Button Components")');
      17 |     
      18 |     // Take screenshot of components page
        at /Users/peterhanssens/consulting/Leptos/tailwind-rs/demos/leptos-demo/tests/visual-regression.spec.ts:15:16

    attachment #1: screenshot (image/png) ──────────────────────────────────────────────────────────
    ../test-results/visual-regression-Visual-R-c44b6--components-page-screenshot-webkit/test-failed-1.png
    ────────────────────────────────────────────────────────────────────────────────────────────────

    attachment #2: video (video/webm) ──────────────────────────────────────────────────────────────
    ../test-results/visual-regression-Visual-R-c44b6--components-page-screenshot-webkit/video.webm
    ────────────────────────────────────────────────────────────────────────────────────────────────

    Error Context: ../test-results/visual-regression-Visual-R-c44b6--components-page-screenshot-webkit/error-context.md
]]>
</failure>
<system-out>
<![CDATA[
[[ATTACHMENT|test-results/visual-regression-Visual-R-c44b6--components-page-screenshot-webkit/test-failed-1.png]]

[[ATTACHMENT|test-results/visual-regression-Visual-R-c44b6--components-page-screenshot-webkit/video.webm]]

[[ATTACHMENT|test-results/visual-regression-Visual-R-c44b6--components-page-screenshot-webkit/error-context.md]]
]]>
</system-out>
</testcase>
<testcase name="Visual Regression › should match dynamic page screenshot" classname="visual-regression.spec.ts" time="30.242">
<failure message="visual-regression.spec.ts:22:3 should match dynamic page screenshot" type="FAILURE">
<![CDATA[  [webkit] › visual-regression.spec.ts:22:3 › Visual Regression › should match dynamic page screenshot 

    Test timeout of 30000ms exceeded.

    Error: page.click: Test timeout of 30000ms exceeded.
    Call log:
      - waiting for locator('button:has-text("Dynamic")')


      21 |
      22 |   test('should match dynamic page screenshot', async ({ page }) => {
    > 23 |     await page.click('button:has-text("Dynamic")');
         |                ^
      24 |     await page.waitForSelector('h2:has-text("Dynamic Class Generation")');
      25 |     
      26 |     // Take screenshot of dynamic page
        at /Users/peterhanssens/consulting/Leptos/tailwind-rs/demos/leptos-demo/tests/visual-regression.spec.ts:23:16

    attachment #1: screenshot (image/png) ──────────────────────────────────────────────────────────
    ../test-results/visual-regression-Visual-R-bbbc6-tch-dynamic-page-screenshot-webkit/test-failed-1.png
    ────────────────────────────────────────────────────────────────────────────────────────────────

    attachment #2: video (video/webm) ──────────────────────────────────────────────────────────────
    ../test-results/visual-regression-Visual-R-bbbc6-tch-dynamic-page-screenshot-webkit/video.webm
    ────────────────────────────────────────────────────────────────────────────────────────────────

    Error Context: ../test-results/visual-regression-Visual-R-bbbc6-tch-dynamic-page-screenshot-webkit/error-context.md
]]>
</failure>
<system-out>
<![CDATA[
[[ATTACHMENT|test-results/visual-regression-Visual-R-bbbc6-tch-dynamic-page-screenshot-webkit/test-failed-1.png]]

[[ATTACHMENT|test-results/visual-regression-Visual-R-bbbc6-tch-dynamic-page-screenshot-webkit/video.webm]]

[[ATTACHMENT|test-results/visual-regression-Visual-R-bbbc6-tch-dynamic-page-screenshot-webkit/error-context.md]]
]]>
</system-out>
</testcase>
<testcase name="Visual Regression › should match dark mode screenshots" classname="visual-regression.spec.ts" time="30.234">
<failure message="visual-regression.spec.ts:30:3 should match dark mode screenshots" type="FAILURE">
<![CDATA[  [webkit] › visual-regression.spec.ts:30:3 › Visual Regression › should match dark mode screenshots 

    Test timeout of 30000ms exceeded.

    Error: page.click: Test timeout of 30000ms exceeded.
    Call log:
      - waiting for locator('button:has-text("☀️")')


      30 |   test('should match dark mode screenshots', async ({ page }) => {
      31 |     // Toggle to dark mode
    > 32 |     await page.click('button:has-text("☀️")');
         |                ^
      33 |     
      34 |     // Take screenshot of home page in dark mode
      35 |     await expect(page).toHaveScreenshot('home-page-dark.png');
        at /Users/peterhanssens/consulting/Leptos/tailwind-rs/demos/leptos-demo/tests/visual-regression.spec.ts:32:16

    attachment #1: screenshot (image/png) ──────────────────────────────────────────────────────────
    ../test-results/visual-regression-Visual-R-879db-match-dark-mode-screenshots-webkit/test-failed-1.png
    ────────────────────────────────────────────────────────────────────────────────────────────────

    attachment #2: video (video/webm) ──────────────────────────────────────────────────────────────
    ../test-results/visual-regression-Visual-R-879db-match-dark-mode-screenshots-webkit/video.webm
    ────────────────────────────────────────────────────────────────────────────────────────────────

    Error Context: ../test-results/visual-regression-Visual-R-879db-match-dark-mode-screenshots-webkit/error-context.md
]]>
</failure>
<system-out>
<![CDATA[
[[ATTACHMENT|test-results/visual-regression-Visual-R-879db-match-dark-mode-screenshots-webkit/test-failed-1.png]]

[[ATTACHMENT|test-results/visual-regression-Visual-R-879db-match-dark-mode-screenshots-webkit/video.webm]]

[[ATTACHMENT|test-results/visual-regression-Visual-R-879db-match-dark-mode-screenshots-webkit/error-context.md]]
]]>
</system-out>
</testcase>
<testcase name="Visual Regression › should match mobile screenshots" classname="visual-regression.spec.ts" time="30.093">
<failure message="visual-regression.spec.ts:48:3 should match mobile screenshots" type="FAILURE">
<![CDATA[  [webkit] › visual-regression.spec.ts:48:3 › Visual Regression › should match mobile screenshots ──

    Error: A snapshot doesn't exist at /Users/peterhanssens/consulting/Leptos/tailwind-rs/demos/leptos-demo/tests/visual-regression.spec.ts-snapshots/home-page-mobile-webkit-darwin.png, writing actual.

      51 |     
      52 |     // Take screenshot of home page on mobile
    > 53 |     await expect(page).toHaveScreenshot('home-page-mobile.png');
         |     ^
      54 |     
      55 |     // Navigate to components page on mobile
      56 |     await page.click('button:has-text("Components")');
        at /Users/peterhanssens/consulting/Leptos/tailwind-rs/demos/leptos-demo/tests/visual-regression.spec.ts:53:5

    Test timeout of 30000ms exceeded.

    Error: page.click: Test ended.
    Call log:
      - waiting for locator('button:has-text("Components")')


      54 |     
      55 |     // Navigate to components page on mobile
    > 56 |     await page.click('button:has-text("Components")');
         |                ^
      57 |     await page.waitForSelector('h2:has-text("Button Components")');
      58 |     await expect(page).toHaveScreenshot('components-page-mobile.png');
      59 |     
        at /Users/peterhanssens/consulting/Leptos/tailwind-rs/demos/leptos-demo/tests/visual-regression.spec.ts:56:16

    attachment #1: home-page-mobile (image/png) ────────────────────────────────────────────────────
    Expected: visual-regression.spec.ts-snapshots/home-page-mobile-webkit-darwin.png
    Received: ../test-results/visual-regression-Visual-R-006ab-ld-match-mobile-screenshots-webkit/home-page-mobile-actual.png
    ────────────────────────────────────────────────────────────────────────────────────────────────

    attachment #2: screenshot (image/png) ──────────────────────────────────────────────────────────
    ../test-results/visual-regression-Visual-R-006ab-ld-match-mobile-screenshots-webkit/test-failed-1.png
    ────────────────────────────────────────────────────────────────────────────────────────────────

    attachment #3: video (video/webm) ──────────────────────────────────────────────────────────────
    ../test-results/visual-regression-Visual-R-006ab-ld-match-mobile-screenshots-webkit/video.webm
    ────────────────────────────────────────────────────────────────────────────────────────────────

    Error Context: ../test-results/visual-regression-Visual-R-006ab-ld-match-mobile-screenshots-webkit/error-context.md
]]>
</failure>
<system-out>
<![CDATA[
[[ATTACHMENT|tests/visual-regression.spec.ts-snapshots/home-page-mobile-webkit-darwin.png]]

[[ATTACHMENT|test-results/visual-regression-Visual-R-006ab-ld-match-mobile-screenshots-webkit/home-page-mobile-actual.png]]

[[ATTACHMENT|test-results/visual-regression-Visual-R-006ab-ld-match-mobile-screenshots-webkit/test-failed-1.png]]

[[ATTACHMENT|test-results/visual-regression-Visual-R-006ab-ld-match-mobile-screenshots-webkit/video.webm]]

[[ATTACHMENT|test-results/visual-regression-Visual-R-006ab-ld-match-mobile-screenshots-webkit/error-context.md]]
]]>
</system-out>
</testcase>
<testcase name="Visual Regression › should match tablet screenshots" classname="visual-regression.spec.ts" time="30.218">
<failure message="visual-regression.spec.ts:66:3 should match tablet screenshots" type="FAILURE">
<![CDATA[  [webkit] › visual-regression.spec.ts:66:3 › Visual Regression › should match tablet screenshots ──

    Error: A snapshot doesn't exist at /Users/peterhanssens/consulting/Leptos/tailwind-rs/demos/leptos-demo/tests/visual-regression.spec.ts-snapshots/home-page-tablet-webkit-darwin.png, writing actual.

      69 |     
      70 |     // Take screenshot of home page on tablet
    > 71 |     await expect(page).toHaveScreenshot('home-page-tablet.png');
         |     ^
      72 |     
      73 |     // Navigate to components page on tablet
      74 |     await page.click('button:has-text("Components")');
        at /Users/peterhanssens/consulting/Leptos/tailwind-rs/demos/leptos-demo/tests/visual-regression.spec.ts:71:5

    Test timeout of 30000ms exceeded.

    Error: page.click: Test ended.
    Call log:
      - waiting for locator('button:has-text("Components")')


      72 |     
      73 |     // Navigate to components page on tablet
    > 74 |     await page.click('button:has-text("Components")');
         |                ^
      75 |     await page.waitForSelector('h2:has-text("Button Components")');
      76 |     await expect(page).toHaveScreenshot('components-page-tablet.png');
      77 |   });
        at /Users/peterhanssens/consulting/Leptos/tailwind-rs/demos/leptos-demo/tests/visual-regression.spec.ts:74:16

    attachment #1: home-page-tablet (image/png) ────────────────────────────────────────────────────
    Expected: visual-regression.spec.ts-snapshots/home-page-tablet-webkit-darwin.png
    Received: ../test-results/visual-regression-Visual-R-270f6-ld-match-tablet-screenshots-webkit/home-page-tablet-actual.png
    ────────────────────────────────────────────────────────────────────────────────────────────────

    attachment #2: screenshot (image/png) ──────────────────────────────────────────────────────────
    ../test-results/visual-regression-Visual-R-270f6-ld-match-tablet-screenshots-webkit/test-failed-1.png
    ────────────────────────────────────────────────────────────────────────────────────────────────

    attachment #3: video (video/webm) ──────────────────────────────────────────────────────────────
    ../test-results/visual-regression-Visual-R-270f6-ld-match-tablet-screenshots-webkit/video.webm
    ────────────────────────────────────────────────────────────────────────────────────────────────

    Error Context: ../test-results/visual-regression-Visual-R-270f6-ld-match-tablet-screenshots-webkit/error-context.md
]]>
</failure>
<system-out>
<![CDATA[
[[ATTACHMENT|tests/visual-regression.spec.ts-snapshots/home-page-tablet-webkit-darwin.png]]

[[ATTACHMENT|test-results/visual-regression-Visual-R-270f6-ld-match-tablet-screenshots-webkit/home-page-tablet-actual.png]]

[[ATTACHMENT|test-results/visual-regression-Visual-R-270f6-ld-match-tablet-screenshots-webkit/test-failed-1.png]]

[[ATTACHMENT|test-results/visual-regression-Visual-R-270f6-ld-match-tablet-screenshots-webkit/video.webm]]

[[ATTACHMENT|test-results/visual-regression-Visual-R-270f6-ld-match-tablet-screenshots-webkit/error-context.md]]
]]>
</system-out>
</testcase>
<testcase name="Visual Regression › should match desktop screenshots" classname="visual-regression.spec.ts" time="30.477">
<failure message="visual-regression.spec.ts:79:3 should match desktop screenshots" type="FAILURE">
<![CDATA[  [webkit] › visual-regression.spec.ts:79:3 › Visual Regression › should match desktop screenshots ─

    Error: A snapshot doesn't exist at /Users/peterhanssens/consulting/Leptos/tailwind-rs/demos/leptos-demo/tests/visual-regression.spec.ts-snapshots/home-page-desktop-webkit-darwin.png, writing actual.

      82 |     
      83 |     // Take screenshot of home page on desktop
    > 84 |     await expect(page).toHaveScreenshot('home-page-desktop.png');
         |     ^
      85 |     
      86 |     // Navigate to components page on desktop
      87 |     await page.click('button:has-text("Components")');
        at /Users/peterhanssens/consulting/Leptos/tailwind-rs/demos/leptos-demo/tests/visual-regression.spec.ts:84:5

    Test timeout of 30000ms exceeded.

    Error: page.click: Test ended.
    Call log:
      - waiting for locator('button:has-text("Components")')


      85 |     
      86 |     // Navigate to components page on desktop
    > 87 |     await page.click('button:has-text("Components")');
         |                ^
      88 |     await page.waitForSelector('h2:has-text("Button Components")');
      89 |     await expect(page).toHaveScreenshot('components-page-desktop.png');
      90 |   });
        at /Users/peterhanssens/consulting/Leptos/tailwind-rs/demos/leptos-demo/tests/visual-regression.spec.ts:87:16

    attachment #1: home-page-desktop (image/png) ───────────────────────────────────────────────────
    Expected: visual-regression.spec.ts-snapshots/home-page-desktop-webkit-darwin.png
    Received: ../test-results/visual-regression-Visual-R-eb03a-d-match-desktop-screenshots-webkit/home-page-desktop-actual.png
    ────────────────────────────────────────────────────────────────────────────────────────────────

    attachment #2: screenshot (image/png) ──────────────────────────────────────────────────────────
    ../test-results/visual-regression-Visual-R-eb03a-d-match-desktop-screenshots-webkit/test-failed-1.png
    ────────────────────────────────────────────────────────────────────────────────────────────────

    attachment #3: video (video/webm) ──────────────────────────────────────────────────────────────
    ../test-results/visual-regression-Visual-R-eb03a-d-match-desktop-screenshots-webkit/video.webm
    ────────────────────────────────────────────────────────────────────────────────────────────────

    Error Context: ../test-results/visual-regression-Visual-R-eb03a-d-match-desktop-screenshots-webkit/error-context.md
]]>
</failure>
<system-out>
<![CDATA[
[[ATTACHMENT|tests/visual-regression.spec.ts-snapshots/home-page-desktop-webkit-darwin.png]]

[[ATTACHMENT|test-results/visual-regression-Visual-R-eb03a-d-match-desktop-screenshots-webkit/home-page-desktop-actual.png]]

[[ATTACHMENT|test-results/visual-regression-Visual-R-eb03a-d-match-desktop-screenshots-webkit/test-failed-1.png]]

[[ATTACHMENT|test-results/visual-regression-Visual-R-eb03a-d-match-desktop-screenshots-webkit/video.webm]]

[[ATTACHMENT|test-results/visual-regression-Visual-R-eb03a-d-match-desktop-screenshots-webkit/error-context.md]]
]]>
</system-out>
</testcase>
<testcase name="Visual Regression › should match dynamic styling screenshots" classname="visual-regression.spec.ts" time="30.233">
<failure message="visual-regression.spec.ts:92:3 should match dynamic styling screenshots" type="FAILURE">
<![CDATA[  [webkit] › visual-regression.spec.ts:92:3 › Visual Regression › should match dynamic styling screenshots 

    Test timeout of 30000ms exceeded.

    Error: page.click: Test timeout of 30000ms exceeded.
    Call log:
      - waiting for locator('button:has-text("Dynamic")')


      91 |
      92 |   test('should match dynamic styling screenshots', async ({ page }) => {
    > 93 |     await page.click('button:has-text("Dynamic")');
         |                ^
      94 |     await page.waitForSelector('h2:has-text("Dynamic Class Generation")');
      95 |     
      96 |     const inputField = page.locator('input[placeholder*="Enter Tailwind classes"]');
        at /Users/peterhanssens/consulting/Leptos/tailwind-rs/demos/leptos-demo/tests/visual-regression.spec.ts:93:16

    attachment #1: screenshot (image/png) ──────────────────────────────────────────────────────────
    ../test-results/visual-regression-Visual-R-af0da-dynamic-styling-screenshots-webkit/test-failed-1.png
    ────────────────────────────────────────────────────────────────────────────────────────────────

    attachment #2: video (video/webm) ──────────────────────────────────────────────────────────────
    ../test-results/visual-regression-Visual-R-af0da-dynamic-styling-screenshots-webkit/video.webm
    ────────────────────────────────────────────────────────────────────────────────────────────────

    Error Context: ../test-results/visual-regression-Visual-R-af0da-dynamic-styling-screenshots-webkit/error-context.md
]]>
</failure>
<system-out>
<![CDATA[
[[ATTACHMENT|test-results/visual-regression-Visual-R-af0da-dynamic-styling-screenshots-webkit/test-failed-1.png]]

[[ATTACHMENT|test-results/visual-regression-Visual-R-af0da-dynamic-styling-screenshots-webkit/video.webm]]

[[ATTACHMENT|test-results/visual-regression-Visual-R-af0da-dynamic-styling-screenshots-webkit/error-context.md]]
]]>
</system-out>
</testcase>
<testcase name="Visual Regression › should match header component screenshot" classname="visual-regression.spec.ts" time="5.74">
<failure message="visual-regression.spec.ts:113:3 should match header component screenshot" type="FAILURE">
<![CDATA[  [webkit] › visual-regression.spec.ts:113:3 › Visual Regression › should match header component screenshot 

    Error: expect(locator).toHaveScreenshot(expected) failed

    Locator:  locator('header')
    Timeout:  5000ms
      Timeout 5000ms exceeded.

      Snapshot: header-component.png

    Call log:
      - Expect "toHaveScreenshot(header-component.png)" with timeout 5000ms
        - generating new stable screenshot expectation
      - waiting for locator('header')
      - Timeout 5000ms exceeded.


      114 |     // Take screenshot of just the header
      115 |     const header = page.locator('header');
    > 116 |     await expect(header).toHaveScreenshot('header-component.png');
          |                          ^
      117 |   });
      118 |
      119 |   test('should match footer component screenshot', async ({ page }) => {
        at /Users/peterhanssens/consulting/Leptos/tailwind-rs/demos/leptos-demo/tests/visual-regression.spec.ts:116:26

    attachment #1: screenshot (image/png) ──────────────────────────────────────────────────────────
    ../test-results/visual-regression-Visual-R-44588-header-component-screenshot-webkit/test-failed-1.png
    ────────────────────────────────────────────────────────────────────────────────────────────────

    attachment #2: video (video/webm) ──────────────────────────────────────────────────────────────
    ../test-results/visual-regression-Visual-R-44588-header-component-screenshot-webkit/video.webm
    ────────────────────────────────────────────────────────────────────────────────────────────────

    Error Context: ../test-results/visual-regression-Visual-R-44588-header-component-screenshot-webkit/error-context.md
]]>
</failure>
<system-out>
<![CDATA[
[[ATTACHMENT|test-results/visual-regression-Visual-R-44588-header-component-screenshot-webkit/test-failed-1.png]]

[[ATTACHMENT|test-results/visual-regression-Visual-R-44588-header-component-screenshot-webkit/video.webm]]

[[ATTACHMENT|test-results/visual-regression-Visual-R-44588-header-component-screenshot-webkit/error-context.md]]
]]>
</system-out>
</testcase>
<testcase name="Visual Regression › should match footer component screenshot" classname="visual-regression.spec.ts" time="5.996">
<failure message="visual-regression.spec.ts:119:3 should match footer component screenshot" type="FAILURE">
<![CDATA[  [webkit] › visual-regression.spec.ts:119:3 › Visual Regression › should match footer component screenshot 

    Error: expect(locator).toHaveScreenshot(expected) failed

    Locator:  locator('footer')
    Timeout:  5000ms
      Timeout 5000ms exceeded.

      Snapshot: footer-component.png

    Call log:
      - Expect "toHaveScreenshot(footer-component.png)" with timeout 5000ms
        - generating new stable screenshot expectation
      - waiting for locator('footer')
      - Timeout 5000ms exceeded.


      123 |     // Take screenshot of just the footer
      124 |     const footer = page.locator('footer');
    > 125 |     await expect(footer).toHaveScreenshot('footer-component.png');
          |                          ^
      126 |   });
      127 |
      128 |   test('should match feature cards screenshot', async ({ page }) => {
        at /Users/peterhanssens/consulting/Leptos/tailwind-rs/demos/leptos-demo/tests/visual-regression.spec.ts:125:26

    attachment #1: screenshot (image/png) ──────────────────────────────────────────────────────────
    ../test-results/visual-regression-Visual-R-4e185-footer-component-screenshot-webkit/test-failed-1.png
    ────────────────────────────────────────────────────────────────────────────────────────────────

    attachment #2: video (video/webm) ──────────────────────────────────────────────────────────────
    ../test-results/visual-regression-Visual-R-4e185-footer-component-screenshot-webkit/video.webm
    ────────────────────────────────────────────────────────────────────────────────────────────────

    Error Context: ../test-results/visual-regression-Visual-R-4e185-footer-component-screenshot-webkit/error-context.md
]]>
</failure>
<system-out>
<![CDATA[
[[ATTACHMENT|test-results/visual-regression-Visual-R-4e185-footer-component-screenshot-webkit/test-failed-1.png]]

[[ATTACHMENT|test-results/visual-regression-Visual-R-4e185-footer-component-screenshot-webkit/video.webm]]

[[ATTACHMENT|test-results/visual-regression-Visual-R-4e185-footer-component-screenshot-webkit/error-context.md]]
]]>
</system-out>
</testcase>
<testcase name="Visual Regression › should match feature cards screenshot" classname="visual-regression.spec.ts" time="5.709">
<failure message="visual-regression.spec.ts:128:3 should match feature cards screenshot" type="FAILURE">
<![CDATA[  [webkit] › visual-regression.spec.ts:128:3 › Visual Regression › should match feature cards screenshot 

    Error: expect(locator).toHaveScreenshot(expected) failed

    Locator:  locator('.grid.grid-cols-1.md\\:grid-cols-2.lg\\:grid-cols-3')
    Timeout:  5000ms
      Timeout 5000ms exceeded.

      Snapshot: feature-cards.png

    Call log:
      - Expect "toHaveScreenshot(feature-cards.png)" with timeout 5000ms
        - generating new stable screenshot expectation
      - waiting for locator('.grid.grid-cols-1.md\\:grid-cols-2.lg\\:grid-cols-3')
      - Timeout 5000ms exceeded.


      129 |     // Take screenshot of feature cards section
      130 |     const featureGrid = page.locator('.grid.grid-cols-1.md\\:grid-cols-2.lg\\:grid-cols-3');
    > 131 |     await expect(featureGrid).toHaveScreenshot('feature-cards.png');
          |                               ^
      132 |   });
      133 |
      134 |   test('should match button components screenshot', async ({ page }) => {
        at /Users/peterhanssens/consulting/Leptos/tailwind-rs/demos/leptos-demo/tests/visual-regression.spec.ts:131:31

    attachment #1: screenshot (image/png) ──────────────────────────────────────────────────────────
    ../test-results/visual-regression-Visual-R-1e359-ch-feature-cards-screenshot-webkit/test-failed-1.png
    ────────────────────────────────────────────────────────────────────────────────────────────────

    attachment #2: video (video/webm) ──────────────────────────────────────────────────────────────
    ../test-results/visual-regression-Visual-R-1e359-ch-feature-cards-screenshot-webkit/video.webm
    ────────────────────────────────────────────────────────────────────────────────────────────────

    Error Context: ../test-results/visual-regression-Visual-R-1e359-ch-feature-cards-screenshot-webkit/error-context.md
]]>
</failure>
<system-out>
<![CDATA[
[[ATTACHMENT|test-results/visual-regression-Visual-R-1e359-ch-feature-cards-screenshot-webkit/test-failed-1.png]]

[[ATTACHMENT|test-results/visual-regression-Visual-R-1e359-ch-feature-cards-screenshot-webkit/video.webm]]

[[ATTACHMENT|test-results/visual-regression-Visual-R-1e359-ch-feature-cards-screenshot-webkit/error-context.md]]
]]>
</system-out>
</testcase>
<testcase name="Visual Regression › should match button components screenshot" classname="visual-regression.spec.ts" time="30.227">
<failure message="visual-regression.spec.ts:134:3 should match button components screenshot" type="FAILURE">
<![CDATA[  [webkit] › visual-regression.spec.ts:134:3 › Visual Regression › should match button components screenshot 

    Test timeout of 30000ms exceeded.

    Error: page.click: Test timeout of 30000ms exceeded.
    Call log:
      - waiting for locator('button:has-text("Components")')


      133 |
      134 |   test('should match button components screenshot', async ({ page }) => {
    > 135 |     await page.click('button:has-text("Components")');
          |                ^
      136 |     await page.waitForSelector('h2:has-text("Button Components")');
      137 |     
      138 |     // Take screenshot of button components section
        at /Users/peterhanssens/consulting/Leptos/tailwind-rs/demos/leptos-demo/tests/visual-regression.spec.ts:135:16

    attachment #1: screenshot (image/png) ──────────────────────────────────────────────────────────
    ../test-results/visual-regression-Visual-R-f189e-utton-components-screenshot-webkit/test-failed-1.png
    ────────────────────────────────────────────────────────────────────────────────────────────────

    attachment #2: video (video/webm) ──────────────────────────────────────────────────────────────
    ../test-results/visual-regression-Visual-R-f189e-utton-components-screenshot-webkit/video.webm
    ────────────────────────────────────────────────────────────────────────────────────────────────

    Error Context: ../test-results/visual-regression-Visual-R-f189e-utton-components-screenshot-webkit/error-context.md
]]>
</failure>
<system-out>
<![CDATA[
[[ATTACHMENT|test-results/visual-regression-Visual-R-f189e-utton-components-screenshot-webkit/test-failed-1.png]]

[[ATTACHMENT|test-results/visual-regression-Visual-R-f189e-utton-components-screenshot-webkit/video.webm]]

[[ATTACHMENT|test-results/visual-regression-Visual-R-f189e-utton-components-screenshot-webkit/error-context.md]]
]]>
</system-out>
</testcase>
<testcase name="Visual Regression › should match card components screenshot" classname="visual-regression.spec.ts" time="30.232">
<failure message="visual-regression.spec.ts:143:3 should match card components screenshot" type="FAILURE">
<![CDATA[  [webkit] › visual-regression.spec.ts:143:3 › Visual Regression › should match card components screenshot 

    Test timeout of 30000ms exceeded.

    Error: page.click: Test timeout of 30000ms exceeded.
    Call log:
      - waiting for locator('button:has-text("Components")')


      142 |
      143 |   test('should match card components screenshot', async ({ page }) => {
    > 144 |     await page.click('button:has-text("Components")');
          |                ^
      145 |     await page.waitForSelector('h2:has-text("Card Components")');
      146 |     
      147 |     // Take screenshot of card components section
        at /Users/peterhanssens/consulting/Leptos/tailwind-rs/demos/leptos-demo/tests/visual-regression.spec.ts:144:16

    attachment #1: screenshot (image/png) ──────────────────────────────────────────────────────────
    ../test-results/visual-regression-Visual-R-76365--card-components-screenshot-webkit/test-failed-1.png
    ────────────────────────────────────────────────────────────────────────────────────────────────

    attachment #2: video (video/webm) ──────────────────────────────────────────────────────────────
    ../test-results/visual-regression-Visual-R-76365--card-components-screenshot-webkit/video.webm
    ────────────────────────────────────────────────────────────────────────────────────────────────

    Error Context: ../test-results/visual-regression-Visual-R-76365--card-components-screenshot-webkit/error-context.md
]]>
</failure>
<system-out>
<![CDATA[
[[ATTACHMENT|test-results/visual-regression-Visual-R-76365--card-components-screenshot-webkit/test-failed-1.png]]

[[ATTACHMENT|test-results/visual-regression-Visual-R-76365--card-components-screenshot-webkit/video.webm]]

[[ATTACHMENT|test-results/visual-regression-Visual-R-76365--card-components-screenshot-webkit/error-context.md]]
]]>
</system-out>
</testcase>
</testsuite>
<testsuite name="accessibility.spec.ts" timestamp="2025-09-28T10:07:22.421Z" hostname="Mobile Chrome" tests="10" failures="9" skipped="0" time="146.714" errors="0">
<testcase name="Accessibility › should have proper heading hierarchy" classname="accessibility.spec.ts" time="30.431">
<failure message="accessibility.spec.ts:9:3 should have proper heading hierarchy" type="FAILURE">
<![CDATA[  [Mobile Chrome] › accessibility.spec.ts:9:3 › Accessibility › should have proper heading hierarchy 

    Test timeout of 30000ms exceeded.

    Error: page.click: Test timeout of 30000ms exceeded.
    Call log:
      - waiting for locator('button:has-text("Components")')


      14 |     
      15 |     // Navigate to components page and check h2
    > 16 |     await page.click('button:has-text("Components")');
         |                ^
      17 |     const h2s = page.locator('h2');
      18 |     await expect(h2s).toHaveCount(2); // Button Components, Card Components
      19 |     
        at /Users/peterhanssens/consulting/Leptos/tailwind-rs/demos/leptos-demo/tests/accessibility.spec.ts:16:16

    attachment #1: screenshot (image/png) ──────────────────────────────────────────────────────────
    ../test-results/accessibility-Accessibilit-2480b-ve-proper-heading-hierarchy-Mobile-Chrome/test-failed-1.png
    ────────────────────────────────────────────────────────────────────────────────────────────────

    attachment #2: video (video/webm) ──────────────────────────────────────────────────────────────
    ../test-results/accessibility-Accessibilit-2480b-ve-proper-heading-hierarchy-Mobile-Chrome/video.webm
    ────────────────────────────────────────────────────────────────────────────────────────────────

    Error Context: ../test-results/accessibility-Accessibilit-2480b-ve-proper-heading-hierarchy-Mobile-Chrome/error-context.md
]]>
</failure>
<system-out>
<![CDATA[
[[ATTACHMENT|test-results/accessibility-Accessibilit-2480b-ve-proper-heading-hierarchy-Mobile-Chrome/test-failed-1.png]]

[[ATTACHMENT|test-results/accessibility-Accessibilit-2480b-ve-proper-heading-hierarchy-Mobile-Chrome/video.webm]]

[[ATTACHMENT|test-results/accessibility-Accessibilit-2480b-ve-proper-heading-hierarchy-Mobile-Chrome/error-context.md]]
]]>
</system-out>
</testcase>
<testcase name="Accessibility › should have proper button labels" classname="accessibility.spec.ts" time="5.86">
<failure message="accessibility.spec.ts:26:3 should have proper button labels" type="FAILURE">
<![CDATA[  [Mobile Chrome] › accessibility.spec.ts:26:3 › Accessibility › should have proper button labels ──

    Error: expect(locator).toBeVisible() failed

    Locator:  locator('button:has-text("Home")')
    Expected: visible
    Received: <element(s) not found>
    Timeout:  5000ms

    Call log:
      - Expect "toBeVisible" with timeout 5000ms
      - waiting for locator('button:has-text("Home")')


      27 |     // Check navigation buttons have accessible text
      28 |     const homeButton = page.locator('button:has-text("Home")');
    > 29 |     await expect(homeButton).toBeVisible();
         |                              ^
      30 |     
      31 |     const componentsButton = page.locator('button:has-text("Components")');
      32 |     await expect(componentsButton).toBeVisible();
        at /Users/peterhanssens/consulting/Leptos/tailwind-rs/demos/leptos-demo/tests/accessibility.spec.ts:29:30

    attachment #1: screenshot (image/png) ──────────────────────────────────────────────────────────
    ../test-results/accessibility-Accessibility-should-have-proper-button-labels-Mobile-Chrome/test-failed-1.png
    ────────────────────────────────────────────────────────────────────────────────────────────────

    attachment #2: video (video/webm) ──────────────────────────────────────────────────────────────
    ../test-results/accessibility-Accessibility-should-have-proper-button-labels-Mobile-Chrome/video.webm
    ────────────────────────────────────────────────────────────────────────────────────────────────

    Error Context: ../test-results/accessibility-Accessibility-should-have-proper-button-labels-Mobile-Chrome/error-context.md
]]>
</failure>
<system-out>
<![CDATA[
[[ATTACHMENT|test-results/accessibility-Accessibility-should-have-proper-button-labels-Mobile-Chrome/test-failed-1.png]]

[[ATTACHMENT|test-results/accessibility-Accessibility-should-have-proper-button-labels-Mobile-Chrome/video.webm]]

[[ATTACHMENT|test-results/accessibility-Accessibility-should-have-proper-button-labels-Mobile-Chrome/error-context.md]]
]]>
</system-out>
</testcase>
<testcase name="Accessibility › should have proper form labels" classname="accessibility.spec.ts" time="30.281">
<failure message="accessibility.spec.ts:42:3 should have proper form labels" type="FAILURE">
<![CDATA[  [Mobile Chrome] › accessibility.spec.ts:42:3 › Accessibility › should have proper form labels ────

    Test timeout of 30000ms exceeded.

    Error: page.click: Test timeout of 30000ms exceeded.
    Call log:
      - waiting for locator('button:has-text("Dynamic")')


      41 |
      42 |   test('should have proper form labels', async ({ page }) => {
    > 43 |     await page.click('button:has-text("Dynamic")');
         |                ^
      44 |     
      45 |     // Check input has proper label
      46 |     const label = page.locator('label:has-text("CSS Classes")');
        at /Users/peterhanssens/consulting/Leptos/tailwind-rs/demos/leptos-demo/tests/accessibility.spec.ts:43:16

    attachment #1: screenshot (image/png) ──────────────────────────────────────────────────────────
    ../test-results/accessibility-Accessibility-should-have-proper-form-labels-Mobile-Chrome/test-failed-1.png
    ────────────────────────────────────────────────────────────────────────────────────────────────

    attachment #2: video (video/webm) ──────────────────────────────────────────────────────────────
    ../test-results/accessibility-Accessibility-should-have-proper-form-labels-Mobile-Chrome/video.webm
    ────────────────────────────────────────────────────────────────────────────────────────────────

    Error Context: ../test-results/accessibility-Accessibility-should-have-proper-form-labels-Mobile-Chrome/error-context.md
]]>
</failure>
<system-out>
<![CDATA[
[[ATTACHMENT|test-results/accessibility-Accessibility-should-have-proper-form-labels-Mobile-Chrome/test-failed-1.png]]

[[ATTACHMENT|test-results/accessibility-Accessibility-should-have-proper-form-labels-Mobile-Chrome/video.webm]]

[[ATTACHMENT|test-results/accessibility-Accessibility-should-have-proper-form-labels-Mobile-Chrome/error-context.md]]
]]>
</system-out>
</testcase>
<testcase name="Accessibility › should support keyboard navigation" classname="accessibility.spec.ts" time="6.002">
<failure message="accessibility.spec.ts:53:3 should support keyboard navigation" type="FAILURE">
<![CDATA[  [Mobile Chrome] › accessibility.spec.ts:53:3 › Accessibility › should support keyboard navigation 

    Error: expect(locator).toBeVisible() failed

    Locator:  locator(':focus')
    Expected: visible
    Received: <element(s) not found>
    Timeout:  5000ms

    Call log:
      - Expect "toBeVisible" with timeout 5000ms
      - waiting for locator(':focus')


      59 |     // Check that focus is visible
      60 |     const focusedElement = page.locator(':focus');
    > 61 |     await expect(focusedElement).toBeVisible();
         |                                  ^
      62 |   });
      63 |
      64 |   test('should have proper color contrast', async ({ page }) => {
        at /Users/peterhanssens/consulting/Leptos/tailwind-rs/demos/leptos-demo/tests/accessibility.spec.ts:61:34

    attachment #1: screenshot (image/png) ──────────────────────────────────────────────────────────
    ../test-results/accessibility-Accessibilit-575e3-support-keyboard-navigation-Mobile-Chrome/test-failed-1.png
    ────────────────────────────────────────────────────────────────────────────────────────────────

    attachment #2: video (video/webm) ──────────────────────────────────────────────────────────────
    ../test-results/accessibility-Accessibilit-575e3-support-keyboard-navigation-Mobile-Chrome/video.webm
    ────────────────────────────────────────────────────────────────────────────────────────────────

    Error Context: ../test-results/accessibility-Accessibilit-575e3-support-keyboard-navigation-Mobile-Chrome/error-context.md
]]>
</failure>
<system-out>
<![CDATA[
[[ATTACHMENT|test-results/accessibility-Accessibilit-575e3-support-keyboard-navigation-Mobile-Chrome/test-failed-1.png]]

[[ATTACHMENT|test-results/accessibility-Accessibilit-575e3-support-keyboard-navigation-Mobile-Chrome/video.webm]]

[[ATTACHMENT|test-results/accessibility-Accessibilit-575e3-support-keyboard-navigation-Mobile-Chrome/error-context.md]]
]]>
</system-out>
</testcase>
<testcase name="Accessibility › should have proper color contrast" classname="accessibility.spec.ts" time="5.902">
<failure message="accessibility.spec.ts:64:3 should have proper color contrast" type="FAILURE">
<![CDATA[  [Mobile Chrome] › accessibility.spec.ts:64:3 › Accessibility › should have proper color contrast ─

    Error: expect(locator).toBeVisible() failed

    Locator:  locator('button:has-text("Get Started")')
    Expected: visible
    Received: <element(s) not found>
    Timeout:  5000ms

    Call log:
      - Expect "toBeVisible" with timeout 5000ms
      - waiting for locator('button:has-text("Get Started")')


      69 |     // Check button contrast
      70 |     const primaryButton = page.locator('button:has-text("Get Started")');
    > 71 |     await expect(primaryButton).toBeVisible();
         |                                 ^
      72 |     await expect(primaryButton).toHaveClass(/bg-blue-500.*text-white/);
      73 |   });
      74 |
        at /Users/peterhanssens/consulting/Leptos/tailwind-rs/demos/leptos-demo/tests/accessibility.spec.ts:71:33

    attachment #1: screenshot (image/png) ──────────────────────────────────────────────────────────
    ../test-results/accessibility-Accessibilit-b49e1--have-proper-color-contrast-Mobile-Chrome/test-failed-1.png
    ────────────────────────────────────────────────────────────────────────────────────────────────

    attachment #2: video (video/webm) ──────────────────────────────────────────────────────────────
    ../test-results/accessibility-Accessibilit-b49e1--have-proper-color-contrast-Mobile-Chrome/video.webm
    ────────────────────────────────────────────────────────────────────────────────────────────────

    Error Context: ../test-results/accessibility-Accessibilit-b49e1--have-proper-color-contrast-Mobile-Chrome/error-context.md
]]>
</failure>
<system-out>
<![CDATA[
[[ATTACHMENT|test-results/accessibility-Accessibilit-b49e1--have-proper-color-contrast-Mobile-Chrome/test-failed-1.png]]

[[ATTACHMENT|test-results/accessibility-Accessibilit-b49e1--have-proper-color-contrast-Mobile-Chrome/video.webm]]

[[ATTACHMENT|test-results/accessibility-Accessibilit-b49e1--have-proper-color-contrast-Mobile-Chrome/error-context.md]]
]]>
</system-out>
</testcase>
<testcase name="Accessibility › should support dark mode accessibility" classname="accessibility.spec.ts" time="30.581">
<failure message="accessibility.spec.ts:75:3 should support dark mode accessibility" type="FAILURE">
<![CDATA[  [Mobile Chrome] › accessibility.spec.ts:75:3 › Accessibility › should support dark mode accessibility 

    Test timeout of 30000ms exceeded.

    Error: page.click: Test timeout of 30000ms exceeded.
    Call log:
      - waiting for locator('button:has-text("☀️")')


      75 |   test('should support dark mode accessibility', async ({ page }) => {
      76 |     // Toggle to dark mode
    > 77 |     await page.click('button:has-text("☀️")');
         |                ^
      78 |     
      79 |     // Check that text remains readable
      80 |     const title = page.locator('h1:has-text("Tailwind-RS Demo")');
        at /Users/peterhanssens/consulting/Leptos/tailwind-rs/demos/leptos-demo/tests/accessibility.spec.ts:77:16

    attachment #1: screenshot (image/png) ──────────────────────────────────────────────────────────
    ../test-results/accessibility-Accessibilit-563a8-ort-dark-mode-accessibility-Mobile-Chrome/test-failed-1.png
    ────────────────────────────────────────────────────────────────────────────────────────────────

    attachment #2: video (video/webm) ──────────────────────────────────────────────────────────────
    ../test-results/accessibility-Accessibilit-563a8-ort-dark-mode-accessibility-Mobile-Chrome/video.webm
    ────────────────────────────────────────────────────────────────────────────────────────────────

    Error Context: ../test-results/accessibility-Accessibilit-563a8-ort-dark-mode-accessibility-Mobile-Chrome/error-context.md
]]>
</failure>
<system-out>
<![CDATA[
[[ATTACHMENT|test-results/accessibility-Accessibilit-563a8-ort-dark-mode-accessibility-Mobile-Chrome/test-failed-1.png]]

[[ATTACHMENT|test-results/accessibility-Accessibilit-563a8-ort-dark-mode-accessibility-Mobile-Chrome/video.webm]]

[[ATTACHMENT|test-results/accessibility-Accessibilit-563a8-ort-dark-mode-accessibility-Mobile-Chrome/error-context.md]]
]]>
</system-out>
</testcase>
<testcase name="Accessibility › should have proper focus indicators" classname="accessibility.spec.ts" time="30.588">
<failure message="accessibility.spec.ts:88:3 should have proper focus indicators" type="FAILURE">
<![CDATA[  [Mobile Chrome] › accessibility.spec.ts:88:3 › Accessibility › should have proper focus indicators 

    Test timeout of 30000ms exceeded.

    Error: locator.focus: Test timeout of 30000ms exceeded.
    Call log:
      - waiting for locator('button:has-text("Home")')


      89 |     // Focus on a button
      90 |     const homeButton = page.locator('button:has-text("Home")');
    > 91 |     await homeButton.focus();
         |                      ^
      92 |     
      93 |     // Check that focus is visible
      94 |     await expect(homeButton).toBeFocused();
        at /Users/peterhanssens/consulting/Leptos/tailwind-rs/demos/leptos-demo/tests/accessibility.spec.ts:91:22

    attachment #1: screenshot (image/png) ──────────────────────────────────────────────────────────
    ../test-results/accessibility-Accessibilit-0b746-ave-proper-focus-indicators-Mobile-Chrome/test-failed-1.png
    ────────────────────────────────────────────────────────────────────────────────────────────────

    attachment #2: video (video/webm) ──────────────────────────────────────────────────────────────
    ../test-results/accessibility-Accessibilit-0b746-ave-proper-focus-indicators-Mobile-Chrome/video.webm
    ────────────────────────────────────────────────────────────────────────────────────────────────

    Error Context: ../test-results/accessibility-Accessibilit-0b746-ave-proper-focus-indicators-Mobile-Chrome/error-context.md
]]>
</failure>
<system-out>
<![CDATA[
[[ATTACHMENT|test-results/accessibility-Accessibilit-0b746-ave-proper-focus-indicators-Mobile-Chrome/test-failed-1.png]]

[[ATTACHMENT|test-results/accessibility-Accessibilit-0b746-ave-proper-focus-indicators-Mobile-Chrome/video.webm]]

[[ATTACHMENT|test-results/accessibility-Accessibilit-0b746-ave-proper-focus-indicators-Mobile-Chrome/error-context.md]]
]]>
</system-out>
</testcase>
<testcase name="Accessibility › should have proper ARIA attributes" classname="accessibility.spec.ts" time="0.719">
</testcase>
<testcase name="Accessibility › should handle screen reader navigation" classname="accessibility.spec.ts" time="5.592">
<failure message="accessibility.spec.ts:110:3 should handle screen reader navigation" type="FAILURE">
<![CDATA[  [Mobile Chrome] › accessibility.spec.ts:110:3 › Accessibility › should handle screen reader navigation 

    Error: expect(locator).toBeVisible() failed

    Locator:  locator('main')
    Expected: visible
    Received: <element(s) not found>
    Timeout:  5000ms

    Call log:
      - Expect "toBeVisible" with timeout 5000ms
      - waiting for locator('main')


      116 |     // Check that main content is properly marked
      117 |     const main = page.locator('main');
    > 118 |     await expect(main).toBeVisible();
          |                        ^
      119 |   });
      120 |
      121 |   test('should support reduced motion preferences', async ({ page }) => {
        at /Users/peterhanssens/consulting/Leptos/tailwind-rs/demos/leptos-demo/tests/accessibility.spec.ts:118:24

    attachment #1: screenshot (image/png) ──────────────────────────────────────────────────────────
    ../test-results/accessibility-Accessibilit-bbee1-le-screen-reader-navigation-Mobile-Chrome/test-failed-1.png
    ────────────────────────────────────────────────────────────────────────────────────────────────

    attachment #2: video (video/webm) ──────────────────────────────────────────────────────────────
    ../test-results/accessibility-Accessibilit-bbee1-le-screen-reader-navigation-Mobile-Chrome/video.webm
    ────────────────────────────────────────────────────────────────────────────────────────────────

    Error Context: ../test-results/accessibility-Accessibilit-bbee1-le-screen-reader-navigation-Mobile-Chrome/error-context.md
]]>
</failure>
<system-out>
<![CDATA[
[[ATTACHMENT|test-results/accessibility-Accessibilit-bbee1-le-screen-reader-navigation-Mobile-Chrome/test-failed-1.png]]

[[ATTACHMENT|test-results/accessibility-Accessibilit-bbee1-le-screen-reader-navigation-Mobile-Chrome/video.webm]]

[[ATTACHMENT|test-results/accessibility-Accessibilit-bbee1-le-screen-reader-navigation-Mobile-Chrome/error-context.md]]
]]>
</system-out>
</testcase>
<testcase name="Accessibility › should support reduced motion preferences" classname="accessibility.spec.ts" time="0.758">
<failure message="accessibility.spec.ts:121:3 should support reduced motion preferences" type="FAILURE">
<![CDATA[  [Mobile Chrome] › accessibility.spec.ts:121:3 › Accessibility › should support reduced motion preferences 

    Error: expect(received).toBeGreaterThan(expected)

    Expected: > 0
    Received:   0

      125 |     
      126 |     // Elements should still be functional even with reduced motion
    > 127 |     expect(animatedCount).toBeGreaterThan(0);
          |                           ^
      128 |   });
      129 | });
      130 |
        at /Users/peterhanssens/consulting/Leptos/tailwind-rs/demos/leptos-demo/tests/accessibility.spec.ts:127:27

    attachment #1: screenshot (image/png) ──────────────────────────────────────────────────────────
    ../test-results/accessibility-Accessibilit-8d4d5--reduced-motion-preferences-Mobile-Chrome/test-failed-1.png
    ────────────────────────────────────────────────────────────────────────────────────────────────

    attachment #2: video (video/webm) ──────────────────────────────────────────────────────────────
    ../test-results/accessibility-Accessibilit-8d4d5--reduced-motion-preferences-Mobile-Chrome/video.webm
    ────────────────────────────────────────────────────────────────────────────────────────────────

    Error Context: ../test-results/accessibility-Accessibilit-8d4d5--reduced-motion-preferences-Mobile-Chrome/error-context.md
]]>
</failure>
<system-out>
<![CDATA[
[[ATTACHMENT|test-results/accessibility-Accessibilit-8d4d5--reduced-motion-preferences-Mobile-Chrome/test-failed-1.png]]

[[ATTACHMENT|test-results/accessibility-Accessibilit-8d4d5--reduced-motion-preferences-Mobile-Chrome/video.webm]]

[[ATTACHMENT|test-results/accessibility-Accessibilit-8d4d5--reduced-motion-preferences-Mobile-Chrome/error-context.md]]
]]>
</system-out>
</testcase>
</testsuite>
<testsuite name="components-page.spec.ts" timestamp="2025-09-28T10:07:22.421Z" hostname="Mobile Chrome" tests="6" failures="6" skipped="0" time="183.254" errors="0">
<testcase name="Components Page › should display button components section" classname="components-page.spec.ts" time="30.567">
<failure message="components-page.spec.ts:10:3 should display button components section" type="FAILURE">
<![CDATA[  [Mobile Chrome] › components-page.spec.ts:10:3 › Components Page › should display button components section 

    Test timeout of 30000ms exceeded while running "beforeEach" hook.

      2 |
      3 | test.describe('Components Page', () => {
    > 4 |   test.beforeEach(async ({ page }) => {
        |        ^
      5 |     await page.goto('/');
      6 |     await page.waitForSelector('[data-testid="app"]', { timeout: 10000 });
      7 |     await page.click('button:has-text("Components")');
        at /Users/peterhanssens/consulting/Leptos/tailwind-rs/demos/leptos-demo/tests/components-page.spec.ts:4:8

    Error: page.click: Test timeout of 30000ms exceeded.
    Call log:
      - waiting for locator('button:has-text("Components")')


       5 |     await page.goto('/');
       6 |     await page.waitForSelector('[data-testid="app"]', { timeout: 10000 });
    >  7 |     await page.click('button:has-text("Components")');
         |                ^
       8 |   });
       9 |
      10 |   test('should display button components section', async ({ page }) => {
        at /Users/peterhanssens/consulting/Leptos/tailwind-rs/demos/leptos-demo/tests/components-page.spec.ts:7:16

    attachment #1: screenshot (image/png) ──────────────────────────────────────────────────────────
    ../test-results/components-page-Components-d078f-y-button-components-section-Mobile-Chrome/test-failed-1.png
    ────────────────────────────────────────────────────────────────────────────────────────────────

    attachment #2: video (video/webm) ──────────────────────────────────────────────────────────────
    ../test-results/components-page-Components-d078f-y-button-components-section-Mobile-Chrome/video.webm
    ────────────────────────────────────────────────────────────────────────────────────────────────

    Error Context: ../test-results/components-page-Components-d078f-y-button-components-section-Mobile-Chrome/error-context.md
]]>
</failure>
<system-out>
<![CDATA[
[[ATTACHMENT|test-results/components-page-Components-d078f-y-button-components-section-Mobile-Chrome/test-failed-1.png]]

[[ATTACHMENT|test-results/components-page-Components-d078f-y-button-components-section-Mobile-Chrome/video.webm]]

[[ATTACHMENT|test-results/components-page-Components-d078f-y-button-components-section-Mobile-Chrome/error-context.md]]
]]>
</system-out>
</testcase>
<testcase name="Components Page › should display button size variants" classname="components-page.spec.ts" time="30.565">
<failure message="components-page.spec.ts:40:3 should display button size variants" type="FAILURE">
<![CDATA[  [Mobile Chrome] › components-page.spec.ts:40:3 › Components Page › should display button size variants 

    Test timeout of 30000ms exceeded while running "beforeEach" hook.

      2 |
      3 | test.describe('Components Page', () => {
    > 4 |   test.beforeEach(async ({ page }) => {
        |        ^
      5 |     await page.goto('/');
      6 |     await page.waitForSelector('[data-testid="app"]', { timeout: 10000 });
      7 |     await page.click('button:has-text("Components")');
        at /Users/peterhanssens/consulting/Leptos/tailwind-rs/demos/leptos-demo/tests/components-page.spec.ts:4:8

    Error: page.click: Test timeout of 30000ms exceeded.
    Call log:
      - waiting for locator('button:has-text("Components")')


       5 |     await page.goto('/');
       6 |     await page.waitForSelector('[data-testid="app"]', { timeout: 10000 });
    >  7 |     await page.click('button:has-text("Components")');
         |                ^
       8 |   });
       9 |
      10 |   test('should display button components section', async ({ page }) => {
        at /Users/peterhanssens/consulting/Leptos/tailwind-rs/demos/leptos-demo/tests/components-page.spec.ts:7:16

    attachment #1: screenshot (image/png) ──────────────────────────────────────────────────────────
    ../test-results/components-page-Components-c04b6-isplay-button-size-variants-Mobile-Chrome/test-failed-1.png
    ────────────────────────────────────────────────────────────────────────────────────────────────

    attachment #2: video (video/webm) ──────────────────────────────────────────────────────────────
    ../test-results/components-page-Components-c04b6-isplay-button-size-variants-Mobile-Chrome/video.webm
    ────────────────────────────────────────────────────────────────────────────────────────────────

    Error Context: ../test-results/components-page-Components-c04b6-isplay-button-size-variants-Mobile-Chrome/error-context.md
]]>
</failure>
<system-out>
<![CDATA[
[[ATTACHMENT|test-results/components-page-Components-c04b6-isplay-button-size-variants-Mobile-Chrome/test-failed-1.png]]

[[ATTACHMENT|test-results/components-page-Components-c04b6-isplay-button-size-variants-Mobile-Chrome/video.webm]]

[[ATTACHMENT|test-results/components-page-Components-c04b6-isplay-button-size-variants-Mobile-Chrome/error-context.md]]
]]>
</system-out>
</testcase>
<testcase name="Components Page › should display card components section" classname="components-page.spec.ts" time="30.274">
<failure message="components-page.spec.ts:52:3 should display card components section" type="FAILURE">
<![CDATA[  [Mobile Chrome] › components-page.spec.ts:52:3 › Components Page › should display card components section 

    Test timeout of 30000ms exceeded while running "beforeEach" hook.

      2 |
      3 | test.describe('Components Page', () => {
    > 4 |   test.beforeEach(async ({ page }) => {
        |        ^
      5 |     await page.goto('/');
      6 |     await page.waitForSelector('[data-testid="app"]', { timeout: 10000 });
      7 |     await page.click('button:has-text("Components")');
        at /Users/peterhanssens/consulting/Leptos/tailwind-rs/demos/leptos-demo/tests/components-page.spec.ts:4:8

    Error: page.click: Test timeout of 30000ms exceeded.
    Call log:
      - waiting for locator('button:has-text("Components")')


       5 |     await page.goto('/');
       6 |     await page.waitForSelector('[data-testid="app"]', { timeout: 10000 });
    >  7 |     await page.click('button:has-text("Components")');
         |                ^
       8 |   });
       9 |
      10 |   test('should display button components section', async ({ page }) => {
        at /Users/peterhanssens/consulting/Leptos/tailwind-rs/demos/leptos-demo/tests/components-page.spec.ts:7:16

    attachment #1: screenshot (image/png) ──────────────────────────────────────────────────────────
    ../test-results/components-page-Components-93c7a-lay-card-components-section-Mobile-Chrome/test-failed-1.png
    ────────────────────────────────────────────────────────────────────────────────────────────────

    attachment #2: video (video/webm) ──────────────────────────────────────────────────────────────
    ../test-results/components-page-Components-93c7a-lay-card-components-section-Mobile-Chrome/video.webm
    ────────────────────────────────────────────────────────────────────────────────────────────────

    Error Context: ../test-results/components-page-Components-93c7a-lay-card-components-section-Mobile-Chrome/error-context.md
]]>
</failure>
<system-out>
<![CDATA[
[[ATTACHMENT|test-results/components-page-Components-93c7a-lay-card-components-section-Mobile-Chrome/test-failed-1.png]]

[[ATTACHMENT|test-results/components-page-Components-93c7a-lay-card-components-section-Mobile-Chrome/video.webm]]

[[ATTACHMENT|test-results/components-page-Components-93c7a-lay-card-components-section-Mobile-Chrome/error-context.md]]
]]>
</system-out>
</testcase>
<testcase name="Components Page › should have interactive elements" classname="components-page.spec.ts" time="30.589">
<failure message="components-page.spec.ts:79:3 should have interactive elements" type="FAILURE">
<![CDATA[  [Mobile Chrome] › components-page.spec.ts:79:3 › Components Page › should have interactive elements 

    Test timeout of 30000ms exceeded while running "beforeEach" hook.

      2 |
      3 | test.describe('Components Page', () => {
    > 4 |   test.beforeEach(async ({ page }) => {
        |        ^
      5 |     await page.goto('/');
      6 |     await page.waitForSelector('[data-testid="app"]', { timeout: 10000 });
      7 |     await page.click('button:has-text("Components")');
        at /Users/peterhanssens/consulting/Leptos/tailwind-rs/demos/leptos-demo/tests/components-page.spec.ts:4:8

    Error: page.click: Test timeout of 30000ms exceeded.
    Call log:
      - waiting for locator('button:has-text("Components")')


       5 |     await page.goto('/');
       6 |     await page.waitForSelector('[data-testid="app"]', { timeout: 10000 });
    >  7 |     await page.click('button:has-text("Components")');
         |                ^
       8 |   });
       9 |
      10 |   test('should display button components section', async ({ page }) => {
        at /Users/peterhanssens/consulting/Leptos/tailwind-rs/demos/leptos-demo/tests/components-page.spec.ts:7:16

    attachment #1: screenshot (image/png) ──────────────────────────────────────────────────────────
    ../test-results/components-page-Components-5f748-d-have-interactive-elements-Mobile-Chrome/test-failed-1.png
    ────────────────────────────────────────────────────────────────────────────────────────────────

    attachment #2: video (video/webm) ──────────────────────────────────────────────────────────────
    ../test-results/components-page-Components-5f748-d-have-interactive-elements-Mobile-Chrome/video.webm
    ────────────────────────────────────────────────────────────────────────────────────────────────

    Error Context: ../test-results/components-page-Components-5f748-d-have-interactive-elements-Mobile-Chrome/error-context.md
]]>
</failure>
<system-out>
<![CDATA[
[[ATTACHMENT|test-results/components-page-Components-5f748-d-have-interactive-elements-Mobile-Chrome/test-failed-1.png]]

[[ATTACHMENT|test-results/components-page-Components-5f748-d-have-interactive-elements-Mobile-Chrome/video.webm]]

[[ATTACHMENT|test-results/components-page-Components-5f748-d-have-interactive-elements-Mobile-Chrome/error-context.md]]
]]>
</system-out>
</testcase>
<testcase name="Components Page › should support dark mode" classname="components-page.spec.ts" time="30.512">
<failure message="components-page.spec.ts:88:3 should support dark mode" type="FAILURE">
<![CDATA[  [Mobile Chrome] › components-page.spec.ts:88:3 › Components Page › should support dark mode ──────

    Test timeout of 30000ms exceeded while running "beforeEach" hook.

      2 |
      3 | test.describe('Components Page', () => {
    > 4 |   test.beforeEach(async ({ page }) => {
        |        ^
      5 |     await page.goto('/');
      6 |     await page.waitForSelector('[data-testid="app"]', { timeout: 10000 });
      7 |     await page.click('button:has-text("Components")');
        at /Users/peterhanssens/consulting/Leptos/tailwind-rs/demos/leptos-demo/tests/components-page.spec.ts:4:8

    Error: page.click: Test timeout of 30000ms exceeded.
    Call log:
      - waiting for locator('button:has-text("Components")')


       5 |     await page.goto('/');
       6 |     await page.waitForSelector('[data-testid="app"]', { timeout: 10000 });
    >  7 |     await page.click('button:has-text("Components")');
         |                ^
       8 |   });
       9 |
      10 |   test('should display button components section', async ({ page }) => {
        at /Users/peterhanssens/consulting/Leptos/tailwind-rs/demos/leptos-demo/tests/components-page.spec.ts:7:16

    attachment #1: screenshot (image/png) ──────────────────────────────────────────────────────────
    ../test-results/components-page-Components-Page-should-support-dark-mode-Mobile-Chrome/test-failed-1.png
    ────────────────────────────────────────────────────────────────────────────────────────────────

    attachment #2: video (video/webm) ──────────────────────────────────────────────────────────────
    ../test-results/components-page-Components-Page-should-support-dark-mode-Mobile-Chrome/video.webm
    ────────────────────────────────────────────────────────────────────────────────────────────────

    Error Context: ../test-results/components-page-Components-Page-should-support-dark-mode-Mobile-Chrome/error-context.md
]]>
</failure>
<system-out>
<![CDATA[
[[ATTACHMENT|test-results/components-page-Components-Page-should-support-dark-mode-Mobile-Chrome/test-failed-1.png]]

[[ATTACHMENT|test-results/components-page-Components-Page-should-support-dark-mode-Mobile-Chrome/video.webm]]

[[ATTACHMENT|test-results/components-page-Components-Page-should-support-dark-mode-Mobile-Chrome/error-context.md]]
]]>
</system-out>
</testcase>
<testcase name="Components Page › should be responsive" classname="components-page.spec.ts" time="30.747">
<failure message="components-page.spec.ts:101:3 should be responsive" type="FAILURE">
<![CDATA[  [Mobile Chrome] › components-page.spec.ts:101:3 › Components Page › should be responsive ─────────

    Test timeout of 30000ms exceeded while running "beforeEach" hook.

      2 |
      3 | test.describe('Components Page', () => {
    > 4 |   test.beforeEach(async ({ page }) => {
        |        ^
      5 |     await page.goto('/');
      6 |     await page.waitForSelector('[data-testid="app"]', { timeout: 10000 });
      7 |     await page.click('button:has-text("Components")');
        at /Users/peterhanssens/consulting/Leptos/tailwind-rs/demos/leptos-demo/tests/components-page.spec.ts:4:8

    Error: page.click: Test timeout of 30000ms exceeded.
    Call log:
      - waiting for locator('button:has-text("Components")')


       5 |     await page.goto('/');
       6 |     await page.waitForSelector('[data-testid="app"]', { timeout: 10000 });
    >  7 |     await page.click('button:has-text("Components")');
         |                ^
       8 |   });
       9 |
      10 |   test('should display button components section', async ({ page }) => {
        at /Users/peterhanssens/consulting/Leptos/tailwind-rs/demos/leptos-demo/tests/components-page.spec.ts:7:16

    attachment #1: screenshot (image/png) ──────────────────────────────────────────────────────────
    ../test-results/components-page-Components-Page-should-be-responsive-Mobile-Chrome/test-failed-1.png
    ────────────────────────────────────────────────────────────────────────────────────────────────

    attachment #2: video (video/webm) ──────────────────────────────────────────────────────────────
    ../test-results/components-page-Components-Page-should-be-responsive-Mobile-Chrome/video.webm
    ────────────────────────────────────────────────────────────────────────────────────────────────

    Error Context: ../test-results/components-page-Components-Page-should-be-responsive-Mobile-Chrome/error-context.md
]]>
</failure>
<system-out>
<![CDATA[
[[ATTACHMENT|test-results/components-page-Components-Page-should-be-responsive-Mobile-Chrome/test-failed-1.png]]

[[ATTACHMENT|test-results/components-page-Components-Page-should-be-responsive-Mobile-Chrome/video.webm]]

[[ATTACHMENT|test-results/components-page-Components-Page-should-be-responsive-Mobile-Chrome/error-context.md]]
]]>
</system-out>
</testcase>
</testsuite>
<testsuite name="dynamic-page.spec.ts" timestamp="2025-09-28T10:07:22.421Z" hostname="Mobile Chrome" tests="10" failures="10" skipped="0" time="306.858" errors="0">
<testcase name="Dynamic Page › should display dynamic class generation interface" classname="dynamic-page.spec.ts" time="30.607">
<failure message="dynamic-page.spec.ts:10:3 should display dynamic class generation interface" type="FAILURE">
<![CDATA[  [Mobile Chrome] › dynamic-page.spec.ts:10:3 › Dynamic Page › should display dynamic class generation interface 

    Test timeout of 30000ms exceeded while running "beforeEach" hook.

      2 |
      3 | test.describe('Dynamic Page', () => {
    > 4 |   test.beforeEach(async ({ page }) => {
        |        ^
      5 |     await page.goto('/');
      6 |     await page.waitForSelector('[data-testid="app"]', { timeout: 10000 });
      7 |     await page.click('button:has-text("Dynamic")');
        at /Users/peterhanssens/consulting/Leptos/tailwind-rs/demos/leptos-demo/tests/dynamic-page.spec.ts:4:8

    Error: page.click: Test timeout of 30000ms exceeded.
    Call log:
      - waiting for locator('button:has-text("Dynamic")')


       5 |     await page.goto('/');
       6 |     await page.waitForSelector('[data-testid="app"]', { timeout: 10000 });
    >  7 |     await page.click('button:has-text("Dynamic")');
         |                ^
       8 |   });
       9 |
      10 |   test('should display dynamic class generation interface', async ({ page }) => {
        at /Users/peterhanssens/consulting/Leptos/tailwind-rs/demos/leptos-demo/tests/dynamic-page.spec.ts:7:16

    attachment #1: screenshot (image/png) ──────────────────────────────────────────────────────────
    ../test-results/dynamic-page-Dynamic-Page--5bc2b--class-generation-interface-Mobile-Chrome/test-failed-1.png
    ────────────────────────────────────────────────────────────────────────────────────────────────

    attachment #2: video (video/webm) ──────────────────────────────────────────────────────────────
    ../test-results/dynamic-page-Dynamic-Page--5bc2b--class-generation-interface-Mobile-Chrome/video.webm
    ────────────────────────────────────────────────────────────────────────────────────────────────

    Error Context: ../test-results/dynamic-page-Dynamic-Page--5bc2b--class-generation-interface-Mobile-Chrome/error-context.md
]]>
</failure>
<system-out>
<![CDATA[
[[ATTACHMENT|test-results/dynamic-page-Dynamic-Page--5bc2b--class-generation-interface-Mobile-Chrome/test-failed-1.png]]

[[ATTACHMENT|test-results/dynamic-page-Dynamic-Page--5bc2b--class-generation-interface-Mobile-Chrome/video.webm]]

[[ATTACHMENT|test-results/dynamic-page-Dynamic-Page--5bc2b--class-generation-interface-Mobile-Chrome/error-context.md]]
]]>
</system-out>
</testcase>
<testcase name="Dynamic Page › should update preview when classes change" classname="dynamic-page.spec.ts" time="30.625">
<failure message="dynamic-page.spec.ts:25:3 should update preview when classes change" type="FAILURE">
<![CDATA[  [Mobile Chrome] › dynamic-page.spec.ts:25:3 › Dynamic Page › should update preview when classes change 

    Test timeout of 30000ms exceeded while running "beforeEach" hook.

      2 |
      3 | test.describe('Dynamic Page', () => {
    > 4 |   test.beforeEach(async ({ page }) => {
        |        ^
      5 |     await page.goto('/');
      6 |     await page.waitForSelector('[data-testid="app"]', { timeout: 10000 });
      7 |     await page.click('button:has-text("Dynamic")');
        at /Users/peterhanssens/consulting/Leptos/tailwind-rs/demos/leptos-demo/tests/dynamic-page.spec.ts:4:8

    Error: page.click: Test timeout of 30000ms exceeded.
    Call log:
      - waiting for locator('button:has-text("Dynamic")')


       5 |     await page.goto('/');
       6 |     await page.waitForSelector('[data-testid="app"]', { timeout: 10000 });
    >  7 |     await page.click('button:has-text("Dynamic")');
         |                ^
       8 |   });
       9 |
      10 |   test('should display dynamic class generation interface', async ({ page }) => {
        at /Users/peterhanssens/consulting/Leptos/tailwind-rs/demos/leptos-demo/tests/dynamic-page.spec.ts:7:16

    attachment #1: screenshot (image/png) ──────────────────────────────────────────────────────────
    ../test-results/dynamic-page-Dynamic-Page--bf6ee-preview-when-classes-change-Mobile-Chrome/test-failed-1.png
    ────────────────────────────────────────────────────────────────────────────────────────────────

    attachment #2: video (video/webm) ──────────────────────────────────────────────────────────────
    ../test-results/dynamic-page-Dynamic-Page--bf6ee-preview-when-classes-change-Mobile-Chrome/video.webm
    ────────────────────────────────────────────────────────────────────────────────────────────────

    Error Context: ../test-results/dynamic-page-Dynamic-Page--bf6ee-preview-when-classes-change-Mobile-Chrome/error-context.md
]]>
</failure>
<system-out>
<![CDATA[
[[ATTACHMENT|test-results/dynamic-page-Dynamic-Page--bf6ee-preview-when-classes-change-Mobile-Chrome/test-failed-1.png]]

[[ATTACHMENT|test-results/dynamic-page-Dynamic-Page--bf6ee-preview-when-classes-change-Mobile-Chrome/video.webm]]

[[ATTACHMENT|test-results/dynamic-page-Dynamic-Page--bf6ee-preview-when-classes-change-Mobile-Chrome/error-context.md]]
]]>
</system-out>
</testcase>
<testcase name="Dynamic Page › should display preset style buttons" classname="dynamic-page.spec.ts" time="30.621">
<failure message="dynamic-page.spec.ts:39:3 should display preset style buttons" type="FAILURE">
<![CDATA[  [Mobile Chrome] › dynamic-page.spec.ts:39:3 › Dynamic Page › should display preset style buttons ─

    Test timeout of 30000ms exceeded while running "beforeEach" hook.

      2 |
      3 | test.describe('Dynamic Page', () => {
    > 4 |   test.beforeEach(async ({ page }) => {
        |        ^
      5 |     await page.goto('/');
      6 |     await page.waitForSelector('[data-testid="app"]', { timeout: 10000 });
      7 |     await page.click('button:has-text("Dynamic")');
        at /Users/peterhanssens/consulting/Leptos/tailwind-rs/demos/leptos-demo/tests/dynamic-page.spec.ts:4:8

    Error: page.click: Test timeout of 30000ms exceeded.
    Call log:
      - waiting for locator('button:has-text("Dynamic")')


       5 |     await page.goto('/');
       6 |     await page.waitForSelector('[data-testid="app"]', { timeout: 10000 });
    >  7 |     await page.click('button:has-text("Dynamic")');
         |                ^
       8 |   });
       9 |
      10 |   test('should display dynamic class generation interface', async ({ page }) => {
        at /Users/peterhanssens/consulting/Leptos/tailwind-rs/demos/leptos-demo/tests/dynamic-page.spec.ts:7:16

    attachment #1: screenshot (image/png) ──────────────────────────────────────────────────────────
    ../test-results/dynamic-page-Dynamic-Page--c2bf5-isplay-preset-style-buttons-Mobile-Chrome/test-failed-1.png
    ────────────────────────────────────────────────────────────────────────────────────────────────

    attachment #2: video (video/webm) ──────────────────────────────────────────────────────────────
    ../test-results/dynamic-page-Dynamic-Page--c2bf5-isplay-preset-style-buttons-Mobile-Chrome/video.webm
    ────────────────────────────────────────────────────────────────────────────────────────────────

    Error Context: ../test-results/dynamic-page-Dynamic-Page--c2bf5-isplay-preset-style-buttons-Mobile-Chrome/error-context.md
]]>
</failure>
<system-out>
<![CDATA[
[[ATTACHMENT|test-results/dynamic-page-Dynamic-Page--c2bf5-isplay-preset-style-buttons-Mobile-Chrome/test-failed-1.png]]

[[ATTACHMENT|test-results/dynamic-page-Dynamic-Page--c2bf5-isplay-preset-style-buttons-Mobile-Chrome/video.webm]]

[[ATTACHMENT|test-results/dynamic-page-Dynamic-Page--c2bf5-isplay-preset-style-buttons-Mobile-Chrome/error-context.md]]
]]>
</system-out>
</testcase>
<testcase name="Dynamic Page › should apply preset styles when clicked" classname="dynamic-page.spec.ts" time="30.97">
<failure message="dynamic-page.spec.ts:48:3 should apply preset styles when clicked" type="FAILURE">
<![CDATA[  [Mobile Chrome] › dynamic-page.spec.ts:48:3 › Dynamic Page › should apply preset styles when clicked 

    Test timeout of 30000ms exceeded while running "beforeEach" hook.

      2 |
      3 | test.describe('Dynamic Page', () => {
    > 4 |   test.beforeEach(async ({ page }) => {
        |        ^
      5 |     await page.goto('/');
      6 |     await page.waitForSelector('[data-testid="app"]', { timeout: 10000 });
      7 |     await page.click('button:has-text("Dynamic")');
        at /Users/peterhanssens/consulting/Leptos/tailwind-rs/demos/leptos-demo/tests/dynamic-page.spec.ts:4:8

    Error: page.click: Test timeout of 30000ms exceeded.
    Call log:
      - waiting for locator('button:has-text("Dynamic")')


       5 |     await page.goto('/');
       6 |     await page.waitForSelector('[data-testid="app"]', { timeout: 10000 });
    >  7 |     await page.click('button:has-text("Dynamic")');
         |                ^
       8 |   });
       9 |
      10 |   test('should display dynamic class generation interface', async ({ page }) => {
        at /Users/peterhanssens/consulting/Leptos/tailwind-rs/demos/leptos-demo/tests/dynamic-page.spec.ts:7:16

    attachment #1: screenshot (image/png) ──────────────────────────────────────────────────────────
    ../test-results/dynamic-page-Dynamic-Page--71c3d--preset-styles-when-clicked-Mobile-Chrome/test-failed-1.png
    ────────────────────────────────────────────────────────────────────────────────────────────────

    attachment #2: video (video/webm) ──────────────────────────────────────────────────────────────
    ../test-results/dynamic-page-Dynamic-Page--71c3d--preset-styles-when-clicked-Mobile-Chrome/video.webm
    ────────────────────────────────────────────────────────────────────────────────────────────────

    Error Context: ../test-results/dynamic-page-Dynamic-Page--71c3d--preset-styles-when-clicked-Mobile-Chrome/error-context.md
]]>
</failure>
<system-out>
<![CDATA[
[[ATTACHMENT|test-results/dynamic-page-Dynamic-Page--71c3d--preset-styles-when-clicked-Mobile-Chrome/test-failed-1.png]]

[[ATTACHMENT|test-results/dynamic-page-Dynamic-Page--71c3d--preset-styles-when-clicked-Mobile-Chrome/video.webm]]

[[ATTACHMENT|test-results/dynamic-page-Dynamic-Page--71c3d--preset-styles-when-clicked-Mobile-Chrome/error-context.md]]
]]>
</system-out>
</testcase>
<testcase name="Dynamic Page › should display generated classes" classname="dynamic-page.spec.ts" time="30.59">
<failure message="dynamic-page.spec.ts:62:3 should display generated classes" type="FAILURE">
<![CDATA[  [Mobile Chrome] › dynamic-page.spec.ts:62:3 › Dynamic Page › should display generated classes ────

    Test timeout of 30000ms exceeded while running "beforeEach" hook.

      2 |
      3 | test.describe('Dynamic Page', () => {
    > 4 |   test.beforeEach(async ({ page }) => {
        |        ^
      5 |     await page.goto('/');
      6 |     await page.waitForSelector('[data-testid="app"]', { timeout: 10000 });
      7 |     await page.click('button:has-text("Dynamic")');
        at /Users/peterhanssens/consulting/Leptos/tailwind-rs/demos/leptos-demo/tests/dynamic-page.spec.ts:4:8

    Error: page.click: Test timeout of 30000ms exceeded.
    Call log:
      - waiting for locator('button:has-text("Dynamic")')


       5 |     await page.goto('/');
       6 |     await page.waitForSelector('[data-testid="app"]', { timeout: 10000 });
    >  7 |     await page.click('button:has-text("Dynamic")');
         |                ^
       8 |   });
       9 |
      10 |   test('should display dynamic class generation interface', async ({ page }) => {
        at /Users/peterhanssens/consulting/Leptos/tailwind-rs/demos/leptos-demo/tests/dynamic-page.spec.ts:7:16

    attachment #1: screenshot (image/png) ──────────────────────────────────────────────────────────
    ../test-results/dynamic-page-Dynamic-Page-should-display-generated-classes-Mobile-Chrome/test-failed-1.png
    ────────────────────────────────────────────────────────────────────────────────────────────────

    attachment #2: video (video/webm) ──────────────────────────────────────────────────────────────
    ../test-results/dynamic-page-Dynamic-Page-should-display-generated-classes-Mobile-Chrome/video.webm
    ────────────────────────────────────────────────────────────────────────────────────────────────

    Error Context: ../test-results/dynamic-page-Dynamic-Page-should-display-generated-classes-Mobile-Chrome/error-context.md
]]>
</failure>
<system-out>
<![CDATA[
[[ATTACHMENT|test-results/dynamic-page-Dynamic-Page-should-display-generated-classes-Mobile-Chrome/test-failed-1.png]]

[[ATTACHMENT|test-results/dynamic-page-Dynamic-Page-should-display-generated-classes-Mobile-Chrome/video.webm]]

[[ATTACHMENT|test-results/dynamic-page-Dynamic-Page-should-display-generated-classes-Mobile-Chrome/error-context.md]]
]]>
</system-out>
</testcase>
<testcase name="Dynamic Page › should update generated classes display" classname="dynamic-page.spec.ts" time="30.623">
<failure message="dynamic-page.spec.ts:71:3 should update generated classes display" type="FAILURE">
<![CDATA[  [Mobile Chrome] › dynamic-page.spec.ts:71:3 › Dynamic Page › should update generated classes display 

    Test timeout of 30000ms exceeded while running "beforeEach" hook.

      2 |
      3 | test.describe('Dynamic Page', () => {
    > 4 |   test.beforeEach(async ({ page }) => {
        |        ^
      5 |     await page.goto('/');
      6 |     await page.waitForSelector('[data-testid="app"]', { timeout: 10000 });
      7 |     await page.click('button:has-text("Dynamic")');
        at /Users/peterhanssens/consulting/Leptos/tailwind-rs/demos/leptos-demo/tests/dynamic-page.spec.ts:4:8

    Error: page.click: Test timeout of 30000ms exceeded.
    Call log:
      - waiting for locator('button:has-text("Dynamic")')


       5 |     await page.goto('/');
       6 |     await page.waitForSelector('[data-testid="app"]', { timeout: 10000 });
    >  7 |     await page.click('button:has-text("Dynamic")');
         |                ^
       8 |   });
       9 |
      10 |   test('should display dynamic class generation interface', async ({ page }) => {
        at /Users/peterhanssens/consulting/Leptos/tailwind-rs/demos/leptos-demo/tests/dynamic-page.spec.ts:7:16

    attachment #1: screenshot (image/png) ──────────────────────────────────────────────────────────
    ../test-results/dynamic-page-Dynamic-Page--ca632-e-generated-classes-display-Mobile-Chrome/test-failed-1.png
    ────────────────────────────────────────────────────────────────────────────────────────────────

    attachment #2: video (video/webm) ──────────────────────────────────────────────────────────────
    ../test-results/dynamic-page-Dynamic-Page--ca632-e-generated-classes-display-Mobile-Chrome/video.webm
    ────────────────────────────────────────────────────────────────────────────────────────────────

    Error Context: ../test-results/dynamic-page-Dynamic-Page--ca632-e-generated-classes-display-Mobile-Chrome/error-context.md
]]>
</failure>
<system-out>
<![CDATA[
[[ATTACHMENT|test-results/dynamic-page-Dynamic-Page--ca632-e-generated-classes-display-Mobile-Chrome/test-failed-1.png]]

[[ATTACHMENT|test-results/dynamic-page-Dynamic-Page--ca632-e-generated-classes-display-Mobile-Chrome/video.webm]]

[[ATTACHMENT|test-results/dynamic-page-Dynamic-Page--ca632-e-generated-classes-display-Mobile-Chrome/error-context.md]]
]]>
</system-out>
</testcase>
<testcase name="Dynamic Page › should handle invalid classes gracefully" classname="dynamic-page.spec.ts" time="30.852">
<failure message="dynamic-page.spec.ts:83:3 should handle invalid classes gracefully" type="FAILURE">
<![CDATA[  [Mobile Chrome] › dynamic-page.spec.ts:83:3 › Dynamic Page › should handle invalid classes gracefully 

    Test timeout of 30000ms exceeded while running "beforeEach" hook.

      2 |
      3 | test.describe('Dynamic Page', () => {
    > 4 |   test.beforeEach(async ({ page }) => {
        |        ^
      5 |     await page.goto('/');
      6 |     await page.waitForSelector('[data-testid="app"]', { timeout: 10000 });
      7 |     await page.click('button:has-text("Dynamic")');
        at /Users/peterhanssens/consulting/Leptos/tailwind-rs/demos/leptos-demo/tests/dynamic-page.spec.ts:4:8

    Error: page.click: Test timeout of 30000ms exceeded.
    Call log:
      - waiting for locator('button:has-text("Dynamic")')


       5 |     await page.goto('/');
       6 |     await page.waitForSelector('[data-testid="app"]', { timeout: 10000 });
    >  7 |     await page.click('button:has-text("Dynamic")');
         |                ^
       8 |   });
       9 |
      10 |   test('should display dynamic class generation interface', async ({ page }) => {
        at /Users/peterhanssens/consulting/Leptos/tailwind-rs/demos/leptos-demo/tests/dynamic-page.spec.ts:7:16

    attachment #1: screenshot (image/png) ──────────────────────────────────────────────────────────
    ../test-results/dynamic-page-Dynamic-Page--b3e52--invalid-classes-gracefully-Mobile-Chrome/test-failed-1.png
    ────────────────────────────────────────────────────────────────────────────────────────────────

    attachment #2: video (video/webm) ──────────────────────────────────────────────────────────────
    ../test-results/dynamic-page-Dynamic-Page--b3e52--invalid-classes-gracefully-Mobile-Chrome/video.webm
    ────────────────────────────────────────────────────────────────────────────────────────────────

    Error Context: ../test-results/dynamic-page-Dynamic-Page--b3e52--invalid-classes-gracefully-Mobile-Chrome/error-context.md
]]>
</failure>
<system-out>
<![CDATA[
[[ATTACHMENT|test-results/dynamic-page-Dynamic-Page--b3e52--invalid-classes-gracefully-Mobile-Chrome/test-failed-1.png]]

[[ATTACHMENT|test-results/dynamic-page-Dynamic-Page--b3e52--invalid-classes-gracefully-Mobile-Chrome/video.webm]]

[[ATTACHMENT|test-results/dynamic-page-Dynamic-Page--b3e52--invalid-classes-gracefully-Mobile-Chrome/error-context.md]]
]]>
</system-out>
</testcase>
<testcase name="Dynamic Page › should support dark mode" classname="dynamic-page.spec.ts" time="30.642">
<failure message="dynamic-page.spec.ts:96:3 should support dark mode" type="FAILURE">
<![CDATA[  [Mobile Chrome] › dynamic-page.spec.ts:96:3 › Dynamic Page › should support dark mode ────────────

    Test timeout of 30000ms exceeded while running "beforeEach" hook.

      2 |
      3 | test.describe('Dynamic Page', () => {
    > 4 |   test.beforeEach(async ({ page }) => {
        |        ^
      5 |     await page.goto('/');
      6 |     await page.waitForSelector('[data-testid="app"]', { timeout: 10000 });
      7 |     await page.click('button:has-text("Dynamic")');
        at /Users/peterhanssens/consulting/Leptos/tailwind-rs/demos/leptos-demo/tests/dynamic-page.spec.ts:4:8

    Error: page.click: Test timeout of 30000ms exceeded.
    Call log:
      - waiting for locator('button:has-text("Dynamic")')


       5 |     await page.goto('/');
       6 |     await page.waitForSelector('[data-testid="app"]', { timeout: 10000 });
    >  7 |     await page.click('button:has-text("Dynamic")');
         |                ^
       8 |   });
       9 |
      10 |   test('should display dynamic class generation interface', async ({ page }) => {
        at /Users/peterhanssens/consulting/Leptos/tailwind-rs/demos/leptos-demo/tests/dynamic-page.spec.ts:7:16

    attachment #1: screenshot (image/png) ──────────────────────────────────────────────────────────
    ../test-results/dynamic-page-Dynamic-Page-should-support-dark-mode-Mobile-Chrome/test-failed-1.png
    ────────────────────────────────────────────────────────────────────────────────────────────────

    attachment #2: video (video/webm) ──────────────────────────────────────────────────────────────
    ../test-results/dynamic-page-Dynamic-Page-should-support-dark-mode-Mobile-Chrome/video.webm
    ────────────────────────────────────────────────────────────────────────────────────────────────

    Error Context: ../test-results/dynamic-page-Dynamic-Page-should-support-dark-mode-Mobile-Chrome/error-context.md
]]>
</failure>
<system-out>
<![CDATA[
[[ATTACHMENT|test-results/dynamic-page-Dynamic-Page-should-support-dark-mode-Mobile-Chrome/test-failed-1.png]]

[[ATTACHMENT|test-results/dynamic-page-Dynamic-Page-should-support-dark-mode-Mobile-Chrome/video.webm]]

[[ATTACHMENT|test-results/dynamic-page-Dynamic-Page-should-support-dark-mode-Mobile-Chrome/error-context.md]]
]]>
</system-out>
</testcase>
<testcase name="Dynamic Page › should be responsive" classname="dynamic-page.spec.ts" time="30.708">
<failure message="dynamic-page.spec.ts:110:3 should be responsive" type="FAILURE">
<![CDATA[  [Mobile Chrome] › dynamic-page.spec.ts:110:3 › Dynamic Page › should be responsive ───────────────

    Test timeout of 30000ms exceeded while running "beforeEach" hook.

      2 |
      3 | test.describe('Dynamic Page', () => {
    > 4 |   test.beforeEach(async ({ page }) => {
        |        ^
      5 |     await page.goto('/');
      6 |     await page.waitForSelector('[data-testid="app"]', { timeout: 10000 });
      7 |     await page.click('button:has-text("Dynamic")');
        at /Users/peterhanssens/consulting/Leptos/tailwind-rs/demos/leptos-demo/tests/dynamic-page.spec.ts:4:8

    Error: page.click: Test timeout of 30000ms exceeded.
    Call log:
      - waiting for locator('button:has-text("Dynamic")')


       5 |     await page.goto('/');
       6 |     await page.waitForSelector('[data-testid="app"]', { timeout: 10000 });
    >  7 |     await page.click('button:has-text("Dynamic")');
         |                ^
       8 |   });
       9 |
      10 |   test('should display dynamic class generation interface', async ({ page }) => {
        at /Users/peterhanssens/consulting/Leptos/tailwind-rs/demos/leptos-demo/tests/dynamic-page.spec.ts:7:16

    attachment #1: screenshot (image/png) ──────────────────────────────────────────────────────────
    ../test-results/dynamic-page-Dynamic-Page-should-be-responsive-Mobile-Chrome/test-failed-1.png
    ────────────────────────────────────────────────────────────────────────────────────────────────

    attachment #2: video (video/webm) ──────────────────────────────────────────────────────────────
    ../test-results/dynamic-page-Dynamic-Page-should-be-responsive-Mobile-Chrome/video.webm
    ────────────────────────────────────────────────────────────────────────────────────────────────

    Error Context: ../test-results/dynamic-page-Dynamic-Page-should-be-responsive-Mobile-Chrome/error-context.md
]]>
</failure>
<system-out>
<![CDATA[
[[ATTACHMENT|test-results/dynamic-page-Dynamic-Page-should-be-responsive-Mobile-Chrome/test-failed-1.png]]

[[ATTACHMENT|test-results/dynamic-page-Dynamic-Page-should-be-responsive-Mobile-Chrome/video.webm]]

[[ATTACHMENT|test-results/dynamic-page-Dynamic-Page-should-be-responsive-Mobile-Chrome/error-context.md]]
]]>
</system-out>
</testcase>
<testcase name="Dynamic Page › should maintain state across navigation" classname="dynamic-page.spec.ts" time="30.62">
<failure message="dynamic-page.spec.ts:128:3 should maintain state across navigation" type="FAILURE">
<![CDATA[  [Mobile Chrome] › dynamic-page.spec.ts:128:3 › Dynamic Page › should maintain state across navigation 

    Test timeout of 30000ms exceeded while running "beforeEach" hook.

      2 |
      3 | test.describe('Dynamic Page', () => {
    > 4 |   test.beforeEach(async ({ page }) => {
        |        ^
      5 |     await page.goto('/');
      6 |     await page.waitForSelector('[data-testid="app"]', { timeout: 10000 });
      7 |     await page.click('button:has-text("Dynamic")');
        at /Users/peterhanssens/consulting/Leptos/tailwind-rs/demos/leptos-demo/tests/dynamic-page.spec.ts:4:8

    Error: page.click: Test timeout of 30000ms exceeded.
    Call log:
      - waiting for locator('button:has-text("Dynamic")')


       5 |     await page.goto('/');
       6 |     await page.waitForSelector('[data-testid="app"]', { timeout: 10000 });
    >  7 |     await page.click('button:has-text("Dynamic")');
         |                ^
       8 |   });
       9 |
      10 |   test('should display dynamic class generation interface', async ({ page }) => {
        at /Users/peterhanssens/consulting/Leptos/tailwind-rs/demos/leptos-demo/tests/dynamic-page.spec.ts:7:16

    attachment #1: screenshot (image/png) ──────────────────────────────────────────────────────────
    ../test-results/dynamic-page-Dynamic-Page--f75e5-ain-state-across-navigation-Mobile-Chrome/test-failed-1.png
    ────────────────────────────────────────────────────────────────────────────────────────────────

    attachment #2: video (video/webm) ──────────────────────────────────────────────────────────────
    ../test-results/dynamic-page-Dynamic-Page--f75e5-ain-state-across-navigation-Mobile-Chrome/video.webm
    ────────────────────────────────────────────────────────────────────────────────────────────────

    Error Context: ../test-results/dynamic-page-Dynamic-Page--f75e5-ain-state-across-navigation-Mobile-Chrome/error-context.md
]]>
</failure>
<system-out>
<![CDATA[
[[ATTACHMENT|test-results/dynamic-page-Dynamic-Page--f75e5-ain-state-across-navigation-Mobile-Chrome/test-failed-1.png]]

[[ATTACHMENT|test-results/dynamic-page-Dynamic-Page--f75e5-ain-state-across-navigation-Mobile-Chrome/video.webm]]

[[ATTACHMENT|test-results/dynamic-page-Dynamic-Page--f75e5-ain-state-across-navigation-Mobile-Chrome/error-context.md]]
]]>
</system-out>
</testcase>
</testsuite>
<testsuite name="e2e-workflow.spec.ts" timestamp="2025-09-28T10:07:22.421Z" hostname="Mobile Chrome" tests="8" failures="8" skipped="0" time="195.3" errors="0">
<testcase name="End-to-End Workflow › should complete full user journey" classname="e2e-workflow.spec.ts" time="5.667">
<failure message="e2e-workflow.spec.ts:9:3 should complete full user journey" type="FAILURE">
<![CDATA[  [Mobile Chrome] › e2e-workflow.spec.ts:9:3 › End-to-End Workflow › should complete full user journey 

    Error: expect(locator).toBeVisible() failed

    Locator:  locator('p:has-text("Experience the power of Rust-native Tailwind CSS")')
    Expected: visible
    Received: <element(s) not found>
    Timeout:  5000ms

    Call log:
      - Expect "toBeVisible" with timeout 5000ms
      - waiting for locator('p:has-text("Experience the power of Rust-native Tailwind CSS")')


      10 |     // 1. User lands on home page
      11 |     await expect(page.locator('h1:has-text("Tailwind-RS Demo")')).toBeVisible();
    > 12 |     await expect(page.locator('p:has-text("Experience the power of Rust-native Tailwind CSS")')).toBeVisible();
         |                                                                                                  ^
      13 |     
      14 |     // 2. User explores feature cards
      15 |     const featureCards = page.locator('.bg-white.dark\\:bg-gray-800.rounded-lg.shadow-md');
        at /Users/peterhanssens/consulting/Leptos/tailwind-rs/demos/leptos-demo/tests/e2e-workflow.spec.ts:12:98

    attachment #1: screenshot (image/png) ──────────────────────────────────────────────────────────
    ../test-results/e2e-workflow-End-to-End-Wo-ececa--complete-full-user-journey-Mobile-Chrome/test-failed-1.png
    ────────────────────────────────────────────────────────────────────────────────────────────────

    attachment #2: video (video/webm) ──────────────────────────────────────────────────────────────
    ../test-results/e2e-workflow-End-to-End-Wo-ececa--complete-full-user-journey-Mobile-Chrome/video.webm
    ────────────────────────────────────────────────────────────────────────────────────────────────

    Error Context: ../test-results/e2e-workflow-End-to-End-Wo-ececa--complete-full-user-journey-Mobile-Chrome/error-context.md
]]>
</failure>
<system-out>
<![CDATA[
[[ATTACHMENT|test-results/e2e-workflow-End-to-End-Wo-ececa--complete-full-user-journey-Mobile-Chrome/test-failed-1.png]]

[[ATTACHMENT|test-results/e2e-workflow-End-to-End-Wo-ececa--complete-full-user-journey-Mobile-Chrome/video.webm]]

[[ATTACHMENT|test-results/e2e-workflow-End-to-End-Wo-ececa--complete-full-user-journey-Mobile-Chrome/error-context.md]]
]]>
</system-out>
</testcase>
<testcase name="End-to-End Workflow › should handle theme switching throughout journey" classname="e2e-workflow.spec.ts" time="5.648">
<failure message="e2e-workflow.spec.ts:70:3 should handle theme switching throughout journey" type="FAILURE">
<![CDATA[  [Mobile Chrome] › e2e-workflow.spec.ts:70:3 › End-to-End Workflow › should handle theme switching throughout journey 

    Error: expect(locator).toBeVisible() failed

    Locator:  locator('button:has-text("☀️")')
    Expected: visible
    Received: <element(s) not found>
    Timeout:  5000ms

    Call log:
      - Expect "toBeVisible" with timeout 5000ms
      - waiting for locator('button:has-text("☀️")')


      70 |   test('should handle theme switching throughout journey', async ({ page }) => {
      71 |     // Start in light mode
    > 72 |     await expect(page.locator('button:has-text("☀️")')).toBeVisible();
         |                                                         ^
      73 |     
      74 |     // Navigate to components page
      75 |     await page.click('button:has-text("Components")');
        at /Users/peterhanssens/consulting/Leptos/tailwind-rs/demos/leptos-demo/tests/e2e-workflow.spec.ts:72:57

    attachment #1: screenshot (image/png) ──────────────────────────────────────────────────────────
    ../test-results/e2e-workflow-End-to-End-Wo-463a5-witching-throughout-journey-Mobile-Chrome/test-failed-1.png
    ────────────────────────────────────────────────────────────────────────────────────────────────

    attachment #2: video (video/webm) ──────────────────────────────────────────────────────────────
    ../test-results/e2e-workflow-End-to-End-Wo-463a5-witching-throughout-journey-Mobile-Chrome/video.webm
    ────────────────────────────────────────────────────────────────────────────────────────────────

    Error Context: ../test-results/e2e-workflow-End-to-End-Wo-463a5-witching-throughout-journey-Mobile-Chrome/error-context.md
]]>
</failure>
<system-out>
<![CDATA[
[[ATTACHMENT|test-results/e2e-workflow-End-to-End-Wo-463a5-witching-throughout-journey-Mobile-Chrome/test-failed-1.png]]

[[ATTACHMENT|test-results/e2e-workflow-End-to-End-Wo-463a5-witching-throughout-journey-Mobile-Chrome/video.webm]]

[[ATTACHMENT|test-results/e2e-workflow-End-to-End-Wo-463a5-witching-throughout-journey-Mobile-Chrome/error-context.md]]
]]>
</system-out>
</testcase>
<testcase name="End-to-End Workflow › should maintain state across navigation" classname="e2e-workflow.spec.ts" time="30.667">
<failure message="e2e-workflow.spec.ts:95:3 should maintain state across navigation" type="FAILURE">
<![CDATA[  [Mobile Chrome] › e2e-workflow.spec.ts:95:3 › End-to-End Workflow › should maintain state across navigation 

    Test timeout of 30000ms exceeded.

    Error: page.click: Test timeout of 30000ms exceeded.
    Call log:
      - waiting for locator('button:has-text("Dynamic")')


       95 |   test('should maintain state across navigation', async ({ page }) => {
       96 |     // Navigate to dynamic page
    >  97 |     await page.click('button:has-text("Dynamic")');
          |                ^
       98 |     await expect(page.locator('h2:has-text("Dynamic Class Generation")')).toBeVisible();
       99 |     
      100 |     // Set custom classes
        at /Users/peterhanssens/consulting/Leptos/tailwind-rs/demos/leptos-demo/tests/e2e-workflow.spec.ts:97:16

    attachment #1: screenshot (image/png) ──────────────────────────────────────────────────────────
    ../test-results/e2e-workflow-End-to-End-Wo-362bf-ain-state-across-navigation-Mobile-Chrome/test-failed-1.png
    ────────────────────────────────────────────────────────────────────────────────────────────────

    attachment #2: video (video/webm) ──────────────────────────────────────────────────────────────
    ../test-results/e2e-workflow-End-to-End-Wo-362bf-ain-state-across-navigation-Mobile-Chrome/video.webm
    ────────────────────────────────────────────────────────────────────────────────────────────────

    Error Context: ../test-results/e2e-workflow-End-to-End-Wo-362bf-ain-state-across-navigation-Mobile-Chrome/error-context.md
]]>
</failure>
<system-out>
<![CDATA[
[[ATTACHMENT|test-results/e2e-workflow-End-to-End-Wo-362bf-ain-state-across-navigation-Mobile-Chrome/test-failed-1.png]]

[[ATTACHMENT|test-results/e2e-workflow-End-to-End-Wo-362bf-ain-state-across-navigation-Mobile-Chrome/video.webm]]

[[ATTACHMENT|test-results/e2e-workflow-End-to-End-Wo-362bf-ain-state-across-navigation-Mobile-Chrome/error-context.md]]
]]>
</system-out>
</testcase>
<testcase name="End-to-End Workflow › should handle rapid navigation" classname="e2e-workflow.spec.ts" time="30.752">
<failure message="e2e-workflow.spec.ts:116:3 should handle rapid navigation" type="FAILURE">
<![CDATA[  [Mobile Chrome] › e2e-workflow.spec.ts:116:3 › End-to-End Workflow › should handle rapid navigation 

    Test timeout of 30000ms exceeded.

    Error: page.click: Test timeout of 30000ms exceeded.
    Call log:
      - waiting for locator('button:has-text("Home")')


      120 |     for (let i = 0; i < 3; i++) {
      121 |       for (const pageName of pages) {
    > 122 |         await page.click(`button:has-text("${pageName}")`);
          |                    ^
      123 |         await page.waitForTimeout(100); // Small delay
      124 |       }
      125 |     }
        at /Users/peterhanssens/consulting/Leptos/tailwind-rs/demos/leptos-demo/tests/e2e-workflow.spec.ts:122:20

    attachment #1: screenshot (image/png) ──────────────────────────────────────────────────────────
    ../test-results/e2e-workflow-End-to-End-Wo-88445-uld-handle-rapid-navigation-Mobile-Chrome/test-failed-1.png
    ────────────────────────────────────────────────────────────────────────────────────────────────

    attachment #2: video (video/webm) ──────────────────────────────────────────────────────────────
    ../test-results/e2e-workflow-End-to-End-Wo-88445-uld-handle-rapid-navigation-Mobile-Chrome/video.webm
    ────────────────────────────────────────────────────────────────────────────────────────────────

    Error Context: ../test-results/e2e-workflow-End-to-End-Wo-88445-uld-handle-rapid-navigation-Mobile-Chrome/error-context.md
]]>
</failure>
<system-out>
<![CDATA[
[[ATTACHMENT|test-results/e2e-workflow-End-to-End-Wo-88445-uld-handle-rapid-navigation-Mobile-Chrome/test-failed-1.png]]

[[ATTACHMENT|test-results/e2e-workflow-End-to-End-Wo-88445-uld-handle-rapid-navigation-Mobile-Chrome/video.webm]]

[[ATTACHMENT|test-results/e2e-workflow-End-to-End-Wo-88445-uld-handle-rapid-navigation-Mobile-Chrome/error-context.md]]
]]>
</system-out>
</testcase>
<testcase name="End-to-End Workflow › should handle concurrent user interactions" classname="e2e-workflow.spec.ts" time="30.855">
<failure message="e2e-workflow.spec.ts:132:3 should handle concurrent user interactions" type="FAILURE">
<![CDATA[  [Mobile Chrome] › e2e-workflow.spec.ts:132:3 › End-to-End Workflow › should handle concurrent user interactions 

    Test timeout of 30000ms exceeded.

    Error: page.click: Test timeout of 30000ms exceeded.
    Call log:
      - waiting for locator('button:has-text("Components")')


      133 |     // Start multiple interactions simultaneously
      134 |     const interactions = [
    > 135 |       page.click('button:has-text("Components")'),
          |            ^
      136 |       page.click('button:has-text("☀️")'),
      137 |     ];
      138 |     
        at /Users/peterhanssens/consulting/Leptos/tailwind-rs/demos/leptos-demo/tests/e2e-workflow.spec.ts:135:12

    attachment #1: screenshot (image/png) ──────────────────────────────────────────────────────────
    ../test-results/e2e-workflow-End-to-End-Wo-98ce4-oncurrent-user-interactions-Mobile-Chrome/test-failed-1.png
    ────────────────────────────────────────────────────────────────────────────────────────────────

    attachment #2: video (video/webm) ──────────────────────────────────────────────────────────────
    ../test-results/e2e-workflow-End-to-End-Wo-98ce4-oncurrent-user-interactions-Mobile-Chrome/video.webm
    ────────────────────────────────────────────────────────────────────────────────────────────────

    Error Context: ../test-results/e2e-workflow-End-to-End-Wo-98ce4-oncurrent-user-interactions-Mobile-Chrome/error-context.md
]]>
</failure>
<system-out>
<![CDATA[
[[ATTACHMENT|test-results/e2e-workflow-End-to-End-Wo-98ce4-oncurrent-user-interactions-Mobile-Chrome/test-failed-1.png]]

[[ATTACHMENT|test-results/e2e-workflow-End-to-End-Wo-98ce4-oncurrent-user-interactions-Mobile-Chrome/video.webm]]

[[ATTACHMENT|test-results/e2e-workflow-End-to-End-Wo-98ce4-oncurrent-user-interactions-Mobile-Chrome/error-context.md]]
]]>
</system-out>
</testcase>
<testcase name="End-to-End Workflow › should handle form interactions" classname="e2e-workflow.spec.ts" time="30.637">
<failure message="e2e-workflow.spec.ts:146:3 should handle form interactions" type="FAILURE">
<![CDATA[  [Mobile Chrome] › e2e-workflow.spec.ts:146:3 › End-to-End Workflow › should handle form interactions 

    Test timeout of 30000ms exceeded.

    Error: page.click: Test timeout of 30000ms exceeded.
    Call log:
      - waiting for locator('button:has-text("Dynamic")')


      146 |   test('should handle form interactions', async ({ page }) => {
      147 |     // Navigate to dynamic page
    > 148 |     await page.click('button:has-text("Dynamic")');
          |                ^
      149 |     await expect(page.locator('h2:has-text("Dynamic Class Generation")')).toBeVisible();
      150 |     
      151 |     const inputField = page.locator('input[placeholder*="Enter Tailwind classes"]');
        at /Users/peterhanssens/consulting/Leptos/tailwind-rs/demos/leptos-demo/tests/e2e-workflow.spec.ts:148:16

    attachment #1: screenshot (image/png) ──────────────────────────────────────────────────────────
    ../test-results/e2e-workflow-End-to-End-Wo-be43e-ld-handle-form-interactions-Mobile-Chrome/test-failed-1.png
    ────────────────────────────────────────────────────────────────────────────────────────────────

    attachment #2: video (video/webm) ──────────────────────────────────────────────────────────────
    ../test-results/e2e-workflow-End-to-End-Wo-be43e-ld-handle-form-interactions-Mobile-Chrome/video.webm
    ────────────────────────────────────────────────────────────────────────────────────────────────

    Error Context: ../test-results/e2e-workflow-End-to-End-Wo-be43e-ld-handle-form-interactions-Mobile-Chrome/error-context.md
]]>
</failure>
<system-out>
<![CDATA[
[[ATTACHMENT|test-results/e2e-workflow-End-to-End-Wo-be43e-ld-handle-form-interactions-Mobile-Chrome/test-failed-1.png]]

[[ATTACHMENT|test-results/e2e-workflow-End-to-End-Wo-be43e-ld-handle-form-interactions-Mobile-Chrome/video.webm]]

[[ATTACHMENT|test-results/e2e-workflow-End-to-End-Wo-be43e-ld-handle-form-interactions-Mobile-Chrome/error-context.md]]
]]>
</system-out>
</testcase>
<testcase name="End-to-End Workflow › should handle error scenarios gracefully" classname="e2e-workflow.spec.ts" time="30.495">
<failure message="e2e-workflow.spec.ts:170:3 should handle error scenarios gracefully" type="FAILURE">
<![CDATA[  [Mobile Chrome] › e2e-workflow.spec.ts:170:3 › End-to-End Workflow › should handle error scenarios gracefully 

    Test timeout of 30000ms exceeded.

    Error: page.click: Test timeout of 30000ms exceeded.
    Call log:
      - waiting for locator('button:has-text("Dynamic")')


      170 |   test('should handle error scenarios gracefully', async ({ page }) => {
      171 |     // Navigate to dynamic page
    > 172 |     await page.click('button:has-text("Dynamic")');
          |                ^
      173 |     await expect(page.locator('h2:has-text("Dynamic Class Generation")')).toBeVisible();
      174 |     
      175 |     const inputField = page.locator('input[placeholder*="Enter Tailwind classes"]');
        at /Users/peterhanssens/consulting/Leptos/tailwind-rs/demos/leptos-demo/tests/e2e-workflow.spec.ts:172:16

    attachment #1: screenshot (image/png) ──────────────────────────────────────────────────────────
    ../test-results/e2e-workflow-End-to-End-Wo-6b0a6--error-scenarios-gracefully-Mobile-Chrome/test-failed-1.png
    ────────────────────────────────────────────────────────────────────────────────────────────────

    attachment #2: video (video/webm) ──────────────────────────────────────────────────────────────
    ../test-results/e2e-workflow-End-to-End-Wo-6b0a6--error-scenarios-gracefully-Mobile-Chrome/video.webm
    ────────────────────────────────────────────────────────────────────────────────────────────────

    Error Context: ../test-results/e2e-workflow-End-to-End-Wo-6b0a6--error-scenarios-gracefully-Mobile-Chrome/error-context.md
]]>
</failure>
<system-out>
<![CDATA[
[[ATTACHMENT|test-results/e2e-workflow-End-to-End-Wo-6b0a6--error-scenarios-gracefully-Mobile-Chrome/test-failed-1.png]]

[[ATTACHMENT|test-results/e2e-workflow-End-to-End-Wo-6b0a6--error-scenarios-gracefully-Mobile-Chrome/video.webm]]

[[ATTACHMENT|test-results/e2e-workflow-End-to-End-Wo-6b0a6--error-scenarios-gracefully-Mobile-Chrome/error-context.md]]
]]>
</system-out>
</testcase>
<testcase name="End-to-End Workflow › should handle responsive design changes" classname="e2e-workflow.spec.ts" time="30.579">
<failure message="e2e-workflow.spec.ts:198:3 should handle responsive design changes" type="FAILURE">
<![CDATA[  [Mobile Chrome] › e2e-workflow.spec.ts:198:3 › End-to-End Workflow › should handle responsive design changes 

    Test timeout of 30000ms exceeded.

    Error: page.click: Test timeout of 30000ms exceeded.
    Call log:
      - waiting for locator('button:has-text("Components")')


      202 |     
      203 |     // Navigate to components page on mobile
    > 204 |     await page.click('button:has-text("Components")');
          |                ^
      205 |     await expect(page.locator('h2:has-text("Button Components")')).toBeVisible();
      206 |     
      207 |     // Test tablet viewport
        at /Users/peterhanssens/consulting/Leptos/tailwind-rs/demos/leptos-demo/tests/e2e-workflow.spec.ts:204:16

    attachment #1: screenshot (image/png) ──────────────────────────────────────────────────────────
    ../test-results/e2e-workflow-End-to-End-Wo-0f2a9-e-responsive-design-changes-Mobile-Chrome/test-failed-1.png
    ────────────────────────────────────────────────────────────────────────────────────────────────

    attachment #2: video (video/webm) ──────────────────────────────────────────────────────────────
    ../test-results/e2e-workflow-End-to-End-Wo-0f2a9-e-responsive-design-changes-Mobile-Chrome/video.webm
    ────────────────────────────────────────────────────────────────────────────────────────────────

    Error Context: ../test-results/e2e-workflow-End-to-End-Wo-0f2a9-e-responsive-design-changes-Mobile-Chrome/error-context.md
]]>
</failure>
<system-out>
<![CDATA[
[[ATTACHMENT|test-results/e2e-workflow-End-to-End-Wo-0f2a9-e-responsive-design-changes-Mobile-Chrome/test-failed-1.png]]

[[ATTACHMENT|test-results/e2e-workflow-End-to-End-Wo-0f2a9-e-responsive-design-changes-Mobile-Chrome/video.webm]]

[[ATTACHMENT|test-results/e2e-workflow-End-to-End-Wo-0f2a9-e-responsive-design-changes-Mobile-Chrome/error-context.md]]
]]>
</system-out>
</testcase>
</testsuite>
<testsuite name="home-page.spec.ts" timestamp="2025-09-28T10:07:22.421Z" hostname="Mobile Chrome" tests="5" failures="5" skipped="0" time="53.707" errors="0">
<testcase name="Home Page › should display hero section" classname="home-page.spec.ts" time="5.634">
<failure message="home-page.spec.ts:9:3 should display hero section" type="FAILURE">
<![CDATA[  [Mobile Chrome] › home-page.spec.ts:9:3 › Home Page › should display hero section ────────────────

    Error: expect(locator).toBeVisible() failed

    Locator:  locator('h1:has-text("Tailwind-RS Demo - Actually Using Core Models!")')
    Expected: visible
    Received: <element(s) not found>
    Timeout:  5000ms

    Call log:
      - Expect "toBeVisible" with timeout 5000ms
      - waiting for locator('h1:has-text("Tailwind-RS Demo - Actually Using Core Models!")')


      10 |     // Check main title
      11 |     const title = page.locator('h1:has-text("Tailwind-RS Demo - Actually Using Core Models!")');
    > 12 |     await expect(title).toBeVisible();
         |                         ^
      13 |     await expect(title).toHaveClass(/text-4xl/);
      14 |
      15 |     // Check that the demo shows the dynamic class preview
        at /Users/peterhanssens/consulting/Leptos/tailwind-rs/demos/leptos-demo/tests/home-page.spec.ts:12:25

    attachment #1: screenshot (image/png) ──────────────────────────────────────────────────────────
    ../test-results/home-page-Home-Page-should-display-hero-section-Mobile-Chrome/test-failed-1.png
    ────────────────────────────────────────────────────────────────────────────────────────────────

    attachment #2: video (video/webm) ──────────────────────────────────────────────────────────────
    ../test-results/home-page-Home-Page-should-display-hero-section-Mobile-Chrome/video.webm
    ────────────────────────────────────────────────────────────────────────────────────────────────

    Error Context: ../test-results/home-page-Home-Page-should-display-hero-section-Mobile-Chrome/error-context.md
]]>
</failure>
<system-out>
<![CDATA[
[[ATTACHMENT|test-results/home-page-Home-Page-should-display-hero-section-Mobile-Chrome/test-failed-1.png]]

[[ATTACHMENT|test-results/home-page-Home-Page-should-display-hero-section-Mobile-Chrome/video.webm]]

[[ATTACHMENT|test-results/home-page-Home-Page-should-display-hero-section-Mobile-Chrome/error-context.md]]
]]>
</system-out>
</testcase>
<testcase name="Home Page › should have dynamic class input" classname="home-page.spec.ts" time="5.752">
<failure message="home-page.spec.ts:20:3 should have dynamic class input" type="FAILURE">
<![CDATA[  [Mobile Chrome] › home-page.spec.ts:20:3 › Home Page › should have dynamic class input ───────────

    Error: expect(locator).toBeVisible() failed

    Locator:  locator('input[placeholder="Enter Tailwind classes"]')
    Expected: visible
    Received: <element(s) not found>
    Timeout:  5000ms

    Call log:
      - Expect "toBeVisible" with timeout 5000ms
      - waiting for locator('input[placeholder="Enter Tailwind classes"]')


      21 |     // Check input field exists
      22 |     const inputField = page.locator('input[placeholder="Enter Tailwind classes"]');
    > 23 |     await expect(inputField).toBeVisible();
         |                              ^
      24 |
      25 |     // Check input has proper styling
      26 |     await expect(inputField).toHaveClass(/border.*border-gray-300/);
        at /Users/peterhanssens/consulting/Leptos/tailwind-rs/demos/leptos-demo/tests/home-page.spec.ts:23:30

    attachment #1: screenshot (image/png) ──────────────────────────────────────────────────────────
    ../test-results/home-page-Home-Page-should-have-dynamic-class-input-Mobile-Chrome/test-failed-1.png
    ────────────────────────────────────────────────────────────────────────────────────────────────

    attachment #2: video (video/webm) ──────────────────────────────────────────────────────────────
    ../test-results/home-page-Home-Page-should-have-dynamic-class-input-Mobile-Chrome/video.webm
    ────────────────────────────────────────────────────────────────────────────────────────────────

    Error Context: ../test-results/home-page-Home-Page-should-have-dynamic-class-input-Mobile-Chrome/error-context.md
]]>
</failure>
<system-out>
<![CDATA[
[[ATTACHMENT|test-results/home-page-Home-Page-should-have-dynamic-class-input-Mobile-Chrome/test-failed-1.png]]

[[ATTACHMENT|test-results/home-page-Home-Page-should-have-dynamic-class-input-Mobile-Chrome/video.webm]]

[[ATTACHMENT|test-results/home-page-Home-Page-should-have-dynamic-class-input-Mobile-Chrome/error-context.md]]
]]>
</system-out>
</testcase>
<testcase name="Home Page › should display demo sections" classname="home-page.spec.ts" time="5.882">
<failure message="home-page.spec.ts:33:3 should display demo sections" type="FAILURE">
<![CDATA[  [Mobile Chrome] › home-page.spec.ts:33:3 › Home Page › should display demo sections ──────────────

    Error: expect(locator).toBeVisible() failed

    Locator:  locator('h2:has-text("Dynamic Class Preview")')
    Expected: visible
    Received: <element(s) not found>
    Timeout:  5000ms

    Call log:
      - Expect "toBeVisible" with timeout 5000ms
      - waiting for locator('h2:has-text("Dynamic Class Preview")')


      34 |     // Check for the dynamic class preview section
      35 |     const previewSection = page.locator('h2:has-text("Dynamic Class Preview")');
    > 36 |     await expect(previewSection).toBeVisible();
         |                                  ^
      37 |
      38 |     // Check for the generated CSS section
      39 |     const cssSection = page.locator('h2:has-text("Generated CSS (from Tailwind-RS Core)")');
        at /Users/peterhanssens/consulting/Leptos/tailwind-rs/demos/leptos-demo/tests/home-page.spec.ts:36:34

    attachment #1: screenshot (image/png) ──────────────────────────────────────────────────────────
    ../test-results/home-page-Home-Page-should-display-demo-sections-Mobile-Chrome/test-failed-1.png
    ────────────────────────────────────────────────────────────────────────────────────────────────

    attachment #2: video (video/webm) ──────────────────────────────────────────────────────────────
    ../test-results/home-page-Home-Page-should-display-demo-sections-Mobile-Chrome/video.webm
    ────────────────────────────────────────────────────────────────────────────────────────────────

    Error Context: ../test-results/home-page-Home-Page-should-display-demo-sections-Mobile-Chrome/error-context.md
]]>
</failure>
<system-out>
<![CDATA[
[[ATTACHMENT|test-results/home-page-Home-Page-should-display-demo-sections-Mobile-Chrome/test-failed-1.png]]

[[ATTACHMENT|test-results/home-page-Home-Page-should-display-demo-sections-Mobile-Chrome/video.webm]]

[[ATTACHMENT|test-results/home-page-Home-Page-should-display-demo-sections-Mobile-Chrome/error-context.md]]
]]>
</system-out>
</testcase>
<testcase name="Home Page › should have responsive layout" classname="home-page.spec.ts" time="5.685">
<failure message="home-page.spec.ts:53:3 should have responsive layout" type="FAILURE">
<![CDATA[  [Mobile Chrome] › home-page.spec.ts:53:3 › Home Page › should have responsive layout ─────────────

    Error: expect(locator).toBeVisible() failed

    Locator:  locator('.container.mx-auto.px-4.py-8')
    Expected: visible
    Received: <element(s) not found>
    Timeout:  5000ms

    Call log:
      - Expect "toBeVisible" with timeout 5000ms
      - waiting for locator('.container.mx-auto.px-4.py-8')


      54 |     // Check that the main container has responsive classes
      55 |     const container = page.locator('.container.mx-auto.px-4.py-8');
    > 56 |     await expect(container).toBeVisible();
         |                             ^
      57 |
      58 |     // Test mobile viewport
      59 |     await page.setViewportSize({ width: 375, height: 667 });
        at /Users/peterhanssens/consulting/Leptos/tailwind-rs/demos/leptos-demo/tests/home-page.spec.ts:56:29

    attachment #1: screenshot (image/png) ──────────────────────────────────────────────────────────
    ../test-results/home-page-Home-Page-should-have-responsive-layout-Mobile-Chrome/test-failed-1.png
    ────────────────────────────────────────────────────────────────────────────────────────────────

    attachment #2: video (video/webm) ──────────────────────────────────────────────────────────────
    ../test-results/home-page-Home-Page-should-have-responsive-layout-Mobile-Chrome/video.webm
    ────────────────────────────────────────────────────────────────────────────────────────────────

    Error Context: ../test-results/home-page-Home-Page-should-have-responsive-layout-Mobile-Chrome/error-context.md
]]>
</failure>
<system-out>
<![CDATA[
[[ATTACHMENT|test-results/home-page-Home-Page-should-have-responsive-layout-Mobile-Chrome/test-failed-1.png]]

[[ATTACHMENT|test-results/home-page-Home-Page-should-have-responsive-layout-Mobile-Chrome/video.webm]]

[[ATTACHMENT|test-results/home-page-Home-Page-should-have-responsive-layout-Mobile-Chrome/error-context.md]]
]]>
</system-out>
</testcase>
<testcase name="Home Page › should demonstrate dynamic class functionality" classname="home-page.spec.ts" time="30.754">
<failure message="home-page.spec.ts:67:3 should demonstrate dynamic class functionality" type="FAILURE">
<![CDATA[  [Mobile Chrome] › home-page.spec.ts:67:3 › Home Page › should demonstrate dynamic class functionality 

    Test timeout of 30000ms exceeded.

    Error: locator.getAttribute: Test timeout of 30000ms exceeded.
    Call log:
      - waiting for locator('div.w-full.h-32.rounded-lg.border-2.border-dashed')


      68 |     // Get initial preview area classes - use more specific selector
      69 |     const previewArea = page.locator('div.w-full.h-32.rounded-lg.border-2.border-dashed');
    > 70 |     const initialClass = await previewArea.getAttribute('class');
         |                                            ^
      71 |
      72 |     // Type new classes into the input
      73 |     const inputField = page.locator('input[placeholder="Enter Tailwind classes"]');
        at /Users/peterhanssens/consulting/Leptos/tailwind-rs/demos/leptos-demo/tests/home-page.spec.ts:70:44

    attachment #1: screenshot (image/png) ──────────────────────────────────────────────────────────
    ../test-results/home-page-Home-Page-should-2b34a-dynamic-class-functionality-Mobile-Chrome/test-failed-1.png
    ────────────────────────────────────────────────────────────────────────────────────────────────

    attachment #2: video (video/webm) ──────────────────────────────────────────────────────────────
    ../test-results/home-page-Home-Page-should-2b34a-dynamic-class-functionality-Mobile-Chrome/video.webm
    ────────────────────────────────────────────────────────────────────────────────────────────────

    Error Context: ../test-results/home-page-Home-Page-should-2b34a-dynamic-class-functionality-Mobile-Chrome/error-context.md
]]>
</failure>
<system-out>
<![CDATA[
[[ATTACHMENT|test-results/home-page-Home-Page-should-2b34a-dynamic-class-functionality-Mobile-Chrome/test-failed-1.png]]

[[ATTACHMENT|test-results/home-page-Home-Page-should-2b34a-dynamic-class-functionality-Mobile-Chrome/video.webm]]

[[ATTACHMENT|test-results/home-page-Home-Page-should-2b34a-dynamic-class-functionality-Mobile-Chrome/error-context.md]]
]]>
</system-out>
</testcase>
</testsuite>
<testsuite name="navigation.spec.ts" timestamp="2025-09-28T10:07:22.421Z" hostname="Mobile Chrome" tests="5" failures="5" skipped="0" time="54.067" errors="0">
<testcase name="Navigation › should display the header with logo and navigation" classname="navigation.spec.ts" time="5.636">
<failure message="navigation.spec.ts:10:3 should display the header with logo and navigation" type="FAILURE">
<![CDATA[  [Mobile Chrome] › navigation.spec.ts:10:3 › Navigation › should display the header with logo and navigation 

    Error: expect(locator).toBeVisible() failed

    Locator:  locator('header')
    Expected: visible
    Received: <element(s) not found>
    Timeout:  5000ms

    Call log:
      - Expect "toBeVisible" with timeout 5000ms
      - waiting for locator('header')


      11 |     // Check header is visible
      12 |     const header = page.locator('header');
    > 13 |     await expect(header).toBeVisible();
         |                          ^
      14 |     
      15 |     // Check logo
      16 |     const logo = header.locator('h1');
        at /Users/peterhanssens/consulting/Leptos/tailwind-rs/demos/leptos-demo/tests/navigation.spec.ts:13:26

    attachment #1: screenshot (image/png) ──────────────────────────────────────────────────────────
    ../test-results/navigation-Navigation-shou-9cb86-er-with-logo-and-navigation-Mobile-Chrome/test-failed-1.png
    ────────────────────────────────────────────────────────────────────────────────────────────────

    attachment #2: video (video/webm) ──────────────────────────────────────────────────────────────
    ../test-results/navigation-Navigation-shou-9cb86-er-with-logo-and-navigation-Mobile-Chrome/video.webm
    ────────────────────────────────────────────────────────────────────────────────────────────────

    Error Context: ../test-results/navigation-Navigation-shou-9cb86-er-with-logo-and-navigation-Mobile-Chrome/error-context.md
]]>
</failure>
<system-out>
<![CDATA[
[[ATTACHMENT|test-results/navigation-Navigation-shou-9cb86-er-with-logo-and-navigation-Mobile-Chrome/test-failed-1.png]]

[[ATTACHMENT|test-results/navigation-Navigation-shou-9cb86-er-with-logo-and-navigation-Mobile-Chrome/video.webm]]

[[ATTACHMENT|test-results/navigation-Navigation-shou-9cb86-er-with-logo-and-navigation-Mobile-Chrome/error-context.md]]
]]>
</system-out>
</testcase>
<testcase name="Navigation › should navigate between pages" classname="navigation.spec.ts" time="30.92">
<failure message="navigation.spec.ts:29:3 should navigate between pages" type="FAILURE">
<![CDATA[  [Mobile Chrome] › navigation.spec.ts:29:3 › Navigation › should navigate between pages ───────────

    Test timeout of 30000ms exceeded.

    Error: page.click: Test timeout of 30000ms exceeded.
    Call log:
      - waiting for locator('button:has-text("Components")')


      32 |     
      33 |     // Navigate to Components page
    > 34 |     await page.click('button:has-text("Components")');
         |                ^
      35 |     await expect(page.locator('h2:has-text("Button Components")')).toBeVisible();
      36 |     
      37 |     // Navigate to Dynamic page
        at /Users/peterhanssens/consulting/Leptos/tailwind-rs/demos/leptos-demo/tests/navigation.spec.ts:34:16

    attachment #1: screenshot (image/png) ──────────────────────────────────────────────────────────
    ../test-results/navigation-Navigation-should-navigate-between-pages-Mobile-Chrome/test-failed-1.png
    ────────────────────────────────────────────────────────────────────────────────────────────────

    attachment #2: video (video/webm) ──────────────────────────────────────────────────────────────
    ../test-results/navigation-Navigation-should-navigate-between-pages-Mobile-Chrome/video.webm
    ────────────────────────────────────────────────────────────────────────────────────────────────

    Error Context: ../test-results/navigation-Navigation-should-navigate-between-pages-Mobile-Chrome/error-context.md
]]>
</failure>
<system-out>
<![CDATA[
[[ATTACHMENT|test-results/navigation-Navigation-should-navigate-between-pages-Mobile-Chrome/test-failed-1.png]]

[[ATTACHMENT|test-results/navigation-Navigation-should-navigate-between-pages-Mobile-Chrome/video.webm]]

[[ATTACHMENT|test-results/navigation-Navigation-should-navigate-between-pages-Mobile-Chrome/error-context.md]]
]]>
</system-out>
</testcase>
<testcase name="Navigation › should highlight active navigation item" classname="navigation.spec.ts" time="5.683">
<failure message="navigation.spec.ts:46:3 should highlight active navigation item" type="FAILURE">
<![CDATA[  [Mobile Chrome] › navigation.spec.ts:46:3 › Navigation › should highlight active navigation item ─

    Error: expect(locator).toHaveClass(expected) failed

    Locator: locator('button:has-text("Home")')
    Expected pattern: /bg-blue-100/
    Received: <element(s) not found>
    Timeout: 5000ms

    Call log:
      - Expect "toHaveClass" with timeout 5000ms
      - waiting for locator('button:has-text("Home")')


      47 |     // Home should be active by default
      48 |     const homeButton = page.locator('button:has-text("Home")');
    > 49 |     await expect(homeButton).toHaveClass(/bg-blue-100/);
         |                              ^
      50 |     
      51 |     // Navigate to Components
      52 |     await page.click('button:has-text("Components")');
        at /Users/peterhanssens/consulting/Leptos/tailwind-rs/demos/leptos-demo/tests/navigation.spec.ts:49:30

    attachment #1: screenshot (image/png) ──────────────────────────────────────────────────────────
    ../test-results/navigation-Navigation-shou-76141-ight-active-navigation-item-Mobile-Chrome/test-failed-1.png
    ────────────────────────────────────────────────────────────────────────────────────────────────

    attachment #2: video (video/webm) ──────────────────────────────────────────────────────────────
    ../test-results/navigation-Navigation-shou-76141-ight-active-navigation-item-Mobile-Chrome/video.webm
    ────────────────────────────────────────────────────────────────────────────────────────────────

    Error Context: ../test-results/navigation-Navigation-shou-76141-ight-active-navigation-item-Mobile-Chrome/error-context.md
]]>
</failure>
<system-out>
<![CDATA[
[[ATTACHMENT|test-results/navigation-Navigation-shou-76141-ight-active-navigation-item-Mobile-Chrome/test-failed-1.png]]

[[ATTACHMENT|test-results/navigation-Navigation-shou-76141-ight-active-navigation-item-Mobile-Chrome/video.webm]]

[[ATTACHMENT|test-results/navigation-Navigation-shou-76141-ight-active-navigation-item-Mobile-Chrome/error-context.md]]
]]>
</system-out>
</testcase>
<testcase name="Navigation › should toggle theme" classname="navigation.spec.ts" time="5.955">
<failure message="navigation.spec.ts:58:3 should toggle theme" type="FAILURE">
<![CDATA[  [Mobile Chrome] › navigation.spec.ts:58:3 › Navigation › should toggle theme ─────────────────────

    Error: expect(locator).toBeVisible() failed

    Locator:  locator('button:has-text("☀️")')
    Expected: visible
    Received: <element(s) not found>
    Timeout:  5000ms

    Call log:
      - Expect "toBeVisible" with timeout 5000ms
      - waiting for locator('button:has-text("☀️")')


      58 |   test('should toggle theme', async ({ page }) => {
      59 |     const themeButton = page.locator('button:has-text("☀️")');
    > 60 |     await expect(themeButton).toBeVisible();
         |                               ^
      61 |     
      62 |     // Click theme toggle
      63 |     await themeButton.click();
        at /Users/peterhanssens/consulting/Leptos/tailwind-rs/demos/leptos-demo/tests/navigation.spec.ts:60:31

    attachment #1: screenshot (image/png) ──────────────────────────────────────────────────────────
    ../test-results/navigation-Navigation-should-toggle-theme-Mobile-Chrome/test-failed-1.png
    ────────────────────────────────────────────────────────────────────────────────────────────────

    attachment #2: video (video/webm) ──────────────────────────────────────────────────────────────
    ../test-results/navigation-Navigation-should-toggle-theme-Mobile-Chrome/video.webm
    ────────────────────────────────────────────────────────────────────────────────────────────────

    Error Context: ../test-results/navigation-Navigation-should-toggle-theme-Mobile-Chrome/error-context.md
]]>
</failure>
<system-out>
<![CDATA[
[[ATTACHMENT|test-results/navigation-Navigation-should-toggle-theme-Mobile-Chrome/test-failed-1.png]]

[[ATTACHMENT|test-results/navigation-Navigation-should-toggle-theme-Mobile-Chrome/video.webm]]

[[ATTACHMENT|test-results/navigation-Navigation-should-toggle-theme-Mobile-Chrome/error-context.md]]
]]>
</system-out>
</testcase>
<testcase name="Navigation › should display footer" classname="navigation.spec.ts" time="5.873">
<failure message="navigation.spec.ts:77:3 should display footer" type="FAILURE">
<![CDATA[  [Mobile Chrome] › navigation.spec.ts:77:3 › Navigation › should display footer ───────────────────

    Error: expect(locator).toBeVisible() failed

    Locator:  locator('footer')
    Expected: visible
    Received: <element(s) not found>
    Timeout:  5000ms

    Call log:
      - Expect "toBeVisible" with timeout 5000ms
      - waiting for locator('footer')


      77 |   test('should display footer', async ({ page }) => {
      78 |     const footer = page.locator('footer');
    > 79 |     await expect(footer).toBeVisible();
         |                          ^
      80 |     await expect(footer).toContainText('Built with ❤️ using Tailwind-RS and Leptos');
      81 |     await expect(footer).toContainText('Rust-native Tailwind CSS implementation');
      82 |   });
        at /Users/peterhanssens/consulting/Leptos/tailwind-rs/demos/leptos-demo/tests/navigation.spec.ts:79:26

    attachment #1: screenshot (image/png) ──────────────────────────────────────────────────────────
    ../test-results/navigation-Navigation-should-display-footer-Mobile-Chrome/test-failed-1.png
    ────────────────────────────────────────────────────────────────────────────────────────────────

    attachment #2: video (video/webm) ──────────────────────────────────────────────────────────────
    ../test-results/navigation-Navigation-should-display-footer-Mobile-Chrome/video.webm
    ────────────────────────────────────────────────────────────────────────────────────────────────

    Error Context: ../test-results/navigation-Navigation-should-display-footer-Mobile-Chrome/error-context.md
]]>
</failure>
<system-out>
<![CDATA[
[[ATTACHMENT|test-results/navigation-Navigation-should-display-footer-Mobile-Chrome/test-failed-1.png]]

[[ATTACHMENT|test-results/navigation-Navigation-should-display-footer-Mobile-Chrome/video.webm]]

[[ATTACHMENT|test-results/navigation-Navigation-should-display-footer-Mobile-Chrome/error-context.md]]
]]>
</system-out>
</testcase>
</testsuite>
<testsuite name="performance.spec.ts" timestamp="2025-09-28T10:07:22.421Z" hostname="Mobile Chrome" tests="8" failures="7" skipped="0" time="216.102" errors="0">
<testcase name="Performance › should load quickly" classname="performance.spec.ts" time="0.834">
</testcase>
<testcase name="Performance › should have efficient navigation" classname="performance.spec.ts" time="30.605">
<failure message="performance.spec.ts:19:3 should have efficient navigation" type="FAILURE">
<![CDATA[  [Mobile Chrome] › performance.spec.ts:19:3 › Performance › should have efficient navigation ──────

    Test timeout of 30000ms exceeded.

    Error: page.click: Test timeout of 30000ms exceeded.
    Call log:
      - waiting for locator('button:has-text("Components")')


      21 |     
      22 |     // Navigate through all pages
    > 23 |     await page.click('button:has-text("Components")');
         |                ^
      24 |     await page.waitForSelector('h2:has-text("Button Components")');
      25 |     
      26 |     await page.click('button:has-text("Dynamic")');
        at /Users/peterhanssens/consulting/Leptos/tailwind-rs/demos/leptos-demo/tests/performance.spec.ts:23:16

    attachment #1: screenshot (image/png) ──────────────────────────────────────────────────────────
    ../test-results/performance-Performance-should-have-efficient-navigation-Mobile-Chrome/test-failed-1.png
    ────────────────────────────────────────────────────────────────────────────────────────────────

    attachment #2: video (video/webm) ──────────────────────────────────────────────────────────────
    ../test-results/performance-Performance-should-have-efficient-navigation-Mobile-Chrome/video.webm
    ────────────────────────────────────────────────────────────────────────────────────────────────

    Error Context: ../test-results/performance-Performance-should-have-efficient-navigation-Mobile-Chrome/error-context.md
]]>
</failure>
<system-out>
<![CDATA[
[[ATTACHMENT|test-results/performance-Performance-should-have-efficient-navigation-Mobile-Chrome/test-failed-1.png]]

[[ATTACHMENT|test-results/performance-Performance-should-have-efficient-navigation-Mobile-Chrome/video.webm]]

[[ATTACHMENT|test-results/performance-Performance-should-have-efficient-navigation-Mobile-Chrome/error-context.md]]
]]>
</system-out>
</testcase>
<testcase name="Performance › should handle dynamic class generation efficiently" classname="performance.spec.ts" time="31.098">
<failure message="performance.spec.ts:38:3 should handle dynamic class generation efficiently" type="FAILURE">
<![CDATA[  [Mobile Chrome] › performance.spec.ts:38:3 › Performance › should handle dynamic class generation efficiently 

    Test timeout of 30000ms exceeded.

    Error: page.click: Test timeout of 30000ms exceeded.
    Call log:
      - waiting for locator('button:has-text("Dynamic")')


      37 |
      38 |   test('should handle dynamic class generation efficiently', async ({ page }) => {
    > 39 |     await page.click('button:has-text("Dynamic")');
         |                ^
      40 |     
      41 |     const inputField = page.locator('input[placeholder*="Enter Tailwind classes"]');
      42 |     const previewArea = page.locator('.w-full.h-32.rounded-lg.border-2.border-dashed');
        at /Users/peterhanssens/consulting/Leptos/tailwind-rs/demos/leptos-demo/tests/performance.spec.ts:39:16

    attachment #1: screenshot (image/png) ──────────────────────────────────────────────────────────
    ../test-results/performance-Performance-sh-7b442-lass-generation-efficiently-Mobile-Chrome/test-failed-1.png
    ────────────────────────────────────────────────────────────────────────────────────────────────

    attachment #2: video (video/webm) ──────────────────────────────────────────────────────────────
    ../test-results/performance-Performance-sh-7b442-lass-generation-efficiently-Mobile-Chrome/video.webm
    ────────────────────────────────────────────────────────────────────────────────────────────────

    Error Context: ../test-results/performance-Performance-sh-7b442-lass-generation-efficiently-Mobile-Chrome/error-context.md
]]>
</failure>
<system-out>
<![CDATA[
[[ATTACHMENT|test-results/performance-Performance-sh-7b442-lass-generation-efficiently-Mobile-Chrome/test-failed-1.png]]

[[ATTACHMENT|test-results/performance-Performance-sh-7b442-lass-generation-efficiently-Mobile-Chrome/video.webm]]

[[ATTACHMENT|test-results/performance-Performance-sh-7b442-lass-generation-efficiently-Mobile-Chrome/error-context.md]]
]]>
</system-out>
</testcase>
<testcase name="Performance › should handle theme switching efficiently" classname="performance.spec.ts" time="30.614">
<failure message="performance.spec.ts:59:3 should handle theme switching efficiently" type="FAILURE">
<![CDATA[  [Mobile Chrome] › performance.spec.ts:59:3 › Performance › should handle theme switching efficiently 

    Test timeout of 30000ms exceeded.

    Error: page.click: Test timeout of 30000ms exceeded.
    Call log:
      - waiting for locator('button:has-text("☀️"), button:has-text("🌙")')


      62 |     // Toggle theme multiple times
      63 |     for (let i = 0; i < 5; i++) {
    > 64 |       await page.click('button:has-text("☀️"), button:has-text("🌙")');
         |                  ^
      65 |       await page.waitForTimeout(50); // Small delay to allow updates
      66 |     }
      67 |     
        at /Users/peterhanssens/consulting/Leptos/tailwind-rs/demos/leptos-demo/tests/performance.spec.ts:64:18

    attachment #1: screenshot (image/png) ──────────────────────────────────────────────────────────
    ../test-results/performance-Performance-sh-cb116-theme-switching-efficiently-Mobile-Chrome/test-failed-1.png
    ────────────────────────────────────────────────────────────────────────────────────────────────

    attachment #2: video (video/webm) ──────────────────────────────────────────────────────────────
    ../test-results/performance-Performance-sh-cb116-theme-switching-efficiently-Mobile-Chrome/video.webm
    ────────────────────────────────────────────────────────────────────────────────────────────────

    Error Context: ../test-results/performance-Performance-sh-cb116-theme-switching-efficiently-Mobile-Chrome/error-context.md
]]>
</failure>
<system-out>
<![CDATA[
[[ATTACHMENT|test-results/performance-Performance-sh-cb116-theme-switching-efficiently-Mobile-Chrome/test-failed-1.png]]

[[ATTACHMENT|test-results/performance-Performance-sh-cb116-theme-switching-efficiently-Mobile-Chrome/video.webm]]

[[ATTACHMENT|test-results/performance-Performance-sh-cb116-theme-switching-efficiently-Mobile-Chrome/error-context.md]]
]]>
</system-out>
</testcase>
<testcase name="Performance › should not have memory leaks during navigation" classname="performance.spec.ts" time="30.676">
<failure message="performance.spec.ts:74:3 should not have memory leaks during navigation" type="FAILURE">
<![CDATA[  [Mobile Chrome] › performance.spec.ts:74:3 › Performance › should not have memory leaks during navigation 

    Test timeout of 30000ms exceeded.

    Error: page.click: Test timeout of 30000ms exceeded.
    Call log:
      - waiting for locator('button:has-text("Home")')


      75 |     // Navigate between pages multiple times
      76 |     for (let i = 0; i < 10; i++) {
    > 77 |       await page.click('button:has-text("Home")');
         |                  ^
      78 |       await page.waitForSelector('h1:has-text("Tailwind-RS Demo")');
      79 |       
      80 |       await page.click('button:has-text("Components")');
        at /Users/peterhanssens/consulting/Leptos/tailwind-rs/demos/leptos-demo/tests/performance.spec.ts:77:18

    attachment #1: screenshot (image/png) ──────────────────────────────────────────────────────────
    ../test-results/performance-Performance-sh-19d16-ory-leaks-during-navigation-Mobile-Chrome/test-failed-1.png
    ────────────────────────────────────────────────────────────────────────────────────────────────

    attachment #2: video (video/webm) ──────────────────────────────────────────────────────────────
    ../test-results/performance-Performance-sh-19d16-ory-leaks-during-navigation-Mobile-Chrome/video.webm
    ────────────────────────────────────────────────────────────────────────────────────────────────

    Error Context: ../test-results/performance-Performance-sh-19d16-ory-leaks-during-navigation-Mobile-Chrome/error-context.md
]]>
</failure>
<system-out>
<![CDATA[
[[ATTACHMENT|test-results/performance-Performance-sh-19d16-ory-leaks-during-navigation-Mobile-Chrome/test-failed-1.png]]

[[ATTACHMENT|test-results/performance-Performance-sh-19d16-ory-leaks-during-navigation-Mobile-Chrome/video.webm]]

[[ATTACHMENT|test-results/performance-Performance-sh-19d16-ory-leaks-during-navigation-Mobile-Chrome/error-context.md]]
]]>
</system-out>
</testcase>
<testcase name="Performance › should handle rapid input changes" classname="performance.spec.ts" time="30.394">
<failure message="performance.spec.ts:92:3 should handle rapid input changes" type="FAILURE">
<![CDATA[  [Mobile Chrome] › performance.spec.ts:92:3 › Performance › should handle rapid input changes ─────

    Test timeout of 30000ms exceeded.

    Error: page.click: Test timeout of 30000ms exceeded.
    Call log:
      - waiting for locator('button:has-text("Dynamic")')


      91 |
      92 |   test('should handle rapid input changes', async ({ page }) => {
    > 93 |     await page.click('button:has-text("Dynamic")');
         |                ^
      94 |     
      95 |     const inputField = page.locator('input[placeholder*="Enter Tailwind classes"]');
      96 |     
        at /Users/peterhanssens/consulting/Leptos/tailwind-rs/demos/leptos-demo/tests/performance.spec.ts:93:16

    attachment #1: screenshot (image/png) ──────────────────────────────────────────────────────────
    ../test-results/performance-Performance-should-handle-rapid-input-changes-Mobile-Chrome/test-failed-1.png
    ────────────────────────────────────────────────────────────────────────────────────────────────

    attachment #2: video (video/webm) ──────────────────────────────────────────────────────────────
    ../test-results/performance-Performance-should-handle-rapid-input-changes-Mobile-Chrome/video.webm
    ────────────────────────────────────────────────────────────────────────────────────────────────

    Error Context: ../test-results/performance-Performance-should-handle-rapid-input-changes-Mobile-Chrome/error-context.md
]]>
</failure>
<system-out>
<![CDATA[
[[ATTACHMENT|test-results/performance-Performance-should-handle-rapid-input-changes-Mobile-Chrome/test-failed-1.png]]

[[ATTACHMENT|test-results/performance-Performance-should-handle-rapid-input-changes-Mobile-Chrome/video.webm]]

[[ATTACHMENT|test-results/performance-Performance-should-handle-rapid-input-changes-Mobile-Chrome/error-context.md]]
]]>
</system-out>
</testcase>
<testcase name="Performance › should maintain performance with many elements" classname="performance.spec.ts" time="30.91">
<failure message="performance.spec.ts:114:3 should maintain performance with many elements" type="FAILURE">
<![CDATA[  [Mobile Chrome] › performance.spec.ts:114:3 › Performance › should maintain performance with many elements 

    Test timeout of 30000ms exceeded.

    Error: page.click: Test timeout of 30000ms exceeded.
    Call log:
      - waiting for locator('button:has-text("Components")')


      113 |
      114 |   test('should maintain performance with many elements', async ({ page }) => {
    > 115 |     await page.click('button:has-text("Components")');
          |                ^
      116 |     
      117 |     // Check that all buttons are rendered efficiently
      118 |     const buttons = page.locator('button');
        at /Users/peterhanssens/consulting/Leptos/tailwind-rs/demos/leptos-demo/tests/performance.spec.ts:115:16

    attachment #1: screenshot (image/png) ──────────────────────────────────────────────────────────
    ../test-results/performance-Performance-sh-fc2ea-formance-with-many-elements-Mobile-Chrome/test-failed-1.png
    ────────────────────────────────────────────────────────────────────────────────────────────────

    attachment #2: video (video/webm) ──────────────────────────────────────────────────────────────
    ../test-results/performance-Performance-sh-fc2ea-formance-with-many-elements-Mobile-Chrome/video.webm
    ────────────────────────────────────────────────────────────────────────────────────────────────

    Error Context: ../test-results/performance-Performance-sh-fc2ea-formance-with-many-elements-Mobile-Chrome/error-context.md
]]>
</failure>
<system-out>
<![CDATA[
[[ATTACHMENT|test-results/performance-Performance-sh-fc2ea-formance-with-many-elements-Mobile-Chrome/test-failed-1.png]]

[[ATTACHMENT|test-results/performance-Performance-sh-fc2ea-formance-with-many-elements-Mobile-Chrome/video.webm]]

[[ATTACHMENT|test-results/performance-Performance-sh-fc2ea-formance-with-many-elements-Mobile-Chrome/error-context.md]]
]]>
</system-out>
</testcase>
<testcase name="Performance › should handle concurrent user interactions" classname="performance.spec.ts" time="30.971">
<failure message="performance.spec.ts:132:3 should handle concurrent user interactions" type="FAILURE">
<![CDATA[  [Mobile Chrome] › performance.spec.ts:132:3 › Performance › should handle concurrent user interactions 

    Test timeout of 30000ms exceeded.

    Error: page.click: Test timeout of 30000ms exceeded.
    Call log:
      - waiting for locator('button:has-text("Components")')


      136 |     // Rapidly click different buttons
      137 |     const interactions = [
    > 138 |       () => page.click('button:has-text("Components")'),
          |                  ^
      139 |       () => page.click('button:has-text("Dynamic")'),
      140 |       () => page.click('button:has-text("Home")'),
      141 |       () => page.click('button:has-text("☀️"), button:has-text("🌙")'),
        at Array.<anonymous> (/Users/peterhanssens/consulting/Leptos/tailwind-rs/demos/leptos-demo/tests/performance.spec.ts:138:18)
        at /Users/peterhanssens/consulting/Leptos/tailwind-rs/demos/leptos-demo/tests/performance.spec.ts:146:50

    attachment #1: screenshot (image/png) ──────────────────────────────────────────────────────────
    ../test-results/performance-Performance-sh-67225-oncurrent-user-interactions-Mobile-Chrome/test-failed-1.png
    ────────────────────────────────────────────────────────────────────────────────────────────────

    attachment #2: video (video/webm) ──────────────────────────────────────────────────────────────
    ../test-results/performance-Performance-sh-67225-oncurrent-user-interactions-Mobile-Chrome/video.webm
    ────────────────────────────────────────────────────────────────────────────────────────────────

    Error Context: ../test-results/performance-Performance-sh-67225-oncurrent-user-interactions-Mobile-Chrome/error-context.md
]]>
</failure>
<system-out>
<![CDATA[
[[ATTACHMENT|test-results/performance-Performance-sh-67225-oncurrent-user-interactions-Mobile-Chrome/test-failed-1.png]]

[[ATTACHMENT|test-results/performance-Performance-sh-67225-oncurrent-user-interactions-Mobile-Chrome/video.webm]]

[[ATTACHMENT|test-results/performance-Performance-sh-67225-oncurrent-user-interactions-Mobile-Chrome/error-context.md]]
]]>
</system-out>
</testcase>
</testsuite>
<testsuite name="visual-regression.spec.ts" timestamp="2025-09-28T10:07:22.421Z" hostname="Mobile Chrome" tests="13" failures="13" skipped="0" time="294.802" errors="0">
<testcase name="Visual Regression › should match home page screenshot" classname="visual-regression.spec.ts" time="0.948">
<failure message="visual-regression.spec.ts:9:3 should match home page screenshot" type="FAILURE">
<![CDATA[  [Mobile Chrome] › visual-regression.spec.ts:9:3 › Visual Regression › should match home page screenshot 

    Error: A snapshot doesn't exist at /Users/peterhanssens/consulting/Leptos/tailwind-rs/demos/leptos-demo/tests/visual-regression.spec.ts-snapshots/home-page-Mobile-Chrome-darwin.png, writing actual.

       9 |   test('should match home page screenshot', async ({ page }) => {
      10 |     // Take screenshot of home page
    > 11 |     await expect(page).toHaveScreenshot('home-page.png');
         |     ^
      12 |   });
      13 |
      14 |   test('should match components page screenshot', async ({ page }) => {
        at /Users/peterhanssens/consulting/Leptos/tailwind-rs/demos/leptos-demo/tests/visual-regression.spec.ts:11:5

    attachment #1: home-page (image/png) ───────────────────────────────────────────────────────────
    Expected: visual-regression.spec.ts-snapshots/home-page-Mobile-Chrome-darwin.png
    Received: ../test-results/visual-regression-Visual-R-be63f--match-home-page-screenshot-Mobile-Chrome/home-page-actual.png
    ────────────────────────────────────────────────────────────────────────────────────────────────

    attachment #2: screenshot (image/png) ──────────────────────────────────────────────────────────
    ../test-results/visual-regression-Visual-R-be63f--match-home-page-screenshot-Mobile-Chrome/test-failed-1.png
    ────────────────────────────────────────────────────────────────────────────────────────────────

    attachment #3: video (video/webm) ──────────────────────────────────────────────────────────────
    ../test-results/visual-regression-Visual-R-be63f--match-home-page-screenshot-Mobile-Chrome/video.webm
    ────────────────────────────────────────────────────────────────────────────────────────────────

    Error Context: ../test-results/visual-regression-Visual-R-be63f--match-home-page-screenshot-Mobile-Chrome/error-context.md
]]>
</failure>
<system-out>
<![CDATA[
[[ATTACHMENT|tests/visual-regression.spec.ts-snapshots/home-page-Mobile-Chrome-darwin.png]]

[[ATTACHMENT|test-results/visual-regression-Visual-R-be63f--match-home-page-screenshot-Mobile-Chrome/home-page-actual.png]]

[[ATTACHMENT|test-results/visual-regression-Visual-R-be63f--match-home-page-screenshot-Mobile-Chrome/test-failed-1.png]]

[[ATTACHMENT|test-results/visual-regression-Visual-R-be63f--match-home-page-screenshot-Mobile-Chrome/video.webm]]

[[ATTACHMENT|test-results/visual-regression-Visual-R-be63f--match-home-page-screenshot-Mobile-Chrome/error-context.md]]
]]>
</system-out>
</testcase>
<testcase name="Visual Regression › should match components page screenshot" classname="visual-regression.spec.ts" time="30.385">
<failure message="visual-regression.spec.ts:14:3 should match components page screenshot" type="FAILURE">
<![CDATA[  [Mobile Chrome] › visual-regression.spec.ts:14:3 › Visual Regression › should match components page screenshot 

    Test timeout of 30000ms exceeded.

    Error: page.click: Test timeout of 30000ms exceeded.
    Call log:
      - waiting for locator('button:has-text("Components")')


      13 |
      14 |   test('should match components page screenshot', async ({ page }) => {
    > 15 |     await page.click('button:has-text("Components")');
         |                ^
      16 |     await page.waitForSelector('h2:has-text("Button Components")');
      17 |     
      18 |     // Take screenshot of components page
        at /Users/peterhanssens/consulting/Leptos/tailwind-rs/demos/leptos-demo/tests/visual-regression.spec.ts:15:16

    attachment #1: screenshot (image/png) ──────────────────────────────────────────────────────────
    ../test-results/visual-regression-Visual-R-c44b6--components-page-screenshot-Mobile-Chrome/test-failed-1.png
    ────────────────────────────────────────────────────────────────────────────────────────────────

    attachment #2: video (video/webm) ──────────────────────────────────────────────────────────────
    ../test-results/visual-regression-Visual-R-c44b6--components-page-screenshot-Mobile-Chrome/video.webm
    ────────────────────────────────────────────────────────────────────────────────────────────────

    Error Context: ../test-results/visual-regression-Visual-R-c44b6--components-page-screenshot-Mobile-Chrome/error-context.md
]]>
</failure>
<system-out>
<![CDATA[
[[ATTACHMENT|test-results/visual-regression-Visual-R-c44b6--components-page-screenshot-Mobile-Chrome/test-failed-1.png]]

[[ATTACHMENT|test-results/visual-regression-Visual-R-c44b6--components-page-screenshot-Mobile-Chrome/video.webm]]

[[ATTACHMENT|test-results/visual-regression-Visual-R-c44b6--components-page-screenshot-Mobile-Chrome/error-context.md]]
]]>
</system-out>
</testcase>
<testcase name="Visual Regression › should match dynamic page screenshot" classname="visual-regression.spec.ts" time="30.99">
<failure message="visual-regression.spec.ts:22:3 should match dynamic page screenshot" type="FAILURE">
<![CDATA[  [Mobile Chrome] › visual-regression.spec.ts:22:3 › Visual Regression › should match dynamic page screenshot 

    Test timeout of 30000ms exceeded.

    Error: page.click: Test timeout of 30000ms exceeded.
    Call log:
      - waiting for locator('button:has-text("Dynamic")')


      21 |
      22 |   test('should match dynamic page screenshot', async ({ page }) => {
    > 23 |     await page.click('button:has-text("Dynamic")');
         |                ^
      24 |     await page.waitForSelector('h2:has-text("Dynamic Class Generation")');
      25 |     
      26 |     // Take screenshot of dynamic page
        at /Users/peterhanssens/consulting/Leptos/tailwind-rs/demos/leptos-demo/tests/visual-regression.spec.ts:23:16

    attachment #1: screenshot (image/png) ──────────────────────────────────────────────────────────
    ../test-results/visual-regression-Visual-R-bbbc6-tch-dynamic-page-screenshot-Mobile-Chrome/test-failed-1.png
    ────────────────────────────────────────────────────────────────────────────────────────────────

    attachment #2: video (video/webm) ──────────────────────────────────────────────────────────────
    ../test-results/visual-regression-Visual-R-bbbc6-tch-dynamic-page-screenshot-Mobile-Chrome/video.webm
    ────────────────────────────────────────────────────────────────────────────────────────────────

    Error Context: ../test-results/visual-regression-Visual-R-bbbc6-tch-dynamic-page-screenshot-Mobile-Chrome/error-context.md
]]>
</failure>
<system-out>
<![CDATA[
[[ATTACHMENT|test-results/visual-regression-Visual-R-bbbc6-tch-dynamic-page-screenshot-Mobile-Chrome/test-failed-1.png]]

[[ATTACHMENT|test-results/visual-regression-Visual-R-bbbc6-tch-dynamic-page-screenshot-Mobile-Chrome/video.webm]]

[[ATTACHMENT|test-results/visual-regression-Visual-R-bbbc6-tch-dynamic-page-screenshot-Mobile-Chrome/error-context.md]]
]]>
</system-out>
</testcase>
<testcase name="Visual Regression › should match dark mode screenshots" classname="visual-regression.spec.ts" time="30.657">
<failure message="visual-regression.spec.ts:30:3 should match dark mode screenshots" type="FAILURE">
<![CDATA[  [Mobile Chrome] › visual-regression.spec.ts:30:3 › Visual Regression › should match dark mode screenshots 

    Test timeout of 30000ms exceeded.

    Error: page.click: Test timeout of 30000ms exceeded.
    Call log:
      - waiting for locator('button:has-text("☀️")')


      30 |   test('should match dark mode screenshots', async ({ page }) => {
      31 |     // Toggle to dark mode
    > 32 |     await page.click('button:has-text("☀️")');
         |                ^
      33 |     
      34 |     // Take screenshot of home page in dark mode
      35 |     await expect(page).toHaveScreenshot('home-page-dark.png');
        at /Users/peterhanssens/consulting/Leptos/tailwind-rs/demos/leptos-demo/tests/visual-regression.spec.ts:32:16

    attachment #1: screenshot (image/png) ──────────────────────────────────────────────────────────
    ../test-results/visual-regression-Visual-R-879db-match-dark-mode-screenshots-Mobile-Chrome/test-failed-1.png
    ────────────────────────────────────────────────────────────────────────────────────────────────

    attachment #2: video (video/webm) ──────────────────────────────────────────────────────────────
    ../test-results/visual-regression-Visual-R-879db-match-dark-mode-screenshots-Mobile-Chrome/video.webm
    ────────────────────────────────────────────────────────────────────────────────────────────────

    Error Context: ../test-results/visual-regression-Visual-R-879db-match-dark-mode-screenshots-Mobile-Chrome/error-context.md
]]>
</failure>
<system-out>
<![CDATA[
[[ATTACHMENT|test-results/visual-regression-Visual-R-879db-match-dark-mode-screenshots-Mobile-Chrome/test-failed-1.png]]

[[ATTACHMENT|test-results/visual-regression-Visual-R-879db-match-dark-mode-screenshots-Mobile-Chrome/video.webm]]

[[ATTACHMENT|test-results/visual-regression-Visual-R-879db-match-dark-mode-screenshots-Mobile-Chrome/error-context.md]]
]]>
</system-out>
</testcase>
<testcase name="Visual Regression › should match mobile screenshots" classname="visual-regression.spec.ts" time="30.731">
<failure message="visual-regression.spec.ts:48:3 should match mobile screenshots" type="FAILURE">
<![CDATA[  [Mobile Chrome] › visual-regression.spec.ts:48:3 › Visual Regression › should match mobile screenshots 

    Error: A snapshot doesn't exist at /Users/peterhanssens/consulting/Leptos/tailwind-rs/demos/leptos-demo/tests/visual-regression.spec.ts-snapshots/home-page-mobile-Mobile-Chrome-darwin.png, writing actual.

      51 |     
      52 |     // Take screenshot of home page on mobile
    > 53 |     await expect(page).toHaveScreenshot('home-page-mobile.png');
         |     ^
      54 |     
      55 |     // Navigate to components page on mobile
      56 |     await page.click('button:has-text("Components")');
        at /Users/peterhanssens/consulting/Leptos/tailwind-rs/demos/leptos-demo/tests/visual-regression.spec.ts:53:5

    Test timeout of 30000ms exceeded.

    Error: page.click: Test ended.
    Call log:
      - waiting for locator('button:has-text("Components")')


      54 |     
      55 |     // Navigate to components page on mobile
    > 56 |     await page.click('button:has-text("Components")');
         |                ^
      57 |     await page.waitForSelector('h2:has-text("Button Components")');
      58 |     await expect(page).toHaveScreenshot('components-page-mobile.png');
      59 |     
        at /Users/peterhanssens/consulting/Leptos/tailwind-rs/demos/leptos-demo/tests/visual-regression.spec.ts:56:16

    attachment #1: home-page-mobile (image/png) ────────────────────────────────────────────────────
    Expected: visual-regression.spec.ts-snapshots/home-page-mobile-Mobile-Chrome-darwin.png
    Received: ../test-results/visual-regression-Visual-R-006ab-ld-match-mobile-screenshots-Mobile-Chrome/home-page-mobile-actual.png
    ────────────────────────────────────────────────────────────────────────────────────────────────

    attachment #2: screenshot (image/png) ──────────────────────────────────────────────────────────
    ../test-results/visual-regression-Visual-R-006ab-ld-match-mobile-screenshots-Mobile-Chrome/test-failed-1.png
    ────────────────────────────────────────────────────────────────────────────────────────────────

    attachment #3: video (video/webm) ──────────────────────────────────────────────────────────────
    ../test-results/visual-regression-Visual-R-006ab-ld-match-mobile-screenshots-Mobile-Chrome/video.webm
    ────────────────────────────────────────────────────────────────────────────────────────────────

    Error Context: ../test-results/visual-regression-Visual-R-006ab-ld-match-mobile-screenshots-Mobile-Chrome/error-context.md
]]>
</failure>
<system-out>
<![CDATA[
[[ATTACHMENT|tests/visual-regression.spec.ts-snapshots/home-page-mobile-Mobile-Chrome-darwin.png]]

[[ATTACHMENT|test-results/visual-regression-Visual-R-006ab-ld-match-mobile-screenshots-Mobile-Chrome/home-page-mobile-actual.png]]

[[ATTACHMENT|test-results/visual-regression-Visual-R-006ab-ld-match-mobile-screenshots-Mobile-Chrome/test-failed-1.png]]

[[ATTACHMENT|test-results/visual-regression-Visual-R-006ab-ld-match-mobile-screenshots-Mobile-Chrome/video.webm]]

[[ATTACHMENT|test-results/visual-regression-Visual-R-006ab-ld-match-mobile-screenshots-Mobile-Chrome/error-context.md]]
]]>
</system-out>
</testcase>
<testcase name="Visual Regression › should match tablet screenshots" classname="visual-regression.spec.ts" time="30.757">
<failure message="visual-regression.spec.ts:66:3 should match tablet screenshots" type="FAILURE">
<![CDATA[  [Mobile Chrome] › visual-regression.spec.ts:66:3 › Visual Regression › should match tablet screenshots 

    Error: A snapshot doesn't exist at /Users/peterhanssens/consulting/Leptos/tailwind-rs/demos/leptos-demo/tests/visual-regression.spec.ts-snapshots/home-page-tablet-Mobile-Chrome-darwin.png, writing actual.

      69 |     
      70 |     // Take screenshot of home page on tablet
    > 71 |     await expect(page).toHaveScreenshot('home-page-tablet.png');
         |     ^
      72 |     
      73 |     // Navigate to components page on tablet
      74 |     await page.click('button:has-text("Components")');
        at /Users/peterhanssens/consulting/Leptos/tailwind-rs/demos/leptos-demo/tests/visual-regression.spec.ts:71:5

    Test timeout of 30000ms exceeded.

    Error: page.click: Test ended.
    Call log:
      - waiting for locator('button:has-text("Components")')


      72 |     
      73 |     // Navigate to components page on tablet
    > 74 |     await page.click('button:has-text("Components")');
         |                ^
      75 |     await page.waitForSelector('h2:has-text("Button Components")');
      76 |     await expect(page).toHaveScreenshot('components-page-tablet.png');
      77 |   });
        at /Users/peterhanssens/consulting/Leptos/tailwind-rs/demos/leptos-demo/tests/visual-regression.spec.ts:74:16

    attachment #1: home-page-tablet (image/png) ────────────────────────────────────────────────────
    Expected: visual-regression.spec.ts-snapshots/home-page-tablet-Mobile-Chrome-darwin.png
    Received: ../test-results/visual-regression-Visual-R-270f6-ld-match-tablet-screenshots-Mobile-Chrome/home-page-tablet-actual.png
    ────────────────────────────────────────────────────────────────────────────────────────────────

    attachment #2: screenshot (image/png) ──────────────────────────────────────────────────────────
    ../test-results/visual-regression-Visual-R-270f6-ld-match-tablet-screenshots-Mobile-Chrome/test-failed-1.png
    ────────────────────────────────────────────────────────────────────────────────────────────────

    attachment #3: video (video/webm) ──────────────────────────────────────────────────────────────
    ../test-results/visual-regression-Visual-R-270f6-ld-match-tablet-screenshots-Mobile-Chrome/video.webm
    ────────────────────────────────────────────────────────────────────────────────────────────────

    Error Context: ../test-results/visual-regression-Visual-R-270f6-ld-match-tablet-screenshots-Mobile-Chrome/error-context.md
]]>
</failure>
<system-out>
<![CDATA[
[[ATTACHMENT|tests/visual-regression.spec.ts-snapshots/home-page-tablet-Mobile-Chrome-darwin.png]]

[[ATTACHMENT|test-results/visual-regression-Visual-R-270f6-ld-match-tablet-screenshots-Mobile-Chrome/home-page-tablet-actual.png]]

[[ATTACHMENT|test-results/visual-regression-Visual-R-270f6-ld-match-tablet-screenshots-Mobile-Chrome/test-failed-1.png]]

[[ATTACHMENT|test-results/visual-regression-Visual-R-270f6-ld-match-tablet-screenshots-Mobile-Chrome/video.webm]]

[[ATTACHMENT|test-results/visual-regression-Visual-R-270f6-ld-match-tablet-screenshots-Mobile-Chrome/error-context.md]]
]]>
</system-out>
</testcase>
<testcase name="Visual Regression › should match desktop screenshots" classname="visual-regression.spec.ts" time="30.987">
<failure message="visual-regression.spec.ts:79:3 should match desktop screenshots" type="FAILURE">
<![CDATA[  [Mobile Chrome] › visual-regression.spec.ts:79:3 › Visual Regression › should match desktop screenshots 

    Error: A snapshot doesn't exist at /Users/peterhanssens/consulting/Leptos/tailwind-rs/demos/leptos-demo/tests/visual-regression.spec.ts-snapshots/home-page-desktop-Mobile-Chrome-darwin.png, writing actual.

      82 |     
      83 |     // Take screenshot of home page on desktop
    > 84 |     await expect(page).toHaveScreenshot('home-page-desktop.png');
         |     ^
      85 |     
      86 |     // Navigate to components page on desktop
      87 |     await page.click('button:has-text("Components")');
        at /Users/peterhanssens/consulting/Leptos/tailwind-rs/demos/leptos-demo/tests/visual-regression.spec.ts:84:5

    Test timeout of 30000ms exceeded.

    Error: page.click: Test ended.
    Call log:
      - waiting for locator('button:has-text("Components")')


      85 |     
      86 |     // Navigate to components page on desktop
    > 87 |     await page.click('button:has-text("Components")');
         |                ^
      88 |     await page.waitForSelector('h2:has-text("Button Components")');
      89 |     await expect(page).toHaveScreenshot('components-page-desktop.png');
      90 |   });
        at /Users/peterhanssens/consulting/Leptos/tailwind-rs/demos/leptos-demo/tests/visual-regression.spec.ts:87:16

    attachment #1: home-page-desktop (image/png) ───────────────────────────────────────────────────
    Expected: visual-regression.spec.ts-snapshots/home-page-desktop-Mobile-Chrome-darwin.png
    Received: ../test-results/visual-regression-Visual-R-eb03a-d-match-desktop-screenshots-Mobile-Chrome/home-page-desktop-actual.png
    ────────────────────────────────────────────────────────────────────────────────────────────────

    attachment #2: screenshot (image/png) ──────────────────────────────────────────────────────────
    ../test-results/visual-regression-Visual-R-eb03a-d-match-desktop-screenshots-Mobile-Chrome/test-failed-1.png
    ────────────────────────────────────────────────────────────────────────────────────────────────

    attachment #3: video (video/webm) ──────────────────────────────────────────────────────────────
    ../test-results/visual-regression-Visual-R-eb03a-d-match-desktop-screenshots-Mobile-Chrome/video.webm
    ────────────────────────────────────────────────────────────────────────────────────────────────

    Error Context: ../test-results/visual-regression-Visual-R-eb03a-d-match-desktop-screenshots-Mobile-Chrome/error-context.md
]]>
</failure>
<system-out>
<![CDATA[
[[ATTACHMENT|tests/visual-regression.spec.ts-snapshots/home-page-desktop-Mobile-Chrome-darwin.png]]

[[ATTACHMENT|test-results/visual-regression-Visual-R-eb03a-d-match-desktop-screenshots-Mobile-Chrome/home-page-desktop-actual.png]]

[[ATTACHMENT|test-results/visual-regression-Visual-R-eb03a-d-match-desktop-screenshots-Mobile-Chrome/test-failed-1.png]]

[[ATTACHMENT|test-results/visual-regression-Visual-R-eb03a-d-match-desktop-screenshots-Mobile-Chrome/video.webm]]

[[ATTACHMENT|test-results/visual-regression-Visual-R-eb03a-d-match-desktop-screenshots-Mobile-Chrome/error-context.md]]
]]>
</system-out>
</testcase>
<testcase name="Visual Regression › should match dynamic styling screenshots" classname="visual-regression.spec.ts" time="30.54">
<failure message="visual-regression.spec.ts:92:3 should match dynamic styling screenshots" type="FAILURE">
<![CDATA[  [Mobile Chrome] › visual-regression.spec.ts:92:3 › Visual Regression › should match dynamic styling screenshots 

    Test timeout of 30000ms exceeded.

    Error: page.click: Test timeout of 30000ms exceeded.
    Call log:
      - waiting for locator('button:has-text("Dynamic")')


      91 |
      92 |   test('should match dynamic styling screenshots', async ({ page }) => {
    > 93 |     await page.click('button:has-text("Dynamic")');
         |                ^
      94 |     await page.waitForSelector('h2:has-text("Dynamic Class Generation")');
      95 |     
      96 |     const inputField = page.locator('input[placeholder*="Enter Tailwind classes"]');
        at /Users/peterhanssens/consulting/Leptos/tailwind-rs/demos/leptos-demo/tests/visual-regression.spec.ts:93:16

    attachment #1: screenshot (image/png) ──────────────────────────────────────────────────────────
    ../test-results/visual-regression-Visual-R-af0da-dynamic-styling-screenshots-Mobile-Chrome/test-failed-1.png
    ────────────────────────────────────────────────────────────────────────────────────────────────

    attachment #2: video (video/webm) ──────────────────────────────────────────────────────────────
    ../test-results/visual-regression-Visual-R-af0da-dynamic-styling-screenshots-Mobile-Chrome/video.webm
    ────────────────────────────────────────────────────────────────────────────────────────────────

    Error Context: ../test-results/visual-regression-Visual-R-af0da-dynamic-styling-screenshots-Mobile-Chrome/error-context.md
]]>
</failure>
<system-out>
<![CDATA[
[[ATTACHMENT|test-results/visual-regression-Visual-R-af0da-dynamic-styling-screenshots-Mobile-Chrome/test-failed-1.png]]

[[ATTACHMENT|test-results/visual-regression-Visual-R-af0da-dynamic-styling-screenshots-Mobile-Chrome/video.webm]]

[[ATTACHMENT|test-results/visual-regression-Visual-R-af0da-dynamic-styling-screenshots-Mobile-Chrome/error-context.md]]
]]>
</system-out>
</testcase>
<testcase name="Visual Regression › should match header component screenshot" classname="visual-regression.spec.ts" time="5.848">
<failure message="visual-regression.spec.ts:113:3 should match header component screenshot" type="FAILURE">
<![CDATA[  [Mobile Chrome] › visual-regression.spec.ts:113:3 › Visual Regression › should match header component screenshot 

    Error: expect(locator).toHaveScreenshot(expected) failed

    Locator:  locator('header')
    Timeout:  5000ms
      Timeout 5000ms exceeded.

      Snapshot: header-component.png

    Call log:
      - Expect "toHaveScreenshot(header-component.png)" with timeout 5000ms
        - generating new stable screenshot expectation
      - waiting for locator('header')
      - Timeout 5000ms exceeded.


      114 |     // Take screenshot of just the header
      115 |     const header = page.locator('header');
    > 116 |     await expect(header).toHaveScreenshot('header-component.png');
          |                          ^
      117 |   });
      118 |
      119 |   test('should match footer component screenshot', async ({ page }) => {
        at /Users/peterhanssens/consulting/Leptos/tailwind-rs/demos/leptos-demo/tests/visual-regression.spec.ts:116:26

    attachment #1: screenshot (image/png) ──────────────────────────────────────────────────────────
    ../test-results/visual-regression-Visual-R-44588-header-component-screenshot-Mobile-Chrome/test-failed-1.png
    ────────────────────────────────────────────────────────────────────────────────────────────────

    attachment #2: video (video/webm) ──────────────────────────────────────────────────────────────
    ../test-results/visual-regression-Visual-R-44588-header-component-screenshot-Mobile-Chrome/video.webm
    ────────────────────────────────────────────────────────────────────────────────────────────────

    Error Context: ../test-results/visual-regression-Visual-R-44588-header-component-screenshot-Mobile-Chrome/error-context.md
]]>
</failure>
<system-out>
<![CDATA[
[[ATTACHMENT|test-results/visual-regression-Visual-R-44588-header-component-screenshot-Mobile-Chrome/test-failed-1.png]]

[[ATTACHMENT|test-results/visual-regression-Visual-R-44588-header-component-screenshot-Mobile-Chrome/video.webm]]

[[ATTACHMENT|test-results/visual-regression-Visual-R-44588-header-component-screenshot-Mobile-Chrome/error-context.md]]
]]>
</system-out>
</testcase>
<testcase name="Visual Regression › should match footer component screenshot" classname="visual-regression.spec.ts" time="5.896">
<failure message="visual-regression.spec.ts:119:3 should match footer component screenshot" type="FAILURE">
<![CDATA[  [Mobile Chrome] › visual-regression.spec.ts:119:3 › Visual Regression › should match footer component screenshot 

    Error: expect(locator).toHaveScreenshot(expected) failed

    Locator:  locator('footer')
    Timeout:  5000ms
      Timeout 5000ms exceeded.

      Snapshot: footer-component.png

    Call log:
      - Expect "toHaveScreenshot(footer-component.png)" with timeout 5000ms
        - generating new stable screenshot expectation
      - waiting for locator('footer')
      - Timeout 5000ms exceeded.


      123 |     // Take screenshot of just the footer
      124 |     const footer = page.locator('footer');
    > 125 |     await expect(footer).toHaveScreenshot('footer-component.png');
          |                          ^
      126 |   });
      127 |
      128 |   test('should match feature cards screenshot', async ({ page }) => {
        at /Users/peterhanssens/consulting/Leptos/tailwind-rs/demos/leptos-demo/tests/visual-regression.spec.ts:125:26

    attachment #1: screenshot (image/png) ──────────────────────────────────────────────────────────
    ../test-results/visual-regression-Visual-R-4e185-footer-component-screenshot-Mobile-Chrome/test-failed-1.png
    ────────────────────────────────────────────────────────────────────────────────────────────────

    attachment #2: video (video/webm) ──────────────────────────────────────────────────────────────
    ../test-results/visual-regression-Visual-R-4e185-footer-component-screenshot-Mobile-Chrome/video.webm
    ────────────────────────────────────────────────────────────────────────────────────────────────

    Error Context: ../test-results/visual-regression-Visual-R-4e185-footer-component-screenshot-Mobile-Chrome/error-context.md
]]>
</failure>
<system-out>
<![CDATA[
[[ATTACHMENT|test-results/visual-regression-Visual-R-4e185-footer-component-screenshot-Mobile-Chrome/test-failed-1.png]]

[[ATTACHMENT|test-results/visual-regression-Visual-R-4e185-footer-component-screenshot-Mobile-Chrome/video.webm]]

[[ATTACHMENT|test-results/visual-regression-Visual-R-4e185-footer-component-screenshot-Mobile-Chrome/error-context.md]]
]]>
</system-out>
</testcase>
<testcase name="Visual Regression › should match feature cards screenshot" classname="visual-regression.spec.ts" time="5.823">
<failure message="visual-regression.spec.ts:128:3 should match feature cards screenshot" type="FAILURE">
<![CDATA[  [Mobile Chrome] › visual-regression.spec.ts:128:3 › Visual Regression › should match feature cards screenshot 

    Error: expect(locator).toHaveScreenshot(expected) failed

    Locator:  locator('.grid.grid-cols-1.md\\:grid-cols-2.lg\\:grid-cols-3')
    Timeout:  5000ms
      Timeout 5000ms exceeded.

      Snapshot: feature-cards.png

    Call log:
      - Expect "toHaveScreenshot(feature-cards.png)" with timeout 5000ms
        - generating new stable screenshot expectation
      - waiting for locator('.grid.grid-cols-1.md\\:grid-cols-2.lg\\:grid-cols-3')
      - Timeout 5000ms exceeded.


      129 |     // Take screenshot of feature cards section
      130 |     const featureGrid = page.locator('.grid.grid-cols-1.md\\:grid-cols-2.lg\\:grid-cols-3');
    > 131 |     await expect(featureGrid).toHaveScreenshot('feature-cards.png');
          |                               ^
      132 |   });
      133 |
      134 |   test('should match button components screenshot', async ({ page }) => {
        at /Users/peterhanssens/consulting/Leptos/tailwind-rs/demos/leptos-demo/tests/visual-regression.spec.ts:131:31

    attachment #1: screenshot (image/png) ──────────────────────────────────────────────────────────
    ../test-results/visual-regression-Visual-R-1e359-ch-feature-cards-screenshot-Mobile-Chrome/test-failed-1.png
    ────────────────────────────────────────────────────────────────────────────────────────────────

    attachment #2: video (video/webm) ──────────────────────────────────────────────────────────────
    ../test-results/visual-regression-Visual-R-1e359-ch-feature-cards-screenshot-Mobile-Chrome/video.webm
    ────────────────────────────────────────────────────────────────────────────────────────────────

    Error Context: ../test-results/visual-regression-Visual-R-1e359-ch-feature-cards-screenshot-Mobile-Chrome/error-context.md
]]>
</failure>
<system-out>
<![CDATA[
[[ATTACHMENT|test-results/visual-regression-Visual-R-1e359-ch-feature-cards-screenshot-Mobile-Chrome/test-failed-1.png]]

[[ATTACHMENT|test-results/visual-regression-Visual-R-1e359-ch-feature-cards-screenshot-Mobile-Chrome/video.webm]]

[[ATTACHMENT|test-results/visual-regression-Visual-R-1e359-ch-feature-cards-screenshot-Mobile-Chrome/error-context.md]]
]]>
</system-out>
</testcase>
<testcase name="Visual Regression › should match button components screenshot" classname="visual-regression.spec.ts" time="30.64">
<failure message="visual-regression.spec.ts:134:3 should match button components screenshot" type="FAILURE">
<![CDATA[  [Mobile Chrome] › visual-regression.spec.ts:134:3 › Visual Regression › should match button components screenshot 

    Test timeout of 30000ms exceeded.

    Error: page.click: Test timeout of 30000ms exceeded.
    Call log:
      - waiting for locator('button:has-text("Components")')


      133 |
      134 |   test('should match button components screenshot', async ({ page }) => {
    > 135 |     await page.click('button:has-text("Components")');
          |                ^
      136 |     await page.waitForSelector('h2:has-text("Button Components")');
      137 |     
      138 |     // Take screenshot of button components section
        at /Users/peterhanssens/consulting/Leptos/tailwind-rs/demos/leptos-demo/tests/visual-regression.spec.ts:135:16

    attachment #1: screenshot (image/png) ──────────────────────────────────────────────────────────
    ../test-results/visual-regression-Visual-R-f189e-utton-components-screenshot-Mobile-Chrome/test-failed-1.png
    ────────────────────────────────────────────────────────────────────────────────────────────────

    attachment #2: video (video/webm) ──────────────────────────────────────────────────────────────
    ../test-results/visual-regression-Visual-R-f189e-utton-components-screenshot-Mobile-Chrome/video.webm
    ────────────────────────────────────────────────────────────────────────────────────────────────

    Error Context: ../test-results/visual-regression-Visual-R-f189e-utton-components-screenshot-Mobile-Chrome/error-context.md
]]>
</failure>
<system-out>
<![CDATA[
[[ATTACHMENT|test-results/visual-regression-Visual-R-f189e-utton-components-screenshot-Mobile-Chrome/test-failed-1.png]]

[[ATTACHMENT|test-results/visual-regression-Visual-R-f189e-utton-components-screenshot-Mobile-Chrome/video.webm]]

[[ATTACHMENT|test-results/visual-regression-Visual-R-f189e-utton-components-screenshot-Mobile-Chrome/error-context.md]]
]]>
</system-out>
</testcase>
<testcase name="Visual Regression › should match card components screenshot" classname="visual-regression.spec.ts" time="30.6">
<failure message="visual-regression.spec.ts:143:3 should match card components screenshot" type="FAILURE">
<![CDATA[  [Mobile Chrome] › visual-regression.spec.ts:143:3 › Visual Regression › should match card components screenshot 

    Test timeout of 30000ms exceeded.

    Error: page.click: Test timeout of 30000ms exceeded.
    Call log:
      - waiting for locator('button:has-text("Components")')


      142 |
      143 |   test('should match card components screenshot', async ({ page }) => {
    > 144 |     await page.click('button:has-text("Components")');
          |                ^
      145 |     await page.waitForSelector('h2:has-text("Card Components")');
      146 |     
      147 |     // Take screenshot of card components section
        at /Users/peterhanssens/consulting/Leptos/tailwind-rs/demos/leptos-demo/tests/visual-regression.spec.ts:144:16

    attachment #1: screenshot (image/png) ──────────────────────────────────────────────────────────
    ../test-results/visual-regression-Visual-R-76365--card-components-screenshot-Mobile-Chrome/test-failed-1.png
    ────────────────────────────────────────────────────────────────────────────────────────────────

    attachment #2: video (video/webm) ──────────────────────────────────────────────────────────────
    ../test-results/visual-regression-Visual-R-76365--card-components-screenshot-Mobile-Chrome/video.webm
    ────────────────────────────────────────────────────────────────────────────────────────────────

    Error Context: ../test-results/visual-regression-Visual-R-76365--card-components-screenshot-Mobile-Chrome/error-context.md
]]>
</failure>
<system-out>
<![CDATA[
[[ATTACHMENT|test-results/visual-regression-Visual-R-76365--card-components-screenshot-Mobile-Chrome/test-failed-1.png]]

[[ATTACHMENT|test-results/visual-regression-Visual-R-76365--card-components-screenshot-Mobile-Chrome/video.webm]]

[[ATTACHMENT|test-results/visual-regression-Visual-R-76365--card-components-screenshot-Mobile-Chrome/error-context.md]]
]]>
</system-out>
</testcase>
</testsuite>
<testsuite name="accessibility.spec.ts" timestamp="2025-09-28T10:07:22.421Z" hostname="Mobile Safari" tests="10" failures="9" skipped="0" time="144.649" errors="0">
<testcase name="Accessibility › should have proper heading hierarchy" classname="accessibility.spec.ts" time="30.319">
<failure message="accessibility.spec.ts:9:3 should have proper heading hierarchy" type="FAILURE">
<![CDATA[  [Mobile Safari] › accessibility.spec.ts:9:3 › Accessibility › should have proper heading hierarchy 

    Test timeout of 30000ms exceeded.

    Error: page.click: Test timeout of 30000ms exceeded.
    Call log:
      - waiting for locator('button:has-text("Components")')


      14 |     
      15 |     // Navigate to components page and check h2
    > 16 |     await page.click('button:has-text("Components")');
         |                ^
      17 |     const h2s = page.locator('h2');
      18 |     await expect(h2s).toHaveCount(2); // Button Components, Card Components
      19 |     
        at /Users/peterhanssens/consulting/Leptos/tailwind-rs/demos/leptos-demo/tests/accessibility.spec.ts:16:16

    attachment #1: screenshot (image/png) ──────────────────────────────────────────────────────────
    ../test-results/accessibility-Accessibilit-2480b-ve-proper-heading-hierarchy-Mobile-Safari/test-failed-1.png
    ────────────────────────────────────────────────────────────────────────────────────────────────

    attachment #2: video (video/webm) ──────────────────────────────────────────────────────────────
    ../test-results/accessibility-Accessibilit-2480b-ve-proper-heading-hierarchy-Mobile-Safari/video.webm
    ────────────────────────────────────────────────────────────────────────────────────────────────

    Error Context: ../test-results/accessibility-Accessibilit-2480b-ve-proper-heading-hierarchy-Mobile-Safari/error-context.md
]]>
</failure>
<system-out>
<![CDATA[
[[ATTACHMENT|test-results/accessibility-Accessibilit-2480b-ve-proper-heading-hierarchy-Mobile-Safari/test-failed-1.png]]

[[ATTACHMENT|test-results/accessibility-Accessibilit-2480b-ve-proper-heading-hierarchy-Mobile-Safari/video.webm]]

[[ATTACHMENT|test-results/accessibility-Accessibilit-2480b-ve-proper-heading-hierarchy-Mobile-Safari/error-context.md]]
]]>
</system-out>
</testcase>
<testcase name="Accessibility › should have proper button labels" classname="accessibility.spec.ts" time="5.638">
<failure message="accessibility.spec.ts:26:3 should have proper button labels" type="FAILURE">
<![CDATA[  [Mobile Safari] › accessibility.spec.ts:26:3 › Accessibility › should have proper button labels ──

    Error: expect(locator).toBeVisible() failed

    Locator:  locator('button:has-text("Home")')
    Expected: visible
    Received: <element(s) not found>
    Timeout:  5000ms

    Call log:
      - Expect "toBeVisible" with timeout 5000ms
      - waiting for locator('button:has-text("Home")')


      27 |     // Check navigation buttons have accessible text
      28 |     const homeButton = page.locator('button:has-text("Home")');
    > 29 |     await expect(homeButton).toBeVisible();
         |                              ^
      30 |     
      31 |     const componentsButton = page.locator('button:has-text("Components")');
      32 |     await expect(componentsButton).toBeVisible();
        at /Users/peterhanssens/consulting/Leptos/tailwind-rs/demos/leptos-demo/tests/accessibility.spec.ts:29:30

    attachment #1: screenshot (image/png) ──────────────────────────────────────────────────────────
    ../test-results/accessibility-Accessibility-should-have-proper-button-labels-Mobile-Safari/test-failed-1.png
    ────────────────────────────────────────────────────────────────────────────────────────────────

    attachment #2: video (video/webm) ──────────────────────────────────────────────────────────────
    ../test-results/accessibility-Accessibility-should-have-proper-button-labels-Mobile-Safari/video.webm
    ────────────────────────────────────────────────────────────────────────────────────────────────

    Error Context: ../test-results/accessibility-Accessibility-should-have-proper-button-labels-Mobile-Safari/error-context.md
]]>
</failure>
<system-out>
<![CDATA[
[[ATTACHMENT|test-results/accessibility-Accessibility-should-have-proper-button-labels-Mobile-Safari/test-failed-1.png]]

[[ATTACHMENT|test-results/accessibility-Accessibility-should-have-proper-button-labels-Mobile-Safari/video.webm]]

[[ATTACHMENT|test-results/accessibility-Accessibility-should-have-proper-button-labels-Mobile-Safari/error-context.md]]
]]>
</system-out>
</testcase>
<testcase name="Accessibility › should have proper form labels" classname="accessibility.spec.ts" time="30.242">
<failure message="accessibility.spec.ts:42:3 should have proper form labels" type="FAILURE">
<![CDATA[  [Mobile Safari] › accessibility.spec.ts:42:3 › Accessibility › should have proper form labels ────

    Test timeout of 30000ms exceeded.

    Error: page.click: Test timeout of 30000ms exceeded.
    Call log:
      - waiting for locator('button:has-text("Dynamic")')


      41 |
      42 |   test('should have proper form labels', async ({ page }) => {
    > 43 |     await page.click('button:has-text("Dynamic")');
         |                ^
      44 |     
      45 |     // Check input has proper label
      46 |     const label = page.locator('label:has-text("CSS Classes")');
        at /Users/peterhanssens/consulting/Leptos/tailwind-rs/demos/leptos-demo/tests/accessibility.spec.ts:43:16

    attachment #1: screenshot (image/png) ──────────────────────────────────────────────────────────
    ../test-results/accessibility-Accessibility-should-have-proper-form-labels-Mobile-Safari/test-failed-1.png
    ────────────────────────────────────────────────────────────────────────────────────────────────

    attachment #2: video (video/webm) ──────────────────────────────────────────────────────────────
    ../test-results/accessibility-Accessibility-should-have-proper-form-labels-Mobile-Safari/video.webm
    ────────────────────────────────────────────────────────────────────────────────────────────────

    Error Context: ../test-results/accessibility-Accessibility-should-have-proper-form-labels-Mobile-Safari/error-context.md
]]>
</failure>
<system-out>
<![CDATA[
[[ATTACHMENT|test-results/accessibility-Accessibility-should-have-proper-form-labels-Mobile-Safari/test-failed-1.png]]

[[ATTACHMENT|test-results/accessibility-Accessibility-should-have-proper-form-labels-Mobile-Safari/video.webm]]

[[ATTACHMENT|test-results/accessibility-Accessibility-should-have-proper-form-labels-Mobile-Safari/error-context.md]]
]]>
</system-out>
</testcase>
<testcase name="Accessibility › should support keyboard navigation" classname="accessibility.spec.ts" time="5.622">
<failure message="accessibility.spec.ts:53:3 should support keyboard navigation" type="FAILURE">
<![CDATA[  [Mobile Safari] › accessibility.spec.ts:53:3 › Accessibility › should support keyboard navigation 

    Error: expect(locator).toBeVisible() failed

    Locator:  locator(':focus')
    Expected: visible
    Received: <element(s) not found>
    Timeout:  5000ms

    Call log:
      - Expect "toBeVisible" with timeout 5000ms
      - waiting for locator(':focus')


      59 |     // Check that focus is visible
      60 |     const focusedElement = page.locator(':focus');
    > 61 |     await expect(focusedElement).toBeVisible();
         |                                  ^
      62 |   });
      63 |
      64 |   test('should have proper color contrast', async ({ page }) => {
        at /Users/peterhanssens/consulting/Leptos/tailwind-rs/demos/leptos-demo/tests/accessibility.spec.ts:61:34

    attachment #1: screenshot (image/png) ──────────────────────────────────────────────────────────
    ../test-results/accessibility-Accessibilit-575e3-support-keyboard-navigation-Mobile-Safari/test-failed-1.png
    ────────────────────────────────────────────────────────────────────────────────────────────────

    attachment #2: video (video/webm) ──────────────────────────────────────────────────────────────
    ../test-results/accessibility-Accessibilit-575e3-support-keyboard-navigation-Mobile-Safari/video.webm
    ────────────────────────────────────────────────────────────────────────────────────────────────

    Error Context: ../test-results/accessibility-Accessibilit-575e3-support-keyboard-navigation-Mobile-Safari/error-context.md
]]>
</failure>
<system-out>
<![CDATA[
[[ATTACHMENT|test-results/accessibility-Accessibilit-575e3-support-keyboard-navigation-Mobile-Safari/test-failed-1.png]]

[[ATTACHMENT|test-results/accessibility-Accessibilit-575e3-support-keyboard-navigation-Mobile-Safari/video.webm]]

[[ATTACHMENT|test-results/accessibility-Accessibilit-575e3-support-keyboard-navigation-Mobile-Safari/error-context.md]]
]]>
</system-out>
</testcase>
<testcase name="Accessibility › should have proper color contrast" classname="accessibility.spec.ts" time="5.634">
<failure message="accessibility.spec.ts:64:3 should have proper color contrast" type="FAILURE">
<![CDATA[  [Mobile Safari] › accessibility.spec.ts:64:3 › Accessibility › should have proper color contrast ─

    Error: expect(locator).toBeVisible() failed

    Locator:  locator('button:has-text("Get Started")')
    Expected: visible
    Received: <element(s) not found>
    Timeout:  5000ms

    Call log:
      - Expect "toBeVisible" with timeout 5000ms
      - waiting for locator('button:has-text("Get Started")')


      69 |     // Check button contrast
      70 |     const primaryButton = page.locator('button:has-text("Get Started")');
    > 71 |     await expect(primaryButton).toBeVisible();
         |                                 ^
      72 |     await expect(primaryButton).toHaveClass(/bg-blue-500.*text-white/);
      73 |   });
      74 |
        at /Users/peterhanssens/consulting/Leptos/tailwind-rs/demos/leptos-demo/tests/accessibility.spec.ts:71:33

    attachment #1: screenshot (image/png) ──────────────────────────────────────────────────────────
    ../test-results/accessibility-Accessibilit-b49e1--have-proper-color-contrast-Mobile-Safari/test-failed-1.png
    ────────────────────────────────────────────────────────────────────────────────────────────────

    attachment #2: video (video/webm) ──────────────────────────────────────────────────────────────
    ../test-results/accessibility-Accessibilit-b49e1--have-proper-color-contrast-Mobile-Safari/video.webm
    ────────────────────────────────────────────────────────────────────────────────────────────────

    Error Context: ../test-results/accessibility-Accessibilit-b49e1--have-proper-color-contrast-Mobile-Safari/error-context.md
]]>
</failure>
<system-out>
<![CDATA[
[[ATTACHMENT|test-results/accessibility-Accessibilit-b49e1--have-proper-color-contrast-Mobile-Safari/test-failed-1.png]]

[[ATTACHMENT|test-results/accessibility-Accessibilit-b49e1--have-proper-color-contrast-Mobile-Safari/video.webm]]

[[ATTACHMENT|test-results/accessibility-Accessibilit-b49e1--have-proper-color-contrast-Mobile-Safari/error-context.md]]
]]>
</system-out>
</testcase>
<testcase name="Accessibility › should support dark mode accessibility" classname="accessibility.spec.ts" time="30.167">
<failure message="accessibility.spec.ts:75:3 should support dark mode accessibility" type="FAILURE">
<![CDATA[  [Mobile Safari] › accessibility.spec.ts:75:3 › Accessibility › should support dark mode accessibility 

    Test timeout of 30000ms exceeded.

    Error: page.click: Test timeout of 30000ms exceeded.
    Call log:
      - waiting for locator('button:has-text("☀️")')


      75 |   test('should support dark mode accessibility', async ({ page }) => {
      76 |     // Toggle to dark mode
    > 77 |     await page.click('button:has-text("☀️")');
         |                ^
      78 |     
      79 |     // Check that text remains readable
      80 |     const title = page.locator('h1:has-text("Tailwind-RS Demo")');
        at /Users/peterhanssens/consulting/Leptos/tailwind-rs/demos/leptos-demo/tests/accessibility.spec.ts:77:16

    attachment #1: screenshot (image/png) ──────────────────────────────────────────────────────────
    ../test-results/accessibility-Accessibilit-563a8-ort-dark-mode-accessibility-Mobile-Safari/test-failed-1.png
    ────────────────────────────────────────────────────────────────────────────────────────────────

    attachment #2: video (video/webm) ──────────────────────────────────────────────────────────────
    ../test-results/accessibility-Accessibilit-563a8-ort-dark-mode-accessibility-Mobile-Safari/video.webm
    ────────────────────────────────────────────────────────────────────────────────────────────────

    Error Context: ../test-results/accessibility-Accessibilit-563a8-ort-dark-mode-accessibility-Mobile-Safari/error-context.md
]]>
</failure>
<system-out>
<![CDATA[
[[ATTACHMENT|test-results/accessibility-Accessibilit-563a8-ort-dark-mode-accessibility-Mobile-Safari/test-failed-1.png]]

[[ATTACHMENT|test-results/accessibility-Accessibilit-563a8-ort-dark-mode-accessibility-Mobile-Safari/video.webm]]

[[ATTACHMENT|test-results/accessibility-Accessibilit-563a8-ort-dark-mode-accessibility-Mobile-Safari/error-context.md]]
]]>
</system-out>
</testcase>
<testcase name="Accessibility › should have proper focus indicators" classname="accessibility.spec.ts" time="30.246">
<failure message="accessibility.spec.ts:88:3 should have proper focus indicators" type="FAILURE">
<![CDATA[  [Mobile Safari] › accessibility.spec.ts:88:3 › Accessibility › should have proper focus indicators 

    Test timeout of 30000ms exceeded.

    Error: locator.focus: Test timeout of 30000ms exceeded.
    Call log:
      - waiting for locator('button:has-text("Home")')


      89 |     // Focus on a button
      90 |     const homeButton = page.locator('button:has-text("Home")');
    > 91 |     await homeButton.focus();
         |                      ^
      92 |     
      93 |     // Check that focus is visible
      94 |     await expect(homeButton).toBeFocused();
        at /Users/peterhanssens/consulting/Leptos/tailwind-rs/demos/leptos-demo/tests/accessibility.spec.ts:91:22

    attachment #1: screenshot (image/png) ──────────────────────────────────────────────────────────
    ../test-results/accessibility-Accessibilit-0b746-ave-proper-focus-indicators-Mobile-Safari/test-failed-1.png
    ────────────────────────────────────────────────────────────────────────────────────────────────

    attachment #2: video (video/webm) ──────────────────────────────────────────────────────────────
    ../test-results/accessibility-Accessibilit-0b746-ave-proper-focus-indicators-Mobile-Safari/video.webm
    ────────────────────────────────────────────────────────────────────────────────────────────────

    Error Context: ../test-results/accessibility-Accessibilit-0b746-ave-proper-focus-indicators-Mobile-Safari/error-context.md
]]>
</failure>
<system-out>
<![CDATA[
[[ATTACHMENT|test-results/accessibility-Accessibilit-0b746-ave-proper-focus-indicators-Mobile-Safari/test-failed-1.png]]

[[ATTACHMENT|test-results/accessibility-Accessibilit-0b746-ave-proper-focus-indicators-Mobile-Safari/video.webm]]

[[ATTACHMENT|test-results/accessibility-Accessibilit-0b746-ave-proper-focus-indicators-Mobile-Safari/error-context.md]]
]]>
</system-out>
</testcase>
<testcase name="Accessibility › should have proper ARIA attributes" classname="accessibility.spec.ts" time="0.682">
</testcase>
<testcase name="Accessibility › should handle screen reader navigation" classname="accessibility.spec.ts" time="5.696">
<failure message="accessibility.spec.ts:110:3 should handle screen reader navigation" type="FAILURE">
<![CDATA[  [Mobile Safari] › accessibility.spec.ts:110:3 › Accessibility › should handle screen reader navigation 

    Error: expect(locator).toBeVisible() failed

    Locator:  locator('main')
    Expected: visible
    Received: <element(s) not found>
    Timeout:  5000ms

    Call log:
      - Expect "toBeVisible" with timeout 5000ms
      - waiting for locator('main')


      116 |     // Check that main content is properly marked
      117 |     const main = page.locator('main');
    > 118 |     await expect(main).toBeVisible();
          |                        ^
      119 |   });
      120 |
      121 |   test('should support reduced motion preferences', async ({ page }) => {
        at /Users/peterhanssens/consulting/Leptos/tailwind-rs/demos/leptos-demo/tests/accessibility.spec.ts:118:24

    attachment #1: screenshot (image/png) ──────────────────────────────────────────────────────────
    ../test-results/accessibility-Accessibilit-bbee1-le-screen-reader-navigation-Mobile-Safari/test-failed-1.png
    ────────────────────────────────────────────────────────────────────────────────────────────────

    attachment #2: video (video/webm) ──────────────────────────────────────────────────────────────
    ../test-results/accessibility-Accessibilit-bbee1-le-screen-reader-navigation-Mobile-Safari/video.webm
    ────────────────────────────────────────────────────────────────────────────────────────────────

    Error Context: ../test-results/accessibility-Accessibilit-bbee1-le-screen-reader-navigation-Mobile-Safari/error-context.md
]]>
</failure>
<system-out>
<![CDATA[
[[ATTACHMENT|test-results/accessibility-Accessibilit-bbee1-le-screen-reader-navigation-Mobile-Safari/test-failed-1.png]]

[[ATTACHMENT|test-results/accessibility-Accessibilit-bbee1-le-screen-reader-navigation-Mobile-Safari/video.webm]]

[[ATTACHMENT|test-results/accessibility-Accessibilit-bbee1-le-screen-reader-navigation-Mobile-Safari/error-context.md]]
]]>
</system-out>
</testcase>
<testcase name="Accessibility › should support reduced motion preferences" classname="accessibility.spec.ts" time="0.403">
<failure message="accessibility.spec.ts:121:3 should support reduced motion preferences" type="FAILURE">
<![CDATA[  [Mobile Safari] › accessibility.spec.ts:121:3 › Accessibility › should support reduced motion preferences 

    Error: expect(received).toBeGreaterThan(expected)

    Expected: > 0
    Received:   0

      125 |     
      126 |     // Elements should still be functional even with reduced motion
    > 127 |     expect(animatedCount).toBeGreaterThan(0);
          |                           ^
      128 |   });
      129 | });
      130 |
        at /Users/peterhanssens/consulting/Leptos/tailwind-rs/demos/leptos-demo/tests/accessibility.spec.ts:127:27

    attachment #1: screenshot (image/png) ──────────────────────────────────────────────────────────
    ../test-results/accessibility-Accessibilit-8d4d5--reduced-motion-preferences-Mobile-Safari/test-failed-1.png
    ────────────────────────────────────────────────────────────────────────────────────────────────

    attachment #2: video (video/webm) ──────────────────────────────────────────────────────────────
    ../test-results/accessibility-Accessibilit-8d4d5--reduced-motion-preferences-Mobile-Safari/video.webm
    ────────────────────────────────────────────────────────────────────────────────────────────────

    Error Context: ../test-results/accessibility-Accessibilit-8d4d5--reduced-motion-preferences-Mobile-Safari/error-context.md
]]>
</failure>
<system-out>
<![CDATA[
[[ATTACHMENT|test-results/accessibility-Accessibilit-8d4d5--reduced-motion-preferences-Mobile-Safari/test-failed-1.png]]

[[ATTACHMENT|test-results/accessibility-Accessibilit-8d4d5--reduced-motion-preferences-Mobile-Safari/video.webm]]

[[ATTACHMENT|test-results/accessibility-Accessibilit-8d4d5--reduced-motion-preferences-Mobile-Safari/error-context.md]]
]]>
</system-out>
</testcase>
</testsuite>
<testsuite name="components-page.spec.ts" timestamp="2025-09-28T10:07:22.421Z" hostname="Mobile Safari" tests="6" failures="6" skipped="0" time="180.97" errors="0">
<testcase name="Components Page › should display button components section" classname="components-page.spec.ts" time="30.165">
<failure message="components-page.spec.ts:10:3 should display button components section" type="FAILURE">
<![CDATA[  [Mobile Safari] › components-page.spec.ts:10:3 › Components Page › should display button components section 

    Test timeout of 30000ms exceeded while running "beforeEach" hook.

      2 |
      3 | test.describe('Components Page', () => {
    > 4 |   test.beforeEach(async ({ page }) => {
        |        ^
      5 |     await page.goto('/');
      6 |     await page.waitForSelector('[data-testid="app"]', { timeout: 10000 });
      7 |     await page.click('button:has-text("Components")');
        at /Users/peterhanssens/consulting/Leptos/tailwind-rs/demos/leptos-demo/tests/components-page.spec.ts:4:8

    Error: page.click: Test timeout of 30000ms exceeded.
    Call log:
      - waiting for locator('button:has-text("Components")')


       5 |     await page.goto('/');
       6 |     await page.waitForSelector('[data-testid="app"]', { timeout: 10000 });
    >  7 |     await page.click('button:has-text("Components")');
         |                ^
       8 |   });
       9 |
      10 |   test('should display button components section', async ({ page }) => {
        at /Users/peterhanssens/consulting/Leptos/tailwind-rs/demos/leptos-demo/tests/components-page.spec.ts:7:16

    attachment #1: screenshot (image/png) ──────────────────────────────────────────────────────────
    ../test-results/components-page-Components-d078f-y-button-components-section-Mobile-Safari/test-failed-1.png
    ────────────────────────────────────────────────────────────────────────────────────────────────

    attachment #2: video (video/webm) ──────────────────────────────────────────────────────────────
    ../test-results/components-page-Components-d078f-y-button-components-section-Mobile-Safari/video.webm
    ────────────────────────────────────────────────────────────────────────────────────────────────

    Error Context: ../test-results/components-page-Components-d078f-y-button-components-section-Mobile-Safari/error-context.md
]]>
</failure>
<system-out>
<![CDATA[
[[ATTACHMENT|test-results/components-page-Components-d078f-y-button-components-section-Mobile-Safari/test-failed-1.png]]

[[ATTACHMENT|test-results/components-page-Components-d078f-y-button-components-section-Mobile-Safari/video.webm]]

[[ATTACHMENT|test-results/components-page-Components-d078f-y-button-components-section-Mobile-Safari/error-context.md]]
]]>
</system-out>
</testcase>
<testcase name="Components Page › should display button size variants" classname="components-page.spec.ts" time="30.159">
<failure message="components-page.spec.ts:40:3 should display button size variants" type="FAILURE">
<![CDATA[  [Mobile Safari] › components-page.spec.ts:40:3 › Components Page › should display button size variants 

    Test timeout of 30000ms exceeded while running "beforeEach" hook.

      2 |
      3 | test.describe('Components Page', () => {
    > 4 |   test.beforeEach(async ({ page }) => {
        |        ^
      5 |     await page.goto('/');
      6 |     await page.waitForSelector('[data-testid="app"]', { timeout: 10000 });
      7 |     await page.click('button:has-text("Components")');
        at /Users/peterhanssens/consulting/Leptos/tailwind-rs/demos/leptos-demo/tests/components-page.spec.ts:4:8

    Error: page.click: Test timeout of 30000ms exceeded.
    Call log:
      - waiting for locator('button:has-text("Components")')


       5 |     await page.goto('/');
       6 |     await page.waitForSelector('[data-testid="app"]', { timeout: 10000 });
    >  7 |     await page.click('button:has-text("Components")');
         |                ^
       8 |   });
       9 |
      10 |   test('should display button components section', async ({ page }) => {
        at /Users/peterhanssens/consulting/Leptos/tailwind-rs/demos/leptos-demo/tests/components-page.spec.ts:7:16

    attachment #1: screenshot (image/png) ──────────────────────────────────────────────────────────
    ../test-results/components-page-Components-c04b6-isplay-button-size-variants-Mobile-Safari/test-failed-1.png
    ────────────────────────────────────────────────────────────────────────────────────────────────

    attachment #2: video (video/webm) ──────────────────────────────────────────────────────────────
    ../test-results/components-page-Components-c04b6-isplay-button-size-variants-Mobile-Safari/video.webm
    ────────────────────────────────────────────────────────────────────────────────────────────────

    Error Context: ../test-results/components-page-Components-c04b6-isplay-button-size-variants-Mobile-Safari/error-context.md
]]>
</failure>
<system-out>
<![CDATA[
[[ATTACHMENT|test-results/components-page-Components-c04b6-isplay-button-size-variants-Mobile-Safari/test-failed-1.png]]

[[ATTACHMENT|test-results/components-page-Components-c04b6-isplay-button-size-variants-Mobile-Safari/video.webm]]

[[ATTACHMENT|test-results/components-page-Components-c04b6-isplay-button-size-variants-Mobile-Safari/error-context.md]]
]]>
</system-out>
</testcase>
<testcase name="Components Page › should display card components section" classname="components-page.spec.ts" time="30.166">
<failure message="components-page.spec.ts:52:3 should display card components section" type="FAILURE">
<![CDATA[  [Mobile Safari] › components-page.spec.ts:52:3 › Components Page › should display card components section 

    Test timeout of 30000ms exceeded while running "beforeEach" hook.

      2 |
      3 | test.describe('Components Page', () => {
    > 4 |   test.beforeEach(async ({ page }) => {
        |        ^
      5 |     await page.goto('/');
      6 |     await page.waitForSelector('[data-testid="app"]', { timeout: 10000 });
      7 |     await page.click('button:has-text("Components")');
        at /Users/peterhanssens/consulting/Leptos/tailwind-rs/demos/leptos-demo/tests/components-page.spec.ts:4:8

    Error: page.click: Test timeout of 30000ms exceeded.
    Call log:
      - waiting for locator('button:has-text("Components")')


       5 |     await page.goto('/');
       6 |     await page.waitForSelector('[data-testid="app"]', { timeout: 10000 });
    >  7 |     await page.click('button:has-text("Components")');
         |                ^
       8 |   });
       9 |
      10 |   test('should display button components section', async ({ page }) => {
        at /Users/peterhanssens/consulting/Leptos/tailwind-rs/demos/leptos-demo/tests/components-page.spec.ts:7:16

    attachment #1: screenshot (image/png) ──────────────────────────────────────────────────────────
    ../test-results/components-page-Components-93c7a-lay-card-components-section-Mobile-Safari/test-failed-1.png
    ────────────────────────────────────────────────────────────────────────────────────────────────

    attachment #2: video (video/webm) ──────────────────────────────────────────────────────────────
    ../test-results/components-page-Components-93c7a-lay-card-components-section-Mobile-Safari/video.webm
    ────────────────────────────────────────────────────────────────────────────────────────────────

    Error Context: ../test-results/components-page-Components-93c7a-lay-card-components-section-Mobile-Safari/error-context.md
]]>
</failure>
<system-out>
<![CDATA[
[[ATTACHMENT|test-results/components-page-Components-93c7a-lay-card-components-section-Mobile-Safari/test-failed-1.png]]

[[ATTACHMENT|test-results/components-page-Components-93c7a-lay-card-components-section-Mobile-Safari/video.webm]]

[[ATTACHMENT|test-results/components-page-Components-93c7a-lay-card-components-section-Mobile-Safari/error-context.md]]
]]>
</system-out>
</testcase>
<testcase name="Components Page › should have interactive elements" classname="components-page.spec.ts" time="30.164">
<failure message="components-page.spec.ts:79:3 should have interactive elements" type="FAILURE">
<![CDATA[  [Mobile Safari] › components-page.spec.ts:79:3 › Components Page › should have interactive elements 

    Test timeout of 30000ms exceeded while running "beforeEach" hook.

      2 |
      3 | test.describe('Components Page', () => {
    > 4 |   test.beforeEach(async ({ page }) => {
        |        ^
      5 |     await page.goto('/');
      6 |     await page.waitForSelector('[data-testid="app"]', { timeout: 10000 });
      7 |     await page.click('button:has-text("Components")');
        at /Users/peterhanssens/consulting/Leptos/tailwind-rs/demos/leptos-demo/tests/components-page.spec.ts:4:8

    Error: page.click: Test timeout of 30000ms exceeded.
    Call log:
      - waiting for locator('button:has-text("Components")')


       5 |     await page.goto('/');
       6 |     await page.waitForSelector('[data-testid="app"]', { timeout: 10000 });
    >  7 |     await page.click('button:has-text("Components")');
         |                ^
       8 |   });
       9 |
      10 |   test('should display button components section', async ({ page }) => {
        at /Users/peterhanssens/consulting/Leptos/tailwind-rs/demos/leptos-demo/tests/components-page.spec.ts:7:16

    attachment #1: screenshot (image/png) ──────────────────────────────────────────────────────────
    ../test-results/components-page-Components-5f748-d-have-interactive-elements-Mobile-Safari/test-failed-1.png
    ────────────────────────────────────────────────────────────────────────────────────────────────

    attachment #2: video (video/webm) ──────────────────────────────────────────────────────────────
    ../test-results/components-page-Components-5f748-d-have-interactive-elements-Mobile-Safari/video.webm
    ────────────────────────────────────────────────────────────────────────────────────────────────

    Error Context: ../test-results/components-page-Components-5f748-d-have-interactive-elements-Mobile-Safari/error-context.md
]]>
</failure>
<system-out>
<![CDATA[
[[ATTACHMENT|test-results/components-page-Components-5f748-d-have-interactive-elements-Mobile-Safari/test-failed-1.png]]

[[ATTACHMENT|test-results/components-page-Components-5f748-d-have-interactive-elements-Mobile-Safari/video.webm]]

[[ATTACHMENT|test-results/components-page-Components-5f748-d-have-interactive-elements-Mobile-Safari/error-context.md]]
]]>
</system-out>
</testcase>
<testcase name="Components Page › should support dark mode" classname="components-page.spec.ts" time="30.158">
<failure message="components-page.spec.ts:88:3 should support dark mode" type="FAILURE">
<![CDATA[  [Mobile Safari] › components-page.spec.ts:88:3 › Components Page › should support dark mode ──────

    Test timeout of 30000ms exceeded while running "beforeEach" hook.

      2 |
      3 | test.describe('Components Page', () => {
    > 4 |   test.beforeEach(async ({ page }) => {
        |        ^
      5 |     await page.goto('/');
      6 |     await page.waitForSelector('[data-testid="app"]', { timeout: 10000 });
      7 |     await page.click('button:has-text("Components")');
        at /Users/peterhanssens/consulting/Leptos/tailwind-rs/demos/leptos-demo/tests/components-page.spec.ts:4:8

    Error: page.click: Test timeout of 30000ms exceeded.
    Call log:
      - waiting for locator('button:has-text("Components")')


       5 |     await page.goto('/');
       6 |     await page.waitForSelector('[data-testid="app"]', { timeout: 10000 });
    >  7 |     await page.click('button:has-text("Components")');
         |                ^
       8 |   });
       9 |
      10 |   test('should display button components section', async ({ page }) => {
        at /Users/peterhanssens/consulting/Leptos/tailwind-rs/demos/leptos-demo/tests/components-page.spec.ts:7:16

    attachment #1: screenshot (image/png) ──────────────────────────────────────────────────────────
    ../test-results/components-page-Components-Page-should-support-dark-mode-Mobile-Safari/test-failed-1.png
    ────────────────────────────────────────────────────────────────────────────────────────────────

    attachment #2: video (video/webm) ──────────────────────────────────────────────────────────────
    ../test-results/components-page-Components-Page-should-support-dark-mode-Mobile-Safari/video.webm
    ────────────────────────────────────────────────────────────────────────────────────────────────

    Error Context: ../test-results/components-page-Components-Page-should-support-dark-mode-Mobile-Safari/error-context.md
]]>
</failure>
<system-out>
<![CDATA[
[[ATTACHMENT|test-results/components-page-Components-Page-should-support-dark-mode-Mobile-Safari/test-failed-1.png]]

[[ATTACHMENT|test-results/components-page-Components-Page-should-support-dark-mode-Mobile-Safari/video.webm]]

[[ATTACHMENT|test-results/components-page-Components-Page-should-support-dark-mode-Mobile-Safari/error-context.md]]
]]>
</system-out>
</testcase>
<testcase name="Components Page › should be responsive" classname="components-page.spec.ts" time="30.158">
<failure message="components-page.spec.ts:101:3 should be responsive" type="FAILURE">
<![CDATA[  [Mobile Safari] › components-page.spec.ts:101:3 › Components Page › should be responsive ─────────

    Test timeout of 30000ms exceeded while running "beforeEach" hook.

      2 |
      3 | test.describe('Components Page', () => {
    > 4 |   test.beforeEach(async ({ page }) => {
        |        ^
      5 |     await page.goto('/');
      6 |     await page.waitForSelector('[data-testid="app"]', { timeout: 10000 });
      7 |     await page.click('button:has-text("Components")');
        at /Users/peterhanssens/consulting/Leptos/tailwind-rs/demos/leptos-demo/tests/components-page.spec.ts:4:8

    Error: page.click: Test timeout of 30000ms exceeded.
    Call log:
      - waiting for locator('button:has-text("Components")')


       5 |     await page.goto('/');
       6 |     await page.waitForSelector('[data-testid="app"]', { timeout: 10000 });
    >  7 |     await page.click('button:has-text("Components")');
         |                ^
       8 |   });
       9 |
      10 |   test('should display button components section', async ({ page }) => {
        at /Users/peterhanssens/consulting/Leptos/tailwind-rs/demos/leptos-demo/tests/components-page.spec.ts:7:16

    attachment #1: screenshot (image/png) ──────────────────────────────────────────────────────────
    ../test-results/components-page-Components-Page-should-be-responsive-Mobile-Safari/test-failed-1.png
    ────────────────────────────────────────────────────────────────────────────────────────────────

    attachment #2: video (video/webm) ──────────────────────────────────────────────────────────────
    ../test-results/components-page-Components-Page-should-be-responsive-Mobile-Safari/video.webm
    ────────────────────────────────────────────────────────────────────────────────────────────────

    Error Context: ../test-results/components-page-Components-Page-should-be-responsive-Mobile-Safari/error-context.md
]]>
</failure>
<system-out>
<![CDATA[
[[ATTACHMENT|test-results/components-page-Components-Page-should-be-responsive-Mobile-Safari/test-failed-1.png]]

[[ATTACHMENT|test-results/components-page-Components-Page-should-be-responsive-Mobile-Safari/video.webm]]

[[ATTACHMENT|test-results/components-page-Components-Page-should-be-responsive-Mobile-Safari/error-context.md]]
]]>
</system-out>
</testcase>
</testsuite>
<testsuite name="dynamic-page.spec.ts" timestamp="2025-09-28T10:07:22.421Z" hostname="Mobile Safari" tests="10" failures="10" skipped="0" time="301.678" errors="0">
<testcase name="Dynamic Page › should display dynamic class generation interface" classname="dynamic-page.spec.ts" time="30.164">
<failure message="dynamic-page.spec.ts:10:3 should display dynamic class generation interface" type="FAILURE">
<![CDATA[  [Mobile Safari] › dynamic-page.spec.ts:10:3 › Dynamic Page › should display dynamic class generation interface 

    Test timeout of 30000ms exceeded while running "beforeEach" hook.

      2 |
      3 | test.describe('Dynamic Page', () => {
    > 4 |   test.beforeEach(async ({ page }) => {
        |        ^
      5 |     await page.goto('/');
      6 |     await page.waitForSelector('[data-testid="app"]', { timeout: 10000 });
      7 |     await page.click('button:has-text("Dynamic")');
        at /Users/peterhanssens/consulting/Leptos/tailwind-rs/demos/leptos-demo/tests/dynamic-page.spec.ts:4:8

    Error: page.click: Test timeout of 30000ms exceeded.
    Call log:
      - waiting for locator('button:has-text("Dynamic")')


       5 |     await page.goto('/');
       6 |     await page.waitForSelector('[data-testid="app"]', { timeout: 10000 });
    >  7 |     await page.click('button:has-text("Dynamic")');
         |                ^
       8 |   });
       9 |
      10 |   test('should display dynamic class generation interface', async ({ page }) => {
        at /Users/peterhanssens/consulting/Leptos/tailwind-rs/demos/leptos-demo/tests/dynamic-page.spec.ts:7:16

    attachment #1: screenshot (image/png) ──────────────────────────────────────────────────────────
    ../test-results/dynamic-page-Dynamic-Page--5bc2b--class-generation-interface-Mobile-Safari/test-failed-1.png
    ────────────────────────────────────────────────────────────────────────────────────────────────

    attachment #2: video (video/webm) ──────────────────────────────────────────────────────────────
    ../test-results/dynamic-page-Dynamic-Page--5bc2b--class-generation-interface-Mobile-Safari/video.webm
    ────────────────────────────────────────────────────────────────────────────────────────────────

    Error Context: ../test-results/dynamic-page-Dynamic-Page--5bc2b--class-generation-interface-Mobile-Safari/error-context.md
]]>
</failure>
<system-out>
<![CDATA[
[[ATTACHMENT|test-results/dynamic-page-Dynamic-Page--5bc2b--class-generation-interface-Mobile-Safari/test-failed-1.png]]

[[ATTACHMENT|test-results/dynamic-page-Dynamic-Page--5bc2b--class-generation-interface-Mobile-Safari/video.webm]]

[[ATTACHMENT|test-results/dynamic-page-Dynamic-Page--5bc2b--class-generation-interface-Mobile-Safari/error-context.md]]
]]>
</system-out>
</testcase>
<testcase name="Dynamic Page › should update preview when classes change" classname="dynamic-page.spec.ts" time="30.16">
<failure message="dynamic-page.spec.ts:25:3 should update preview when classes change" type="FAILURE">
<![CDATA[  [Mobile Safari] › dynamic-page.spec.ts:25:3 › Dynamic Page › should update preview when classes change 

    Test timeout of 30000ms exceeded while running "beforeEach" hook.

      2 |
      3 | test.describe('Dynamic Page', () => {
    > 4 |   test.beforeEach(async ({ page }) => {
        |        ^
      5 |     await page.goto('/');
      6 |     await page.waitForSelector('[data-testid="app"]', { timeout: 10000 });
      7 |     await page.click('button:has-text("Dynamic")');
        at /Users/peterhanssens/consulting/Leptos/tailwind-rs/demos/leptos-demo/tests/dynamic-page.spec.ts:4:8

    Error: page.click: Test timeout of 30000ms exceeded.
    Call log:
      - waiting for locator('button:has-text("Dynamic")')


       5 |     await page.goto('/');
       6 |     await page.waitForSelector('[data-testid="app"]', { timeout: 10000 });
    >  7 |     await page.click('button:has-text("Dynamic")');
         |                ^
       8 |   });
       9 |
      10 |   test('should display dynamic class generation interface', async ({ page }) => {
        at /Users/peterhanssens/consulting/Leptos/tailwind-rs/demos/leptos-demo/tests/dynamic-page.spec.ts:7:16

    attachment #1: screenshot (image/png) ──────────────────────────────────────────────────────────
    ../test-results/dynamic-page-Dynamic-Page--bf6ee-preview-when-classes-change-Mobile-Safari/test-failed-1.png
    ────────────────────────────────────────────────────────────────────────────────────────────────

    attachment #2: video (video/webm) ──────────────────────────────────────────────────────────────
    ../test-results/dynamic-page-Dynamic-Page--bf6ee-preview-when-classes-change-Mobile-Safari/video.webm
    ────────────────────────────────────────────────────────────────────────────────────────────────

    Error Context: ../test-results/dynamic-page-Dynamic-Page--bf6ee-preview-when-classes-change-Mobile-Safari/error-context.md
]]>
</failure>
<system-out>
<![CDATA[
[[ATTACHMENT|test-results/dynamic-page-Dynamic-Page--bf6ee-preview-when-classes-change-Mobile-Safari/test-failed-1.png]]

[[ATTACHMENT|test-results/dynamic-page-Dynamic-Page--bf6ee-preview-when-classes-change-Mobile-Safari/video.webm]]

[[ATTACHMENT|test-results/dynamic-page-Dynamic-Page--bf6ee-preview-when-classes-change-Mobile-Safari/error-context.md]]
]]>
</system-out>
</testcase>
<testcase name="Dynamic Page › should display preset style buttons" classname="dynamic-page.spec.ts" time="30.163">
<failure message="dynamic-page.spec.ts:39:3 should display preset style buttons" type="FAILURE">
<![CDATA[  [Mobile Safari] › dynamic-page.spec.ts:39:3 › Dynamic Page › should display preset style buttons ─

    Test timeout of 30000ms exceeded while running "beforeEach" hook.

      2 |
      3 | test.describe('Dynamic Page', () => {
    > 4 |   test.beforeEach(async ({ page }) => {
        |        ^
      5 |     await page.goto('/');
      6 |     await page.waitForSelector('[data-testid="app"]', { timeout: 10000 });
      7 |     await page.click('button:has-text("Dynamic")');
        at /Users/peterhanssens/consulting/Leptos/tailwind-rs/demos/leptos-demo/tests/dynamic-page.spec.ts:4:8

    Error: page.click: Test timeout of 30000ms exceeded.
    Call log:
      - waiting for locator('button:has-text("Dynamic")')


       5 |     await page.goto('/');
       6 |     await page.waitForSelector('[data-testid="app"]', { timeout: 10000 });
    >  7 |     await page.click('button:has-text("Dynamic")');
         |                ^
       8 |   });
       9 |
      10 |   test('should display dynamic class generation interface', async ({ page }) => {
        at /Users/peterhanssens/consulting/Leptos/tailwind-rs/demos/leptos-demo/tests/dynamic-page.spec.ts:7:16

    attachment #1: screenshot (image/png) ──────────────────────────────────────────────────────────
    ../test-results/dynamic-page-Dynamic-Page--c2bf5-isplay-preset-style-buttons-Mobile-Safari/test-failed-1.png
    ────────────────────────────────────────────────────────────────────────────────────────────────

    attachment #2: video (video/webm) ──────────────────────────────────────────────────────────────
    ../test-results/dynamic-page-Dynamic-Page--c2bf5-isplay-preset-style-buttons-Mobile-Safari/video.webm
    ────────────────────────────────────────────────────────────────────────────────────────────────

    Error Context: ../test-results/dynamic-page-Dynamic-Page--c2bf5-isplay-preset-style-buttons-Mobile-Safari/error-context.md
]]>
</failure>
<system-out>
<![CDATA[
[[ATTACHMENT|test-results/dynamic-page-Dynamic-Page--c2bf5-isplay-preset-style-buttons-Mobile-Safari/test-failed-1.png]]

[[ATTACHMENT|test-results/dynamic-page-Dynamic-Page--c2bf5-isplay-preset-style-buttons-Mobile-Safari/video.webm]]

[[ATTACHMENT|test-results/dynamic-page-Dynamic-Page--c2bf5-isplay-preset-style-buttons-Mobile-Safari/error-context.md]]
]]>
</system-out>
</testcase>
<testcase name="Dynamic Page › should apply preset styles when clicked" classname="dynamic-page.spec.ts" time="30.159">
<failure message="dynamic-page.spec.ts:48:3 should apply preset styles when clicked" type="FAILURE">
<![CDATA[  [Mobile Safari] › dynamic-page.spec.ts:48:3 › Dynamic Page › should apply preset styles when clicked 

    Test timeout of 30000ms exceeded while running "beforeEach" hook.

      2 |
      3 | test.describe('Dynamic Page', () => {
    > 4 |   test.beforeEach(async ({ page }) => {
        |        ^
      5 |     await page.goto('/');
      6 |     await page.waitForSelector('[data-testid="app"]', { timeout: 10000 });
      7 |     await page.click('button:has-text("Dynamic")');
        at /Users/peterhanssens/consulting/Leptos/tailwind-rs/demos/leptos-demo/tests/dynamic-page.spec.ts:4:8

    Error: page.click: Test timeout of 30000ms exceeded.
    Call log:
      - waiting for locator('button:has-text("Dynamic")')


       5 |     await page.goto('/');
       6 |     await page.waitForSelector('[data-testid="app"]', { timeout: 10000 });
    >  7 |     await page.click('button:has-text("Dynamic")');
         |                ^
       8 |   });
       9 |
      10 |   test('should display dynamic class generation interface', async ({ page }) => {
        at /Users/peterhanssens/consulting/Leptos/tailwind-rs/demos/leptos-demo/tests/dynamic-page.spec.ts:7:16

    attachment #1: screenshot (image/png) ──────────────────────────────────────────────────────────
    ../test-results/dynamic-page-Dynamic-Page--71c3d--preset-styles-when-clicked-Mobile-Safari/test-failed-1.png
    ────────────────────────────────────────────────────────────────────────────────────────────────

    attachment #2: video (video/webm) ──────────────────────────────────────────────────────────────
    ../test-results/dynamic-page-Dynamic-Page--71c3d--preset-styles-when-clicked-Mobile-Safari/video.webm
    ────────────────────────────────────────────────────────────────────────────────────────────────

    Error Context: ../test-results/dynamic-page-Dynamic-Page--71c3d--preset-styles-when-clicked-Mobile-Safari/error-context.md
]]>
</failure>
<system-out>
<![CDATA[
[[ATTACHMENT|test-results/dynamic-page-Dynamic-Page--71c3d--preset-styles-when-clicked-Mobile-Safari/test-failed-1.png]]

[[ATTACHMENT|test-results/dynamic-page-Dynamic-Page--71c3d--preset-styles-when-clicked-Mobile-Safari/video.webm]]

[[ATTACHMENT|test-results/dynamic-page-Dynamic-Page--71c3d--preset-styles-when-clicked-Mobile-Safari/error-context.md]]
]]>
</system-out>
</testcase>
<testcase name="Dynamic Page › should display generated classes" classname="dynamic-page.spec.ts" time="30.17">
<failure message="dynamic-page.spec.ts:62:3 should display generated classes" type="FAILURE">
<![CDATA[  [Mobile Safari] › dynamic-page.spec.ts:62:3 › Dynamic Page › should display generated classes ────

    Test timeout of 30000ms exceeded while running "beforeEach" hook.

      2 |
      3 | test.describe('Dynamic Page', () => {
    > 4 |   test.beforeEach(async ({ page }) => {
        |        ^
      5 |     await page.goto('/');
      6 |     await page.waitForSelector('[data-testid="app"]', { timeout: 10000 });
      7 |     await page.click('button:has-text("Dynamic")');
        at /Users/peterhanssens/consulting/Leptos/tailwind-rs/demos/leptos-demo/tests/dynamic-page.spec.ts:4:8

    Error: page.click: Test timeout of 30000ms exceeded.
    Call log:
      - waiting for locator('button:has-text("Dynamic")')


       5 |     await page.goto('/');
       6 |     await page.waitForSelector('[data-testid="app"]', { timeout: 10000 });
    >  7 |     await page.click('button:has-text("Dynamic")');
         |                ^
       8 |   });
       9 |
      10 |   test('should display dynamic class generation interface', async ({ page }) => {
        at /Users/peterhanssens/consulting/Leptos/tailwind-rs/demos/leptos-demo/tests/dynamic-page.spec.ts:7:16

    attachment #1: screenshot (image/png) ──────────────────────────────────────────────────────────
    ../test-results/dynamic-page-Dynamic-Page-should-display-generated-classes-Mobile-Safari/test-failed-1.png
    ────────────────────────────────────────────────────────────────────────────────────────────────

    attachment #2: video (video/webm) ──────────────────────────────────────────────────────────────
    ../test-results/dynamic-page-Dynamic-Page-should-display-generated-classes-Mobile-Safari/video.webm
    ────────────────────────────────────────────────────────────────────────────────────────────────

    Error Context: ../test-results/dynamic-page-Dynamic-Page-should-display-generated-classes-Mobile-Safari/error-context.md
]]>
</failure>
<system-out>
<![CDATA[
[[ATTACHMENT|test-results/dynamic-page-Dynamic-Page-should-display-generated-classes-Mobile-Safari/test-failed-1.png]]

[[ATTACHMENT|test-results/dynamic-page-Dynamic-Page-should-display-generated-classes-Mobile-Safari/video.webm]]

[[ATTACHMENT|test-results/dynamic-page-Dynamic-Page-should-display-generated-classes-Mobile-Safari/error-context.md]]
]]>
</system-out>
</testcase>
<testcase name="Dynamic Page › should update generated classes display" classname="dynamic-page.spec.ts" time="30.164">
<failure message="dynamic-page.spec.ts:71:3 should update generated classes display" type="FAILURE">
<![CDATA[  [Mobile Safari] › dynamic-page.spec.ts:71:3 › Dynamic Page › should update generated classes display 

    Test timeout of 30000ms exceeded while running "beforeEach" hook.

      2 |
      3 | test.describe('Dynamic Page', () => {
    > 4 |   test.beforeEach(async ({ page }) => {
        |        ^
      5 |     await page.goto('/');
      6 |     await page.waitForSelector('[data-testid="app"]', { timeout: 10000 });
      7 |     await page.click('button:has-text("Dynamic")');
        at /Users/peterhanssens/consulting/Leptos/tailwind-rs/demos/leptos-demo/tests/dynamic-page.spec.ts:4:8

    Error: page.click: Test timeout of 30000ms exceeded.
    Call log:
      - waiting for locator('button:has-text("Dynamic")')


       5 |     await page.goto('/');
       6 |     await page.waitForSelector('[data-testid="app"]', { timeout: 10000 });
    >  7 |     await page.click('button:has-text("Dynamic")');
         |                ^
       8 |   });
       9 |
      10 |   test('should display dynamic class generation interface', async ({ page }) => {
        at /Users/peterhanssens/consulting/Leptos/tailwind-rs/demos/leptos-demo/tests/dynamic-page.spec.ts:7:16

    attachment #1: screenshot (image/png) ──────────────────────────────────────────────────────────
    ../test-results/dynamic-page-Dynamic-Page--ca632-e-generated-classes-display-Mobile-Safari/test-failed-1.png
    ────────────────────────────────────────────────────────────────────────────────────────────────

    attachment #2: video (video/webm) ──────────────────────────────────────────────────────────────
    ../test-results/dynamic-page-Dynamic-Page--ca632-e-generated-classes-display-Mobile-Safari/video.webm
    ────────────────────────────────────────────────────────────────────────────────────────────────

    Error Context: ../test-results/dynamic-page-Dynamic-Page--ca632-e-generated-classes-display-Mobile-Safari/error-context.md
]]>
</failure>
<system-out>
<![CDATA[
[[ATTACHMENT|test-results/dynamic-page-Dynamic-Page--ca632-e-generated-classes-display-Mobile-Safari/test-failed-1.png]]

[[ATTACHMENT|test-results/dynamic-page-Dynamic-Page--ca632-e-generated-classes-display-Mobile-Safari/video.webm]]

[[ATTACHMENT|test-results/dynamic-page-Dynamic-Page--ca632-e-generated-classes-display-Mobile-Safari/error-context.md]]
]]>
</system-out>
</testcase>
<testcase name="Dynamic Page › should handle invalid classes gracefully" classname="dynamic-page.spec.ts" time="30.17">
<failure message="dynamic-page.spec.ts:83:3 should handle invalid classes gracefully" type="FAILURE">
<![CDATA[  [Mobile Safari] › dynamic-page.spec.ts:83:3 › Dynamic Page › should handle invalid classes gracefully 

    Test timeout of 30000ms exceeded while running "beforeEach" hook.

      2 |
      3 | test.describe('Dynamic Page', () => {
    > 4 |   test.beforeEach(async ({ page }) => {
        |        ^
      5 |     await page.goto('/');
      6 |     await page.waitForSelector('[data-testid="app"]', { timeout: 10000 });
      7 |     await page.click('button:has-text("Dynamic")');
        at /Users/peterhanssens/consulting/Leptos/tailwind-rs/demos/leptos-demo/tests/dynamic-page.spec.ts:4:8

    Error: page.click: Test timeout of 30000ms exceeded.
    Call log:
      - waiting for locator('button:has-text("Dynamic")')


       5 |     await page.goto('/');
       6 |     await page.waitForSelector('[data-testid="app"]', { timeout: 10000 });
    >  7 |     await page.click('button:has-text("Dynamic")');
         |                ^
       8 |   });
       9 |
      10 |   test('should display dynamic class generation interface', async ({ page }) => {
        at /Users/peterhanssens/consulting/Leptos/tailwind-rs/demos/leptos-demo/tests/dynamic-page.spec.ts:7:16

    attachment #1: screenshot (image/png) ──────────────────────────────────────────────────────────
    ../test-results/dynamic-page-Dynamic-Page--b3e52--invalid-classes-gracefully-Mobile-Safari/test-failed-1.png
    ────────────────────────────────────────────────────────────────────────────────────────────────

    attachment #2: video (video/webm) ──────────────────────────────────────────────────────────────
    ../test-results/dynamic-page-Dynamic-Page--b3e52--invalid-classes-gracefully-Mobile-Safari/video.webm
    ────────────────────────────────────────────────────────────────────────────────────────────────

    Error Context: ../test-results/dynamic-page-Dynamic-Page--b3e52--invalid-classes-gracefully-Mobile-Safari/error-context.md
]]>
</failure>
<system-out>
<![CDATA[
[[ATTACHMENT|test-results/dynamic-page-Dynamic-Page--b3e52--invalid-classes-gracefully-Mobile-Safari/test-failed-1.png]]

[[ATTACHMENT|test-results/dynamic-page-Dynamic-Page--b3e52--invalid-classes-gracefully-Mobile-Safari/video.webm]]

[[ATTACHMENT|test-results/dynamic-page-Dynamic-Page--b3e52--invalid-classes-gracefully-Mobile-Safari/error-context.md]]
]]>
</system-out>
</testcase>
<testcase name="Dynamic Page › should support dark mode" classname="dynamic-page.spec.ts" time="30.185">
<failure message="dynamic-page.spec.ts:96:3 should support dark mode" type="FAILURE">
<![CDATA[  [Mobile Safari] › dynamic-page.spec.ts:96:3 › Dynamic Page › should support dark mode ────────────

    Test timeout of 30000ms exceeded while running "beforeEach" hook.

      2 |
      3 | test.describe('Dynamic Page', () => {
    > 4 |   test.beforeEach(async ({ page }) => {
        |        ^
      5 |     await page.goto('/');
      6 |     await page.waitForSelector('[data-testid="app"]', { timeout: 10000 });
      7 |     await page.click('button:has-text("Dynamic")');
        at /Users/peterhanssens/consulting/Leptos/tailwind-rs/demos/leptos-demo/tests/dynamic-page.spec.ts:4:8

    Error: page.click: Test timeout of 30000ms exceeded.
    Call log:
      - waiting for locator('button:has-text("Dynamic")')


       5 |     await page.goto('/');
       6 |     await page.waitForSelector('[data-testid="app"]', { timeout: 10000 });
    >  7 |     await page.click('button:has-text("Dynamic")');
         |                ^
       8 |   });
       9 |
      10 |   test('should display dynamic class generation interface', async ({ page }) => {
        at /Users/peterhanssens/consulting/Leptos/tailwind-rs/demos/leptos-demo/tests/dynamic-page.spec.ts:7:16

    attachment #1: screenshot (image/png) ──────────────────────────────────────────────────────────
    ../test-results/dynamic-page-Dynamic-Page-should-support-dark-mode-Mobile-Safari/test-failed-1.png
    ────────────────────────────────────────────────────────────────────────────────────────────────

    attachment #2: video (video/webm) ──────────────────────────────────────────────────────────────
    ../test-results/dynamic-page-Dynamic-Page-should-support-dark-mode-Mobile-Safari/video.webm
    ────────────────────────────────────────────────────────────────────────────────────────────────

    Error Context: ../test-results/dynamic-page-Dynamic-Page-should-support-dark-mode-Mobile-Safari/error-context.md
]]>
</failure>
<system-out>
<![CDATA[
[[ATTACHMENT|test-results/dynamic-page-Dynamic-Page-should-support-dark-mode-Mobile-Safari/test-failed-1.png]]

[[ATTACHMENT|test-results/dynamic-page-Dynamic-Page-should-support-dark-mode-Mobile-Safari/video.webm]]

[[ATTACHMENT|test-results/dynamic-page-Dynamic-Page-should-support-dark-mode-Mobile-Safari/error-context.md]]
]]>
</system-out>
</testcase>
<testcase name="Dynamic Page › should be responsive" classname="dynamic-page.spec.ts" time="30.171">
<failure message="dynamic-page.spec.ts:110:3 should be responsive" type="FAILURE">
<![CDATA[  [Mobile Safari] › dynamic-page.spec.ts:110:3 › Dynamic Page › should be responsive ───────────────

    Test timeout of 30000ms exceeded while running "beforeEach" hook.

      2 |
      3 | test.describe('Dynamic Page', () => {
    > 4 |   test.beforeEach(async ({ page }) => {
        |        ^
      5 |     await page.goto('/');
      6 |     await page.waitForSelector('[data-testid="app"]', { timeout: 10000 });
      7 |     await page.click('button:has-text("Dynamic")');
        at /Users/peterhanssens/consulting/Leptos/tailwind-rs/demos/leptos-demo/tests/dynamic-page.spec.ts:4:8

    Error: page.click: Test timeout of 30000ms exceeded.
    Call log:
      - waiting for locator('button:has-text("Dynamic")')


       5 |     await page.goto('/');
       6 |     await page.waitForSelector('[data-testid="app"]', { timeout: 10000 });
    >  7 |     await page.click('button:has-text("Dynamic")');
         |                ^
       8 |   });
       9 |
      10 |   test('should display dynamic class generation interface', async ({ page }) => {
        at /Users/peterhanssens/consulting/Leptos/tailwind-rs/demos/leptos-demo/tests/dynamic-page.spec.ts:7:16

    attachment #1: screenshot (image/png) ──────────────────────────────────────────────────────────
    ../test-results/dynamic-page-Dynamic-Page-should-be-responsive-Mobile-Safari/test-failed-1.png
    ────────────────────────────────────────────────────────────────────────────────────────────────

    attachment #2: video (video/webm) ──────────────────────────────────────────────────────────────
    ../test-results/dynamic-page-Dynamic-Page-should-be-responsive-Mobile-Safari/video.webm
    ────────────────────────────────────────────────────────────────────────────────────────────────

    Error Context: ../test-results/dynamic-page-Dynamic-Page-should-be-responsive-Mobile-Safari/error-context.md
]]>
</failure>
<system-out>
<![CDATA[
[[ATTACHMENT|test-results/dynamic-page-Dynamic-Page-should-be-responsive-Mobile-Safari/test-failed-1.png]]

[[ATTACHMENT|test-results/dynamic-page-Dynamic-Page-should-be-responsive-Mobile-Safari/video.webm]]

[[ATTACHMENT|test-results/dynamic-page-Dynamic-Page-should-be-responsive-Mobile-Safari/error-context.md]]
]]>
</system-out>
</testcase>
<testcase name="Dynamic Page › should maintain state across navigation" classname="dynamic-page.spec.ts" time="30.172">
<failure message="dynamic-page.spec.ts:128:3 should maintain state across navigation" type="FAILURE">
<![CDATA[  [Mobile Safari] › dynamic-page.spec.ts:128:3 › Dynamic Page › should maintain state across navigation 

    Test timeout of 30000ms exceeded while running "beforeEach" hook.

      2 |
      3 | test.describe('Dynamic Page', () => {
    > 4 |   test.beforeEach(async ({ page }) => {
        |        ^
      5 |     await page.goto('/');
      6 |     await page.waitForSelector('[data-testid="app"]', { timeout: 10000 });
      7 |     await page.click('button:has-text("Dynamic")');
        at /Users/peterhanssens/consulting/Leptos/tailwind-rs/demos/leptos-demo/tests/dynamic-page.spec.ts:4:8

    Error: page.click: Test timeout of 30000ms exceeded.
    Call log:
      - waiting for locator('button:has-text("Dynamic")')


       5 |     await page.goto('/');
       6 |     await page.waitForSelector('[data-testid="app"]', { timeout: 10000 });
    >  7 |     await page.click('button:has-text("Dynamic")');
         |                ^
       8 |   });
       9 |
      10 |   test('should display dynamic class generation interface', async ({ page }) => {
        at /Users/peterhanssens/consulting/Leptos/tailwind-rs/demos/leptos-demo/tests/dynamic-page.spec.ts:7:16

    attachment #1: screenshot (image/png) ──────────────────────────────────────────────────────────
    ../test-results/dynamic-page-Dynamic-Page--f75e5-ain-state-across-navigation-Mobile-Safari/test-failed-1.png
    ────────────────────────────────────────────────────────────────────────────────────────────────

    attachment #2: video (video/webm) ──────────────────────────────────────────────────────────────
    ../test-results/dynamic-page-Dynamic-Page--f75e5-ain-state-across-navigation-Mobile-Safari/video.webm
    ────────────────────────────────────────────────────────────────────────────────────────────────

    Error Context: ../test-results/dynamic-page-Dynamic-Page--f75e5-ain-state-across-navigation-Mobile-Safari/error-context.md
]]>
</failure>
<system-out>
<![CDATA[
[[ATTACHMENT|test-results/dynamic-page-Dynamic-Page--f75e5-ain-state-across-navigation-Mobile-Safari/test-failed-1.png]]

[[ATTACHMENT|test-results/dynamic-page-Dynamic-Page--f75e5-ain-state-across-navigation-Mobile-Safari/video.webm]]

[[ATTACHMENT|test-results/dynamic-page-Dynamic-Page--f75e5-ain-state-across-navigation-Mobile-Safari/error-context.md]]
]]>
</system-out>
</testcase>
</testsuite>
<testsuite name="e2e-workflow.spec.ts" timestamp="2025-09-28T10:07:22.421Z" hostname="Mobile Safari" tests="8" failures="8" skipped="0" time="192.488" errors="0">
<testcase name="End-to-End Workflow › should complete full user journey" classname="e2e-workflow.spec.ts" time="5.681">
<failure message="e2e-workflow.spec.ts:9:3 should complete full user journey" type="FAILURE">
<![CDATA[  [Mobile Safari] › e2e-workflow.spec.ts:9:3 › End-to-End Workflow › should complete full user journey 

    Error: expect(locator).toBeVisible() failed

    Locator:  locator('p:has-text("Experience the power of Rust-native Tailwind CSS")')
    Expected: visible
    Received: <element(s) not found>
    Timeout:  5000ms

    Call log:
      - Expect "toBeVisible" with timeout 5000ms
      - waiting for locator('p:has-text("Experience the power of Rust-native Tailwind CSS")')


      10 |     // 1. User lands on home page
      11 |     await expect(page.locator('h1:has-text("Tailwind-RS Demo")')).toBeVisible();
    > 12 |     await expect(page.locator('p:has-text("Experience the power of Rust-native Tailwind CSS")')).toBeVisible();
         |                                                                                                  ^
      13 |     
      14 |     // 2. User explores feature cards
      15 |     const featureCards = page.locator('.bg-white.dark\\:bg-gray-800.rounded-lg.shadow-md');
        at /Users/peterhanssens/consulting/Leptos/tailwind-rs/demos/leptos-demo/tests/e2e-workflow.spec.ts:12:98

    attachment #1: screenshot (image/png) ──────────────────────────────────────────────────────────
    ../test-results/e2e-workflow-End-to-End-Wo-ececa--complete-full-user-journey-Mobile-Safari/test-failed-1.png
    ────────────────────────────────────────────────────────────────────────────────────────────────

    attachment #2: video (video/webm) ──────────────────────────────────────────────────────────────
    ../test-results/e2e-workflow-End-to-End-Wo-ececa--complete-full-user-journey-Mobile-Safari/video.webm
    ────────────────────────────────────────────────────────────────────────────────────────────────

    Error Context: ../test-results/e2e-workflow-End-to-End-Wo-ececa--complete-full-user-journey-Mobile-Safari/error-context.md
]]>
</failure>
<system-out>
<![CDATA[
[[ATTACHMENT|test-results/e2e-workflow-End-to-End-Wo-ececa--complete-full-user-journey-Mobile-Safari/test-failed-1.png]]

[[ATTACHMENT|test-results/e2e-workflow-End-to-End-Wo-ececa--complete-full-user-journey-Mobile-Safari/video.webm]]

[[ATTACHMENT|test-results/e2e-workflow-End-to-End-Wo-ececa--complete-full-user-journey-Mobile-Safari/error-context.md]]
]]>
</system-out>
</testcase>
<testcase name="End-to-End Workflow › should handle theme switching throughout journey" classname="e2e-workflow.spec.ts" time="5.76">
<failure message="e2e-workflow.spec.ts:70:3 should handle theme switching throughout journey" type="FAILURE">
<![CDATA[  [Mobile Safari] › e2e-workflow.spec.ts:70:3 › End-to-End Workflow › should handle theme switching throughout journey 

    Error: expect(locator).toBeVisible() failed

    Locator:  locator('button:has-text("☀️")')
    Expected: visible
    Received: <element(s) not found>
    Timeout:  5000ms

    Call log:
      - Expect "toBeVisible" with timeout 5000ms
      - waiting for locator('button:has-text("☀️")')


      70 |   test('should handle theme switching throughout journey', async ({ page }) => {
      71 |     // Start in light mode
    > 72 |     await expect(page.locator('button:has-text("☀️")')).toBeVisible();
         |                                                         ^
      73 |     
      74 |     // Navigate to components page
      75 |     await page.click('button:has-text("Components")');
        at /Users/peterhanssens/consulting/Leptos/tailwind-rs/demos/leptos-demo/tests/e2e-workflow.spec.ts:72:57

    attachment #1: screenshot (image/png) ──────────────────────────────────────────────────────────
    ../test-results/e2e-workflow-End-to-End-Wo-463a5-witching-throughout-journey-Mobile-Safari/test-failed-1.png
    ────────────────────────────────────────────────────────────────────────────────────────────────

    attachment #2: video (video/webm) ──────────────────────────────────────────────────────────────
    ../test-results/e2e-workflow-End-to-End-Wo-463a5-witching-throughout-journey-Mobile-Safari/video.webm
    ────────────────────────────────────────────────────────────────────────────────────────────────

    Error Context: ../test-results/e2e-workflow-End-to-End-Wo-463a5-witching-throughout-journey-Mobile-Safari/error-context.md
]]>
</failure>
<system-out>
<![CDATA[
[[ATTACHMENT|test-results/e2e-workflow-End-to-End-Wo-463a5-witching-throughout-journey-Mobile-Safari/test-failed-1.png]]

[[ATTACHMENT|test-results/e2e-workflow-End-to-End-Wo-463a5-witching-throughout-journey-Mobile-Safari/video.webm]]

[[ATTACHMENT|test-results/e2e-workflow-End-to-End-Wo-463a5-witching-throughout-journey-Mobile-Safari/error-context.md]]
]]>
</system-out>
</testcase>
<testcase name="End-to-End Workflow › should maintain state across navigation" classname="e2e-workflow.spec.ts" time="30.164">
<failure message="e2e-workflow.spec.ts:95:3 should maintain state across navigation" type="FAILURE">
<![CDATA[  [Mobile Safari] › e2e-workflow.spec.ts:95:3 › End-to-End Workflow › should maintain state across navigation 

    Test timeout of 30000ms exceeded.

    Error: page.click: Test timeout of 30000ms exceeded.
    Call log:
      - waiting for locator('button:has-text("Dynamic")')


       95 |   test('should maintain state across navigation', async ({ page }) => {
       96 |     // Navigate to dynamic page
    >  97 |     await page.click('button:has-text("Dynamic")');
          |                ^
       98 |     await expect(page.locator('h2:has-text("Dynamic Class Generation")')).toBeVisible();
       99 |     
      100 |     // Set custom classes
        at /Users/peterhanssens/consulting/Leptos/tailwind-rs/demos/leptos-demo/tests/e2e-workflow.spec.ts:97:16

    attachment #1: screenshot (image/png) ──────────────────────────────────────────────────────────
    ../test-results/e2e-workflow-End-to-End-Wo-362bf-ain-state-across-navigation-Mobile-Safari/test-failed-1.png
    ────────────────────────────────────────────────────────────────────────────────────────────────

    attachment #2: video (video/webm) ──────────────────────────────────────────────────────────────
    ../test-results/e2e-workflow-End-to-End-Wo-362bf-ain-state-across-navigation-Mobile-Safari/video.webm
    ────────────────────────────────────────────────────────────────────────────────────────────────

    Error Context: ../test-results/e2e-workflow-End-to-End-Wo-362bf-ain-state-across-navigation-Mobile-Safari/error-context.md
]]>
</failure>
<system-out>
<![CDATA[
[[ATTACHMENT|test-results/e2e-workflow-End-to-End-Wo-362bf-ain-state-across-navigation-Mobile-Safari/test-failed-1.png]]

[[ATTACHMENT|test-results/e2e-workflow-End-to-End-Wo-362bf-ain-state-across-navigation-Mobile-Safari/video.webm]]

[[ATTACHMENT|test-results/e2e-workflow-End-to-End-Wo-362bf-ain-state-across-navigation-Mobile-Safari/error-context.md]]
]]>
</system-out>
</testcase>
<testcase name="End-to-End Workflow › should handle rapid navigation" classname="e2e-workflow.spec.ts" time="30.161">
<failure message="e2e-workflow.spec.ts:116:3 should handle rapid navigation" type="FAILURE">
<![CDATA[  [Mobile Safari] › e2e-workflow.spec.ts:116:3 › End-to-End Workflow › should handle rapid navigation 

    Test timeout of 30000ms exceeded.

    Error: page.click: Test timeout of 30000ms exceeded.
    Call log:
      - waiting for locator('button:has-text("Home")')


      120 |     for (let i = 0; i < 3; i++) {
      121 |       for (const pageName of pages) {
    > 122 |         await page.click(`button:has-text("${pageName}")`);
          |                    ^
      123 |         await page.waitForTimeout(100); // Small delay
      124 |       }
      125 |     }
        at /Users/peterhanssens/consulting/Leptos/tailwind-rs/demos/leptos-demo/tests/e2e-workflow.spec.ts:122:20

    attachment #1: screenshot (image/png) ──────────────────────────────────────────────────────────
    ../test-results/e2e-workflow-End-to-End-Wo-88445-uld-handle-rapid-navigation-Mobile-Safari/test-failed-1.png
    ────────────────────────────────────────────────────────────────────────────────────────────────

    attachment #2: video (video/webm) ──────────────────────────────────────────────────────────────
    ../test-results/e2e-workflow-End-to-End-Wo-88445-uld-handle-rapid-navigation-Mobile-Safari/video.webm
    ────────────────────────────────────────────────────────────────────────────────────────────────

    Error Context: ../test-results/e2e-workflow-End-to-End-Wo-88445-uld-handle-rapid-navigation-Mobile-Safari/error-context.md
]]>
</failure>
<system-out>
<![CDATA[
[[ATTACHMENT|test-results/e2e-workflow-End-to-End-Wo-88445-uld-handle-rapid-navigation-Mobile-Safari/test-failed-1.png]]

[[ATTACHMENT|test-results/e2e-workflow-End-to-End-Wo-88445-uld-handle-rapid-navigation-Mobile-Safari/video.webm]]

[[ATTACHMENT|test-results/e2e-workflow-End-to-End-Wo-88445-uld-handle-rapid-navigation-Mobile-Safari/error-context.md]]
]]>
</system-out>
</testcase>
<testcase name="End-to-End Workflow › should handle concurrent user interactions" classname="e2e-workflow.spec.ts" time="30.16">
<failure message="e2e-workflow.spec.ts:132:3 should handle concurrent user interactions" type="FAILURE">
<![CDATA[  [Mobile Safari] › e2e-workflow.spec.ts:132:3 › End-to-End Workflow › should handle concurrent user interactions 

    Test timeout of 30000ms exceeded.

    Error: page.click: Test timeout of 30000ms exceeded.
    Call log:
      - waiting for locator('button:has-text("Components")')


      133 |     // Start multiple interactions simultaneously
      134 |     const interactions = [
    > 135 |       page.click('button:has-text("Components")'),
          |            ^
      136 |       page.click('button:has-text("☀️")'),
      137 |     ];
      138 |     
        at /Users/peterhanssens/consulting/Leptos/tailwind-rs/demos/leptos-demo/tests/e2e-workflow.spec.ts:135:12

    attachment #1: screenshot (image/png) ──────────────────────────────────────────────────────────
    ../test-results/e2e-workflow-End-to-End-Wo-98ce4-oncurrent-user-interactions-Mobile-Safari/test-failed-1.png
    ────────────────────────────────────────────────────────────────────────────────────────────────

    attachment #2: video (video/webm) ──────────────────────────────────────────────────────────────
    ../test-results/e2e-workflow-End-to-End-Wo-98ce4-oncurrent-user-interactions-Mobile-Safari/video.webm
    ────────────────────────────────────────────────────────────────────────────────────────────────

    Error Context: ../test-results/e2e-workflow-End-to-End-Wo-98ce4-oncurrent-user-interactions-Mobile-Safari/error-context.md
]]>
</failure>
<system-out>
<![CDATA[
[[ATTACHMENT|test-results/e2e-workflow-End-to-End-Wo-98ce4-oncurrent-user-interactions-Mobile-Safari/test-failed-1.png]]

[[ATTACHMENT|test-results/e2e-workflow-End-to-End-Wo-98ce4-oncurrent-user-interactions-Mobile-Safari/video.webm]]

[[ATTACHMENT|test-results/e2e-workflow-End-to-End-Wo-98ce4-oncurrent-user-interactions-Mobile-Safari/error-context.md]]
]]>
</system-out>
</testcase>
<testcase name="End-to-End Workflow › should handle form interactions" classname="e2e-workflow.spec.ts" time="30.165">
<failure message="e2e-workflow.spec.ts:146:3 should handle form interactions" type="FAILURE">
<![CDATA[  [Mobile Safari] › e2e-workflow.spec.ts:146:3 › End-to-End Workflow › should handle form interactions 

    Test timeout of 30000ms exceeded.

    Error: page.click: Test timeout of 30000ms exceeded.
    Call log:
      - waiting for locator('button:has-text("Dynamic")')


      146 |   test('should handle form interactions', async ({ page }) => {
      147 |     // Navigate to dynamic page
    > 148 |     await page.click('button:has-text("Dynamic")');
          |                ^
      149 |     await expect(page.locator('h2:has-text("Dynamic Class Generation")')).toBeVisible();
      150 |     
      151 |     const inputField = page.locator('input[placeholder*="Enter Tailwind classes"]');
        at /Users/peterhanssens/consulting/Leptos/tailwind-rs/demos/leptos-demo/tests/e2e-workflow.spec.ts:148:16

    attachment #1: screenshot (image/png) ──────────────────────────────────────────────────────────
    ../test-results/e2e-workflow-End-to-End-Wo-be43e-ld-handle-form-interactions-Mobile-Safari/test-failed-1.png
    ────────────────────────────────────────────────────────────────────────────────────────────────

    attachment #2: video (video/webm) ──────────────────────────────────────────────────────────────
    ../test-results/e2e-workflow-End-to-End-Wo-be43e-ld-handle-form-interactions-Mobile-Safari/video.webm
    ────────────────────────────────────────────────────────────────────────────────────────────────

    Error Context: ../test-results/e2e-workflow-End-to-End-Wo-be43e-ld-handle-form-interactions-Mobile-Safari/error-context.md
]]>
</failure>
<system-out>
<![CDATA[
[[ATTACHMENT|test-results/e2e-workflow-End-to-End-Wo-be43e-ld-handle-form-interactions-Mobile-Safari/test-failed-1.png]]

[[ATTACHMENT|test-results/e2e-workflow-End-to-End-Wo-be43e-ld-handle-form-interactions-Mobile-Safari/video.webm]]

[[ATTACHMENT|test-results/e2e-workflow-End-to-End-Wo-be43e-ld-handle-form-interactions-Mobile-Safari/error-context.md]]
]]>
</system-out>
</testcase>
<testcase name="End-to-End Workflow › should handle error scenarios gracefully" classname="e2e-workflow.spec.ts" time="30.163">
<failure message="e2e-workflow.spec.ts:170:3 should handle error scenarios gracefully" type="FAILURE">
<![CDATA[  [Mobile Safari] › e2e-workflow.spec.ts:170:3 › End-to-End Workflow › should handle error scenarios gracefully 

    Test timeout of 30000ms exceeded.

    Error: page.click: Test timeout of 30000ms exceeded.
    Call log:
      - waiting for locator('button:has-text("Dynamic")')


      170 |   test('should handle error scenarios gracefully', async ({ page }) => {
      171 |     // Navigate to dynamic page
    > 172 |     await page.click('button:has-text("Dynamic")');
          |                ^
      173 |     await expect(page.locator('h2:has-text("Dynamic Class Generation")')).toBeVisible();
      174 |     
      175 |     const inputField = page.locator('input[placeholder*="Enter Tailwind classes"]');
        at /Users/peterhanssens/consulting/Leptos/tailwind-rs/demos/leptos-demo/tests/e2e-workflow.spec.ts:172:16

    attachment #1: screenshot (image/png) ──────────────────────────────────────────────────────────
    ../test-results/e2e-workflow-End-to-End-Wo-6b0a6--error-scenarios-gracefully-Mobile-Safari/test-failed-1.png
    ────────────────────────────────────────────────────────────────────────────────────────────────

    attachment #2: video (video/webm) ──────────────────────────────────────────────────────────────
    ../test-results/e2e-workflow-End-to-End-Wo-6b0a6--error-scenarios-gracefully-Mobile-Safari/video.webm
    ────────────────────────────────────────────────────────────────────────────────────────────────

    Error Context: ../test-results/e2e-workflow-End-to-End-Wo-6b0a6--error-scenarios-gracefully-Mobile-Safari/error-context.md
]]>
</failure>
<system-out>
<![CDATA[
[[ATTACHMENT|test-results/e2e-workflow-End-to-End-Wo-6b0a6--error-scenarios-gracefully-Mobile-Safari/test-failed-1.png]]

[[ATTACHMENT|test-results/e2e-workflow-End-to-End-Wo-6b0a6--error-scenarios-gracefully-Mobile-Safari/video.webm]]

[[ATTACHMENT|test-results/e2e-workflow-End-to-End-Wo-6b0a6--error-scenarios-gracefully-Mobile-Safari/error-context.md]]
]]>
</system-out>
</testcase>
<testcase name="End-to-End Workflow › should handle responsive design changes" classname="e2e-workflow.spec.ts" time="30.234">
<failure message="e2e-workflow.spec.ts:198:3 should handle responsive design changes" type="FAILURE">
<![CDATA[  [Mobile Safari] › e2e-workflow.spec.ts:198:3 › End-to-End Workflow › should handle responsive design changes 

    Test timeout of 30000ms exceeded.

    Error: page.click: Test timeout of 30000ms exceeded.
    Call log:
      - waiting for locator('button:has-text("Components")')


      202 |     
      203 |     // Navigate to components page on mobile
    > 204 |     await page.click('button:has-text("Components")');
          |                ^
      205 |     await expect(page.locator('h2:has-text("Button Components")')).toBeVisible();
      206 |     
      207 |     // Test tablet viewport
        at /Users/peterhanssens/consulting/Leptos/tailwind-rs/demos/leptos-demo/tests/e2e-workflow.spec.ts:204:16

    attachment #1: screenshot (image/png) ──────────────────────────────────────────────────────────
    ../test-results/e2e-workflow-End-to-End-Wo-0f2a9-e-responsive-design-changes-Mobile-Safari/test-failed-1.png
    ────────────────────────────────────────────────────────────────────────────────────────────────

    attachment #2: video (video/webm) ──────────────────────────────────────────────────────────────
    ../test-results/e2e-workflow-End-to-End-Wo-0f2a9-e-responsive-design-changes-Mobile-Safari/video.webm
    ────────────────────────────────────────────────────────────────────────────────────────────────

    Error Context: ../test-results/e2e-workflow-End-to-End-Wo-0f2a9-e-responsive-design-changes-Mobile-Safari/error-context.md
]]>
</failure>
<system-out>
<![CDATA[
[[ATTACHMENT|test-results/e2e-workflow-End-to-End-Wo-0f2a9-e-responsive-design-changes-Mobile-Safari/test-failed-1.png]]

[[ATTACHMENT|test-results/e2e-workflow-End-to-End-Wo-0f2a9-e-responsive-design-changes-Mobile-Safari/video.webm]]

[[ATTACHMENT|test-results/e2e-workflow-End-to-End-Wo-0f2a9-e-responsive-design-changes-Mobile-Safari/error-context.md]]
]]>
</system-out>
</testcase>
</testsuite>
<testsuite name="home-page.spec.ts" timestamp="2025-09-28T10:07:22.421Z" hostname="Mobile Safari" tests="5" failures="5" skipped="0" time="52.733" errors="0">
<testcase name="Home Page › should display hero section" classname="home-page.spec.ts" time="5.617">
<failure message="home-page.spec.ts:9:3 should display hero section" type="FAILURE">
<![CDATA[  [Mobile Safari] › home-page.spec.ts:9:3 › Home Page › should display hero section ────────────────

    Error: expect(locator).toBeVisible() failed

    Locator:  locator('h1:has-text("Tailwind-RS Demo - Actually Using Core Models!")')
    Expected: visible
    Received: <element(s) not found>
    Timeout:  5000ms

    Call log:
      - Expect "toBeVisible" with timeout 5000ms
      - waiting for locator('h1:has-text("Tailwind-RS Demo - Actually Using Core Models!")')


      10 |     // Check main title
      11 |     const title = page.locator('h1:has-text("Tailwind-RS Demo - Actually Using Core Models!")');
    > 12 |     await expect(title).toBeVisible();
         |                         ^
      13 |     await expect(title).toHaveClass(/text-4xl/);
      14 |
      15 |     // Check that the demo shows the dynamic class preview
        at /Users/peterhanssens/consulting/Leptos/tailwind-rs/demos/leptos-demo/tests/home-page.spec.ts:12:25

    attachment #1: screenshot (image/png) ──────────────────────────────────────────────────────────
    ../test-results/home-page-Home-Page-should-display-hero-section-Mobile-Safari/test-failed-1.png
    ────────────────────────────────────────────────────────────────────────────────────────────────

    attachment #2: video (video/webm) ──────────────────────────────────────────────────────────────
    ../test-results/home-page-Home-Page-should-display-hero-section-Mobile-Safari/video.webm
    ────────────────────────────────────────────────────────────────────────────────────────────────

    Error Context: ../test-results/home-page-Home-Page-should-display-hero-section-Mobile-Safari/error-context.md
]]>
</failure>
<system-out>
<![CDATA[
[[ATTACHMENT|test-results/home-page-Home-Page-should-display-hero-section-Mobile-Safari/test-failed-1.png]]

[[ATTACHMENT|test-results/home-page-Home-Page-should-display-hero-section-Mobile-Safari/video.webm]]

[[ATTACHMENT|test-results/home-page-Home-Page-should-display-hero-section-Mobile-Safari/error-context.md]]
]]>
</system-out>
</testcase>
<testcase name="Home Page › should have dynamic class input" classname="home-page.spec.ts" time="5.705">
<failure message="home-page.spec.ts:20:3 should have dynamic class input" type="FAILURE">
<![CDATA[  [Mobile Safari] › home-page.spec.ts:20:3 › Home Page › should have dynamic class input ───────────

    Error: expect(locator).toBeVisible() failed

    Locator:  locator('input[placeholder="Enter Tailwind classes"]')
    Expected: visible
    Received: <element(s) not found>
    Timeout:  5000ms

    Call log:
      - Expect "toBeVisible" with timeout 5000ms
      - waiting for locator('input[placeholder="Enter Tailwind classes"]')


      21 |     // Check input field exists
      22 |     const inputField = page.locator('input[placeholder="Enter Tailwind classes"]');
    > 23 |     await expect(inputField).toBeVisible();
         |                              ^
      24 |
      25 |     // Check input has proper styling
      26 |     await expect(inputField).toHaveClass(/border.*border-gray-300/);
        at /Users/peterhanssens/consulting/Leptos/tailwind-rs/demos/leptos-demo/tests/home-page.spec.ts:23:30

    attachment #1: screenshot (image/png) ──────────────────────────────────────────────────────────
    ../test-results/home-page-Home-Page-should-have-dynamic-class-input-Mobile-Safari/test-failed-1.png
    ────────────────────────────────────────────────────────────────────────────────────────────────

    attachment #2: video (video/webm) ──────────────────────────────────────────────────────────────
    ../test-results/home-page-Home-Page-should-have-dynamic-class-input-Mobile-Safari/video.webm
    ────────────────────────────────────────────────────────────────────────────────────────────────

    Error Context: ../test-results/home-page-Home-Page-should-have-dynamic-class-input-Mobile-Safari/error-context.md
]]>
</failure>
<system-out>
<![CDATA[
[[ATTACHMENT|test-results/home-page-Home-Page-should-have-dynamic-class-input-Mobile-Safari/test-failed-1.png]]

[[ATTACHMENT|test-results/home-page-Home-Page-should-have-dynamic-class-input-Mobile-Safari/video.webm]]

[[ATTACHMENT|test-results/home-page-Home-Page-should-have-dynamic-class-input-Mobile-Safari/error-context.md]]
]]>
</system-out>
</testcase>
<testcase name="Home Page › should display demo sections" classname="home-page.spec.ts" time="5.604">
<failure message="home-page.spec.ts:33:3 should display demo sections" type="FAILURE">
<![CDATA[  [Mobile Safari] › home-page.spec.ts:33:3 › Home Page › should display demo sections ──────────────

    Error: expect(locator).toBeVisible() failed

    Locator:  locator('h2:has-text("Dynamic Class Preview")')
    Expected: visible
    Received: <element(s) not found>
    Timeout:  5000ms

    Call log:
      - Expect "toBeVisible" with timeout 5000ms
      - waiting for locator('h2:has-text("Dynamic Class Preview")')


      34 |     // Check for the dynamic class preview section
      35 |     const previewSection = page.locator('h2:has-text("Dynamic Class Preview")');
    > 36 |     await expect(previewSection).toBeVisible();
         |                                  ^
      37 |
      38 |     // Check for the generated CSS section
      39 |     const cssSection = page.locator('h2:has-text("Generated CSS (from Tailwind-RS Core)")');
        at /Users/peterhanssens/consulting/Leptos/tailwind-rs/demos/leptos-demo/tests/home-page.spec.ts:36:34

    attachment #1: screenshot (image/png) ──────────────────────────────────────────────────────────
    ../test-results/home-page-Home-Page-should-display-demo-sections-Mobile-Safari/test-failed-1.png
    ────────────────────────────────────────────────────────────────────────────────────────────────

    attachment #2: video (video/webm) ──────────────────────────────────────────────────────────────
    ../test-results/home-page-Home-Page-should-display-demo-sections-Mobile-Safari/video.webm
    ────────────────────────────────────────────────────────────────────────────────────────────────

    Error Context: ../test-results/home-page-Home-Page-should-display-demo-sections-Mobile-Safari/error-context.md
]]>
</failure>
<system-out>
<![CDATA[
[[ATTACHMENT|test-results/home-page-Home-Page-should-display-demo-sections-Mobile-Safari/test-failed-1.png]]

[[ATTACHMENT|test-results/home-page-Home-Page-should-display-demo-sections-Mobile-Safari/video.webm]]

[[ATTACHMENT|test-results/home-page-Home-Page-should-display-demo-sections-Mobile-Safari/error-context.md]]
]]>
</system-out>
</testcase>
<testcase name="Home Page › should have responsive layout" classname="home-page.spec.ts" time="5.642">
<failure message="home-page.spec.ts:53:3 should have responsive layout" type="FAILURE">
<![CDATA[  [Mobile Safari] › home-page.spec.ts:53:3 › Home Page › should have responsive layout ─────────────

    Error: expect(locator).toBeVisible() failed

    Locator:  locator('.container.mx-auto.px-4.py-8')
    Expected: visible
    Received: <element(s) not found>
    Timeout:  5000ms

    Call log:
      - Expect "toBeVisible" with timeout 5000ms
      - waiting for locator('.container.mx-auto.px-4.py-8')


      54 |     // Check that the main container has responsive classes
      55 |     const container = page.locator('.container.mx-auto.px-4.py-8');
    > 56 |     await expect(container).toBeVisible();
         |                             ^
      57 |
      58 |     // Test mobile viewport
      59 |     await page.setViewportSize({ width: 375, height: 667 });
        at /Users/peterhanssens/consulting/Leptos/tailwind-rs/demos/leptos-demo/tests/home-page.spec.ts:56:29

    attachment #1: screenshot (image/png) ──────────────────────────────────────────────────────────
    ../test-results/home-page-Home-Page-should-have-responsive-layout-Mobile-Safari/test-failed-1.png
    ────────────────────────────────────────────────────────────────────────────────────────────────

    attachment #2: video (video/webm) ──────────────────────────────────────────────────────────────
    ../test-results/home-page-Home-Page-should-have-responsive-layout-Mobile-Safari/video.webm
    ────────────────────────────────────────────────────────────────────────────────────────────────

    Error Context: ../test-results/home-page-Home-Page-should-have-responsive-layout-Mobile-Safari/error-context.md
]]>
</failure>
<system-out>
<![CDATA[
[[ATTACHMENT|test-results/home-page-Home-Page-should-have-responsive-layout-Mobile-Safari/test-failed-1.png]]

[[ATTACHMENT|test-results/home-page-Home-Page-should-have-responsive-layout-Mobile-Safari/video.webm]]

[[ATTACHMENT|test-results/home-page-Home-Page-should-have-responsive-layout-Mobile-Safari/error-context.md]]
]]>
</system-out>
</testcase>
<testcase name="Home Page › should demonstrate dynamic class functionality" classname="home-page.spec.ts" time="30.165">
<failure message="home-page.spec.ts:67:3 should demonstrate dynamic class functionality" type="FAILURE">
<![CDATA[  [Mobile Safari] › home-page.spec.ts:67:3 › Home Page › should demonstrate dynamic class functionality 

    Test timeout of 30000ms exceeded.

    Error: locator.getAttribute: Test timeout of 30000ms exceeded.
    Call log:
      - waiting for locator('div.w-full.h-32.rounded-lg.border-2.border-dashed')


      68 |     // Get initial preview area classes - use more specific selector
      69 |     const previewArea = page.locator('div.w-full.h-32.rounded-lg.border-2.border-dashed');
    > 70 |     const initialClass = await previewArea.getAttribute('class');
         |                                            ^
      71 |
      72 |     // Type new classes into the input
      73 |     const inputField = page.locator('input[placeholder="Enter Tailwind classes"]');
        at /Users/peterhanssens/consulting/Leptos/tailwind-rs/demos/leptos-demo/tests/home-page.spec.ts:70:44

    attachment #1: screenshot (image/png) ──────────────────────────────────────────────────────────
    ../test-results/home-page-Home-Page-should-2b34a-dynamic-class-functionality-Mobile-Safari/test-failed-1.png
    ────────────────────────────────────────────────────────────────────────────────────────────────

    attachment #2: video (video/webm) ──────────────────────────────────────────────────────────────
    ../test-results/home-page-Home-Page-should-2b34a-dynamic-class-functionality-Mobile-Safari/video.webm
    ────────────────────────────────────────────────────────────────────────────────────────────────

    Error Context: ../test-results/home-page-Home-Page-should-2b34a-dynamic-class-functionality-Mobile-Safari/error-context.md
]]>
</failure>
<system-out>
<![CDATA[
[[ATTACHMENT|test-results/home-page-Home-Page-should-2b34a-dynamic-class-functionality-Mobile-Safari/test-failed-1.png]]

[[ATTACHMENT|test-results/home-page-Home-Page-should-2b34a-dynamic-class-functionality-Mobile-Safari/video.webm]]

[[ATTACHMENT|test-results/home-page-Home-Page-should-2b34a-dynamic-class-functionality-Mobile-Safari/error-context.md]]
]]>
</system-out>
</testcase>
</testsuite>
<testsuite name="navigation.spec.ts" timestamp="2025-09-28T10:07:22.421Z" hostname="Mobile Safari" tests="5" failures="5" skipped="0" time="52.644" errors="0">
<testcase name="Navigation › should display the header with logo and navigation" classname="navigation.spec.ts" time="5.627">
<failure message="navigation.spec.ts:10:3 should display the header with logo and navigation" type="FAILURE">
<![CDATA[  [Mobile Safari] › navigation.spec.ts:10:3 › Navigation › should display the header with logo and navigation 

    Error: expect(locator).toBeVisible() failed

    Locator:  locator('header')
    Expected: visible
    Received: <element(s) not found>
    Timeout:  5000ms

    Call log:
      - Expect "toBeVisible" with timeout 5000ms
      - waiting for locator('header')


      11 |     // Check header is visible
      12 |     const header = page.locator('header');
    > 13 |     await expect(header).toBeVisible();
         |                          ^
      14 |     
      15 |     // Check logo
      16 |     const logo = header.locator('h1');
        at /Users/peterhanssens/consulting/Leptos/tailwind-rs/demos/leptos-demo/tests/navigation.spec.ts:13:26

    attachment #1: screenshot (image/png) ──────────────────────────────────────────────────────────
    ../test-results/navigation-Navigation-shou-9cb86-er-with-logo-and-navigation-Mobile-Safari/test-failed-1.png
    ────────────────────────────────────────────────────────────────────────────────────────────────

    attachment #2: video (video/webm) ──────────────────────────────────────────────────────────────
    ../test-results/navigation-Navigation-shou-9cb86-er-with-logo-and-navigation-Mobile-Safari/video.webm
    ────────────────────────────────────────────────────────────────────────────────────────────────

    Error Context: ../test-results/navigation-Navigation-shou-9cb86-er-with-logo-and-navigation-Mobile-Safari/error-context.md
]]>
</failure>
<system-out>
<![CDATA[
[[ATTACHMENT|test-results/navigation-Navigation-shou-9cb86-er-with-logo-and-navigation-Mobile-Safari/test-failed-1.png]]

[[ATTACHMENT|test-results/navigation-Navigation-shou-9cb86-er-with-logo-and-navigation-Mobile-Safari/video.webm]]

[[ATTACHMENT|test-results/navigation-Navigation-shou-9cb86-er-with-logo-and-navigation-Mobile-Safari/error-context.md]]
]]>
</system-out>
</testcase>
<testcase name="Navigation › should navigate between pages" classname="navigation.spec.ts" time="30.167">
<failure message="navigation.spec.ts:29:3 should navigate between pages" type="FAILURE">
<![CDATA[  [Mobile Safari] › navigation.spec.ts:29:3 › Navigation › should navigate between pages ───────────

    Test timeout of 30000ms exceeded.

    Error: page.click: Test timeout of 30000ms exceeded.
    Call log:
      - waiting for locator('button:has-text("Components")')


      32 |     
      33 |     // Navigate to Components page
    > 34 |     await page.click('button:has-text("Components")');
         |                ^
      35 |     await expect(page.locator('h2:has-text("Button Components")')).toBeVisible();
      36 |     
      37 |     // Navigate to Dynamic page
        at /Users/peterhanssens/consulting/Leptos/tailwind-rs/demos/leptos-demo/tests/navigation.spec.ts:34:16

    attachment #1: screenshot (image/png) ──────────────────────────────────────────────────────────
    ../test-results/navigation-Navigation-should-navigate-between-pages-Mobile-Safari/test-failed-1.png
    ────────────────────────────────────────────────────────────────────────────────────────────────

    attachment #2: video (video/webm) ──────────────────────────────────────────────────────────────
    ../test-results/navigation-Navigation-should-navigate-between-pages-Mobile-Safari/video.webm
    ────────────────────────────────────────────────────────────────────────────────────────────────

    Error Context: ../test-results/navigation-Navigation-should-navigate-between-pages-Mobile-Safari/error-context.md
]]>
</failure>
<system-out>
<![CDATA[
[[ATTACHMENT|test-results/navigation-Navigation-should-navigate-between-pages-Mobile-Safari/test-failed-1.png]]

[[ATTACHMENT|test-results/navigation-Navigation-should-navigate-between-pages-Mobile-Safari/video.webm]]

[[ATTACHMENT|test-results/navigation-Navigation-should-navigate-between-pages-Mobile-Safari/error-context.md]]
]]>
</system-out>
</testcase>
<testcase name="Navigation › should highlight active navigation item" classname="navigation.spec.ts" time="5.614">
<failure message="navigation.spec.ts:46:3 should highlight active navigation item" type="FAILURE">
<![CDATA[  [Mobile Safari] › navigation.spec.ts:46:3 › Navigation › should highlight active navigation item ─

    Error: expect(locator).toHaveClass(expected) failed

    Locator: locator('button:has-text("Home")')
    Expected pattern: /bg-blue-100/
    Received: <element(s) not found>
    Timeout: 5000ms

    Call log:
      - Expect "toHaveClass" with timeout 5000ms
      - waiting for locator('button:has-text("Home")')


      47 |     // Home should be active by default
      48 |     const homeButton = page.locator('button:has-text("Home")');
    > 49 |     await expect(homeButton).toHaveClass(/bg-blue-100/);
         |                              ^
      50 |     
      51 |     // Navigate to Components
      52 |     await page.click('button:has-text("Components")');
        at /Users/peterhanssens/consulting/Leptos/tailwind-rs/demos/leptos-demo/tests/navigation.spec.ts:49:30

    attachment #1: screenshot (image/png) ──────────────────────────────────────────────────────────
    ../test-results/navigation-Navigation-shou-76141-ight-active-navigation-item-Mobile-Safari/test-failed-1.png
    ────────────────────────────────────────────────────────────────────────────────────────────────

    attachment #2: video (video/webm) ──────────────────────────────────────────────────────────────
    ../test-results/navigation-Navigation-shou-76141-ight-active-navigation-item-Mobile-Safari/video.webm
    ────────────────────────────────────────────────────────────────────────────────────────────────

    Error Context: ../test-results/navigation-Navigation-shou-76141-ight-active-navigation-item-Mobile-Safari/error-context.md
]]>
</failure>
<system-out>
<![CDATA[
[[ATTACHMENT|test-results/navigation-Navigation-shou-76141-ight-active-navigation-item-Mobile-Safari/test-failed-1.png]]

[[ATTACHMENT|test-results/navigation-Navigation-shou-76141-ight-active-navigation-item-Mobile-Safari/video.webm]]

[[ATTACHMENT|test-results/navigation-Navigation-shou-76141-ight-active-navigation-item-Mobile-Safari/error-context.md]]
]]>
</system-out>
</testcase>
<testcase name="Navigation › should toggle theme" classname="navigation.spec.ts" time="5.616">
<failure message="navigation.spec.ts:58:3 should toggle theme" type="FAILURE">
<![CDATA[  [Mobile Safari] › navigation.spec.ts:58:3 › Navigation › should toggle theme ─────────────────────

    Error: expect(locator).toBeVisible() failed

    Locator:  locator('button:has-text("☀️")')
    Expected: visible
    Received: <element(s) not found>
    Timeout:  5000ms

    Call log:
      - Expect "toBeVisible" with timeout 5000ms
      - waiting for locator('button:has-text("☀️")')


      58 |   test('should toggle theme', async ({ page }) => {
      59 |     const themeButton = page.locator('button:has-text("☀️")');
    > 60 |     await expect(themeButton).toBeVisible();
         |                               ^
      61 |     
      62 |     // Click theme toggle
      63 |     await themeButton.click();
        at /Users/peterhanssens/consulting/Leptos/tailwind-rs/demos/leptos-demo/tests/navigation.spec.ts:60:31

    attachment #1: screenshot (image/png) ──────────────────────────────────────────────────────────
    ../test-results/navigation-Navigation-should-toggle-theme-Mobile-Safari/test-failed-1.png
    ────────────────────────────────────────────────────────────────────────────────────────────────

    attachment #2: video (video/webm) ──────────────────────────────────────────────────────────────
    ../test-results/navigation-Navigation-should-toggle-theme-Mobile-Safari/video.webm
    ────────────────────────────────────────────────────────────────────────────────────────────────

    Error Context: ../test-results/navigation-Navigation-should-toggle-theme-Mobile-Safari/error-context.md
]]>
</failure>
<system-out>
<![CDATA[
[[ATTACHMENT|test-results/navigation-Navigation-should-toggle-theme-Mobile-Safari/test-failed-1.png]]

[[ATTACHMENT|test-results/navigation-Navigation-should-toggle-theme-Mobile-Safari/video.webm]]

[[ATTACHMENT|test-results/navigation-Navigation-should-toggle-theme-Mobile-Safari/error-context.md]]
]]>
</system-out>
</testcase>
<testcase name="Navigation › should display footer" classname="navigation.spec.ts" time="5.62">
<failure message="navigation.spec.ts:77:3 should display footer" type="FAILURE">
<![CDATA[  [Mobile Safari] › navigation.spec.ts:77:3 › Navigation › should display footer ───────────────────

    Error: expect(locator).toBeVisible() failed

    Locator:  locator('footer')
    Expected: visible
    Received: <element(s) not found>
    Timeout:  5000ms

    Call log:
      - Expect "toBeVisible" with timeout 5000ms
      - waiting for locator('footer')


      77 |   test('should display footer', async ({ page }) => {
      78 |     const footer = page.locator('footer');
    > 79 |     await expect(footer).toBeVisible();
         |                          ^
      80 |     await expect(footer).toContainText('Built with ❤️ using Tailwind-RS and Leptos');
      81 |     await expect(footer).toContainText('Rust-native Tailwind CSS implementation');
      82 |   });
        at /Users/peterhanssens/consulting/Leptos/tailwind-rs/demos/leptos-demo/tests/navigation.spec.ts:79:26

    attachment #1: screenshot (image/png) ──────────────────────────────────────────────────────────
    ../test-results/navigation-Navigation-should-display-footer-Mobile-Safari/test-failed-1.png
    ────────────────────────────────────────────────────────────────────────────────────────────────

    attachment #2: video (video/webm) ──────────────────────────────────────────────────────────────
    ../test-results/navigation-Navigation-should-display-footer-Mobile-Safari/video.webm
    ────────────────────────────────────────────────────────────────────────────────────────────────

    Error Context: ../test-results/navigation-Navigation-should-display-footer-Mobile-Safari/error-context.md
]]>
</failure>
<system-out>
<![CDATA[
[[ATTACHMENT|test-results/navigation-Navigation-should-display-footer-Mobile-Safari/test-failed-1.png]]

[[ATTACHMENT|test-results/navigation-Navigation-should-display-footer-Mobile-Safari/video.webm]]

[[ATTACHMENT|test-results/navigation-Navigation-should-display-footer-Mobile-Safari/error-context.md]]
]]>
</system-out>
</testcase>
</testsuite>
<testsuite name="performance.spec.ts" timestamp="2025-09-28T10:07:22.421Z" hostname="Mobile Safari" tests="8" failures="7" skipped="0" time="212.703" errors="0">
<testcase name="Performance › should load quickly" classname="performance.spec.ts" time="0.91">
</testcase>
<testcase name="Performance › should have efficient navigation" classname="performance.spec.ts" time="30.167">
<failure message="performance.spec.ts:19:3 should have efficient navigation" type="FAILURE">
<![CDATA[  [Mobile Safari] › performance.spec.ts:19:3 › Performance › should have efficient navigation ──────

    Test timeout of 30000ms exceeded.

    Error: page.click: Test timeout of 30000ms exceeded.
    Call log:
      - waiting for locator('button:has-text("Components")')


      21 |     
      22 |     // Navigate through all pages
    > 23 |     await page.click('button:has-text("Components")');
         |                ^
      24 |     await page.waitForSelector('h2:has-text("Button Components")');
      25 |     
      26 |     await page.click('button:has-text("Dynamic")');
        at /Users/peterhanssens/consulting/Leptos/tailwind-rs/demos/leptos-demo/tests/performance.spec.ts:23:16

    attachment #1: screenshot (image/png) ──────────────────────────────────────────────────────────
    ../test-results/performance-Performance-should-have-efficient-navigation-Mobile-Safari/test-failed-1.png
    ────────────────────────────────────────────────────────────────────────────────────────────────

    attachment #2: video (video/webm) ──────────────────────────────────────────────────────────────
    ../test-results/performance-Performance-should-have-efficient-navigation-Mobile-Safari/video.webm
    ────────────────────────────────────────────────────────────────────────────────────────────────

    Error Context: ../test-results/performance-Performance-should-have-efficient-navigation-Mobile-Safari/error-context.md
]]>
</failure>
<system-out>
<![CDATA[
[[ATTACHMENT|test-results/performance-Performance-should-have-efficient-navigation-Mobile-Safari/test-failed-1.png]]

[[ATTACHMENT|test-results/performance-Performance-should-have-efficient-navigation-Mobile-Safari/video.webm]]

[[ATTACHMENT|test-results/performance-Performance-should-have-efficient-navigation-Mobile-Safari/error-context.md]]
]]>
</system-out>
</testcase>
<testcase name="Performance › should handle dynamic class generation efficiently" classname="performance.spec.ts" time="30.154">
<failure message="performance.spec.ts:38:3 should handle dynamic class generation efficiently" type="FAILURE">
<![CDATA[  [Mobile Safari] › performance.spec.ts:38:3 › Performance › should handle dynamic class generation efficiently 

    Test timeout of 30000ms exceeded.

    Error: page.click: Test timeout of 30000ms exceeded.
    Call log:
      - waiting for locator('button:has-text("Dynamic")')


      37 |
      38 |   test('should handle dynamic class generation efficiently', async ({ page }) => {
    > 39 |     await page.click('button:has-text("Dynamic")');
         |                ^
      40 |     
      41 |     const inputField = page.locator('input[placeholder*="Enter Tailwind classes"]');
      42 |     const previewArea = page.locator('.w-full.h-32.rounded-lg.border-2.border-dashed');
        at /Users/peterhanssens/consulting/Leptos/tailwind-rs/demos/leptos-demo/tests/performance.spec.ts:39:16

    attachment #1: screenshot (image/png) ──────────────────────────────────────────────────────────
    ../test-results/performance-Performance-sh-7b442-lass-generation-efficiently-Mobile-Safari/test-failed-1.png
    ────────────────────────────────────────────────────────────────────────────────────────────────

    attachment #2: video (video/webm) ──────────────────────────────────────────────────────────────
    ../test-results/performance-Performance-sh-7b442-lass-generation-efficiently-Mobile-Safari/video.webm
    ────────────────────────────────────────────────────────────────────────────────────────────────

    Error Context: ../test-results/performance-Performance-sh-7b442-lass-generation-efficiently-Mobile-Safari/error-context.md
]]>
</failure>
<system-out>
<![CDATA[
[[ATTACHMENT|test-results/performance-Performance-sh-7b442-lass-generation-efficiently-Mobile-Safari/test-failed-1.png]]

[[ATTACHMENT|test-results/performance-Performance-sh-7b442-lass-generation-efficiently-Mobile-Safari/video.webm]]

[[ATTACHMENT|test-results/performance-Performance-sh-7b442-lass-generation-efficiently-Mobile-Safari/error-context.md]]
]]>
</system-out>
</testcase>
<testcase name="Performance › should handle theme switching efficiently" classname="performance.spec.ts" time="30.45">
<failure message="performance.spec.ts:59:3 should handle theme switching efficiently" type="FAILURE">
<![CDATA[  [Mobile Safari] › performance.spec.ts:59:3 › Performance › should handle theme switching efficiently 

    Test timeout of 30000ms exceeded.

    Error: page.click: Test timeout of 30000ms exceeded.
    Call log:
      - waiting for locator('button:has-text("☀️"), button:has-text("🌙")')


      62 |     // Toggle theme multiple times
      63 |     for (let i = 0; i < 5; i++) {
    > 64 |       await page.click('button:has-text("☀️"), button:has-text("🌙")');
         |                  ^
      65 |       await page.waitForTimeout(50); // Small delay to allow updates
      66 |     }
      67 |     
        at /Users/peterhanssens/consulting/Leptos/tailwind-rs/demos/leptos-demo/tests/performance.spec.ts:64:18

    attachment #1: screenshot (image/png) ──────────────────────────────────────────────────────────
    ../test-results/performance-Performance-sh-cb116-theme-switching-efficiently-Mobile-Safari/test-failed-1.png
    ────────────────────────────────────────────────────────────────────────────────────────────────

    attachment #2: video (video/webm) ──────────────────────────────────────────────────────────────
    ../test-results/performance-Performance-sh-cb116-theme-switching-efficiently-Mobile-Safari/video.webm
    ────────────────────────────────────────────────────────────────────────────────────────────────

    Error Context: ../test-results/performance-Performance-sh-cb116-theme-switching-efficiently-Mobile-Safari/error-context.md
]]>
</failure>
<system-out>
<![CDATA[
[[ATTACHMENT|test-results/performance-Performance-sh-cb116-theme-switching-efficiently-Mobile-Safari/test-failed-1.png]]

[[ATTACHMENT|test-results/performance-Performance-sh-cb116-theme-switching-efficiently-Mobile-Safari/video.webm]]

[[ATTACHMENT|test-results/performance-Performance-sh-cb116-theme-switching-efficiently-Mobile-Safari/error-context.md]]
]]>
</system-out>
</testcase>
<testcase name="Performance › should not have memory leaks during navigation" classname="performance.spec.ts" time="30.318">
<failure message="performance.spec.ts:74:3 should not have memory leaks during navigation" type="FAILURE">
<![CDATA[  [Mobile Safari] › performance.spec.ts:74:3 › Performance › should not have memory leaks during navigation 

    Test timeout of 30000ms exceeded.

    Error: page.click: Test timeout of 30000ms exceeded.
    Call log:
      - waiting for locator('button:has-text("Home")')


      75 |     // Navigate between pages multiple times
      76 |     for (let i = 0; i < 10; i++) {
    > 77 |       await page.click('button:has-text("Home")');
         |                  ^
      78 |       await page.waitForSelector('h1:has-text("Tailwind-RS Demo")');
      79 |       
      80 |       await page.click('button:has-text("Components")');
        at /Users/peterhanssens/consulting/Leptos/tailwind-rs/demos/leptos-demo/tests/performance.spec.ts:77:18

    attachment #1: screenshot (image/png) ──────────────────────────────────────────────────────────
    ../test-results/performance-Performance-sh-19d16-ory-leaks-during-navigation-Mobile-Safari/test-failed-1.png
    ────────────────────────────────────────────────────────────────────────────────────────────────

    attachment #2: video (video/webm) ──────────────────────────────────────────────────────────────
    ../test-results/performance-Performance-sh-19d16-ory-leaks-during-navigation-Mobile-Safari/video.webm
    ────────────────────────────────────────────────────────────────────────────────────────────────

    Error Context: ../test-results/performance-Performance-sh-19d16-ory-leaks-during-navigation-Mobile-Safari/error-context.md
]]>
</failure>
<system-out>
<![CDATA[
[[ATTACHMENT|test-results/performance-Performance-sh-19d16-ory-leaks-during-navigation-Mobile-Safari/test-failed-1.png]]

[[ATTACHMENT|test-results/performance-Performance-sh-19d16-ory-leaks-during-navigation-Mobile-Safari/video.webm]]

[[ATTACHMENT|test-results/performance-Performance-sh-19d16-ory-leaks-during-navigation-Mobile-Safari/error-context.md]]
]]>
</system-out>
</testcase>
<testcase name="Performance › should handle rapid input changes" classname="performance.spec.ts" time="30.16">
<failure message="performance.spec.ts:92:3 should handle rapid input changes" type="FAILURE">
<![CDATA[  [Mobile Safari] › performance.spec.ts:92:3 › Performance › should handle rapid input changes ─────

    Test timeout of 30000ms exceeded.

    Error: page.click: Test timeout of 30000ms exceeded.
    Call log:
      - waiting for locator('button:has-text("Dynamic")')


      91 |
      92 |   test('should handle rapid input changes', async ({ page }) => {
    > 93 |     await page.click('button:has-text("Dynamic")');
         |                ^
      94 |     
      95 |     const inputField = page.locator('input[placeholder*="Enter Tailwind classes"]');
      96 |     
        at /Users/peterhanssens/consulting/Leptos/tailwind-rs/demos/leptos-demo/tests/performance.spec.ts:93:16

    attachment #1: screenshot (image/png) ──────────────────────────────────────────────────────────
    ../test-results/performance-Performance-should-handle-rapid-input-changes-Mobile-Safari/test-failed-1.png
    ────────────────────────────────────────────────────────────────────────────────────────────────

    attachment #2: video (video/webm) ──────────────────────────────────────────────────────────────
    ../test-results/performance-Performance-should-handle-rapid-input-changes-Mobile-Safari/video.webm
    ────────────────────────────────────────────────────────────────────────────────────────────────

    Error Context: ../test-results/performance-Performance-should-handle-rapid-input-changes-Mobile-Safari/error-context.md
]]>
</failure>
<system-out>
<![CDATA[
[[ATTACHMENT|test-results/performance-Performance-should-handle-rapid-input-changes-Mobile-Safari/test-failed-1.png]]

[[ATTACHMENT|test-results/performance-Performance-should-handle-rapid-input-changes-Mobile-Safari/video.webm]]

[[ATTACHMENT|test-results/performance-Performance-should-handle-rapid-input-changes-Mobile-Safari/error-context.md]]
]]>
</system-out>
</testcase>
<testcase name="Performance › should maintain performance with many elements" classname="performance.spec.ts" time="30.169">
<failure message="performance.spec.ts:114:3 should maintain performance with many elements" type="FAILURE">
<![CDATA[  [Mobile Safari] › performance.spec.ts:114:3 › Performance › should maintain performance with many elements 

    Test timeout of 30000ms exceeded.

    Error: page.click: Test timeout of 30000ms exceeded.
    Call log:
      - waiting for locator('button:has-text("Components")')


      113 |
      114 |   test('should maintain performance with many elements', async ({ page }) => {
    > 115 |     await page.click('button:has-text("Components")');
          |                ^
      116 |     
      117 |     // Check that all buttons are rendered efficiently
      118 |     const buttons = page.locator('button');
        at /Users/peterhanssens/consulting/Leptos/tailwind-rs/demos/leptos-demo/tests/performance.spec.ts:115:16

    attachment #1: screenshot (image/png) ──────────────────────────────────────────────────────────
    ../test-results/performance-Performance-sh-fc2ea-formance-with-many-elements-Mobile-Safari/test-failed-1.png
    ────────────────────────────────────────────────────────────────────────────────────────────────

    attachment #2: video (video/webm) ──────────────────────────────────────────────────────────────
    ../test-results/performance-Performance-sh-fc2ea-formance-with-many-elements-Mobile-Safari/video.webm
    ────────────────────────────────────────────────────────────────────────────────────────────────

    Error Context: ../test-results/performance-Performance-sh-fc2ea-formance-with-many-elements-Mobile-Safari/error-context.md
]]>
</failure>
<system-out>
<![CDATA[
[[ATTACHMENT|test-results/performance-Performance-sh-fc2ea-formance-with-many-elements-Mobile-Safari/test-failed-1.png]]

[[ATTACHMENT|test-results/performance-Performance-sh-fc2ea-formance-with-many-elements-Mobile-Safari/video.webm]]

[[ATTACHMENT|test-results/performance-Performance-sh-fc2ea-formance-with-many-elements-Mobile-Safari/error-context.md]]
]]>
</system-out>
</testcase>
<testcase name="Performance › should handle concurrent user interactions" classname="performance.spec.ts" time="30.375">
<failure message="performance.spec.ts:132:3 should handle concurrent user interactions" type="FAILURE">
<![CDATA[  [Mobile Safari] › performance.spec.ts:132:3 › Performance › should handle concurrent user interactions 

    Test timeout of 30000ms exceeded.

    Error: page.click: Test timeout of 30000ms exceeded.
    Call log:
      - waiting for locator('button:has-text("Components")')


      136 |     // Rapidly click different buttons
      137 |     const interactions = [
    > 138 |       () => page.click('button:has-text("Components")'),
          |                  ^
      139 |       () => page.click('button:has-text("Dynamic")'),
      140 |       () => page.click('button:has-text("Home")'),
      141 |       () => page.click('button:has-text("☀️"), button:has-text("🌙")'),
        at Array.<anonymous> (/Users/peterhanssens/consulting/Leptos/tailwind-rs/demos/leptos-demo/tests/performance.spec.ts:138:18)
        at /Users/peterhanssens/consulting/Leptos/tailwind-rs/demos/leptos-demo/tests/performance.spec.ts:146:50

    attachment #1: screenshot (image/png) ──────────────────────────────────────────────────────────
    ../test-results/performance-Performance-sh-67225-oncurrent-user-interactions-Mobile-Safari/test-failed-1.png
    ────────────────────────────────────────────────────────────────────────────────────────────────

    attachment #2: video (video/webm) ──────────────────────────────────────────────────────────────
    ../test-results/performance-Performance-sh-67225-oncurrent-user-interactions-Mobile-Safari/video.webm
    ────────────────────────────────────────────────────────────────────────────────────────────────

    Error Context: ../test-results/performance-Performance-sh-67225-oncurrent-user-interactions-Mobile-Safari/error-context.md
]]>
</failure>
<system-out>
<![CDATA[
[[ATTACHMENT|test-results/performance-Performance-sh-67225-oncurrent-user-interactions-Mobile-Safari/test-failed-1.png]]

[[ATTACHMENT|test-results/performance-Performance-sh-67225-oncurrent-user-interactions-Mobile-Safari/video.webm]]

[[ATTACHMENT|test-results/performance-Performance-sh-67225-oncurrent-user-interactions-Mobile-Safari/error-context.md]]
]]>
</system-out>
</testcase>
</testsuite>
<testsuite name="visual-regression.spec.ts" timestamp="2025-09-28T10:07:22.421Z" hostname="Mobile Safari" tests="13" failures="13" skipped="0" time="290.59" errors="0">
<testcase name="Visual Regression › should match home page screenshot" classname="visual-regression.spec.ts" time="0.929">
<failure message="visual-regression.spec.ts:9:3 should match home page screenshot" type="FAILURE">
<![CDATA[  [Mobile Safari] › visual-regression.spec.ts:9:3 › Visual Regression › should match home page screenshot 

    Error: A snapshot doesn't exist at /Users/peterhanssens/consulting/Leptos/tailwind-rs/demos/leptos-demo/tests/visual-regression.spec.ts-snapshots/home-page-Mobile-Safari-darwin.png, writing actual.

       9 |   test('should match home page screenshot', async ({ page }) => {
      10 |     // Take screenshot of home page
    > 11 |     await expect(page).toHaveScreenshot('home-page.png');
         |     ^
      12 |   });
      13 |
      14 |   test('should match components page screenshot', async ({ page }) => {
        at /Users/peterhanssens/consulting/Leptos/tailwind-rs/demos/leptos-demo/tests/visual-regression.spec.ts:11:5

    attachment #1: home-page (image/png) ───────────────────────────────────────────────────────────
    Expected: visual-regression.spec.ts-snapshots/home-page-Mobile-Safari-darwin.png
    Received: ../test-results/visual-regression-Visual-R-be63f--match-home-page-screenshot-Mobile-Safari/home-page-actual.png
    ────────────────────────────────────────────────────────────────────────────────────────────────

    attachment #2: screenshot (image/png) ──────────────────────────────────────────────────────────
    ../test-results/visual-regression-Visual-R-be63f--match-home-page-screenshot-Mobile-Safari/test-failed-1.png
    ────────────────────────────────────────────────────────────────────────────────────────────────

    attachment #3: video (video/webm) ──────────────────────────────────────────────────────────────
    ../test-results/visual-regression-Visual-R-be63f--match-home-page-screenshot-Mobile-Safari/video.webm
    ────────────────────────────────────────────────────────────────────────────────────────────────

    Error Context: ../test-results/visual-regression-Visual-R-be63f--match-home-page-screenshot-Mobile-Safari/error-context.md
]]>
</failure>
<system-out>
<![CDATA[
[[ATTACHMENT|tests/visual-regression.spec.ts-snapshots/home-page-Mobile-Safari-darwin.png]]

[[ATTACHMENT|test-results/visual-regression-Visual-R-be63f--match-home-page-screenshot-Mobile-Safari/home-page-actual.png]]

[[ATTACHMENT|test-results/visual-regression-Visual-R-be63f--match-home-page-screenshot-Mobile-Safari/test-failed-1.png]]

[[ATTACHMENT|test-results/visual-regression-Visual-R-be63f--match-home-page-screenshot-Mobile-Safari/video.webm]]

[[ATTACHMENT|test-results/visual-regression-Visual-R-be63f--match-home-page-screenshot-Mobile-Safari/error-context.md]]
]]>
</system-out>
</testcase>
<testcase name="Visual Regression › should match components page screenshot" classname="visual-regression.spec.ts" time="30.169">
<failure message="visual-regression.spec.ts:14:3 should match components page screenshot" type="FAILURE">
<![CDATA[  [Mobile Safari] › visual-regression.spec.ts:14:3 › Visual Regression › should match components page screenshot 

    Test timeout of 30000ms exceeded.

    Error: page.click: Test timeout of 30000ms exceeded.
    Call log:
      - waiting for locator('button:has-text("Components")')


      13 |
      14 |   test('should match components page screenshot', async ({ page }) => {
    > 15 |     await page.click('button:has-text("Components")');
         |                ^
      16 |     await page.waitForSelector('h2:has-text("Button Components")');
      17 |     
      18 |     // Take screenshot of components page
        at /Users/peterhanssens/consulting/Leptos/tailwind-rs/demos/leptos-demo/tests/visual-regression.spec.ts:15:16

    attachment #1: screenshot (image/png) ──────────────────────────────────────────────────────────
    ../test-results/visual-regression-Visual-R-c44b6--components-page-screenshot-Mobile-Safari/test-failed-1.png
    ────────────────────────────────────────────────────────────────────────────────────────────────

    attachment #2: video (video/webm) ──────────────────────────────────────────────────────────────
    ../test-results/visual-regression-Visual-R-c44b6--components-page-screenshot-Mobile-Safari/video.webm
    ────────────────────────────────────────────────────────────────────────────────────────────────

    Error Context: ../test-results/visual-regression-Visual-R-c44b6--components-page-screenshot-Mobile-Safari/error-context.md
]]>
</failure>
<system-out>
<![CDATA[
[[ATTACHMENT|test-results/visual-regression-Visual-R-c44b6--components-page-screenshot-Mobile-Safari/test-failed-1.png]]

[[ATTACHMENT|test-results/visual-regression-Visual-R-c44b6--components-page-screenshot-Mobile-Safari/video.webm]]

[[ATTACHMENT|test-results/visual-regression-Visual-R-c44b6--components-page-screenshot-Mobile-Safari/error-context.md]]
]]>
</system-out>
</testcase>
<testcase name="Visual Regression › should match dynamic page screenshot" classname="visual-regression.spec.ts" time="30.164">
<failure message="visual-regression.spec.ts:22:3 should match dynamic page screenshot" type="FAILURE">
<![CDATA[  [Mobile Safari] › visual-regression.spec.ts:22:3 › Visual Regression › should match dynamic page screenshot 

    Test timeout of 30000ms exceeded.

    Error: page.click: Test timeout of 30000ms exceeded.
    Call log:
      - waiting for locator('button:has-text("Dynamic")')


      21 |
      22 |   test('should match dynamic page screenshot', async ({ page }) => {
    > 23 |     await page.click('button:has-text("Dynamic")');
         |                ^
      24 |     await page.waitForSelector('h2:has-text("Dynamic Class Generation")');
      25 |     
      26 |     // Take screenshot of dynamic page
        at /Users/peterhanssens/consulting/Leptos/tailwind-rs/demos/leptos-demo/tests/visual-regression.spec.ts:23:16

    attachment #1: screenshot (image/png) ──────────────────────────────────────────────────────────
    ../test-results/visual-regression-Visual-R-bbbc6-tch-dynamic-page-screenshot-Mobile-Safari/test-failed-1.png
    ────────────────────────────────────────────────────────────────────────────────────────────────

    attachment #2: video (video/webm) ──────────────────────────────────────────────────────────────
    ../test-results/visual-regression-Visual-R-bbbc6-tch-dynamic-page-screenshot-Mobile-Safari/video.webm
    ────────────────────────────────────────────────────────────────────────────────────────────────

    Error Context: ../test-results/visual-regression-Visual-R-bbbc6-tch-dynamic-page-screenshot-Mobile-Safari/error-context.md
]]>
</failure>
<system-out>
<![CDATA[
[[ATTACHMENT|test-results/visual-regression-Visual-R-bbbc6-tch-dynamic-page-screenshot-Mobile-Safari/test-failed-1.png]]

[[ATTACHMENT|test-results/visual-regression-Visual-R-bbbc6-tch-dynamic-page-screenshot-Mobile-Safari/video.webm]]

[[ATTACHMENT|test-results/visual-regression-Visual-R-bbbc6-tch-dynamic-page-screenshot-Mobile-Safari/error-context.md]]
]]>
</system-out>
</testcase>
<testcase name="Visual Regression › should match dark mode screenshots" classname="visual-regression.spec.ts" time="30.166">
<failure message="visual-regression.spec.ts:30:3 should match dark mode screenshots" type="FAILURE">
<![CDATA[  [Mobile Safari] › visual-regression.spec.ts:30:3 › Visual Regression › should match dark mode screenshots 

    Test timeout of 30000ms exceeded.

    Error: page.click: Test timeout of 30000ms exceeded.
    Call log:
      - waiting for locator('button:has-text("☀️")')


      30 |   test('should match dark mode screenshots', async ({ page }) => {
      31 |     // Toggle to dark mode
    > 32 |     await page.click('button:has-text("☀️")');
         |                ^
      33 |     
      34 |     // Take screenshot of home page in dark mode
      35 |     await expect(page).toHaveScreenshot('home-page-dark.png');
        at /Users/peterhanssens/consulting/Leptos/tailwind-rs/demos/leptos-demo/tests/visual-regression.spec.ts:32:16

    attachment #1: screenshot (image/png) ──────────────────────────────────────────────────────────
    ../test-results/visual-regression-Visual-R-879db-match-dark-mode-screenshots-Mobile-Safari/test-failed-1.png
    ────────────────────────────────────────────────────────────────────────────────────────────────

    attachment #2: video (video/webm) ──────────────────────────────────────────────────────────────
    ../test-results/visual-regression-Visual-R-879db-match-dark-mode-screenshots-Mobile-Safari/video.webm
    ────────────────────────────────────────────────────────────────────────────────────────────────

    Error Context: ../test-results/visual-regression-Visual-R-879db-match-dark-mode-screenshots-Mobile-Safari/error-context.md
]]>
</failure>
<system-out>
<![CDATA[
[[ATTACHMENT|test-results/visual-regression-Visual-R-879db-match-dark-mode-screenshots-Mobile-Safari/test-failed-1.png]]

[[ATTACHMENT|test-results/visual-regression-Visual-R-879db-match-dark-mode-screenshots-Mobile-Safari/video.webm]]

[[ATTACHMENT|test-results/visual-regression-Visual-R-879db-match-dark-mode-screenshots-Mobile-Safari/error-context.md]]
]]>
</system-out>
</testcase>
<testcase name="Visual Regression › should match mobile screenshots" classname="visual-regression.spec.ts" time="30.152">
<failure message="visual-regression.spec.ts:48:3 should match mobile screenshots" type="FAILURE">
<![CDATA[  [Mobile Safari] › visual-regression.spec.ts:48:3 › Visual Regression › should match mobile screenshots 

    Error: A snapshot doesn't exist at /Users/peterhanssens/consulting/Leptos/tailwind-rs/demos/leptos-demo/tests/visual-regression.spec.ts-snapshots/home-page-mobile-Mobile-Safari-darwin.png, writing actual.

      51 |     
      52 |     // Take screenshot of home page on mobile
    > 53 |     await expect(page).toHaveScreenshot('home-page-mobile.png');
         |     ^
      54 |     
      55 |     // Navigate to components page on mobile
      56 |     await page.click('button:has-text("Components")');
        at /Users/peterhanssens/consulting/Leptos/tailwind-rs/demos/leptos-demo/tests/visual-regression.spec.ts:53:5

    Test timeout of 30000ms exceeded.

    Error: page.click: Test ended.
    Call log:
      - waiting for locator('button:has-text("Components")')


      54 |     
      55 |     // Navigate to components page on mobile
    > 56 |     await page.click('button:has-text("Components")');
         |                ^
      57 |     await page.waitForSelector('h2:has-text("Button Components")');
      58 |     await expect(page).toHaveScreenshot('components-page-mobile.png');
      59 |     
        at /Users/peterhanssens/consulting/Leptos/tailwind-rs/demos/leptos-demo/tests/visual-regression.spec.ts:56:16

    attachment #1: home-page-mobile (image/png) ────────────────────────────────────────────────────
    Expected: visual-regression.spec.ts-snapshots/home-page-mobile-Mobile-Safari-darwin.png
    Received: ../test-results/visual-regression-Visual-R-006ab-ld-match-mobile-screenshots-Mobile-Safari/home-page-mobile-actual.png
    ────────────────────────────────────────────────────────────────────────────────────────────────

    attachment #2: screenshot (image/png) ──────────────────────────────────────────────────────────
    ../test-results/visual-regression-Visual-R-006ab-ld-match-mobile-screenshots-Mobile-Safari/test-failed-1.png
    ────────────────────────────────────────────────────────────────────────────────────────────────

    attachment #3: video (video/webm) ──────────────────────────────────────────────────────────────
    ../test-results/visual-regression-Visual-R-006ab-ld-match-mobile-screenshots-Mobile-Safari/video.webm
    ────────────────────────────────────────────────────────────────────────────────────────────────

    Error Context: ../test-results/visual-regression-Visual-R-006ab-ld-match-mobile-screenshots-Mobile-Safari/error-context.md
]]>
</failure>
<system-out>
<![CDATA[
[[ATTACHMENT|tests/visual-regression.spec.ts-snapshots/home-page-mobile-Mobile-Safari-darwin.png]]

[[ATTACHMENT|test-results/visual-regression-Visual-R-006ab-ld-match-mobile-screenshots-Mobile-Safari/home-page-mobile-actual.png]]

[[ATTACHMENT|test-results/visual-regression-Visual-R-006ab-ld-match-mobile-screenshots-Mobile-Safari/test-failed-1.png]]

[[ATTACHMENT|test-results/visual-regression-Visual-R-006ab-ld-match-mobile-screenshots-Mobile-Safari/video.webm]]

[[ATTACHMENT|test-results/visual-regression-Visual-R-006ab-ld-match-mobile-screenshots-Mobile-Safari/error-context.md]]
]]>
</system-out>
</testcase>
<testcase name="Visual Regression › should match tablet screenshots" classname="visual-regression.spec.ts" time="30.51">
<failure message="visual-regression.spec.ts:66:3 should match tablet screenshots" type="FAILURE">
<![CDATA[  [Mobile Safari] › visual-regression.spec.ts:66:3 › Visual Regression › should match tablet screenshots 

    Error: A snapshot doesn't exist at /Users/peterhanssens/consulting/Leptos/tailwind-rs/demos/leptos-demo/tests/visual-regression.spec.ts-snapshots/home-page-tablet-Mobile-Safari-darwin.png, writing actual.

      69 |     
      70 |     // Take screenshot of home page on tablet
    > 71 |     await expect(page).toHaveScreenshot('home-page-tablet.png');
         |     ^
      72 |     
      73 |     // Navigate to components page on tablet
      74 |     await page.click('button:has-text("Components")');
        at /Users/peterhanssens/consulting/Leptos/tailwind-rs/demos/leptos-demo/tests/visual-regression.spec.ts:71:5

    Test timeout of 30000ms exceeded.

    Error: page.click: Test ended.
    Call log:
      - waiting for locator('button:has-text("Components")')


      72 |     
      73 |     // Navigate to components page on tablet
    > 74 |     await page.click('button:has-text("Components")');
         |                ^
      75 |     await page.waitForSelector('h2:has-text("Button Components")');
      76 |     await expect(page).toHaveScreenshot('components-page-tablet.png');
      77 |   });
        at /Users/peterhanssens/consulting/Leptos/tailwind-rs/demos/leptos-demo/tests/visual-regression.spec.ts:74:16

    attachment #1: home-page-tablet (image/png) ────────────────────────────────────────────────────
    Expected: visual-regression.spec.ts-snapshots/home-page-tablet-Mobile-Safari-darwin.png
    Received: ../test-results/visual-regression-Visual-R-270f6-ld-match-tablet-screenshots-Mobile-Safari/home-page-tablet-actual.png
    ────────────────────────────────────────────────────────────────────────────────────────────────

    attachment #2: screenshot (image/png) ──────────────────────────────────────────────────────────
    ../test-results/visual-regression-Visual-R-270f6-ld-match-tablet-screenshots-Mobile-Safari/test-failed-1.png
    ────────────────────────────────────────────────────────────────────────────────────────────────

    attachment #3: video (video/webm) ──────────────────────────────────────────────────────────────
    ../test-results/visual-regression-Visual-R-270f6-ld-match-tablet-screenshots-Mobile-Safari/video.webm
    ────────────────────────────────────────────────────────────────────────────────────────────────

    Error Context: ../test-results/visual-regression-Visual-R-270f6-ld-match-tablet-screenshots-Mobile-Safari/error-context.md
]]>
</failure>
<system-out>
<![CDATA[
[[ATTACHMENT|tests/visual-regression.spec.ts-snapshots/home-page-tablet-Mobile-Safari-darwin.png]]

[[ATTACHMENT|test-results/visual-regression-Visual-R-270f6-ld-match-tablet-screenshots-Mobile-Safari/home-page-tablet-actual.png]]

[[ATTACHMENT|test-results/visual-regression-Visual-R-270f6-ld-match-tablet-screenshots-Mobile-Safari/test-failed-1.png]]

[[ATTACHMENT|test-results/visual-regression-Visual-R-270f6-ld-match-tablet-screenshots-Mobile-Safari/video.webm]]

[[ATTACHMENT|test-results/visual-regression-Visual-R-270f6-ld-match-tablet-screenshots-Mobile-Safari/error-context.md]]
]]>
</system-out>
</testcase>
<testcase name="Visual Regression › should match desktop screenshots" classname="visual-regression.spec.ts" time="30.928">
<failure message="visual-regression.spec.ts:79:3 should match desktop screenshots" type="FAILURE">
<![CDATA[  [Mobile Safari] › visual-regression.spec.ts:79:3 › Visual Regression › should match desktop screenshots 

    Error: A snapshot doesn't exist at /Users/peterhanssens/consulting/Leptos/tailwind-rs/demos/leptos-demo/tests/visual-regression.spec.ts-snapshots/home-page-desktop-Mobile-Safari-darwin.png, writing actual.

      82 |     
      83 |     // Take screenshot of home page on desktop
    > 84 |     await expect(page).toHaveScreenshot('home-page-desktop.png');
         |     ^
      85 |     
      86 |     // Navigate to components page on desktop
      87 |     await page.click('button:has-text("Components")');
        at /Users/peterhanssens/consulting/Leptos/tailwind-rs/demos/leptos-demo/tests/visual-regression.spec.ts:84:5

    Test timeout of 30000ms exceeded.

    Error: page.click: Test ended.
    Call log:
      - waiting for locator('button:has-text("Components")')


      85 |     
      86 |     // Navigate to components page on desktop
    > 87 |     await page.click('button:has-text("Components")');
         |                ^
      88 |     await page.waitForSelector('h2:has-text("Button Components")');
      89 |     await expect(page).toHaveScreenshot('components-page-desktop.png');
      90 |   });
        at /Users/peterhanssens/consulting/Leptos/tailwind-rs/demos/leptos-demo/tests/visual-regression.spec.ts:87:16

    attachment #1: home-page-desktop (image/png) ───────────────────────────────────────────────────
    Expected: visual-regression.spec.ts-snapshots/home-page-desktop-Mobile-Safari-darwin.png
    Received: ../test-results/visual-regression-Visual-R-eb03a-d-match-desktop-screenshots-Mobile-Safari/home-page-desktop-actual.png
    ────────────────────────────────────────────────────────────────────────────────────────────────

    attachment #2: screenshot (image/png) ──────────────────────────────────────────────────────────
    ../test-results/visual-regression-Visual-R-eb03a-d-match-desktop-screenshots-Mobile-Safari/test-failed-1.png
    ────────────────────────────────────────────────────────────────────────────────────────────────

    attachment #3: video (video/webm) ──────────────────────────────────────────────────────────────
    ../test-results/visual-regression-Visual-R-eb03a-d-match-desktop-screenshots-Mobile-Safari/video.webm
    ────────────────────────────────────────────────────────────────────────────────────────────────

    Error Context: ../test-results/visual-regression-Visual-R-eb03a-d-match-desktop-screenshots-Mobile-Safari/error-context.md
]]>
</failure>
<system-out>
<![CDATA[
[[ATTACHMENT|tests/visual-regression.spec.ts-snapshots/home-page-desktop-Mobile-Safari-darwin.png]]

[[ATTACHMENT|test-results/visual-regression-Visual-R-eb03a-d-match-desktop-screenshots-Mobile-Safari/home-page-desktop-actual.png]]

[[ATTACHMENT|test-results/visual-regression-Visual-R-eb03a-d-match-desktop-screenshots-Mobile-Safari/test-failed-1.png]]

[[ATTACHMENT|test-results/visual-regression-Visual-R-eb03a-d-match-desktop-screenshots-Mobile-Safari/video.webm]]

[[ATTACHMENT|test-results/visual-regression-Visual-R-eb03a-d-match-desktop-screenshots-Mobile-Safari/error-context.md]]
]]>
</system-out>
</testcase>
<testcase name="Visual Regression › should match dynamic styling screenshots" classname="visual-regression.spec.ts" time="30.171">
<failure message="visual-regression.spec.ts:92:3 should match dynamic styling screenshots" type="FAILURE">
<![CDATA[  [Mobile Safari] › visual-regression.spec.ts:92:3 › Visual Regression › should match dynamic styling screenshots 

    Test timeout of 30000ms exceeded.

    Error: page.click: Test timeout of 30000ms exceeded.
    Call log:
      - waiting for locator('button:has-text("Dynamic")')


      91 |
      92 |   test('should match dynamic styling screenshots', async ({ page }) => {
    > 93 |     await page.click('button:has-text("Dynamic")');
         |                ^
      94 |     await page.waitForSelector('h2:has-text("Dynamic Class Generation")');
      95 |     
      96 |     const inputField = page.locator('input[placeholder*="Enter Tailwind classes"]');
        at /Users/peterhanssens/consulting/Leptos/tailwind-rs/demos/leptos-demo/tests/visual-regression.spec.ts:93:16

    attachment #1: screenshot (image/png) ──────────────────────────────────────────────────────────
    ../test-results/visual-regression-Visual-R-af0da-dynamic-styling-screenshots-Mobile-Safari/test-failed-1.png
    ────────────────────────────────────────────────────────────────────────────────────────────────

    attachment #2: video (video/webm) ──────────────────────────────────────────────────────────────
    ../test-results/visual-regression-Visual-R-af0da-dynamic-styling-screenshots-Mobile-Safari/video.webm
    ────────────────────────────────────────────────────────────────────────────────────────────────

    Error Context: ../test-results/visual-regression-Visual-R-af0da-dynamic-styling-screenshots-Mobile-Safari/error-context.md
]]>
</failure>
<system-out>
<![CDATA[
[[ATTACHMENT|test-results/visual-regression-Visual-R-af0da-dynamic-styling-screenshots-Mobile-Safari/test-failed-1.png]]

[[ATTACHMENT|test-results/visual-regression-Visual-R-af0da-dynamic-styling-screenshots-Mobile-Safari/video.webm]]

[[ATTACHMENT|test-results/visual-regression-Visual-R-af0da-dynamic-styling-screenshots-Mobile-Safari/error-context.md]]
]]>
</system-out>
</testcase>
<testcase name="Visual Regression › should match header component screenshot" classname="visual-regression.spec.ts" time="5.617">
<failure message="visual-regression.spec.ts:113:3 should match header component screenshot" type="FAILURE">
<![CDATA[  [Mobile Safari] › visual-regression.spec.ts:113:3 › Visual Regression › should match header component screenshot 

    Error: expect(locator).toHaveScreenshot(expected) failed

    Locator:  locator('header')
    Timeout:  5000ms
      Timeout 5000ms exceeded.

      Snapshot: header-component.png

    Call log:
      - Expect "toHaveScreenshot(header-component.png)" with timeout 5000ms
        - generating new stable screenshot expectation
      - waiting for locator('header')
      - Timeout 5000ms exceeded.


      114 |     // Take screenshot of just the header
      115 |     const header = page.locator('header');
    > 116 |     await expect(header).toHaveScreenshot('header-component.png');
          |                          ^
      117 |   });
      118 |
      119 |   test('should match footer component screenshot', async ({ page }) => {
        at /Users/peterhanssens/consulting/Leptos/tailwind-rs/demos/leptos-demo/tests/visual-regression.spec.ts:116:26

    attachment #1: screenshot (image/png) ──────────────────────────────────────────────────────────
    ../test-results/visual-regression-Visual-R-44588-header-component-screenshot-Mobile-Safari/test-failed-1.png
    ────────────────────────────────────────────────────────────────────────────────────────────────

    attachment #2: video (video/webm) ──────────────────────────────────────────────────────────────
    ../test-results/visual-regression-Visual-R-44588-header-component-screenshot-Mobile-Safari/video.webm
    ────────────────────────────────────────────────────────────────────────────────────────────────

    Error Context: ../test-results/visual-regression-Visual-R-44588-header-component-screenshot-Mobile-Safari/error-context.md
]]>
</failure>
<system-out>
<![CDATA[
[[ATTACHMENT|test-results/visual-regression-Visual-R-44588-header-component-screenshot-Mobile-Safari/test-failed-1.png]]

[[ATTACHMENT|test-results/visual-regression-Visual-R-44588-header-component-screenshot-Mobile-Safari/video.webm]]

[[ATTACHMENT|test-results/visual-regression-Visual-R-44588-header-component-screenshot-Mobile-Safari/error-context.md]]
]]>
</system-out>
</testcase>
<testcase name="Visual Regression › should match footer component screenshot" classname="visual-regression.spec.ts" time="5.691">
<failure message="visual-regression.spec.ts:119:3 should match footer component screenshot" type="FAILURE">
<![CDATA[  [Mobile Safari] › visual-regression.spec.ts:119:3 › Visual Regression › should match footer component screenshot 

    Error: expect(locator).toHaveScreenshot(expected) failed

    Locator:  locator('footer')
    Timeout:  5000ms
      Timeout 5000ms exceeded.

      Snapshot: footer-component.png

    Call log:
      - Expect "toHaveScreenshot(footer-component.png)" with timeout 5000ms
        - generating new stable screenshot expectation
      - waiting for locator('footer')
      - Timeout 5000ms exceeded.


      123 |     // Take screenshot of just the footer
      124 |     const footer = page.locator('footer');
    > 125 |     await expect(footer).toHaveScreenshot('footer-component.png');
          |                          ^
      126 |   });
      127 |
      128 |   test('should match feature cards screenshot', async ({ page }) => {
        at /Users/peterhanssens/consulting/Leptos/tailwind-rs/demos/leptos-demo/tests/visual-regression.spec.ts:125:26

    attachment #1: screenshot (image/png) ──────────────────────────────────────────────────────────
    ../test-results/visual-regression-Visual-R-4e185-footer-component-screenshot-Mobile-Safari/test-failed-1.png
    ────────────────────────────────────────────────────────────────────────────────────────────────

    attachment #2: video (video/webm) ──────────────────────────────────────────────────────────────
    ../test-results/visual-regression-Visual-R-4e185-footer-component-screenshot-Mobile-Safari/video.webm
    ────────────────────────────────────────────────────────────────────────────────────────────────

    Error Context: ../test-results/visual-regression-Visual-R-4e185-footer-component-screenshot-Mobile-Safari/error-context.md
]]>
</failure>
<system-out>
<![CDATA[
[[ATTACHMENT|test-results/visual-regression-Visual-R-4e185-footer-component-screenshot-Mobile-Safari/test-failed-1.png]]

[[ATTACHMENT|test-results/visual-regression-Visual-R-4e185-footer-component-screenshot-Mobile-Safari/video.webm]]

[[ATTACHMENT|test-results/visual-regression-Visual-R-4e185-footer-component-screenshot-Mobile-Safari/error-context.md]]
]]>
</system-out>
</testcase>
<testcase name="Visual Regression › should match feature cards screenshot" classname="visual-regression.spec.ts" time="5.777">
<failure message="visual-regression.spec.ts:128:3 should match feature cards screenshot" type="FAILURE">
<![CDATA[  [Mobile Safari] › visual-regression.spec.ts:128:3 › Visual Regression › should match feature cards screenshot 

    Error: expect(locator).toHaveScreenshot(expected) failed

    Locator:  locator('.grid.grid-cols-1.md\\:grid-cols-2.lg\\:grid-cols-3')
    Timeout:  5000ms
      Timeout 5000ms exceeded.

      Snapshot: feature-cards.png

    Call log:
      - Expect "toHaveScreenshot(feature-cards.png)" with timeout 5000ms
        - generating new stable screenshot expectation
      - waiting for locator('.grid.grid-cols-1.md\\:grid-cols-2.lg\\:grid-cols-3')
      - Timeout 5000ms exceeded.


      129 |     // Take screenshot of feature cards section
      130 |     const featureGrid = page.locator('.grid.grid-cols-1.md\\:grid-cols-2.lg\\:grid-cols-3');
    > 131 |     await expect(featureGrid).toHaveScreenshot('feature-cards.png');
          |                               ^
      132 |   });
      133 |
      134 |   test('should match button components screenshot', async ({ page }) => {
        at /Users/peterhanssens/consulting/Leptos/tailwind-rs/demos/leptos-demo/tests/visual-regression.spec.ts:131:31

    attachment #1: screenshot (image/png) ──────────────────────────────────────────────────────────
    ../test-results/visual-regression-Visual-R-1e359-ch-feature-cards-screenshot-Mobile-Safari/test-failed-1.png
    ────────────────────────────────────────────────────────────────────────────────────────────────

    attachment #2: video (video/webm) ──────────────────────────────────────────────────────────────
    ../test-results/visual-regression-Visual-R-1e359-ch-feature-cards-screenshot-Mobile-Safari/video.webm
    ────────────────────────────────────────────────────────────────────────────────────────────────

    Error Context: ../test-results/visual-regression-Visual-R-1e359-ch-feature-cards-screenshot-Mobile-Safari/error-context.md
]]>
</failure>
<system-out>
<![CDATA[
[[ATTACHMENT|test-results/visual-regression-Visual-R-1e359-ch-feature-cards-screenshot-Mobile-Safari/test-failed-1.png]]

[[ATTACHMENT|test-results/visual-regression-Visual-R-1e359-ch-feature-cards-screenshot-Mobile-Safari/video.webm]]

[[ATTACHMENT|test-results/visual-regression-Visual-R-1e359-ch-feature-cards-screenshot-Mobile-Safari/error-context.md]]
]]>
</system-out>
</testcase>
<testcase name="Visual Regression › should match button components screenshot" classname="visual-regression.spec.ts" time="30.157">
<failure message="visual-regression.spec.ts:134:3 should match button components screenshot" type="FAILURE">
<![CDATA[  [Mobile Safari] › visual-regression.spec.ts:134:3 › Visual Regression › should match button components screenshot 

    Test timeout of 30000ms exceeded.

    Error: page.click: Test timeout of 30000ms exceeded.
    Call log:
      - waiting for locator('button:has-text("Components")')


      133 |
      134 |   test('should match button components screenshot', async ({ page }) => {
    > 135 |     await page.click('button:has-text("Components")');
          |                ^
      136 |     await page.waitForSelector('h2:has-text("Button Components")');
      137 |     
      138 |     // Take screenshot of button components section
        at /Users/peterhanssens/consulting/Leptos/tailwind-rs/demos/leptos-demo/tests/visual-regression.spec.ts:135:16

    attachment #1: screenshot (image/png) ──────────────────────────────────────────────────────────
    ../test-results/visual-regression-Visual-R-f189e-utton-components-screenshot-Mobile-Safari/test-failed-1.png
    ────────────────────────────────────────────────────────────────────────────────────────────────

    attachment #2: video (video/webm) ──────────────────────────────────────────────────────────────
    ../test-results/visual-regression-Visual-R-f189e-utton-components-screenshot-Mobile-Safari/video.webm
    ────────────────────────────────────────────────────────────────────────────────────────────────

    Error Context: ../test-results/visual-regression-Visual-R-f189e-utton-components-screenshot-Mobile-Safari/error-context.md
]]>
</failure>
<system-out>
<![CDATA[
[[ATTACHMENT|test-results/visual-regression-Visual-R-f189e-utton-components-screenshot-Mobile-Safari/test-failed-1.png]]

[[ATTACHMENT|test-results/visual-regression-Visual-R-f189e-utton-components-screenshot-Mobile-Safari/video.webm]]

[[ATTACHMENT|test-results/visual-regression-Visual-R-f189e-utton-components-screenshot-Mobile-Safari/error-context.md]]
]]>
</system-out>
</testcase>
<testcase name="Visual Regression › should match card components screenshot" classname="visual-regression.spec.ts" time="30.159">
<failure message="visual-regression.spec.ts:143:3 should match card components screenshot" type="FAILURE">
<![CDATA[  [Mobile Safari] › visual-regression.spec.ts:143:3 › Visual Regression › should match card components screenshot 

    Test timeout of 30000ms exceeded.

    Error: page.click: Test timeout of 30000ms exceeded.
    Call log:
      - waiting for locator('button:has-text("Components")')


      142 |
      143 |   test('should match card components screenshot', async ({ page }) => {
    > 144 |     await page.click('button:has-text("Components")');
          |                ^
      145 |     await page.waitForSelector('h2:has-text("Card Components")');
      146 |     
      147 |     // Take screenshot of card components section
        at /Users/peterhanssens/consulting/Leptos/tailwind-rs/demos/leptos-demo/tests/visual-regression.spec.ts:144:16

    attachment #1: screenshot (image/png) ──────────────────────────────────────────────────────────
    ../test-results/visual-regression-Visual-R-76365--card-components-screenshot-Mobile-Safari/test-failed-1.png
    ────────────────────────────────────────────────────────────────────────────────────────────────

    attachment #2: video (video/webm) ──────────────────────────────────────────────────────────────
    ../test-results/visual-regression-Visual-R-76365--card-components-screenshot-Mobile-Safari/video.webm
    ────────────────────────────────────────────────────────────────────────────────────────────────

    Error Context: ../test-results/visual-regression-Visual-R-76365--card-components-screenshot-Mobile-Safari/error-context.md
]]>
</failure>
<system-out>
<![CDATA[
[[ATTACHMENT|test-results/visual-regression-Visual-R-76365--card-components-screenshot-Mobile-Safari/test-failed-1.png]]

[[ATTACHMENT|test-results/visual-regression-Visual-R-76365--card-components-screenshot-Mobile-Safari/video.webm]]

[[ATTACHMENT|test-results/visual-regression-Visual-R-76365--card-components-screenshot-Mobile-Safari/error-context.md]]
]]>
</system-out>
</testcase>
</testsuite>
</testsuites>